----------------------
00:00,943

Intellect
	 Rating: 141242
	 Multiplicative Factor: 12,48%
Stamina
	 Rating: 772346
	 Multiplicative Factor: 11,3%
Crit
	 Rating: 16091
	 Multiplicative Factor: 0%
	 DR Bracket: 0
	 Base: 9%
	 Effective Percent: 31,99%
	 Crit Inc Heal: 2
	 Crit Inc Damage: 2
Haste
	 Rating: 21909
	 Multiplicative Factor: 0%
	 DR Bracket: 1
	 Base: 2%
	 Effective Percent: 34,88%
Vers
	 Rating: 13295
	 Multiplicative Factor: 0%
	 DR Bracket: 0
	 Base: 0%
	 Effective Percent: 17,04%
Leech
	 Rating: 1490
	 Multiplicative Factor: 0%
	 DR Bracket: 0
	 Base: 0%
	 Effective Percent: 1,46%
Avoidance
	 Rating: 2422
	 Multiplicative Factor: 0%
	 DR Bracket: 0
	 Base: 0%
	 Effective Percent: 4,45%
Mastery
	 Rating: 2528
	 Multiplicative Factor: 0%
	 DR Bracket: 0
	 Base: 21%
	 Effective Percent: 26,42%
----------------------
00:00,944

Intellect
	 Rating: 141242
	 Multiplicative Factor: 12,48%
Stamina
	 Rating: 772346
	 Multiplicative Factor: 11,3%
Crit
	 Rating: 16091
	 Multiplicative Factor: 0%
	 DR Bracket: 0
	 Base: 9%
	 Effective Percent: 31,99%
	 Crit Inc Heal: 2
	 Crit Inc Damage: 2
Haste
	 Rating: 21909
	 Multiplicative Factor: 0%
	 DR Bracket: 1
	 Base: 4%
	 Effective Percent: 36,88%
Vers
	 Rating: 13295
	 Multiplicative Factor: 0%
	 DR Bracket: 0
	 Base: 0%
	 Effective Percent: 17,04%
Leech
	 Rating: 1490
	 Multiplicative Factor: 0%
	 DR Bracket: 0
	 Base: 0%
	 Effective Percent: 1,46%
Avoidance
	 Rating: 2422
	 Multiplicative Factor: 0%
	 DR Bracket: 0
	 Base: 0%
	 Effective Percent: 4,45%
Mastery
	 Rating: 2528
	 Multiplicative Factor: 0%
	 DR Bracket: 0
	 Base: 21%
	 Effective Percent: 26,42%
----------------------
00:00,944

Intellect
	 Rating: 141242
	 Multiplicative Factor: 12,48%
Stamina
	 Rating: 772346
	 Multiplicative Factor: 11,3%
Crit
	 Rating: 16091
	 Multiplicative Factor: 0%
	 DR Bracket: 0
	 Base: 9%
	 Effective Percent: 31,99%
	 Crit Inc Heal: 2
	 Crit Inc Damage: 2
Haste
	 Rating: 21909
	 Multiplicative Factor: 0%
	 DR Bracket: 1
	 Base: 6%
	 Effective Percent: 38,88%
Vers
	 Rating: 13295
	 Multiplicative Factor: 0%
	 DR Bracket: 0
	 Base: 0%
	 Effective Percent: 17,04%
Leech
	 Rating: 1490
	 Multiplicative Factor: 0%
	 DR Bracket: 0
	 Base: 0%
	 Effective Percent: 1,46%
Avoidance
	 Rating: 2422
	 Multiplicative Factor: 0%
	 DR Bracket: 0
	 Base: 0%
	 Effective Percent: 4,45%
Mastery
	 Rating: 2528
	 Multiplicative Factor: 0%
	 DR Bracket: 0
	 Base: 21%
	 Effective Percent: 26,42%
----------------------
00:00,944

Intellect
	 Rating: 141242
	 Multiplicative Factor: 12,48%
Stamina
	 Rating: 772346
	 Multiplicative Factor: 11,3%
Crit
	 Rating: 16091
	 Multiplicative Factor: 0%
	 DR Bracket: 0
	 Base: 9%
	 Effective Percent: 31,99%
	 Crit Inc Heal: 2
	 Crit Inc Damage: 2
Haste
	 Rating: 21909
	 Multiplicative Factor: 0%
	 DR Bracket: 1
	 Base: 8%
	 Effective Percent: 40,88%
Vers
	 Rating: 13295
	 Multiplicative Factor: 0%
	 DR Bracket: 0
	 Base: 0%
	 Effective Percent: 17,04%
Leech
	 Rating: 1490
	 Multiplicative Factor: 0%
	 DR Bracket: 0
	 Base: 0%
	 Effective Percent: 1,46%
Avoidance
	 Rating: 2422
	 Multiplicative Factor: 0%
	 DR Bracket: 0
	 Base: 0%
	 Effective Percent: 4,45%
Mastery
	 Rating: 2528
	 Multiplicative Factor: 0%
	 DR Bracket: 0
	 Base: 21%
	 Effective Percent: 26,42%
----------------------
00:01,560

Intellect
	 Rating: 141242
	 Multiplicative Factor: 12,48%
Stamina
	 Rating: 772346
	 Multiplicative Factor: 11,3%
Crit
	 Rating: 16091
	 Multiplicative Factor: 0%
	 DR Bracket: 0
	 Base: 9%
	 Effective Percent: 31,99%
	 Crit Inc Heal: 2
	 Crit Inc Damage: 2
Haste
	 Rating: 21909
	 Multiplicative Factor: 0%
	 DR Bracket: 1
	 Base: 38%
	 Effective Percent: 70,88%
Vers
	 Rating: 13295
	 Multiplicative Factor: 0%
	 DR Bracket: 0
	 Base: 0%
	 Effective Percent: 17,04%
Leech
	 Rating: 1490
	 Multiplicative Factor: 0%
	 DR Bracket: 0
	 Base: 0%
	 Effective Percent: 1,46%
Avoidance
	 Rating: 2422
	 Multiplicative Factor: 0%
	 DR Bracket: 0
	 Base: 0%
	 Effective Percent: 4,45%
Mastery
	 Rating: 2528
	 Multiplicative Factor: 0%
	 DR Bracket: 0
	 Base: 21%
	 Effective Percent: 26,42%
----------------------
00:04,757

Intellect
	 Rating: 141242
	 Multiplicative Factor: 12,48%
Stamina
	 Rating: 772346
	 Multiplicative Factor: 11,3%
Crit
	 Rating: 16091
	 Multiplicative Factor: 0%
	 DR Bracket: 0
	 Base: 9%
	 Effective Percent: 31,99%
	 Crit Inc Heal: 2
	 Crit Inc Damage: 2
Haste
	 Rating: 21909
	 Multiplicative Factor: 0%
	 DR Bracket: 1
	 Base: 39%
	 Effective Percent: 71,88%
Vers
	 Rating: 13295
	 Multiplicative Factor: 0%
	 DR Bracket: 0
	 Base: 0%
	 Effective Percent: 17,04%
Leech
	 Rating: 1490
	 Multiplicative Factor: 0%
	 DR Bracket: 0
	 Base: 0%
	 Effective Percent: 1,46%
Avoidance
	 Rating: 2422
	 Multiplicative Factor: 0%
	 DR Bracket: 0
	 Base: 0%
	 Effective Percent: 4,45%
Mastery
	 Rating: 2528
	 Multiplicative Factor: 0%
	 DR Bracket: 0
	 Base: 21%
	 Effective Percent: 26,42%
----------------------
00:04,833

Intellect
	 Rating: 141242
	 Multiplicative Factor: 12,48%
Stamina
	 Rating: 772346
	 Multiplicative Factor: 11,3%
Crit
	 Rating: 16091
	 Multiplicative Factor: 0%
	 DR Bracket: 0
	 Base: 9%
	 Effective Percent: 31,99%
	 Crit Inc Heal: 2
	 Crit Inc Damage: 2
Haste
	 Rating: 21909
	 Multiplicative Factor: 0%
	 DR Bracket: 1
	 Base: 41%
	 Effective Percent: 73,88%
Vers
	 Rating: 13295
	 Multiplicative Factor: 0%
	 DR Bracket: 0
	 Base: 0%
	 Effective Percent: 17,04%
Leech
	 Rating: 1490
	 Multiplicative Factor: 0%
	 DR Bracket: 0
	 Base: 0%
	 Effective Percent: 1,46%
Avoidance
	 Rating: 2422
	 Multiplicative Factor: 0%
	 DR Bracket: 0
	 Base: 0%
	 Effective Percent: 4,45%
Mastery
	 Rating: 2528
	 Multiplicative Factor: 0%
	 DR Bracket: 0
	 Base: 21%
	 Effective Percent: 26,42%
----------------------
00:06,956

Intellect
	 Rating: 141242
	 Multiplicative Factor: 12,48%
Stamina
	 Rating: 772346
	 Multiplicative Factor: 11,3%
Crit
	 Rating: 16091
	 Multiplicative Factor: 0%
	 DR Bracket: 0
	 Base: 9%
	 Effective Percent: 31,99%
	 Crit Inc Heal: 2
	 Crit Inc Damage: 2
Haste
	 Rating: 21909
	 Multiplicative Factor: 0%
	 DR Bracket: 1
	 Base: 42%
	 Effective Percent: 74,88%
Vers
	 Rating: 13295
	 Multiplicative Factor: 0%
	 DR Bracket: 0
	 Base: 0%
	 Effective Percent: 17,04%
Leech
	 Rating: 1490
	 Multiplicative Factor: 0%
	 DR Bracket: 0
	 Base: 0%
	 Effective Percent: 1,46%
Avoidance
	 Rating: 2422
	 Multiplicative Factor: 0%
	 DR Bracket: 0
	 Base: 0%
	 Effective Percent: 4,45%
Mastery
	 Rating: 2528
	 Multiplicative Factor: 0%
	 DR Bracket: 0
	 Base: 21%
	 Effective Percent: 26,42%
----------------------
00:06,985

Intellect
	 Rating: 141242
	 Multiplicative Factor: 12,48%
Stamina
	 Rating: 772346
	 Multiplicative Factor: 11,3%
Crit
	 Rating: 16091
	 Multiplicative Factor: 0%
	 DR Bracket: 0
	 Base: 9%
	 Effective Percent: 31,99%
	 Crit Inc Heal: 2
	 Crit Inc Damage: 2
Haste
	 Rating: 21909
	 Multiplicative Factor: 0%
	 DR Bracket: 1
	 Base: 44%
	 Effective Percent: 76,88%
Vers
	 Rating: 13295
	 Multiplicative Factor: 0%
	 DR Bracket: 0
	 Base: 0%
	 Effective Percent: 17,04%
Leech
	 Rating: 1490
	 Multiplicative Factor: 0%
	 DR Bracket: 0
	 Base: 0%
	 Effective Percent: 1,46%
Avoidance
	 Rating: 2422
	 Multiplicative Factor: 0%
	 DR Bracket: 0
	 Base: 0%
	 Effective Percent: 4,45%
Mastery
	 Rating: 2528
	 Multiplicative Factor: 0%
	 DR Bracket: 0
	 Base: 21%
	 Effective Percent: 26,42%
----------------------
00:09,432

Intellect
	 Rating: 141242
	 Multiplicative Factor: 12,48%
Stamina
	 Rating: 772346
	 Multiplicative Factor: 11,3%
Crit
	 Rating: 16091
	 Multiplicative Factor: 0%
	 DR Bracket: 0
	 Base: 9%
	 Effective Percent: 31,99%
	 Crit Inc Heal: 2
	 Crit Inc Damage: 2
Haste
	 Rating: 21909
	 Multiplicative Factor: 0%
	 DR Bracket: 1
	 Base: 45%
	 Effective Percent: 77,88%
Vers
	 Rating: 13295
	 Multiplicative Factor: 0%
	 DR Bracket: 0
	 Base: 0%
	 Effective Percent: 17,04%
Leech
	 Rating: 1490
	 Multiplicative Factor: 0%
	 DR Bracket: 0
	 Base: 0%
	 Effective Percent: 1,46%
Avoidance
	 Rating: 2422
	 Multiplicative Factor: 0%
	 DR Bracket: 0
	 Base: 0%
	 Effective Percent: 4,45%
Mastery
	 Rating: 2528
	 Multiplicative Factor: 0%
	 DR Bracket: 0
	 Base: 21%
	 Effective Percent: 26,42%
----------------------
00:10,925

Intellect
	 Rating: 141242
	 Multiplicative Factor: 12,48%
Stamina
	 Rating: 772346
	 Multiplicative Factor: 11,3%
Crit
	 Rating: 16091
	 Multiplicative Factor: 0%
	 DR Bracket: 0
	 Base: 9%
	 Effective Percent: 31,99%
	 Crit Inc Heal: 2
	 Crit Inc Damage: 2
Haste
	 Rating: 21909
	 Multiplicative Factor: 0%
	 DR Bracket: 1
	 Base: 46%
	 Effective Percent: 78,88%
Vers
	 Rating: 13295
	 Multiplicative Factor: 0%
	 DR Bracket: 0
	 Base: 0%
	 Effective Percent: 17,04%
Leech
	 Rating: 1490
	 Multiplicative Factor: 0%
	 DR Bracket: 0
	 Base: 0%
	 Effective Percent: 1,46%
Avoidance
	 Rating: 2422
	 Multiplicative Factor: 0%
	 DR Bracket: 0
	 Base: 0%
	 Effective Percent: 4,45%
Mastery
	 Rating: 2528
	 Multiplicative Factor: 0%
	 DR Bracket: 0
	 Base: 21%
	 Effective Percent: 26,42%
----------------------
00:12,968

Intellect
	 Rating: 141242
	 Multiplicative Factor: 12,48%
Stamina
	 Rating: 772346
	 Multiplicative Factor: 11,3%
Crit
	 Rating: 16091
	 Multiplicative Factor: 0%
	 DR Bracket: 0
	 Base: 9%
	 Effective Percent: 31,99%
	 Crit Inc Heal: 2
	 Crit Inc Damage: 2
Haste
	 Rating: 21909
	 Multiplicative Factor: 0%
	 DR Bracket: 1
	 Base: 44%
	 Effective Percent: 76,88%
Vers
	 Rating: 13295
	 Multiplicative Factor: 0%
	 DR Bracket: 0
	 Base: 0%
	 Effective Percent: 17,04%
Leech
	 Rating: 1490
	 Multiplicative Factor: 0%
	 DR Bracket: 0
	 Base: 0%
	 Effective Percent: 1,46%
Avoidance
	 Rating: 2422
	 Multiplicative Factor: 0%
	 DR Bracket: 0
	 Base: 0%
	 Effective Percent: 4,45%
Mastery
	 Rating: 2528
	 Multiplicative Factor: 0%
	 DR Bracket: 0
	 Base: 21%
	 Effective Percent: 26,42%
----------------------
00:12,968

Intellect
	 Rating: 141242
	 Multiplicative Factor: 12,48%
Stamina
	 Rating: 772346
	 Multiplicative Factor: 11,3%
Crit
	 Rating: 16091
	 Multiplicative Factor: 0%
	 DR Bracket: 0
	 Base: 9%
	 Effective Percent: 31,99%
	 Crit Inc Heal: 2
	 Crit Inc Damage: 2
Haste
	 Rating: 21909
	 Multiplicative Factor: 0%
	 DR Bracket: 1
	 Base: 42%
	 Effective Percent: 74,88%
Vers
	 Rating: 13295
	 Multiplicative Factor: 0%
	 DR Bracket: 0
	 Base: 0%
	 Effective Percent: 17,04%
Leech
	 Rating: 1490
	 Multiplicative Factor: 0%
	 DR Bracket: 0
	 Base: 0%
	 Effective Percent: 1,46%
Avoidance
	 Rating: 2422
	 Multiplicative Factor: 0%
	 DR Bracket: 0
	 Base: 0%
	 Effective Percent: 4,45%
Mastery
	 Rating: 2528
	 Multiplicative Factor: 0%
	 DR Bracket: 0
	 Base: 21%
	 Effective Percent: 26,42%
----------------------
00:12,968

Intellect
	 Rating: 141242
	 Multiplicative Factor: 12,48%
Stamina
	 Rating: 772346
	 Multiplicative Factor: 11,3%
Crit
	 Rating: 16091
	 Multiplicative Factor: 0%
	 DR Bracket: 0
	 Base: 9%
	 Effective Percent: 31,99%
	 Crit Inc Heal: 2
	 Crit Inc Damage: 2
Haste
	 Rating: 21909
	 Multiplicative Factor: 0%
	 DR Bracket: 1
	 Base: 40%
	 Effective Percent: 72,88%
Vers
	 Rating: 13295
	 Multiplicative Factor: 0%
	 DR Bracket: 0
	 Base: 0%
	 Effective Percent: 17,04%
Leech
	 Rating: 1490
	 Multiplicative Factor: 0%
	 DR Bracket: 0
	 Base: 0%
	 Effective Percent: 1,46%
Avoidance
	 Rating: 2422
	 Multiplicative Factor: 0%
	 DR Bracket: 0
	 Base: 0%
	 Effective Percent: 4,45%
Mastery
	 Rating: 2528
	 Multiplicative Factor: 0%
	 DR Bracket: 0
	 Base: 21%
	 Effective Percent: 26,42%
----------------------
00:12,968

Intellect
	 Rating: 141242
	 Multiplicative Factor: 12,48%
Stamina
	 Rating: 772346
	 Multiplicative Factor: 11,3%
Crit
	 Rating: 16091
	 Multiplicative Factor: 0%
	 DR Bracket: 0
	 Base: 9%
	 Effective Percent: 31,99%
	 Crit Inc Heal: 2
	 Crit Inc Damage: 2
Haste
	 Rating: 21909
	 Multiplicative Factor: 0%
	 DR Bracket: 1
	 Base: 38%
	 Effective Percent: 70,88%
Vers
	 Rating: 13295
	 Multiplicative Factor: 0%
	 DR Bracket: 0
	 Base: 0%
	 Effective Percent: 17,04%
Leech
	 Rating: 1490
	 Multiplicative Factor: 0%
	 DR Bracket: 0
	 Base: 0%
	 Effective Percent: 1,46%
Avoidance
	 Rating: 2422
	 Multiplicative Factor: 0%
	 DR Bracket: 0
	 Base: 0%
	 Effective Percent: 4,45%
Mastery
	 Rating: 2528
	 Multiplicative Factor: 0%
	 DR Bracket: 0
	 Base: 21%
	 Effective Percent: 26,42%
----------------------
00:13,215

Intellect
	 Rating: 141242
	 Multiplicative Factor: 12,48%
Stamina
	 Rating: 772346
	 Multiplicative Factor: 11,3%
Crit
	 Rating: 16091
	 Multiplicative Factor: 0%
	 DR Bracket: 0
	 Base: 9%
	 Effective Percent: 31,99%
	 Crit Inc Heal: 2
	 Crit Inc Damage: 2
Haste
	 Rating: 21909
	 Multiplicative Factor: 0%
	 DR Bracket: 1
	 Base: 39%
	 Effective Percent: 71,88%
Vers
	 Rating: 13295
	 Multiplicative Factor: 0%
	 DR Bracket: 0
	 Base: 0%
	 Effective Percent: 17,04%
Leech
	 Rating: 1490
	 Multiplicative Factor: 0%
	 DR Bracket: 0
	 Base: 0%
	 Effective Percent: 1,46%
Avoidance
	 Rating: 2422
	 Multiplicative Factor: 0%
	 DR Bracket: 0
	 Base: 0%
	 Effective Percent: 4,45%
Mastery
	 Rating: 2528
	 Multiplicative Factor: 0%
	 DR Bracket: 0
	 Base: 21%
	 Effective Percent: 26,42%
----------------------
00:16,835

Intellect
	 Rating: 141242
	 Multiplicative Factor: 12,48%
Stamina
	 Rating: 772346
	 Multiplicative Factor: 11,3%
Crit
	 Rating: 16091
	 Multiplicative Factor: 0%
	 DR Bracket: 0
	 Base: 9%
	 Effective Percent: 31,99%
	 Crit Inc Heal: 2
	 Crit Inc Damage: 2
Haste
	 Rating: 21909
	 Multiplicative Factor: 0%
	 DR Bracket: 1
	 Base: 37%
	 Effective Percent: 69,88%
Vers
	 Rating: 13295
	 Multiplicative Factor: 0%
	 DR Bracket: 0
	 Base: 0%
	 Effective Percent: 17,04%
Leech
	 Rating: 1490
	 Multiplicative Factor: 0%
	 DR Bracket: 0
	 Base: 0%
	 Effective Percent: 1,46%
Avoidance
	 Rating: 2422
	 Multiplicative Factor: 0%
	 DR Bracket: 0
	 Base: 0%
	 Effective Percent: 4,45%
Mastery
	 Rating: 2528
	 Multiplicative Factor: 0%
	 DR Bracket: 0
	 Base: 21%
	 Effective Percent: 26,42%
----------------------
00:19,013

Intellect
	 Rating: 141242
	 Multiplicative Factor: 12,48%
Stamina
	 Rating: 772346
	 Multiplicative Factor: 11,3%
Crit
	 Rating: 16091
	 Multiplicative Factor: 0%
	 DR Bracket: 0
	 Base: 9%
	 Effective Percent: 31,99%
	 Crit Inc Heal: 2
	 Crit Inc Damage: 2
Haste
	 Rating: 21909
	 Multiplicative Factor: 0%
	 DR Bracket: 1
	 Base: 35%
	 Effective Percent: 67,88%
Vers
	 Rating: 13295
	 Multiplicative Factor: 0%
	 DR Bracket: 0
	 Base: 0%
	 Effective Percent: 17,04%
Leech
	 Rating: 1490
	 Multiplicative Factor: 0%
	 DR Bracket: 0
	 Base: 0%
	 Effective Percent: 1,46%
Avoidance
	 Rating: 2422
	 Multiplicative Factor: 0%
	 DR Bracket: 0
	 Base: 0%
	 Effective Percent: 4,45%
Mastery
	 Rating: 2528
	 Multiplicative Factor: 0%
	 DR Bracket: 0
	 Base: 21%
	 Effective Percent: 26,42%
----------------------
00:21,753

Intellect
	 Rating: 141242
	 Multiplicative Factor: 12,48%
Stamina
	 Rating: 772346
	 Multiplicative Factor: 11,3%
Crit
	 Rating: 16091
	 Multiplicative Factor: 0%
	 DR Bracket: 0
	 Base: 9%
	 Effective Percent: 31,99%
	 Crit Inc Heal: 2
	 Crit Inc Damage: 2
Haste
	 Rating: 21909
	 Multiplicative Factor: 0%
	 DR Bracket: 1
	 Base: 37%
	 Effective Percent: 69,88%
Vers
	 Rating: 13295
	 Multiplicative Factor: 0%
	 DR Bracket: 0
	 Base: 0%
	 Effective Percent: 17,04%
Leech
	 Rating: 1490
	 Multiplicative Factor: 0%
	 DR Bracket: 0
	 Base: 0%
	 Effective Percent: 1,46%
Avoidance
	 Rating: 2422
	 Multiplicative Factor: 0%
	 DR Bracket: 0
	 Base: 0%
	 Effective Percent: 4,45%
Mastery
	 Rating: 2528
	 Multiplicative Factor: 0%
	 DR Bracket: 0
	 Base: 21%
	 Effective Percent: 26,42%
----------------------
00:25,960

Intellect
	 Rating: 141242
	 Multiplicative Factor: 12,48%
Stamina
	 Rating: 772346
	 Multiplicative Factor: 11,3%
Crit
	 Rating: 16091
	 Multiplicative Factor: 0%
	 DR Bracket: 0
	 Base: 9%
	 Effective Percent: 31,99%
	 Crit Inc Heal: 2
	 Crit Inc Damage: 2
Haste
	 Rating: 21909
	 Multiplicative Factor: 0%
	 DR Bracket: 1
	 Base: 39%
	 Effective Percent: 71,88%
Vers
	 Rating: 13295
	 Multiplicative Factor: 0%
	 DR Bracket: 0
	 Base: 0%
	 Effective Percent: 17,04%
Leech
	 Rating: 1490
	 Multiplicative Factor: 0%
	 DR Bracket: 0
	 Base: 0%
	 Effective Percent: 1,46%
Avoidance
	 Rating: 2422
	 Multiplicative Factor: 0%
	 DR Bracket: 0
	 Base: 0%
	 Effective Percent: 4,45%
Mastery
	 Rating: 2528
	 Multiplicative Factor: 0%
	 DR Bracket: 0
	 Base: 21%
	 Effective Percent: 26,42%
----------------------
00:33,774

Intellect
	 Rating: 141242
	 Multiplicative Factor: 12,48%
Stamina
	 Rating: 772346
	 Multiplicative Factor: 11,3%
Crit
	 Rating: 16091
	 Multiplicative Factor: 0%
	 DR Bracket: 0
	 Base: 9%
	 Effective Percent: 31,99%
	 Crit Inc Heal: 2
	 Crit Inc Damage: 2
Haste
	 Rating: 21909
	 Multiplicative Factor: 0%
	 DR Bracket: 1
	 Base: 37%
	 Effective Percent: 69,88%
Vers
	 Rating: 13295
	 Multiplicative Factor: 0%
	 DR Bracket: 0
	 Base: 0%
	 Effective Percent: 17,04%
Leech
	 Rating: 1490
	 Multiplicative Factor: 0%
	 DR Bracket: 0
	 Base: 0%
	 Effective Percent: 1,46%
Avoidance
	 Rating: 2422
	 Multiplicative Factor: 0%
	 DR Bracket: 0
	 Base: 0%
	 Effective Percent: 4,45%
Mastery
	 Rating: 2528
	 Multiplicative Factor: 0%
	 DR Bracket: 0
	 Base: 21%
	 Effective Percent: 26,42%
----------------------
00:37,970

Intellect
	 Rating: 141242
	 Multiplicative Factor: 12,48%
Stamina
	 Rating: 772346
	 Multiplicative Factor: 11,3%
Crit
	 Rating: 16091
	 Multiplicative Factor: 0%
	 DR Bracket: 0
	 Base: 9%
	 Effective Percent: 31,99%
	 Crit Inc Heal: 2
	 Crit Inc Damage: 2
Haste
	 Rating: 21909
	 Multiplicative Factor: 0%
	 DR Bracket: 1
	 Base: 35%
	 Effective Percent: 67,88%
Vers
	 Rating: 13295
	 Multiplicative Factor: 0%
	 DR Bracket: 0
	 Base: 0%
	 Effective Percent: 17,04%
Leech
	 Rating: 1490
	 Multiplicative Factor: 0%
	 DR Bracket: 0
	 Base: 0%
	 Effective Percent: 1,46%
Avoidance
	 Rating: 2422
	 Multiplicative Factor: 0%
	 DR Bracket: 0
	 Base: 0%
	 Effective Percent: 4,45%
Mastery
	 Rating: 2528
	 Multiplicative Factor: 0%
	 DR Bracket: 0
	 Base: 21%
	 Effective Percent: 26,42%
----------------------
00:38,584

Intellect
	 Rating: 141242
	 Multiplicative Factor: 12,48%
Stamina
	 Rating: 772346
	 Multiplicative Factor: 11,3%
Crit
	 Rating: 16091
	 Multiplicative Factor: 0%
	 DR Bracket: 0
	 Base: 9%
	 Effective Percent: 31,99%
	 Crit Inc Heal: 2
	 Crit Inc Damage: 2
Haste
	 Rating: 21909
	 Multiplicative Factor: 0%
	 DR Bracket: 1
	 Base: 37%
	 Effective Percent: 69,88%
Vers
	 Rating: 13295
	 Multiplicative Factor: 0%
	 DR Bracket: 0
	 Base: 0%
	 Effective Percent: 17,04%
Leech
	 Rating: 1490
	 Multiplicative Factor: 0%
	 DR Bracket: 0
	 Base: 0%
	 Effective Percent: 1,46%
Avoidance
	 Rating: 2422
	 Multiplicative Factor: 0%
	 DR Bracket: 0
	 Base: 0%
	 Effective Percent: 4,45%
Mastery
	 Rating: 2528
	 Multiplicative Factor: 0%
	 DR Bracket: 0
	 Base: 21%
	 Effective Percent: 26,42%
----------------------
00:39,479

Intellect
	 Rating: 141242
	 Multiplicative Factor: 12,48%
Stamina
	 Rating: 772346
	 Multiplicative Factor: 11,3%
Crit
	 Rating: 16091
	 Multiplicative Factor: 0%
	 DR Bracket: 0
	 Base: 9%
	 Effective Percent: 31,99%
	 Crit Inc Heal: 2
	 Crit Inc Damage: 2
Haste
	 Rating: 21909
	 Multiplicative Factor: 0%
	 DR Bracket: 1
	 Base: 39%
	 Effective Percent: 71,88%
Vers
	 Rating: 13295
	 Multiplicative Factor: 0%
	 DR Bracket: 0
	 Base: 0%
	 Effective Percent: 17,04%
Leech
	 Rating: 1490
	 Multiplicative Factor: 0%
	 DR Bracket: 0
	 Base: 0%
	 Effective Percent: 1,46%
Avoidance
	 Rating: 2422
	 Multiplicative Factor: 0%
	 DR Bracket: 0
	 Base: 0%
	 Effective Percent: 4,45%
Mastery
	 Rating: 2528
	 Multiplicative Factor: 0%
	 DR Bracket: 0
	 Base: 21%
	 Effective Percent: 26,42%
----------------------
00:41,571

Intellect
	 Rating: 141242
	 Multiplicative Factor: 12,48%
Stamina
	 Rating: 772346
	 Multiplicative Factor: 11,3%
Crit
	 Rating: 16091
	 Multiplicative Factor: 0%
	 DR Bracket: 0
	 Base: 9%
	 Effective Percent: 31,99%
	 Crit Inc Heal: 2
	 Crit Inc Damage: 2
Haste
	 Rating: 21909
	 Multiplicative Factor: 0%
	 DR Bracket: 1
	 Base: 9%
	 Effective Percent: 41,88%
Vers
	 Rating: 13295
	 Multiplicative Factor: 0%
	 DR Bracket: 0
	 Base: 0%
	 Effective Percent: 17,04%
Leech
	 Rating: 1490
	 Multiplicative Factor: 0%
	 DR Bracket: 0
	 Base: 0%
	 Effective Percent: 1,46%
Avoidance
	 Rating: 2422
	 Multiplicative Factor: 0%
	 DR Bracket: 0
	 Base: 0%
	 Effective Percent: 4,45%
Mastery
	 Rating: 2528
	 Multiplicative Factor: 0%
	 DR Bracket: 0
	 Base: 21%
	 Effective Percent: 26,42%
----------------------
00:50,626

Intellect
	 Rating: 141242
	 Multiplicative Factor: 12,48%
Stamina
	 Rating: 772346
	 Multiplicative Factor: 11,3%
Crit
	 Rating: 16091
	 Multiplicative Factor: 0%
	 DR Bracket: 0
	 Base: 9%
	 Effective Percent: 31,99%
	 Crit Inc Heal: 2
	 Crit Inc Damage: 2
Haste
	 Rating: 21909
	 Multiplicative Factor: 0%
	 DR Bracket: 1
	 Base: 7%
	 Effective Percent: 39,88%
Vers
	 Rating: 13295
	 Multiplicative Factor: 0%
	 DR Bracket: 0
	 Base: 0%
	 Effective Percent: 17,04%
Leech
	 Rating: 1490
	 Multiplicative Factor: 0%
	 DR Bracket: 0
	 Base: 0%
	 Effective Percent: 1,46%
Avoidance
	 Rating: 2422
	 Multiplicative Factor: 0%
	 DR Bracket: 0
	 Base: 0%
	 Effective Percent: 4,45%
Mastery
	 Rating: 2528
	 Multiplicative Factor: 0%
	 DR Bracket: 0
	 Base: 21%
	 Effective Percent: 26,42%
----------------------
00:51,497

Intellect
	 Rating: 141242
	 Multiplicative Factor: 12,48%
Stamina
	 Rating: 772346
	 Multiplicative Factor: 11,3%
Crit
	 Rating: 16091
	 Multiplicative Factor: 0%
	 DR Bracket: 0
	 Base: 9%
	 Effective Percent: 31,99%
	 Crit Inc Heal: 2
	 Crit Inc Damage: 2
Haste
	 Rating: 21909
	 Multiplicative Factor: 0%
	 DR Bracket: 1
	 Base: 5%
	 Effective Percent: 37,88%
Vers
	 Rating: 13295
	 Multiplicative Factor: 0%
	 DR Bracket: 0
	 Base: 0%
	 Effective Percent: 17,04%
Leech
	 Rating: 1490
	 Multiplicative Factor: 0%
	 DR Bracket: 0
	 Base: 0%
	 Effective Percent: 1,46%
Avoidance
	 Rating: 2422
	 Multiplicative Factor: 0%
	 DR Bracket: 0
	 Base: 0%
	 Effective Percent: 4,45%
Mastery
	 Rating: 2528
	 Multiplicative Factor: 0%
	 DR Bracket: 0
	 Base: 21%
	 Effective Percent: 26,42%
----------------------
01:03,566

Intellect
	 Rating: 141242
	 Multiplicative Factor: 12,48%
Stamina
	 Rating: 772346
	 Multiplicative Factor: 11,3%
Crit
	 Rating: 16091
	 Multiplicative Factor: 0%
	 DR Bracket: 0
	 Base: 9%
	 Effective Percent: 31,99%
	 Crit Inc Heal: 2
	 Crit Inc Damage: 2
Haste
	 Rating: 21909
	 Multiplicative Factor: 0%
	 DR Bracket: 1
	 Base: 7%
	 Effective Percent: 39,88%
Vers
	 Rating: 13295
	 Multiplicative Factor: 0%
	 DR Bracket: 0
	 Base: 0%
	 Effective Percent: 17,04%
Leech
	 Rating: 1490
	 Multiplicative Factor: 0%
	 DR Bracket: 0
	 Base: 0%
	 Effective Percent: 1,46%
Avoidance
	 Rating: 2422
	 Multiplicative Factor: 0%
	 DR Bracket: 0
	 Base: 0%
	 Effective Percent: 4,45%
Mastery
	 Rating: 2528
	 Multiplicative Factor: 0%
	 DR Bracket: 0
	 Base: 21%
	 Effective Percent: 26,42%
----------------------
01:14,500

Intellect
	 Rating: 141242
	 Multiplicative Factor: 12,48%
Stamina
	 Rating: 772346
	 Multiplicative Factor: 11,3%
Crit
	 Rating: 16091
	 Multiplicative Factor: 0%
	 DR Bracket: 0
	 Base: 9%
	 Effective Percent: 31,99%
	 Crit Inc Heal: 2
	 Crit Inc Damage: 2
Haste
	 Rating: 21909
	 Multiplicative Factor: 0%
	 DR Bracket: 1
	 Base: 9%
	 Effective Percent: 41,88%
Vers
	 Rating: 13295
	 Multiplicative Factor: 0%
	 DR Bracket: 0
	 Base: 0%
	 Effective Percent: 17,04%
Leech
	 Rating: 1490
	 Multiplicative Factor: 0%
	 DR Bracket: 0
	 Base: 0%
	 Effective Percent: 1,46%
Avoidance
	 Rating: 2422
	 Multiplicative Factor: 0%
	 DR Bracket: 0
	 Base: 0%
	 Effective Percent: 4,45%
Mastery
	 Rating: 2528
	 Multiplicative Factor: 0%
	 DR Bracket: 0
	 Base: 21%
	 Effective Percent: 26,42%
----------------------
01:15,571

Intellect
	 Rating: 141242
	 Multiplicative Factor: 12,48%
Stamina
	 Rating: 772346
	 Multiplicative Factor: 11,3%
Crit
	 Rating: 16091
	 Multiplicative Factor: 0%
	 DR Bracket: 0
	 Base: 9%
	 Effective Percent: 31,99%
	 Crit Inc Heal: 2
	 Crit Inc Damage: 2
Haste
	 Rating: 21909
	 Multiplicative Factor: 0%
	 DR Bracket: 1
	 Base: 7%
	 Effective Percent: 39,88%
Vers
	 Rating: 13295
	 Multiplicative Factor: 0%
	 DR Bracket: 0
	 Base: 0%
	 Effective Percent: 17,04%
Leech
	 Rating: 1490
	 Multiplicative Factor: 0%
	 DR Bracket: 0
	 Base: 0%
	 Effective Percent: 1,46%
Avoidance
	 Rating: 2422
	 Multiplicative Factor: 0%
	 DR Bracket: 0
	 Base: 0%
	 Effective Percent: 4,45%
Mastery
	 Rating: 2528
	 Multiplicative Factor: 0%
	 DR Bracket: 0
	 Base: 21%
	 Effective Percent: 26,42%
----------------------
01:16,515

Intellect
	 Rating: 141242
	 Multiplicative Factor: 12,48%
Stamina
	 Rating: 772346
	 Multiplicative Factor: 11,3%
Crit
	 Rating: 16091
	 Multiplicative Factor: 0%
	 DR Bracket: 0
	 Base: 9%
	 Effective Percent: 31,99%
	 Crit Inc Heal: 2
	 Crit Inc Damage: 2
Haste
	 Rating: 21909
	 Multiplicative Factor: 0%
	 DR Bracket: 1
	 Base: 9%
	 Effective Percent: 41,88%
Vers
	 Rating: 13295
	 Multiplicative Factor: 0%
	 DR Bracket: 0
	 Base: 0%
	 Effective Percent: 17,04%
Leech
	 Rating: 1490
	 Multiplicative Factor: 0%
	 DR Bracket: 0
	 Base: 0%
	 Effective Percent: 1,46%
Avoidance
	 Rating: 2422
	 Multiplicative Factor: 0%
	 DR Bracket: 0
	 Base: 0%
	 Effective Percent: 4,45%
Mastery
	 Rating: 2528
	 Multiplicative Factor: 0%
	 DR Bracket: 0
	 Base: 21%
	 Effective Percent: 26,42%
----------------------
01:21,456

Intellect
	 Rating: 141242
	 Multiplicative Factor: 12,48%
Stamina
	 Rating: 772346
	 Multiplicative Factor: 11,3%
Crit
	 Rating: 16091
	 Multiplicative Factor: 0%
	 DR Bracket: 0
	 Base: 9%
	 Effective Percent: 31,99%
	 Crit Inc Heal: 2
	 Crit Inc Damage: 2
Haste
	 Rating: 21909
	 Multiplicative Factor: 0%
	 DR Bracket: 1
	 Base: 11%
	 Effective Percent: 43,88%
Vers
	 Rating: 13295
	 Multiplicative Factor: 0%
	 DR Bracket: 0
	 Base: 0%
	 Effective Percent: 17,04%
Leech
	 Rating: 1490
	 Multiplicative Factor: 0%
	 DR Bracket: 0
	 Base: 0%
	 Effective Percent: 1,46%
Avoidance
	 Rating: 2422
	 Multiplicative Factor: 0%
	 DR Bracket: 0
	 Base: 0%
	 Effective Percent: 4,45%
Mastery
	 Rating: 2528
	 Multiplicative Factor: 0%
	 DR Bracket: 0
	 Base: 21%
	 Effective Percent: 26,42%
----------------------
01:26,523

Intellect
	 Rating: 141242
	 Multiplicative Factor: 12,48%
Stamina
	 Rating: 772346
	 Multiplicative Factor: 11,3%
Crit
	 Rating: 16091
	 Multiplicative Factor: 0%
	 DR Bracket: 0
	 Base: 9%
	 Effective Percent: 31,99%
	 Crit Inc Heal: 2
	 Crit Inc Damage: 2
Haste
	 Rating: 21909
	 Multiplicative Factor: 0%
	 DR Bracket: 1
	 Base: 9%
	 Effective Percent: 41,88%
Vers
	 Rating: 13295
	 Multiplicative Factor: 0%
	 DR Bracket: 0
	 Base: 0%
	 Effective Percent: 17,04%
Leech
	 Rating: 1490
	 Multiplicative Factor: 0%
	 DR Bracket: 0
	 Base: 0%
	 Effective Percent: 1,46%
Avoidance
	 Rating: 2422
	 Multiplicative Factor: 0%
	 DR Bracket: 0
	 Base: 0%
	 Effective Percent: 4,45%
Mastery
	 Rating: 2528
	 Multiplicative Factor: 0%
	 DR Bracket: 0
	 Base: 21%
	 Effective Percent: 26,42%
----------------------
01:28,516

Intellect
	 Rating: 141242
	 Multiplicative Factor: 12,48%
Stamina
	 Rating: 772346
	 Multiplicative Factor: 11,3%
Crit
	 Rating: 16091
	 Multiplicative Factor: 0%
	 DR Bracket: 0
	 Base: 9%
	 Effective Percent: 31,99%
	 Crit Inc Heal: 2
	 Crit Inc Damage: 2
Haste
	 Rating: 21909
	 Multiplicative Factor: 0%
	 DR Bracket: 1
	 Base: 7%
	 Effective Percent: 39,88%
Vers
	 Rating: 13295
	 Multiplicative Factor: 0%
	 DR Bracket: 0
	 Base: 0%
	 Effective Percent: 17,04%
Leech
	 Rating: 1490
	 Multiplicative Factor: 0%
	 DR Bracket: 0
	 Base: 0%
	 Effective Percent: 1,46%
Avoidance
	 Rating: 2422
	 Multiplicative Factor: 0%
	 DR Bracket: 0
	 Base: 0%
	 Effective Percent: 4,45%
Mastery
	 Rating: 2528
	 Multiplicative Factor: 0%
	 DR Bracket: 0
	 Base: 21%
	 Effective Percent: 26,42%
----------------------
01:33,459

Intellect
	 Rating: 141242
	 Multiplicative Factor: 12,48%
Stamina
	 Rating: 772346
	 Multiplicative Factor: 11,3%
Crit
	 Rating: 16091
	 Multiplicative Factor: 0%
	 DR Bracket: 0
	 Base: 9%
	 Effective Percent: 31,99%
	 Crit Inc Heal: 2
	 Crit Inc Damage: 2
Haste
	 Rating: 21909
	 Multiplicative Factor: 0%
	 DR Bracket: 1
	 Base: 5%
	 Effective Percent: 37,88%
Vers
	 Rating: 13295
	 Multiplicative Factor: 0%
	 DR Bracket: 0
	 Base: 0%
	 Effective Percent: 17,04%
Leech
	 Rating: 1490
	 Multiplicative Factor: 0%
	 DR Bracket: 0
	 Base: 0%
	 Effective Percent: 1,46%
Avoidance
	 Rating: 2422
	 Multiplicative Factor: 0%
	 DR Bracket: 0
	 Base: 0%
	 Effective Percent: 4,45%
Mastery
	 Rating: 2528
	 Multiplicative Factor: 0%
	 DR Bracket: 0
	 Base: 21%
	 Effective Percent: 26,42%
----------------------
01:44,510

Intellect
	 Rating: 141242
	 Multiplicative Factor: 12,48%
Stamina
	 Rating: 772346
	 Multiplicative Factor: 11,3%
Crit
	 Rating: 16091
	 Multiplicative Factor: 0%
	 DR Bracket: 0
	 Base: 9%
	 Effective Percent: 31,99%
	 Crit Inc Heal: 2
	 Crit Inc Damage: 2
Haste
	 Rating: 21909
	 Multiplicative Factor: 0%
	 DR Bracket: 1
	 Base: 7%
	 Effective Percent: 39,88%
Vers
	 Rating: 13295
	 Multiplicative Factor: 0%
	 DR Bracket: 0
	 Base: 0%
	 Effective Percent: 17,04%
Leech
	 Rating: 1490
	 Multiplicative Factor: 0%
	 DR Bracket: 0
	 Base: 0%
	 Effective Percent: 1,46%
Avoidance
	 Rating: 2422
	 Multiplicative Factor: 0%
	 DR Bracket: 0
	 Base: 0%
	 Effective Percent: 4,45%
Mastery
	 Rating: 2528
	 Multiplicative Factor: 0%
	 DR Bracket: 0
	 Base: 21%
	 Effective Percent: 26,42%
----------------------
01:47,816

Intellect
	 Rating: 141242
	 Multiplicative Factor: 12,48%
Stamina
	 Rating: 772346
	 Multiplicative Factor: 11,3%
Crit
	 Rating: 16091
	 Multiplicative Factor: 0%
	 DR Bracket: 0
	 Base: 9%
	 Effective Percent: 31,99%
	 Crit Inc Heal: 2
	 Crit Inc Damage: 2
Haste
	 Rating: 21909
	 Multiplicative Factor: 0%
	 DR Bracket: 1
	 Base: 9%
	 Effective Percent: 41,88%
Vers
	 Rating: 13295
	 Multiplicative Factor: 0%
	 DR Bracket: 0
	 Base: 0%
	 Effective Percent: 17,04%
Leech
	 Rating: 1490
	 Multiplicative Factor: 0%
	 DR Bracket: 0
	 Base: 0%
	 Effective Percent: 1,46%
Avoidance
	 Rating: 2422
	 Multiplicative Factor: 0%
	 DR Bracket: 0
	 Base: 0%
	 Effective Percent: 4,45%
Mastery
	 Rating: 2528
	 Multiplicative Factor: 0%
	 DR Bracket: 0
	 Base: 21%
	 Effective Percent: 26,42%
----------------------
01:48,854

Intellect
	 Rating: 141242
	 Multiplicative Factor: 12,48%
Stamina
	 Rating: 772346
	 Multiplicative Factor: 11,3%
Crit
	 Rating: 16091
	 Multiplicative Factor: 0%
	 DR Bracket: 0
	 Base: 9%
	 Effective Percent: 31,99%
	 Crit Inc Heal: 2
	 Crit Inc Damage: 2
Haste
	 Rating: 21909
	 Multiplicative Factor: 0%
	 DR Bracket: 1
	 Base: 11%
	 Effective Percent: 43,88%
Vers
	 Rating: 13295
	 Multiplicative Factor: 0%
	 DR Bracket: 0
	 Base: 0%
	 Effective Percent: 17,04%
Leech
	 Rating: 1490
	 Multiplicative Factor: 0%
	 DR Bracket: 0
	 Base: 0%
	 Effective Percent: 1,46%
Avoidance
	 Rating: 2422
	 Multiplicative Factor: 0%
	 DR Bracket: 0
	 Base: 0%
	 Effective Percent: 4,45%
Mastery
	 Rating: 2528
	 Multiplicative Factor: 0%
	 DR Bracket: 0
	 Base: 21%
	 Effective Percent: 26,42%
----------------------
01:56,516

Intellect
	 Rating: 141242
	 Multiplicative Factor: 12,48%
Stamina
	 Rating: 772346
	 Multiplicative Factor: 11,3%
Crit
	 Rating: 16091
	 Multiplicative Factor: 0%
	 DR Bracket: 0
	 Base: 9%
	 Effective Percent: 31,99%
	 Crit Inc Heal: 2
	 Crit Inc Damage: 2
Haste
	 Rating: 21909
	 Multiplicative Factor: 0%
	 DR Bracket: 1
	 Base: 9%
	 Effective Percent: 41,88%
Vers
	 Rating: 13295
	 Multiplicative Factor: 0%
	 DR Bracket: 0
	 Base: 0%
	 Effective Percent: 17,04%
Leech
	 Rating: 1490
	 Multiplicative Factor: 0%
	 DR Bracket: 0
	 Base: 0%
	 Effective Percent: 1,46%
Avoidance
	 Rating: 2422
	 Multiplicative Factor: 0%
	 DR Bracket: 0
	 Base: 0%
	 Effective Percent: 4,45%
Mastery
	 Rating: 2528
	 Multiplicative Factor: 0%
	 DR Bracket: 0
	 Base: 21%
	 Effective Percent: 26,42%
----------------------
01:59,641

Intellect
	 Rating: 141242
	 Multiplicative Factor: 12,48%
Stamina
	 Rating: 772346
	 Multiplicative Factor: 11,3%
Crit
	 Rating: 16091
	 Multiplicative Factor: 0%
	 DR Bracket: 0
	 Base: 9%
	 Effective Percent: 31,99%
	 Crit Inc Heal: 2
	 Crit Inc Damage: 2
Haste
	 Rating: 21909
	 Multiplicative Factor: 0%
	 DR Bracket: 1
	 Base: 11%
	 Effective Percent: 43,88%
Vers
	 Rating: 13295
	 Multiplicative Factor: 0%
	 DR Bracket: 0
	 Base: 0%
	 Effective Percent: 17,04%
Leech
	 Rating: 1490
	 Multiplicative Factor: 0%
	 DR Bracket: 0
	 Base: 0%
	 Effective Percent: 1,46%
Avoidance
	 Rating: 2422
	 Multiplicative Factor: 0%
	 DR Bracket: 0
	 Base: 0%
	 Effective Percent: 4,45%
Mastery
	 Rating: 2528
	 Multiplicative Factor: 0%
	 DR Bracket: 0
	 Base: 21%
	 Effective Percent: 26,42%
----------------------
01:59,641

Intellect
	 Rating: 141242
	 Multiplicative Factor: 12,48%
Stamina
	 Rating: 772346
	 Multiplicative Factor: 11,3%
Crit
	 Rating: 16091
	 Multiplicative Factor: 0%
	 DR Bracket: 0
	 Base: 9%
	 Effective Percent: 31,99%
	 Crit Inc Heal: 2
	 Crit Inc Damage: 2
Haste
	 Rating: 21909
	 Multiplicative Factor: 0%
	 DR Bracket: 1
	 Base: 13%
	 Effective Percent: 45,88%
Vers
	 Rating: 13295
	 Multiplicative Factor: 0%
	 DR Bracket: 0
	 Base: 0%
	 Effective Percent: 17,04%
Leech
	 Rating: 1490
	 Multiplicative Factor: 0%
	 DR Bracket: 0
	 Base: 0%
	 Effective Percent: 1,46%
Avoidance
	 Rating: 2422
	 Multiplicative Factor: 0%
	 DR Bracket: 0
	 Base: 0%
	 Effective Percent: 4,45%
Mastery
	 Rating: 2528
	 Multiplicative Factor: 0%
	 DR Bracket: 0
	 Base: 21%
	 Effective Percent: 26,42%
----------------------
01:59,641

Intellect
	 Rating: 141242
	 Multiplicative Factor: 12,48%
Stamina
	 Rating: 772346
	 Multiplicative Factor: 11,3%
Crit
	 Rating: 16091
	 Multiplicative Factor: 0%
	 DR Bracket: 0
	 Base: 9%
	 Effective Percent: 31,99%
	 Crit Inc Heal: 2
	 Crit Inc Damage: 2
Haste
	 Rating: 21909
	 Multiplicative Factor: 0%
	 DR Bracket: 1
	 Base: 15%
	 Effective Percent: 47,88%
Vers
	 Rating: 13295
	 Multiplicative Factor: 0%
	 DR Bracket: 0
	 Base: 0%
	 Effective Percent: 17,04%
Leech
	 Rating: 1490
	 Multiplicative Factor: 0%
	 DR Bracket: 0
	 Base: 0%
	 Effective Percent: 1,46%
Avoidance
	 Rating: 2422
	 Multiplicative Factor: 0%
	 DR Bracket: 0
	 Base: 0%
	 Effective Percent: 4,45%
Mastery
	 Rating: 2528
	 Multiplicative Factor: 0%
	 DR Bracket: 0
	 Base: 21%
	 Effective Percent: 26,42%
----------------------
01:59,641

Intellect
	 Rating: 141242
	 Multiplicative Factor: 12,48%
Stamina
	 Rating: 772346
	 Multiplicative Factor: 11,3%
Crit
	 Rating: 16091
	 Multiplicative Factor: 0%
	 DR Bracket: 0
	 Base: 9%
	 Effective Percent: 31,99%
	 Crit Inc Heal: 2
	 Crit Inc Damage: 2
Haste
	 Rating: 21909
	 Multiplicative Factor: 0%
	 DR Bracket: 1
	 Base: 17%
	 Effective Percent: 49,88%
Vers
	 Rating: 13295
	 Multiplicative Factor: 0%
	 DR Bracket: 0
	 Base: 0%
	 Effective Percent: 17,04%
Leech
	 Rating: 1490
	 Multiplicative Factor: 0%
	 DR Bracket: 0
	 Base: 0%
	 Effective Percent: 1,46%
Avoidance
	 Rating: 2422
	 Multiplicative Factor: 0%
	 DR Bracket: 0
	 Base: 0%
	 Effective Percent: 4,45%
Mastery
	 Rating: 2528
	 Multiplicative Factor: 0%
	 DR Bracket: 0
	 Base: 21%
	 Effective Percent: 26,42%
----------------------
01:59,841

Intellect
	 Rating: 141242
	 Multiplicative Factor: 12,48%
Stamina
	 Rating: 772346
	 Multiplicative Factor: 11,3%
Crit
	 Rating: 16091
	 Multiplicative Factor: 0%
	 DR Bracket: 0
	 Base: 9%
	 Effective Percent: 31,99%
	 Crit Inc Heal: 2
	 Crit Inc Damage: 2
Haste
	 Rating: 21909
	 Multiplicative Factor: 0%
	 DR Bracket: 1
	 Base: 15%
	 Effective Percent: 47,88%
Vers
	 Rating: 13295
	 Multiplicative Factor: 0%
	 DR Bracket: 0
	 Base: 0%
	 Effective Percent: 17,04%
Leech
	 Rating: 1490
	 Multiplicative Factor: 0%
	 DR Bracket: 0
	 Base: 0%
	 Effective Percent: 1,46%
Avoidance
	 Rating: 2422
	 Multiplicative Factor: 0%
	 DR Bracket: 0
	 Base: 0%
	 Effective Percent: 4,45%
Mastery
	 Rating: 2528
	 Multiplicative Factor: 0%
	 DR Bracket: 0
	 Base: 21%
	 Effective Percent: 26,42%
----------------------
02:00,862

Intellect
	 Rating: 141242
	 Multiplicative Factor: 12,48%
Stamina
	 Rating: 772346
	 Multiplicative Factor: 11,3%
Crit
	 Rating: 16091
	 Multiplicative Factor: 0%
	 DR Bracket: 0
	 Base: 9%
	 Effective Percent: 31,99%
	 Crit Inc Heal: 2
	 Crit Inc Damage: 2
Haste
	 Rating: 21909
	 Multiplicative Factor: 0%
	 DR Bracket: 1
	 Base: 13%
	 Effective Percent: 45,88%
Vers
	 Rating: 13295
	 Multiplicative Factor: 0%
	 DR Bracket: 0
	 Base: 0%
	 Effective Percent: 17,04%
Leech
	 Rating: 1490
	 Multiplicative Factor: 0%
	 DR Bracket: 0
	 Base: 0%
	 Effective Percent: 1,46%
Avoidance
	 Rating: 2422
	 Multiplicative Factor: 0%
	 DR Bracket: 0
	 Base: 0%
	 Effective Percent: 4,45%
Mastery
	 Rating: 2528
	 Multiplicative Factor: 0%
	 DR Bracket: 0
	 Base: 21%
	 Effective Percent: 26,42%
----------------------
02:01,595

Intellect
	 Rating: 141242
	 Multiplicative Factor: 12,48%
Stamina
	 Rating: 772346
	 Multiplicative Factor: 11,3%
Crit
	 Rating: 16091
	 Multiplicative Factor: 0%
	 DR Bracket: 0
	 Base: 9%
	 Effective Percent: 31,99%
	 Crit Inc Heal: 2
	 Crit Inc Damage: 2
Haste
	 Rating: 21909
	 Multiplicative Factor: 0%
	 DR Bracket: 1
	 Base: 15%
	 Effective Percent: 47,88%
Vers
	 Rating: 13295
	 Multiplicative Factor: 0%
	 DR Bracket: 0
	 Base: 0%
	 Effective Percent: 17,04%
Leech
	 Rating: 1490
	 Multiplicative Factor: 0%
	 DR Bracket: 0
	 Base: 0%
	 Effective Percent: 1,46%
Avoidance
	 Rating: 2422
	 Multiplicative Factor: 0%
	 DR Bracket: 0
	 Base: 0%
	 Effective Percent: 4,45%
Mastery
	 Rating: 2528
	 Multiplicative Factor: 0%
	 DR Bracket: 0
	 Base: 21%
	 Effective Percent: 26,42%
----------------------
02:11,662

Intellect
	 Rating: 141242
	 Multiplicative Factor: 12,48%
Stamina
	 Rating: 772346
	 Multiplicative Factor: 11,3%
Crit
	 Rating: 16091
	 Multiplicative Factor: 0%
	 DR Bracket: 0
	 Base: 9%
	 Effective Percent: 31,99%
	 Crit Inc Heal: 2
	 Crit Inc Damage: 2
Haste
	 Rating: 21909
	 Multiplicative Factor: 0%
	 DR Bracket: 1
	 Base: 13%
	 Effective Percent: 45,88%
Vers
	 Rating: 13295
	 Multiplicative Factor: 0%
	 DR Bracket: 0
	 Base: 0%
	 Effective Percent: 17,04%
Leech
	 Rating: 1490
	 Multiplicative Factor: 0%
	 DR Bracket: 0
	 Base: 0%
	 Effective Percent: 1,46%
Avoidance
	 Rating: 2422
	 Multiplicative Factor: 0%
	 DR Bracket: 0
	 Base: 0%
	 Effective Percent: 4,45%
Mastery
	 Rating: 2528
	 Multiplicative Factor: 0%
	 DR Bracket: 0
	 Base: 21%
	 Effective Percent: 26,42%
----------------------
02:11,662

Intellect
	 Rating: 141242
	 Multiplicative Factor: 12,48%
Stamina
	 Rating: 772346
	 Multiplicative Factor: 11,3%
Crit
	 Rating: 16091
	 Multiplicative Factor: 0%
	 DR Bracket: 0
	 Base: 9%
	 Effective Percent: 31,99%
	 Crit Inc Heal: 2
	 Crit Inc Damage: 2
Haste
	 Rating: 21909
	 Multiplicative Factor: 0%
	 DR Bracket: 1
	 Base: 11%
	 Effective Percent: 43,88%
Vers
	 Rating: 13295
	 Multiplicative Factor: 0%
	 DR Bracket: 0
	 Base: 0%
	 Effective Percent: 17,04%
Leech
	 Rating: 1490
	 Multiplicative Factor: 0%
	 DR Bracket: 0
	 Base: 0%
	 Effective Percent: 1,46%
Avoidance
	 Rating: 2422
	 Multiplicative Factor: 0%
	 DR Bracket: 0
	 Base: 0%
	 Effective Percent: 4,45%
Mastery
	 Rating: 2528
	 Multiplicative Factor: 0%
	 DR Bracket: 0
	 Base: 21%
	 Effective Percent: 26,42%
----------------------
02:11,662

Intellect
	 Rating: 141242
	 Multiplicative Factor: 12,48%
Stamina
	 Rating: 772346
	 Multiplicative Factor: 11,3%
Crit
	 Rating: 16091
	 Multiplicative Factor: 0%
	 DR Bracket: 0
	 Base: 9%
	 Effective Percent: 31,99%
	 Crit Inc Heal: 2
	 Crit Inc Damage: 2
Haste
	 Rating: 21909
	 Multiplicative Factor: 0%
	 DR Bracket: 1
	 Base: 9%
	 Effective Percent: 41,88%
Vers
	 Rating: 13295
	 Multiplicative Factor: 0%
	 DR Bracket: 0
	 Base: 0%
	 Effective Percent: 17,04%
Leech
	 Rating: 1490
	 Multiplicative Factor: 0%
	 DR Bracket: 0
	 Base: 0%
	 Effective Percent: 1,46%
Avoidance
	 Rating: 2422
	 Multiplicative Factor: 0%
	 DR Bracket: 0
	 Base: 0%
	 Effective Percent: 4,45%
Mastery
	 Rating: 2528
	 Multiplicative Factor: 0%
	 DR Bracket: 0
	 Base: 21%
	 Effective Percent: 26,42%
----------------------
02:11,662

Intellect
	 Rating: 141242
	 Multiplicative Factor: 12,48%
Stamina
	 Rating: 772346
	 Multiplicative Factor: 11,3%
Crit
	 Rating: 16091
	 Multiplicative Factor: 0%
	 DR Bracket: 0
	 Base: 9%
	 Effective Percent: 31,99%
	 Crit Inc Heal: 2
	 Crit Inc Damage: 2
Haste
	 Rating: 21909
	 Multiplicative Factor: 0%
	 DR Bracket: 1
	 Base: 7%
	 Effective Percent: 39,88%
Vers
	 Rating: 13295
	 Multiplicative Factor: 0%
	 DR Bracket: 0
	 Base: 0%
	 Effective Percent: 17,04%
Leech
	 Rating: 1490
	 Multiplicative Factor: 0%
	 DR Bracket: 0
	 Base: 0%
	 Effective Percent: 1,46%
Avoidance
	 Rating: 2422
	 Multiplicative Factor: 0%
	 DR Bracket: 0
	 Base: 0%
	 Effective Percent: 4,45%
Mastery
	 Rating: 2528
	 Multiplicative Factor: 0%
	 DR Bracket: 0
	 Base: 21%
	 Effective Percent: 26,42%
----------------------
02:13,609

Intellect
	 Rating: 141242
	 Multiplicative Factor: 12,48%
Stamina
	 Rating: 772346
	 Multiplicative Factor: 11,3%
Crit
	 Rating: 16091
	 Multiplicative Factor: 0%
	 DR Bracket: 0
	 Base: 9%
	 Effective Percent: 31,99%
	 Crit Inc Heal: 2
	 Crit Inc Damage: 2
Haste
	 Rating: 21909
	 Multiplicative Factor: 0%
	 DR Bracket: 1
	 Base: 5%
	 Effective Percent: 37,88%
Vers
	 Rating: 13295
	 Multiplicative Factor: 0%
	 DR Bracket: 0
	 Base: 0%
	 Effective Percent: 17,04%
Leech
	 Rating: 1490
	 Multiplicative Factor: 0%
	 DR Bracket: 0
	 Base: 0%
	 Effective Percent: 1,46%
Avoidance
	 Rating: 2422
	 Multiplicative Factor: 0%
	 DR Bracket: 0
	 Base: 0%
	 Effective Percent: 4,45%
Mastery
	 Rating: 2528
	 Multiplicative Factor: 0%
	 DR Bracket: 0
	 Base: 21%
	 Effective Percent: 26,42%
----------------------
02:21,059

Intellect
	 Rating: 141242
	 Multiplicative Factor: 12,48%
Stamina
	 Rating: 772346
	 Multiplicative Factor: 11,3%
Crit
	 Rating: 16091
	 Multiplicative Factor: 0%
	 DR Bracket: 0
	 Base: 9%
	 Effective Percent: 31,99%
	 Crit Inc Heal: 2
	 Crit Inc Damage: 2
Haste
	 Rating: 21909
	 Multiplicative Factor: 0%
	 DR Bracket: 1
	 Base: 7%
	 Effective Percent: 39,88%
Vers
	 Rating: 13295
	 Multiplicative Factor: 0%
	 DR Bracket: 0
	 Base: 0%
	 Effective Percent: 17,04%
Leech
	 Rating: 1490
	 Multiplicative Factor: 0%
	 DR Bracket: 0
	 Base: 0%
	 Effective Percent: 1,46%
Avoidance
	 Rating: 2422
	 Multiplicative Factor: 0%
	 DR Bracket: 0
	 Base: 0%
	 Effective Percent: 4,45%
Mastery
	 Rating: 2528
	 Multiplicative Factor: 0%
	 DR Bracket: 0
	 Base: 21%
	 Effective Percent: 26,42%
----------------------
02:24,237

Intellect
	 Rating: 141242
	 Multiplicative Factor: 12,48%
Stamina
	 Rating: 772346
	 Multiplicative Factor: 11,3%
Crit
	 Rating: 16091
	 Multiplicative Factor: 0%
	 DR Bracket: 0
	 Base: 9%
	 Effective Percent: 31,99%
	 Crit Inc Heal: 2
	 Crit Inc Damage: 2
Haste
	 Rating: 21909
	 Multiplicative Factor: 0%
	 DR Bracket: 1
	 Base: 9%
	 Effective Percent: 41,88%
Vers
	 Rating: 13295
	 Multiplicative Factor: 0%
	 DR Bracket: 0
	 Base: 0%
	 Effective Percent: 17,04%
Leech
	 Rating: 1490
	 Multiplicative Factor: 0%
	 DR Bracket: 0
	 Base: 0%
	 Effective Percent: 1,46%
Avoidance
	 Rating: 2422
	 Multiplicative Factor: 0%
	 DR Bracket: 0
	 Base: 0%
	 Effective Percent: 4,45%
Mastery
	 Rating: 2528
	 Multiplicative Factor: 0%
	 DR Bracket: 0
	 Base: 21%
	 Effective Percent: 26,42%
----------------------
02:29,611

Intellect
	 Rating: 141242
	 Multiplicative Factor: 12,48%
Stamina
	 Rating: 772346
	 Multiplicative Factor: 11,3%
Crit
	 Rating: 16091
	 Multiplicative Factor: 0%
	 DR Bracket: 0
	 Base: 9%
	 Effective Percent: 31,99%
	 Crit Inc Heal: 2
	 Crit Inc Damage: 2
Haste
	 Rating: 21909
	 Multiplicative Factor: 0%
	 DR Bracket: 1
	 Base: 11%
	 Effective Percent: 43,88%
Vers
	 Rating: 13295
	 Multiplicative Factor: 0%
	 DR Bracket: 0
	 Base: 0%
	 Effective Percent: 17,04%
Leech
	 Rating: 1490
	 Multiplicative Factor: 0%
	 DR Bracket: 0
	 Base: 0%
	 Effective Percent: 1,46%
Avoidance
	 Rating: 2422
	 Multiplicative Factor: 0%
	 DR Bracket: 0
	 Base: 0%
	 Effective Percent: 4,45%
Mastery
	 Rating: 2528
	 Multiplicative Factor: 0%
	 DR Bracket: 0
	 Base: 21%
	 Effective Percent: 26,42%
----------------------
02:32,746

Intellect
	 Rating: 141242
	 Multiplicative Factor: 12,48%
Stamina
	 Rating: 772346
	 Multiplicative Factor: 11,3%
Crit
	 Rating: 16091
	 Multiplicative Factor: 0%
	 DR Bracket: 0
	 Base: 9%
	 Effective Percent: 31,99%
	 Crit Inc Heal: 2
	 Crit Inc Damage: 2
Haste
	 Rating: 21909
	 Multiplicative Factor: 0%
	 DR Bracket: 1
	 Base: 13%
	 Effective Percent: 45,88%
Vers
	 Rating: 13295
	 Multiplicative Factor: 0%
	 DR Bracket: 0
	 Base: 0%
	 Effective Percent: 17,04%
Leech
	 Rating: 1490
	 Multiplicative Factor: 0%
	 DR Bracket: 0
	 Base: 0%
	 Effective Percent: 1,46%
Avoidance
	 Rating: 2422
	 Multiplicative Factor: 0%
	 DR Bracket: 0
	 Base: 0%
	 Effective Percent: 4,45%
Mastery
	 Rating: 2528
	 Multiplicative Factor: 0%
	 DR Bracket: 0
	 Base: 21%
	 Effective Percent: 26,42%
----------------------
02:33,082

Intellect
	 Rating: 141242
	 Multiplicative Factor: 12,48%
Stamina
	 Rating: 772346
	 Multiplicative Factor: 11,3%
Crit
	 Rating: 16091
	 Multiplicative Factor: 0%
	 DR Bracket: 0
	 Base: 9%
	 Effective Percent: 31,99%
	 Crit Inc Heal: 2
	 Crit Inc Damage: 2
Haste
	 Rating: 21909
	 Multiplicative Factor: 0%
	 DR Bracket: 1
	 Base: 11%
	 Effective Percent: 43,88%
Vers
	 Rating: 13295
	 Multiplicative Factor: 0%
	 DR Bracket: 0
	 Base: 0%
	 Effective Percent: 17,04%
Leech
	 Rating: 1490
	 Multiplicative Factor: 0%
	 DR Bracket: 0
	 Base: 0%
	 Effective Percent: 1,46%
Avoidance
	 Rating: 2422
	 Multiplicative Factor: 0%
	 DR Bracket: 0
	 Base: 0%
	 Effective Percent: 4,45%
Mastery
	 Rating: 2528
	 Multiplicative Factor: 0%
	 DR Bracket: 0
	 Base: 21%
	 Effective Percent: 26,42%
----------------------
02:36,239

Intellect
	 Rating: 141242
	 Multiplicative Factor: 12,48%
Stamina
	 Rating: 772346
	 Multiplicative Factor: 11,3%
Crit
	 Rating: 16091
	 Multiplicative Factor: 0%
	 DR Bracket: 0
	 Base: 9%
	 Effective Percent: 31,99%
	 Crit Inc Heal: 2
	 Crit Inc Damage: 2
Haste
	 Rating: 21909
	 Multiplicative Factor: 0%
	 DR Bracket: 1
	 Base: 9%
	 Effective Percent: 41,88%
Vers
	 Rating: 13295
	 Multiplicative Factor: 0%
	 DR Bracket: 0
	 Base: 0%
	 Effective Percent: 17,04%
Leech
	 Rating: 1490
	 Multiplicative Factor: 0%
	 DR Bracket: 0
	 Base: 0%
	 Effective Percent: 1,46%
Avoidance
	 Rating: 2422
	 Multiplicative Factor: 0%
	 DR Bracket: 0
	 Base: 0%
	 Effective Percent: 4,45%
Mastery
	 Rating: 2528
	 Multiplicative Factor: 0%
	 DR Bracket: 0
	 Base: 21%
	 Effective Percent: 26,42%
----------------------
02:41,613

Intellect
	 Rating: 141242
	 Multiplicative Factor: 12,48%
Stamina
	 Rating: 772346
	 Multiplicative Factor: 11,3%
Crit
	 Rating: 16091
	 Multiplicative Factor: 0%
	 DR Bracket: 0
	 Base: 9%
	 Effective Percent: 31,99%
	 Crit Inc Heal: 2
	 Crit Inc Damage: 2
Haste
	 Rating: 21909
	 Multiplicative Factor: 0%
	 DR Bracket: 1
	 Base: 7%
	 Effective Percent: 39,88%
Vers
	 Rating: 13295
	 Multiplicative Factor: 0%
	 DR Bracket: 0
	 Base: 0%
	 Effective Percent: 17,04%
Leech
	 Rating: 1490
	 Multiplicative Factor: 0%
	 DR Bracket: 0
	 Base: 0%
	 Effective Percent: 1,46%
Avoidance
	 Rating: 2422
	 Multiplicative Factor: 0%
	 DR Bracket: 0
	 Base: 0%
	 Effective Percent: 4,45%
Mastery
	 Rating: 2528
	 Multiplicative Factor: 0%
	 DR Bracket: 0
	 Base: 21%
	 Effective Percent: 26,42%
----------------------
02:44,748

Intellect
	 Rating: 141242
	 Multiplicative Factor: 12,48%
Stamina
	 Rating: 772346
	 Multiplicative Factor: 11,3%
Crit
	 Rating: 16091
	 Multiplicative Factor: 0%
	 DR Bracket: 0
	 Base: 9%
	 Effective Percent: 31,99%
	 Crit Inc Heal: 2
	 Crit Inc Damage: 2
Haste
	 Rating: 21909
	 Multiplicative Factor: 0%
	 DR Bracket: 1
	 Base: 5%
	 Effective Percent: 37,88%
Vers
	 Rating: 13295
	 Multiplicative Factor: 0%
	 DR Bracket: 0
	 Base: 0%
	 Effective Percent: 17,04%
Leech
	 Rating: 1490
	 Multiplicative Factor: 0%
	 DR Bracket: 0
	 Base: 0%
	 Effective Percent: 1,46%
Avoidance
	 Rating: 2422
	 Multiplicative Factor: 0%
	 DR Bracket: 0
	 Base: 0%
	 Effective Percent: 4,45%
Mastery
	 Rating: 2528
	 Multiplicative Factor: 0%
	 DR Bracket: 0
	 Base: 21%
	 Effective Percent: 26,42%
----------------------
02:45,967

Intellect
	 Rating: 141242
	 Multiplicative Factor: 12,48%
Stamina
	 Rating: 772346
	 Multiplicative Factor: 11,3%
Crit
	 Rating: 16091
	 Multiplicative Factor: 0%
	 DR Bracket: 0
	 Base: 9%
	 Effective Percent: 31,99%
	 Crit Inc Heal: 2
	 Crit Inc Damage: 2
Haste
	 Rating: 21909
	 Multiplicative Factor: 0%
	 DR Bracket: 1
	 Base: 7%
	 Effective Percent: 39,88%
Vers
	 Rating: 13295
	 Multiplicative Factor: 0%
	 DR Bracket: 0
	 Base: 0%
	 Effective Percent: 17,04%
Leech
	 Rating: 1490
	 Multiplicative Factor: 0%
	 DR Bracket: 0
	 Base: 0%
	 Effective Percent: 1,46%
Avoidance
	 Rating: 2422
	 Multiplicative Factor: 0%
	 DR Bracket: 0
	 Base: 0%
	 Effective Percent: 4,45%
Mastery
	 Rating: 2528
	 Multiplicative Factor: 0%
	 DR Bracket: 0
	 Base: 21%
	 Effective Percent: 26,42%
----------------------
02:52,533

Intellect
	 Rating: 141242
	 Multiplicative Factor: 12,48%
Stamina
	 Rating: 772346
	 Multiplicative Factor: 11,3%
Crit
	 Rating: 16091
	 Multiplicative Factor: 0%
	 DR Bracket: 0
	 Base: 9%
	 Effective Percent: 31,99%
	 Crit Inc Heal: 2
	 Crit Inc Damage: 2
Haste
	 Rating: 21909
	 Multiplicative Factor: 0%
	 DR Bracket: 1
	 Base: 9%
	 Effective Percent: 41,88%
Vers
	 Rating: 13295
	 Multiplicative Factor: 0%
	 DR Bracket: 0
	 Base: 0%
	 Effective Percent: 17,04%
Leech
	 Rating: 1490
	 Multiplicative Factor: 0%
	 DR Bracket: 0
	 Base: 0%
	 Effective Percent: 1,46%
Avoidance
	 Rating: 2422
	 Multiplicative Factor: 0%
	 DR Bracket: 0
	 Base: 0%
	 Effective Percent: 4,45%
Mastery
	 Rating: 2528
	 Multiplicative Factor: 0%
	 DR Bracket: 0
	 Base: 21%
	 Effective Percent: 26,42%
----------------------
02:56,962

Intellect
	 Rating: 141242
	 Multiplicative Factor: 12,48%
Stamina
	 Rating: 772346
	 Multiplicative Factor: 11,3%
Crit
	 Rating: 16091
	 Multiplicative Factor: 0%
	 DR Bracket: 0
	 Base: 9%
	 Effective Percent: 31,99%
	 Crit Inc Heal: 2
	 Crit Inc Damage: 2
Haste
	 Rating: 21909
	 Multiplicative Factor: 0%
	 DR Bracket: 1
	 Base: 11%
	 Effective Percent: 43,88%
Vers
	 Rating: 13295
	 Multiplicative Factor: 0%
	 DR Bracket: 0
	 Base: 0%
	 Effective Percent: 17,04%
Leech
	 Rating: 1490
	 Multiplicative Factor: 0%
	 DR Bracket: 0
	 Base: 0%
	 Effective Percent: 1,46%
Avoidance
	 Rating: 2422
	 Multiplicative Factor: 0%
	 DR Bracket: 0
	 Base: 0%
	 Effective Percent: 4,45%
Mastery
	 Rating: 2528
	 Multiplicative Factor: 0%
	 DR Bracket: 0
	 Base: 21%
	 Effective Percent: 26,42%
----------------------
02:57,983

Intellect
	 Rating: 141242
	 Multiplicative Factor: 12,48%
Stamina
	 Rating: 772346
	 Multiplicative Factor: 11,3%
Crit
	 Rating: 16091
	 Multiplicative Factor: 0%
	 DR Bracket: 0
	 Base: 9%
	 Effective Percent: 31,99%
	 Crit Inc Heal: 2
	 Crit Inc Damage: 2
Haste
	 Rating: 21909
	 Multiplicative Factor: 0%
	 DR Bracket: 1
	 Base: 9%
	 Effective Percent: 41,88%
Vers
	 Rating: 13295
	 Multiplicative Factor: 0%
	 DR Bracket: 0
	 Base: 0%
	 Effective Percent: 17,04%
Leech
	 Rating: 1490
	 Multiplicative Factor: 0%
	 DR Bracket: 0
	 Base: 0%
	 Effective Percent: 1,46%
Avoidance
	 Rating: 2422
	 Multiplicative Factor: 0%
	 DR Bracket: 0
	 Base: 0%
	 Effective Percent: 4,45%
Mastery
	 Rating: 2528
	 Multiplicative Factor: 0%
	 DR Bracket: 0
	 Base: 21%
	 Effective Percent: 26,42%
----------------------
03:03,282

Intellect
	 Rating: 141242
	 Multiplicative Factor: 12,48%
Stamina
	 Rating: 772346
	 Multiplicative Factor: 11,3%
Crit
	 Rating: 16091
	 Multiplicative Factor: 0%
	 DR Bracket: 0
	 Base: 9%
	 Effective Percent: 31,99%
	 Crit Inc Heal: 2
	 Crit Inc Damage: 2
Haste
	 Rating: 21909
	 Multiplicative Factor: 0%
	 DR Bracket: 1
	 Base: 11%
	 Effective Percent: 43,88%
Vers
	 Rating: 13295
	 Multiplicative Factor: 0%
	 DR Bracket: 0
	 Base: 0%
	 Effective Percent: 17,04%
Leech
	 Rating: 1490
	 Multiplicative Factor: 0%
	 DR Bracket: 0
	 Base: 0%
	 Effective Percent: 1,46%
Avoidance
	 Rating: 2422
	 Multiplicative Factor: 0%
	 DR Bracket: 0
	 Base: 0%
	 Effective Percent: 4,45%
Mastery
	 Rating: 2528
	 Multiplicative Factor: 0%
	 DR Bracket: 0
	 Base: 21%
	 Effective Percent: 26,42%
----------------------
03:04,549

Intellect
	 Rating: 141242
	 Multiplicative Factor: 12,48%
Stamina
	 Rating: 772346
	 Multiplicative Factor: 11,3%
Crit
	 Rating: 16091
	 Multiplicative Factor: 0%
	 DR Bracket: 0
	 Base: 9%
	 Effective Percent: 31,99%
	 Crit Inc Heal: 2
	 Crit Inc Damage: 2
Haste
	 Rating: 21909
	 Multiplicative Factor: 0%
	 DR Bracket: 1
	 Base: 9%
	 Effective Percent: 41,88%
Vers
	 Rating: 13295
	 Multiplicative Factor: 0%
	 DR Bracket: 0
	 Base: 0%
	 Effective Percent: 17,04%
Leech
	 Rating: 1490
	 Multiplicative Factor: 0%
	 DR Bracket: 0
	 Base: 0%
	 Effective Percent: 1,46%
Avoidance
	 Rating: 2422
	 Multiplicative Factor: 0%
	 DR Bracket: 0
	 Base: 0%
	 Effective Percent: 4,45%
Mastery
	 Rating: 2528
	 Multiplicative Factor: 0%
	 DR Bracket: 0
	 Base: 21%
	 Effective Percent: 26,42%
----------------------
03:08,983

Intellect
	 Rating: 141242
	 Multiplicative Factor: 12,48%
Stamina
	 Rating: 772346
	 Multiplicative Factor: 11,3%
Crit
	 Rating: 16091
	 Multiplicative Factor: 0%
	 DR Bracket: 0
	 Base: 9%
	 Effective Percent: 31,99%
	 Crit Inc Heal: 2
	 Crit Inc Damage: 2
Haste
	 Rating: 21909
	 Multiplicative Factor: 0%
	 DR Bracket: 1
	 Base: 7%
	 Effective Percent: 39,88%
Vers
	 Rating: 13295
	 Multiplicative Factor: 0%
	 DR Bracket: 0
	 Base: 0%
	 Effective Percent: 17,04%
Leech
	 Rating: 1490
	 Multiplicative Factor: 0%
	 DR Bracket: 0
	 Base: 0%
	 Effective Percent: 1,46%
Avoidance
	 Rating: 2422
	 Multiplicative Factor: 0%
	 DR Bracket: 0
	 Base: 0%
	 Effective Percent: 4,45%
Mastery
	 Rating: 2528
	 Multiplicative Factor: 0%
	 DR Bracket: 0
	 Base: 21%
	 Effective Percent: 26,42%
----------------------
03:15,271

Intellect
	 Rating: 141242
	 Multiplicative Factor: 12,48%
Stamina
	 Rating: 772346
	 Multiplicative Factor: 11,3%
Crit
	 Rating: 16091
	 Multiplicative Factor: 0%
	 DR Bracket: 0
	 Base: 9%
	 Effective Percent: 31,99%
	 Crit Inc Heal: 2
	 Crit Inc Damage: 2
Haste
	 Rating: 21909
	 Multiplicative Factor: 0%
	 DR Bracket: 1
	 Base: 5%
	 Effective Percent: 37,88%
Vers
	 Rating: 13295
	 Multiplicative Factor: 0%
	 DR Bracket: 0
	 Base: 0%
	 Effective Percent: 17,04%
Leech
	 Rating: 1490
	 Multiplicative Factor: 0%
	 DR Bracket: 0
	 Base: 0%
	 Effective Percent: 1,46%
Avoidance
	 Rating: 2422
	 Multiplicative Factor: 0%
	 DR Bracket: 0
	 Base: 0%
	 Effective Percent: 4,45%
Mastery
	 Rating: 2528
	 Multiplicative Factor: 0%
	 DR Bracket: 0
	 Base: 21%
	 Effective Percent: 26,42%
----------------------
03:24,659

Intellect
	 Rating: 141242
	 Multiplicative Factor: 12,48%
Stamina
	 Rating: 772346
	 Multiplicative Factor: 11,3%
Crit
	 Rating: 16091
	 Multiplicative Factor: 0%
	 DR Bracket: 0
	 Base: 9%
	 Effective Percent: 31,99%
	 Crit Inc Heal: 2
	 Crit Inc Damage: 2
Haste
	 Rating: 21909
	 Multiplicative Factor: 0%
	 DR Bracket: 1
	 Base: 7%
	 Effective Percent: 39,88%
Vers
	 Rating: 13295
	 Multiplicative Factor: 0%
	 DR Bracket: 0
	 Base: 0%
	 Effective Percent: 17,04%
Leech
	 Rating: 1490
	 Multiplicative Factor: 0%
	 DR Bracket: 0
	 Base: 0%
	 Effective Percent: 1,46%
Avoidance
	 Rating: 2422
	 Multiplicative Factor: 0%
	 DR Bracket: 0
	 Base: 0%
	 Effective Percent: 4,45%
Mastery
	 Rating: 2528
	 Multiplicative Factor: 0%
	 DR Bracket: 0
	 Base: 21%
	 Effective Percent: 26,42%
----------------------
03:27,534

Intellect
	 Rating: 141242
	 Multiplicative Factor: 12,48%
Stamina
	 Rating: 772346
	 Multiplicative Factor: 11,3%
Crit
	 Rating: 16091
	 Multiplicative Factor: 0%
	 DR Bracket: 0
	 Base: 9%
	 Effective Percent: 31,99%
	 Crit Inc Heal: 2
	 Crit Inc Damage: 2
Haste
	 Rating: 21909
	 Multiplicative Factor: 0%
	 DR Bracket: 1
	 Base: 9%
	 Effective Percent: 41,88%
Vers
	 Rating: 13295
	 Multiplicative Factor: 0%
	 DR Bracket: 0
	 Base: 0%
	 Effective Percent: 17,04%
Leech
	 Rating: 1490
	 Multiplicative Factor: 0%
	 DR Bracket: 0
	 Base: 0%
	 Effective Percent: 1,46%
Avoidance
	 Rating: 2422
	 Multiplicative Factor: 0%
	 DR Bracket: 0
	 Base: 0%
	 Effective Percent: 4,45%
Mastery
	 Rating: 2528
	 Multiplicative Factor: 0%
	 DR Bracket: 0
	 Base: 21%
	 Effective Percent: 26,42%
----------------------
03:36,656

Intellect
	 Rating: 141242
	 Multiplicative Factor: 12,48%
Stamina
	 Rating: 772346
	 Multiplicative Factor: 11,3%
Crit
	 Rating: 16091
	 Multiplicative Factor: 0%
	 DR Bracket: 0
	 Base: 9%
	 Effective Percent: 31,99%
	 Crit Inc Heal: 2
	 Crit Inc Damage: 2
Haste
	 Rating: 21909
	 Multiplicative Factor: 0%
	 DR Bracket: 1
	 Base: 7%
	 Effective Percent: 39,88%
Vers
	 Rating: 13295
	 Multiplicative Factor: 0%
	 DR Bracket: 0
	 Base: 0%
	 Effective Percent: 17,04%
Leech
	 Rating: 1490
	 Multiplicative Factor: 0%
	 DR Bracket: 0
	 Base: 0%
	 Effective Percent: 1,46%
Avoidance
	 Rating: 2422
	 Multiplicative Factor: 0%
	 DR Bracket: 0
	 Base: 0%
	 Effective Percent: 4,45%
Mastery
	 Rating: 2528
	 Multiplicative Factor: 0%
	 DR Bracket: 0
	 Base: 21%
	 Effective Percent: 26,42%
----------------------
03:39,531

Intellect
	 Rating: 141242
	 Multiplicative Factor: 12,48%
Stamina
	 Rating: 772346
	 Multiplicative Factor: 11,3%
Crit
	 Rating: 16091
	 Multiplicative Factor: 0%
	 DR Bracket: 0
	 Base: 9%
	 Effective Percent: 31,99%
	 Crit Inc Heal: 2
	 Crit Inc Damage: 2
Haste
	 Rating: 21909
	 Multiplicative Factor: 0%
	 DR Bracket: 1
	 Base: 5%
	 Effective Percent: 37,88%
Vers
	 Rating: 13295
	 Multiplicative Factor: 0%
	 DR Bracket: 0
	 Base: 0%
	 Effective Percent: 17,04%
Leech
	 Rating: 1490
	 Multiplicative Factor: 0%
	 DR Bracket: 0
	 Base: 0%
	 Effective Percent: 1,46%
Avoidance
	 Rating: 2422
	 Multiplicative Factor: 0%
	 DR Bracket: 0
	 Base: 0%
	 Effective Percent: 4,45%
Mastery
	 Rating: 2528
	 Multiplicative Factor: 0%
	 DR Bracket: 0
	 Base: 21%
	 Effective Percent: 26,42%
----------------------
03:50,604

Intellect
	 Rating: 141242
	 Multiplicative Factor: 12,48%
Stamina
	 Rating: 772346
	 Multiplicative Factor: 11,3%
Crit
	 Rating: 16091
	 Multiplicative Factor: 0%
	 DR Bracket: 0
	 Base: 9%
	 Effective Percent: 31,99%
	 Crit Inc Heal: 2
	 Crit Inc Damage: 2
Haste
	 Rating: 21909
	 Multiplicative Factor: 0%
	 DR Bracket: 1
	 Base: 7%
	 Effective Percent: 39,88%
Vers
	 Rating: 13295
	 Multiplicative Factor: 0%
	 DR Bracket: 0
	 Base: 0%
	 Effective Percent: 17,04%
Leech
	 Rating: 1490
	 Multiplicative Factor: 0%
	 DR Bracket: 0
	 Base: 0%
	 Effective Percent: 1,46%
Avoidance
	 Rating: 2422
	 Multiplicative Factor: 0%
	 DR Bracket: 0
	 Base: 0%
	 Effective Percent: 4,45%
Mastery
	 Rating: 2528
	 Multiplicative Factor: 0%
	 DR Bracket: 0
	 Base: 21%
	 Effective Percent: 26,42%
----------------------
03:52,754

Intellect
	 Rating: 141242
	 Multiplicative Factor: 12,48%
Stamina
	 Rating: 772346
	 Multiplicative Factor: 11,3%
Crit
	 Rating: 16091
	 Multiplicative Factor: 0%
	 DR Bracket: 0
	 Base: 9%
	 Effective Percent: 31,99%
	 Crit Inc Heal: 2
	 Crit Inc Damage: 2
Haste
	 Rating: 21909
	 Multiplicative Factor: 0%
	 DR Bracket: 1
	 Base: 9%
	 Effective Percent: 41,88%
Vers
	 Rating: 13295
	 Multiplicative Factor: 0%
	 DR Bracket: 0
	 Base: 0%
	 Effective Percent: 17,04%
Leech
	 Rating: 1490
	 Multiplicative Factor: 0%
	 DR Bracket: 0
	 Base: 0%
	 Effective Percent: 1,46%
Avoidance
	 Rating: 2422
	 Multiplicative Factor: 0%
	 DR Bracket: 0
	 Base: 0%
	 Effective Percent: 4,45%
Mastery
	 Rating: 2528
	 Multiplicative Factor: 0%
	 DR Bracket: 0
	 Base: 21%
	 Effective Percent: 26,42%
----------------------
03:53,814

Intellect
	 Rating: 141242
	 Multiplicative Factor: 12,48%
Stamina
	 Rating: 772346
	 Multiplicative Factor: 11,3%
Crit
	 Rating: 16091
	 Multiplicative Factor: 0%
	 DR Bracket: 0
	 Base: 9%
	 Effective Percent: 31,99%
	 Crit Inc Heal: 2
	 Crit Inc Damage: 2
Haste
	 Rating: 21909
	 Multiplicative Factor: 0%
	 DR Bracket: 1
	 Base: 11%
	 Effective Percent: 43,88%
Vers
	 Rating: 13295
	 Multiplicative Factor: 0%
	 DR Bracket: 0
	 Base: 0%
	 Effective Percent: 17,04%
Leech
	 Rating: 1490
	 Multiplicative Factor: 0%
	 DR Bracket: 0
	 Base: 0%
	 Effective Percent: 1,46%
Avoidance
	 Rating: 2422
	 Multiplicative Factor: 0%
	 DR Bracket: 0
	 Base: 0%
	 Effective Percent: 4,45%
Mastery
	 Rating: 2528
	 Multiplicative Factor: 0%
	 DR Bracket: 0
	 Base: 21%
	 Effective Percent: 26,42%
