----------------------
00:25,904

Intellect
	 Rating: 133468
	 Multiplicative Factor: 8,15%
Stamina
	 Rating: 768463
	 Multiplicative Factor: 5%
Crit
	 Rating: 3676
	 Multiplicative Factor: 0%
	 DR Bracket: 0
	 Base: 5%
	 Effective Percent: 10,25%
	 Crit Inc Heal: 2
	 Crit Inc Damage: 2
Haste
	 Rating: 24727
	 Multiplicative Factor: 0%
	 DR Bracket: 1
	 Base: 30%
	 Effective Percent: 66,72%
Vers
	 Rating: 21340
	 Multiplicative Factor: 0%
	 DR Bracket: 0
	 Base: 3%
	 Effective Percent: 30,36%
Leech
	 Rating: 3060
	 Multiplicative Factor: 0%
	 DR Bracket: 0
	 Base: 0%
	 Effective Percent: 3%
Avoidance
	 Rating: 0
	 Multiplicative Factor: 0%
	 DR Bracket: 0
	 Base: 0%
	 Effective Percent: 0%
Mastery
	 Rating: 7001
	 Multiplicative Factor: 0%
	 DR Bracket: 0
	 Base: ∞%
	 Effective Percent: ∞%
----------------------
01:05,900

Intellect
	 Rating: 133468
	 Multiplicative Factor: 8,15%
Stamina
	 Rating: 768463
	 Multiplicative Factor: 5%
Crit
	 Rating: 3676
	 Multiplicative Factor: 0%
	 DR Bracket: 0
	 Base: 5%
	 Effective Percent: 10,25%
	 Crit Inc Heal: 2
	 Crit Inc Damage: 2
Haste
	 Rating: 24727
	 Multiplicative Factor: 0%
	 DR Bracket: 1
	 Base: 0%
	 Effective Percent: 36,72%
Vers
	 Rating: 21340
	 Multiplicative Factor: 0%
	 DR Bracket: 0
	 Base: 3%
	 Effective Percent: 30,36%
Leech
	 Rating: 3060
	 Multiplicative Factor: 0%
	 DR Bracket: 0
	 Base: 0%
	 Effective Percent: 3%
Avoidance
	 Rating: 0
	 Multiplicative Factor: 0%
	 DR Bracket: 0
	 Base: 0%
	 Effective Percent: 0%
Mastery
	 Rating: 7001
	 Multiplicative Factor: 0%
	 DR Bracket: 0
	 Base: ∞%
	 Effective Percent: ∞%
