Thunder Focus Tea
Rushing Wind Kick
Gust of Mists
Rising Mist
Renewing Mist
Chi Wave
Ancient Teachings
Enveloping Mist
Invigorating Mists
Vivify
Zen Pulse
Sheilun's Gift
Courage of the White Tiger
Voidglass Barrier
Strength of the Black Ox
Celestial Conduit
Flight of the Red Crane
Mana Tea
Blackout Kick
Roll
Tiger Palm
Earthen Wall
Diffuse Magic
Restoral
Uplifted Spirits
Fortifying Brew
Expel Harm
Tempered Potion
Berserking
Invoke Yu'lon, the Jade Serpent
Refreshing Jade Wind
Chi Cocoon
Soothing Breath
Enveloping Breath
