----------------------
00:08,424

Intellect
	 Rating: 149479
	 Multiplicative Factor: 8,15%
Stamina
	 Rating: 757754
	 Multiplicative Factor: 5%
Crit
	 Rating: 8590
	 Multiplicative Factor: 0%
	 DR Bracket: 0
	 Base: 5%
	 Effective Percent: 17,27%
	 Crit Inc Heal: 2
	 Crit Inc Damage: 2
Haste
	 Rating: 19050
	 Multiplicative Factor: 0%
	 DR Bracket: 0
	 Base: 0%
	 Effective Percent: 28,86%
Vers
	 Rating: 23477
	 Multiplicative Factor: 0%
	 DR Bracket: 1
	 Base: 3%
	 Effective Percent: 33,09%
Leech
	 Rating: 0
	 Multiplicative Factor: 0%
	 DR Bracket: 0
	 Base: 0%
	 Effective Percent: 0%
Avoidance
	 Rating: 4354
	 Multiplicative Factor: 0%
	 DR Bracket: 0
	 Base: 0%
	 Effective Percent: 8%
Mastery
	 Rating: 13155
	 Multiplicative Factor: 0%
	 DR Bracket: 0
	 Base: ∞%
	 Effective Percent: ∞%
----------------------
00:13,050

Intellect
	 Rating: 149479
	 Multiplicative Factor: 8,15%
Stamina
	 Rating: 757754
	 Multiplicative Factor: 5%
Crit
	 Rating: 14191
	 Multiplicative Factor: 0%
	 DR Bracket: 0
	 Base: 5%
	 Effective Percent: 25,27%
	 Crit Inc Heal: 2
	 Crit Inc Damage: 2
Haste
	 Rating: 19050
	 Multiplicative Factor: 0%
	 DR Bracket: 0
	 Base: 0%
	 Effective Percent: 28,86%
Vers
	 Rating: 23477
	 Multiplicative Factor: 0%
	 DR Bracket: 1
	 Base: 3%
	 Effective Percent: 33,09%
Leech
	 Rating: 0
	 Multiplicative Factor: 0%
	 DR Bracket: 0
	 Base: 0%
	 Effective Percent: 0%
Avoidance
	 Rating: 4354
	 Multiplicative Factor: 0%
	 DR Bracket: 0
	 Base: 0%
	 Effective Percent: 8%
Mastery
	 Rating: 13155
	 Multiplicative Factor: 0%
	 DR Bracket: 0
	 Base: ∞%
	 Effective Percent: ∞%
----------------------
00:15,101

Intellect
	 Rating: 149479
	 Multiplicative Factor: 8,15%
Stamina
	 Rating: 757754
	 Multiplicative Factor: 5%
Crit
	 Rating: 19793
	 Multiplicative Factor: 0%
	 DR Bracket: 0
	 Base: 5%
	 Effective Percent: 33,28%
	 Crit Inc Heal: 2
	 Crit Inc Damage: 2
Haste
	 Rating: 19050
	 Multiplicative Factor: 0%
	 DR Bracket: 0
	 Base: 0%
	 Effective Percent: 28,86%
Vers
	 Rating: 23477
	 Multiplicative Factor: 0%
	 DR Bracket: 1
	 Base: 3%
	 Effective Percent: 33,09%
Leech
	 Rating: 0
	 Multiplicative Factor: 0%
	 DR Bracket: 0
	 Base: 0%
	 Effective Percent: 0%
Avoidance
	 Rating: 4354
	 Multiplicative Factor: 0%
	 DR Bracket: 0
	 Base: 0%
	 Effective Percent: 8%
Mastery
	 Rating: 13155
	 Multiplicative Factor: 0%
	 DR Bracket: 0
	 Base: ∞%
	 Effective Percent: ∞%
----------------------
00:18,448

Intellect
	 Rating: 149479
	 Multiplicative Factor: 8,15%
Stamina
	 Rating: 757754
	 Multiplicative Factor: 5%
Crit
	 Rating: 14191
	 Multiplicative Factor: 0%
	 DR Bracket: 0
	 Base: 5%
	 Effective Percent: 25,27%
	 Crit Inc Heal: 2
	 Crit Inc Damage: 2
Haste
	 Rating: 19050
	 Multiplicative Factor: 0%
	 DR Bracket: 0
	 Base: 0%
	 Effective Percent: 28,86%
Vers
	 Rating: 23477
	 Multiplicative Factor: 0%
	 DR Bracket: 1
	 Base: 3%
	 Effective Percent: 33,09%
Leech
	 Rating: 0
	 Multiplicative Factor: 0%
	 DR Bracket: 0
	 Base: 0%
	 Effective Percent: 0%
Avoidance
	 Rating: 4354
	 Multiplicative Factor: 0%
	 DR Bracket: 0
	 Base: 0%
	 Effective Percent: 8%
Mastery
	 Rating: 13155
	 Multiplicative Factor: 0%
	 DR Bracket: 0
	 Base: ∞%
	 Effective Percent: ∞%
----------------------
00:21,506

Intellect
	 Rating: 149479
	 Multiplicative Factor: 8,15%
Stamina
	 Rating: 757754
	 Multiplicative Factor: 5%
Crit
	 Rating: 19793
	 Multiplicative Factor: 0%
	 DR Bracket: 0
	 Base: 5%
	 Effective Percent: 33,28%
	 Crit Inc Heal: 2
	 Crit Inc Damage: 2
Haste
	 Rating: 19050
	 Multiplicative Factor: 0%
	 DR Bracket: 0
	 Base: 0%
	 Effective Percent: 28,86%
Vers
	 Rating: 23477
	 Multiplicative Factor: 0%
	 DR Bracket: 1
	 Base: 3%
	 Effective Percent: 33,09%
Leech
	 Rating: 0
	 Multiplicative Factor: 0%
	 DR Bracket: 0
	 Base: 0%
	 Effective Percent: 0%
Avoidance
	 Rating: 4354
	 Multiplicative Factor: 0%
	 DR Bracket: 0
	 Base: 0%
	 Effective Percent: 8%
Mastery
	 Rating: 13155
	 Multiplicative Factor: 0%
	 DR Bracket: 0
	 Base: ∞%
	 Effective Percent: ∞%
----------------------
00:23,058

Intellect
	 Rating: 149479
	 Multiplicative Factor: 8,15%
Stamina
	 Rating: 757754
	 Multiplicative Factor: 5%
Crit
	 Rating: 14191
	 Multiplicative Factor: 0%
	 DR Bracket: 0
	 Base: 5%
	 Effective Percent: 25,27%
	 Crit Inc Heal: 2
	 Crit Inc Damage: 2
Haste
	 Rating: 19050
	 Multiplicative Factor: 0%
	 DR Bracket: 0
	 Base: 0%
	 Effective Percent: 28,86%
Vers
	 Rating: 23477
	 Multiplicative Factor: 0%
	 DR Bracket: 1
	 Base: 3%
	 Effective Percent: 33,09%
Leech
	 Rating: 0
	 Multiplicative Factor: 0%
	 DR Bracket: 0
	 Base: 0%
	 Effective Percent: 0%
Avoidance
	 Rating: 4354
	 Multiplicative Factor: 0%
	 DR Bracket: 0
	 Base: 0%
	 Effective Percent: 8%
Mastery
	 Rating: 13155
	 Multiplicative Factor: 0%
	 DR Bracket: 0
	 Base: ∞%
	 Effective Percent: ∞%
----------------------
00:25,098

Intellect
	 Rating: 149479
	 Multiplicative Factor: 8,15%
Stamina
	 Rating: 757754
	 Multiplicative Factor: 5%
Crit
	 Rating: 8590
	 Multiplicative Factor: 0%
	 DR Bracket: 0
	 Base: 5%
	 Effective Percent: 17,27%
	 Crit Inc Heal: 2
	 Crit Inc Damage: 2
Haste
	 Rating: 19050
	 Multiplicative Factor: 0%
	 DR Bracket: 0
	 Base: 0%
	 Effective Percent: 28,86%
Vers
	 Rating: 23477
	 Multiplicative Factor: 0%
	 DR Bracket: 1
	 Base: 3%
	 Effective Percent: 33,09%
Leech
	 Rating: 0
	 Multiplicative Factor: 0%
	 DR Bracket: 0
	 Base: 0%
	 Effective Percent: 0%
Avoidance
	 Rating: 4354
	 Multiplicative Factor: 0%
	 DR Bracket: 0
	 Base: 0%
	 Effective Percent: 8%
Mastery
	 Rating: 13155
	 Multiplicative Factor: 0%
	 DR Bracket: 0
	 Base: ∞%
	 Effective Percent: ∞%
----------------------
00:31,515

Intellect
	 Rating: 149479
	 Multiplicative Factor: 8,15%
Stamina
	 Rating: 757754
	 Multiplicative Factor: 5%
Crit
	 Rating: 2989
	 Multiplicative Factor: 0%
	 DR Bracket: 0
	 Base: 5%
	 Effective Percent: 9,27%
	 Crit Inc Heal: 2
	 Crit Inc Damage: 2
Haste
	 Rating: 19050
	 Multiplicative Factor: 0%
	 DR Bracket: 0
	 Base: 0%
	 Effective Percent: 28,86%
Vers
	 Rating: 23477
	 Multiplicative Factor: 0%
	 DR Bracket: 1
	 Base: 3%
	 Effective Percent: 33,09%
Leech
	 Rating: 0
	 Multiplicative Factor: 0%
	 DR Bracket: 0
	 Base: 0%
	 Effective Percent: 0%
Avoidance
	 Rating: 4354
	 Multiplicative Factor: 0%
	 DR Bracket: 0
	 Base: 0%
	 Effective Percent: 8%
Mastery
	 Rating: 13155
	 Multiplicative Factor: 0%
	 DR Bracket: 0
	 Base: ∞%
	 Effective Percent: ∞%
----------------------
01:11,390

Intellect
	 Rating: 149479
	 Multiplicative Factor: 8,15%
Stamina
	 Rating: 757754
	 Multiplicative Factor: 5%
Crit
	 Rating: 8590
	 Multiplicative Factor: 0%
	 DR Bracket: 0
	 Base: 5%
	 Effective Percent: 17,27%
	 Crit Inc Heal: 2
	 Crit Inc Damage: 2
Haste
	 Rating: 19050
	 Multiplicative Factor: 0%
	 DR Bracket: 0
	 Base: 0%
	 Effective Percent: 28,86%
Vers
	 Rating: 23477
	 Multiplicative Factor: 0%
	 DR Bracket: 1
	 Base: 3%
	 Effective Percent: 33,09%
Leech
	 Rating: 0
	 Multiplicative Factor: 0%
	 DR Bracket: 0
	 Base: 0%
	 Effective Percent: 0%
Avoidance
	 Rating: 4354
	 Multiplicative Factor: 0%
	 DR Bracket: 0
	 Base: 0%
	 Effective Percent: 8%
Mastery
	 Rating: 13155
	 Multiplicative Factor: 0%
	 DR Bracket: 0
	 Base: ∞%
	 Effective Percent: ∞%
----------------------
01:21,405

Intellect
	 Rating: 149479
	 Multiplicative Factor: 8,15%
Stamina
	 Rating: 757754
	 Multiplicative Factor: 5%
Crit
	 Rating: 2989
	 Multiplicative Factor: 0%
	 DR Bracket: 0
	 Base: 5%
	 Effective Percent: 9,27%
	 Crit Inc Heal: 2
	 Crit Inc Damage: 2
Haste
	 Rating: 19050
	 Multiplicative Factor: 0%
	 DR Bracket: 0
	 Base: 0%
	 Effective Percent: 28,86%
Vers
	 Rating: 23477
	 Multiplicative Factor: 0%
	 DR Bracket: 1
	 Base: 3%
	 Effective Percent: 33,09%
Leech
	 Rating: 0
	 Multiplicative Factor: 0%
	 DR Bracket: 0
	 Base: 0%
	 Effective Percent: 0%
Avoidance
	 Rating: 4354
	 Multiplicative Factor: 0%
	 DR Bracket: 0
	 Base: 0%
	 Effective Percent: 8%
Mastery
	 Rating: 13155
	 Multiplicative Factor: 0%
	 DR Bracket: 0
	 Base: ∞%
	 Effective Percent: ∞%
----------------------
01:21,858

Intellect
	 Rating: 149479
	 Multiplicative Factor: 8,15%
Stamina
	 Rating: 757754
	 Multiplicative Factor: 5%
Crit
	 Rating: 8590
	 Multiplicative Factor: 0%
	 DR Bracket: 0
	 Base: 5%
	 Effective Percent: 17,27%
	 Crit Inc Heal: 2
	 Crit Inc Damage: 2
Haste
	 Rating: 19050
	 Multiplicative Factor: 0%
	 DR Bracket: 0
	 Base: 0%
	 Effective Percent: 28,86%
Vers
	 Rating: 23477
	 Multiplicative Factor: 0%
	 DR Bracket: 1
	 Base: 3%
	 Effective Percent: 33,09%
Leech
	 Rating: 0
	 Multiplicative Factor: 0%
	 DR Bracket: 0
	 Base: 0%
	 Effective Percent: 0%
Avoidance
	 Rating: 4354
	 Multiplicative Factor: 0%
	 DR Bracket: 0
	 Base: 0%
	 Effective Percent: 8%
Mastery
	 Rating: 13155
	 Multiplicative Factor: 0%
	 DR Bracket: 0
	 Base: ∞%
	 Effective Percent: ∞%
----------------------
01:26,546

Intellect
	 Rating: 149479
	 Multiplicative Factor: 8,15%
Stamina
	 Rating: 757754
	 Multiplicative Factor: 5%
Crit
	 Rating: 14191
	 Multiplicative Factor: 0%
	 DR Bracket: 0
	 Base: 5%
	 Effective Percent: 25,27%
	 Crit Inc Heal: 2
	 Crit Inc Damage: 2
Haste
	 Rating: 19050
	 Multiplicative Factor: 0%
	 DR Bracket: 0
	 Base: 0%
	 Effective Percent: 28,86%
Vers
	 Rating: 23477
	 Multiplicative Factor: 0%
	 DR Bracket: 1
	 Base: 3%
	 Effective Percent: 33,09%
Leech
	 Rating: 0
	 Multiplicative Factor: 0%
	 DR Bracket: 0
	 Base: 0%
	 Effective Percent: 0%
Avoidance
	 Rating: 4354
	 Multiplicative Factor: 0%
	 DR Bracket: 0
	 Base: 0%
	 Effective Percent: 8%
Mastery
	 Rating: 13155
	 Multiplicative Factor: 0%
	 DR Bracket: 0
	 Base: ∞%
	 Effective Percent: ∞%
----------------------
01:31,866

Intellect
	 Rating: 149479
	 Multiplicative Factor: 8,15%
Stamina
	 Rating: 757754
	 Multiplicative Factor: 5%
Crit
	 Rating: 8590
	 Multiplicative Factor: 0%
	 DR Bracket: 0
	 Base: 5%
	 Effective Percent: 17,27%
	 Crit Inc Heal: 2
	 Crit Inc Damage: 2
Haste
	 Rating: 19050
	 Multiplicative Factor: 0%
	 DR Bracket: 0
	 Base: 0%
	 Effective Percent: 28,86%
Vers
	 Rating: 23477
	 Multiplicative Factor: 0%
	 DR Bracket: 1
	 Base: 3%
	 Effective Percent: 33,09%
Leech
	 Rating: 0
	 Multiplicative Factor: 0%
	 DR Bracket: 0
	 Base: 0%
	 Effective Percent: 0%
Avoidance
	 Rating: 4354
	 Multiplicative Factor: 0%
	 DR Bracket: 0
	 Base: 0%
	 Effective Percent: 8%
Mastery
	 Rating: 13155
	 Multiplicative Factor: 0%
	 DR Bracket: 0
	 Base: ∞%
	 Effective Percent: ∞%
----------------------
01:35,754

Intellect
	 Rating: 149479
	 Multiplicative Factor: 8,15%
Stamina
	 Rating: 757754
	 Multiplicative Factor: 5%
Crit
	 Rating: 14191
	 Multiplicative Factor: 0%
	 DR Bracket: 0
	 Base: 5%
	 Effective Percent: 25,27%
	 Crit Inc Heal: 2
	 Crit Inc Damage: 2
Haste
	 Rating: 19050
	 Multiplicative Factor: 0%
	 DR Bracket: 0
	 Base: 0%
	 Effective Percent: 28,86%
Vers
	 Rating: 23477
	 Multiplicative Factor: 0%
	 DR Bracket: 1
	 Base: 3%
	 Effective Percent: 33,09%
Leech
	 Rating: 0
	 Multiplicative Factor: 0%
	 DR Bracket: 0
	 Base: 0%
	 Effective Percent: 0%
Avoidance
	 Rating: 4354
	 Multiplicative Factor: 0%
	 DR Bracket: 0
	 Base: 0%
	 Effective Percent: 8%
Mastery
	 Rating: 13155
	 Multiplicative Factor: 0%
	 DR Bracket: 0
	 Base: ∞%
	 Effective Percent: ∞%
----------------------
01:36,566

Intellect
	 Rating: 149479
	 Multiplicative Factor: 8,15%
Stamina
	 Rating: 757754
	 Multiplicative Factor: 5%
Crit
	 Rating: 8590
	 Multiplicative Factor: 0%
	 DR Bracket: 0
	 Base: 5%
	 Effective Percent: 17,27%
	 Crit Inc Heal: 2
	 Crit Inc Damage: 2
Haste
	 Rating: 19050
	 Multiplicative Factor: 0%
	 DR Bracket: 0
	 Base: 0%
	 Effective Percent: 28,86%
Vers
	 Rating: 23477
	 Multiplicative Factor: 0%
	 DR Bracket: 1
	 Base: 3%
	 Effective Percent: 33,09%
Leech
	 Rating: 0
	 Multiplicative Factor: 0%
	 DR Bracket: 0
	 Base: 0%
	 Effective Percent: 0%
Avoidance
	 Rating: 4354
	 Multiplicative Factor: 0%
	 DR Bracket: 0
	 Base: 0%
	 Effective Percent: 8%
Mastery
	 Rating: 13155
	 Multiplicative Factor: 0%
	 DR Bracket: 0
	 Base: ∞%
	 Effective Percent: ∞%
----------------------
01:45,762

Intellect
	 Rating: 149479
	 Multiplicative Factor: 8,15%
Stamina
	 Rating: 757754
	 Multiplicative Factor: 5%
Crit
	 Rating: 2989
	 Multiplicative Factor: 0%
	 DR Bracket: 0
	 Base: 5%
	 Effective Percent: 9,27%
	 Crit Inc Heal: 2
	 Crit Inc Damage: 2
Haste
	 Rating: 19050
	 Multiplicative Factor: 0%
	 DR Bracket: 0
	 Base: 0%
	 Effective Percent: 28,86%
Vers
	 Rating: 23477
	 Multiplicative Factor: 0%
	 DR Bracket: 1
	 Base: 3%
	 Effective Percent: 33,09%
Leech
	 Rating: 0
	 Multiplicative Factor: 0%
	 DR Bracket: 0
	 Base: 0%
	 Effective Percent: 0%
Avoidance
	 Rating: 4354
	 Multiplicative Factor: 0%
	 DR Bracket: 0
	 Base: 0%
	 Effective Percent: 8%
Mastery
	 Rating: 13155
	 Multiplicative Factor: 0%
	 DR Bracket: 0
	 Base: ∞%
	 Effective Percent: ∞%
----------------------
01:57,659

Intellect
	 Rating: 149479
	 Multiplicative Factor: 8,15%
Stamina
	 Rating: 757754
	 Multiplicative Factor: 5%
Crit
	 Rating: 8590
	 Multiplicative Factor: 0%
	 DR Bracket: 0
	 Base: 5%
	 Effective Percent: 17,27%
	 Crit Inc Heal: 2
	 Crit Inc Damage: 2
Haste
	 Rating: 19050
	 Multiplicative Factor: 0%
	 DR Bracket: 0
	 Base: 0%
	 Effective Percent: 28,86%
Vers
	 Rating: 23477
	 Multiplicative Factor: 0%
	 DR Bracket: 1
	 Base: 3%
	 Effective Percent: 33,09%
Leech
	 Rating: 0
	 Multiplicative Factor: 0%
	 DR Bracket: 0
	 Base: 0%
	 Effective Percent: 0%
Avoidance
	 Rating: 4354
	 Multiplicative Factor: 0%
	 DR Bracket: 0
	 Base: 0%
	 Effective Percent: 8%
Mastery
	 Rating: 13155
	 Multiplicative Factor: 0%
	 DR Bracket: 0
	 Base: ∞%
	 Effective Percent: ∞%
----------------------
02:07,664

Intellect
	 Rating: 149479
	 Multiplicative Factor: 8,15%
Stamina
	 Rating: 757754
	 Multiplicative Factor: 5%
Crit
	 Rating: 2989
	 Multiplicative Factor: 0%
	 DR Bracket: 0
	 Base: 5%
	 Effective Percent: 9,27%
	 Crit Inc Heal: 2
	 Crit Inc Damage: 2
Haste
	 Rating: 19050
	 Multiplicative Factor: 0%
	 DR Bracket: 0
	 Base: 0%
	 Effective Percent: 28,86%
Vers
	 Rating: 23477
	 Multiplicative Factor: 0%
	 DR Bracket: 1
	 Base: 3%
	 Effective Percent: 33,09%
Leech
	 Rating: 0
	 Multiplicative Factor: 0%
	 DR Bracket: 0
	 Base: 0%
	 Effective Percent: 0%
Avoidance
	 Rating: 4354
	 Multiplicative Factor: 0%
	 DR Bracket: 0
	 Base: 0%
	 Effective Percent: 8%
Mastery
	 Rating: 13155
	 Multiplicative Factor: 0%
	 DR Bracket: 0
	 Base: ∞%
	 Effective Percent: ∞%
----------------------
02:14,422

Intellect
	 Rating: 149479
	 Multiplicative Factor: 8,15%
Stamina
	 Rating: 757754
	 Multiplicative Factor: 5%
Crit
	 Rating: 8590
	 Multiplicative Factor: 0%
	 DR Bracket: 0
	 Base: 5%
	 Effective Percent: 17,27%
	 Crit Inc Heal: 2
	 Crit Inc Damage: 2
Haste
	 Rating: 19050
	 Multiplicative Factor: 0%
	 DR Bracket: 0
	 Base: 0%
	 Effective Percent: 28,86%
Vers
	 Rating: 23477
	 Multiplicative Factor: 0%
	 DR Bracket: 1
	 Base: 3%
	 Effective Percent: 33,09%
Leech
	 Rating: 0
	 Multiplicative Factor: 0%
	 DR Bracket: 0
	 Base: 0%
	 Effective Percent: 0%
Avoidance
	 Rating: 4354
	 Multiplicative Factor: 0%
	 DR Bracket: 0
	 Base: 0%
	 Effective Percent: 8%
Mastery
	 Rating: 13155
	 Multiplicative Factor: 0%
	 DR Bracket: 0
	 Base: ∞%
	 Effective Percent: ∞%
----------------------
02:23,746

Intellect
	 Rating: 149479
	 Multiplicative Factor: 8,15%
Stamina
	 Rating: 757754
	 Multiplicative Factor: 5%
Crit
	 Rating: 14191
	 Multiplicative Factor: 0%
	 DR Bracket: 0
	 Base: 5%
	 Effective Percent: 25,27%
	 Crit Inc Heal: 2
	 Crit Inc Damage: 2
Haste
	 Rating: 19050
	 Multiplicative Factor: 0%
	 DR Bracket: 0
	 Base: 0%
	 Effective Percent: 28,86%
Vers
	 Rating: 23477
	 Multiplicative Factor: 0%
	 DR Bracket: 1
	 Base: 3%
	 Effective Percent: 33,09%
Leech
	 Rating: 0
	 Multiplicative Factor: 0%
	 DR Bracket: 0
	 Base: 0%
	 Effective Percent: 0%
Avoidance
	 Rating: 4354
	 Multiplicative Factor: 0%
	 DR Bracket: 0
	 Base: 0%
	 Effective Percent: 8%
Mastery
	 Rating: 13155
	 Multiplicative Factor: 0%
	 DR Bracket: 0
	 Base: ∞%
	 Effective Percent: ∞%
----------------------
02:24,431

Intellect
	 Rating: 149479
	 Multiplicative Factor: 8,15%
Stamina
	 Rating: 757754
	 Multiplicative Factor: 5%
Crit
	 Rating: 8590
	 Multiplicative Factor: 0%
	 DR Bracket: 0
	 Base: 5%
	 Effective Percent: 17,27%
	 Crit Inc Heal: 2
	 Crit Inc Damage: 2
Haste
	 Rating: 19050
	 Multiplicative Factor: 0%
	 DR Bracket: 0
	 Base: 0%
	 Effective Percent: 28,86%
Vers
	 Rating: 23477
	 Multiplicative Factor: 0%
	 DR Bracket: 1
	 Base: 3%
	 Effective Percent: 33,09%
Leech
	 Rating: 0
	 Multiplicative Factor: 0%
	 DR Bracket: 0
	 Base: 0%
	 Effective Percent: 0%
Avoidance
	 Rating: 4354
	 Multiplicative Factor: 0%
	 DR Bracket: 0
	 Base: 0%
	 Effective Percent: 8%
Mastery
	 Rating: 13155
	 Multiplicative Factor: 0%
	 DR Bracket: 0
	 Base: ∞%
	 Effective Percent: ∞%
----------------------
02:33,135

Intellect
	 Rating: 149479
	 Multiplicative Factor: 8,15%
Stamina
	 Rating: 757754
	 Multiplicative Factor: 5%
Crit
	 Rating: 14191
	 Multiplicative Factor: 0%
	 DR Bracket: 0
	 Base: 5%
	 Effective Percent: 25,27%
	 Crit Inc Heal: 2
	 Crit Inc Damage: 2
Haste
	 Rating: 19050
	 Multiplicative Factor: 0%
	 DR Bracket: 0
	 Base: 0%
	 Effective Percent: 28,86%
Vers
	 Rating: 23477
	 Multiplicative Factor: 0%
	 DR Bracket: 1
	 Base: 3%
	 Effective Percent: 33,09%
Leech
	 Rating: 0
	 Multiplicative Factor: 0%
	 DR Bracket: 0
	 Base: 0%
	 Effective Percent: 0%
Avoidance
	 Rating: 4354
	 Multiplicative Factor: 0%
	 DR Bracket: 0
	 Base: 0%
	 Effective Percent: 8%
Mastery
	 Rating: 13155
	 Multiplicative Factor: 0%
	 DR Bracket: 0
	 Base: ∞%
	 Effective Percent: ∞%
----------------------
02:33,744

Intellect
	 Rating: 149479
	 Multiplicative Factor: 8,15%
Stamina
	 Rating: 757754
	 Multiplicative Factor: 5%
Crit
	 Rating: 8590
	 Multiplicative Factor: 0%
	 DR Bracket: 0
	 Base: 5%
	 Effective Percent: 17,27%
	 Crit Inc Heal: 2
	 Crit Inc Damage: 2
Haste
	 Rating: 19050
	 Multiplicative Factor: 0%
	 DR Bracket: 0
	 Base: 0%
	 Effective Percent: 28,86%
Vers
	 Rating: 23477
	 Multiplicative Factor: 0%
	 DR Bracket: 1
	 Base: 3%
	 Effective Percent: 33,09%
Leech
	 Rating: 0
	 Multiplicative Factor: 0%
	 DR Bracket: 0
	 Base: 0%
	 Effective Percent: 0%
Avoidance
	 Rating: 4354
	 Multiplicative Factor: 0%
	 DR Bracket: 0
	 Base: 0%
	 Effective Percent: 8%
Mastery
	 Rating: 13155
	 Multiplicative Factor: 0%
	 DR Bracket: 0
	 Base: ∞%
	 Effective Percent: ∞%
----------------------
02:43,137

Intellect
	 Rating: 149479
	 Multiplicative Factor: 8,15%
Stamina
	 Rating: 757754
	 Multiplicative Factor: 5%
Crit
	 Rating: 2989
	 Multiplicative Factor: 0%
	 DR Bracket: 0
	 Base: 5%
	 Effective Percent: 9,27%
	 Crit Inc Heal: 2
	 Crit Inc Damage: 2
Haste
	 Rating: 19050
	 Multiplicative Factor: 0%
	 DR Bracket: 0
	 Base: 0%
	 Effective Percent: 28,86%
Vers
	 Rating: 23477
	 Multiplicative Factor: 0%
	 DR Bracket: 1
	 Base: 3%
	 Effective Percent: 33,09%
Leech
	 Rating: 0
	 Multiplicative Factor: 0%
	 DR Bracket: 0
	 Base: 0%
	 Effective Percent: 0%
Avoidance
	 Rating: 4354
	 Multiplicative Factor: 0%
	 DR Bracket: 0
	 Base: 0%
	 Effective Percent: 8%
Mastery
	 Rating: 13155
	 Multiplicative Factor: 0%
	 DR Bracket: 0
	 Base: ∞%
	 Effective Percent: ∞%
----------------------
02:51,058

Intellect
	 Rating: 149479
	 Multiplicative Factor: 8,15%
Stamina
	 Rating: 757754
	 Multiplicative Factor: 5%
Crit
	 Rating: 2989
	 Multiplicative Factor: 0%
	 DR Bracket: 0
	 Base: 5%
	 Effective Percent: 9,27%
	 Crit Inc Heal: 2
	 Crit Inc Damage: 2
Haste
	 Rating: 19050
	 Multiplicative Factor: 0%
	 DR Bracket: 0
	 Base: 30%
	 Effective Percent: 58,86%
Vers
	 Rating: 23477
	 Multiplicative Factor: 0%
	 DR Bracket: 1
	 Base: 3%
	 Effective Percent: 33,09%
Leech
	 Rating: 0
	 Multiplicative Factor: 0%
	 DR Bracket: 0
	 Base: 0%
	 Effective Percent: 0%
Avoidance
	 Rating: 4354
	 Multiplicative Factor: 0%
	 DR Bracket: 0
	 Base: 0%
	 Effective Percent: 8%
Mastery
	 Rating: 13155
	 Multiplicative Factor: 0%
	 DR Bracket: 0
	 Base: ∞%
	 Effective Percent: ∞%
----------------------
02:53,409

Intellect
	 Rating: 149479
	 Multiplicative Factor: 8,15%
Stamina
	 Rating: 757754
	 Multiplicative Factor: 5%
Crit
	 Rating: 2989
	 Multiplicative Factor: 0%
	 DR Bracket: 0
	 Base: 5%
	 Effective Percent: 9,27%
	 Crit Inc Heal: 2
	 Crit Inc Damage: 2
Haste
	 Rating: 19050
	 Multiplicative Factor: 0%
	 DR Bracket: 0
	 Base: 0%
	 Effective Percent: 28,86%
Vers
	 Rating: 23477
	 Multiplicative Factor: 0%
	 DR Bracket: 1
	 Base: 3%
	 Effective Percent: 33,09%
Leech
	 Rating: 0
	 Multiplicative Factor: 0%
	 DR Bracket: 0
	 Base: 0%
	 Effective Percent: 0%
Avoidance
	 Rating: 4354
	 Multiplicative Factor: 0%
	 DR Bracket: 0
	 Base: 0%
	 Effective Percent: 8%
Mastery
	 Rating: 13155
	 Multiplicative Factor: 0%
	 DR Bracket: 0
	 Base: ∞%
	 Effective Percent: ∞%
----------------------
02:53,409

Intellect
	 Rating: 145125
	 Multiplicative Factor: 5%
Stamina
	 Rating: 757754
	 Multiplicative Factor: 5%
Crit
	 Rating: 2989
	 Multiplicative Factor: 0%
	 DR Bracket: 0
	 Base: 5%
	 Effective Percent: 9,27%
	 Crit Inc Heal: 2
	 Crit Inc Damage: 2
Haste
	 Rating: 19050
	 Multiplicative Factor: 0%
	 DR Bracket: 0
	 Base: 0%
	 Effective Percent: 28,86%
Vers
	 Rating: 23477
	 Multiplicative Factor: 0%
	 DR Bracket: 1
	 Base: 3%
	 Effective Percent: 33,09%
Leech
	 Rating: 0
	 Multiplicative Factor: 0%
	 DR Bracket: 0
	 Base: 0%
	 Effective Percent: 0%
Avoidance
	 Rating: 4354
	 Multiplicative Factor: 0%
	 DR Bracket: 0
	 Base: 0%
	 Effective Percent: 8%
Mastery
	 Rating: 13155
	 Multiplicative Factor: 0%
	 DR Bracket: 0
	 Base: ∞%
	 Effective Percent: ∞%
----------------------
02:53,409

Intellect
	 Rating: 145125
	 Multiplicative Factor: 5%
Stamina
	 Rating: 721670
	 Multiplicative Factor: 0%
Crit
	 Rating: 2989
	 Multiplicative Factor: 0%
	 DR Bracket: 0
	 Base: 5%
	 Effective Percent: 9,27%
	 Crit Inc Heal: 2
	 Crit Inc Damage: 2
Haste
	 Rating: 19050
	 Multiplicative Factor: 0%
	 DR Bracket: 0
	 Base: 0%
	 Effective Percent: 28,86%
Vers
	 Rating: 23477
	 Multiplicative Factor: 0%
	 DR Bracket: 1
	 Base: 3%
	 Effective Percent: 33,09%
Leech
	 Rating: 0
	 Multiplicative Factor: 0%
	 DR Bracket: 0
	 Base: 0%
	 Effective Percent: 0%
Avoidance
	 Rating: 4354
	 Multiplicative Factor: 0%
	 DR Bracket: 0
	 Base: 0%
	 Effective Percent: 8%
Mastery
	 Rating: 13155
	 Multiplicative Factor: 0%
	 DR Bracket: 0
	 Base: ∞%
	 Effective Percent: ∞%
----------------------
02:53,409

Intellect
	 Rating: 145125
	 Multiplicative Factor: 5%
Stamina
	 Rating: 721670
	 Multiplicative Factor: 0%
Crit
	 Rating: 2989
	 Multiplicative Factor: 0%
	 DR Bracket: 0
	 Base: 5%
	 Effective Percent: 9,27%
	 Crit Inc Heal: 2
	 Crit Inc Damage: 2
Haste
	 Rating: 19050
	 Multiplicative Factor: 0%
	 DR Bracket: 0
	 Base: 0%
	 Effective Percent: 28,86%
Vers
	 Rating: 23477
	 Multiplicative Factor: 0%
	 DR Bracket: 1
	 Base: 0%
	 Effective Percent: 30,09%
Leech
	 Rating: 0
	 Multiplicative Factor: 0%
	 DR Bracket: 0
	 Base: 0%
	 Effective Percent: 0%
Avoidance
	 Rating: 4354
	 Multiplicative Factor: 0%
	 DR Bracket: 0
	 Base: 0%
	 Effective Percent: 8%
Mastery
	 Rating: 13155
	 Multiplicative Factor: 0%
	 DR Bracket: 0
	 Base: ∞%
	 Effective Percent: ∞%
----------------------
02:53,409

Intellect
	 Rating: 145125
	 Multiplicative Factor: 5%
Stamina
	 Rating: 721670
	 Multiplicative Factor: 0%
Crit
	 Rating: 2989
	 Multiplicative Factor: 0%
	 DR Bracket: 0
	 Base: 5%
	 Effective Percent: 9,27%
	 Crit Inc Heal: 2
	 Crit Inc Damage: 2
Haste
	 Rating: 19050
	 Multiplicative Factor: 0%
	 DR Bracket: 0
	 Base: 0%
	 Effective Percent: 28,86%
Vers
	 Rating: 23477
	 Multiplicative Factor: 0%
	 DR Bracket: 1
	 Base: 0%
	 Effective Percent: 30,09%
Leech
	 Rating: 0
	 Multiplicative Factor: 0%
	 DR Bracket: 0
	 Base: 0%
	 Effective Percent: 0%
Avoidance
	 Rating: 4354
	 Multiplicative Factor: 0%
	 DR Bracket: 0
	 Base: 0%
	 Effective Percent: 8%
Mastery
	 Rating: 13155
	 Multiplicative Factor: 0%
	 DR Bracket: 0
	 Base: ∞%
	 Effective Percent: ∞%
