Prismatic Barrier
	Intellect
		Heal: 1,229655329828988
	Vers
		Heal: 1,4734768041134498
-------------------
Decree: Oath-Bound
	Vers
		Damage Reduction: 0,33212655738145347
-------------------
Tyranny
	Vers
		Damage Reduction: 2,817778787858506
	Avoidance
		Damage Reduction: 7,873590923896967
-------------------
Tempest Barrier
	Stamina
		Heal: 0,06224390638965618
-------------------
Conquer
	Vers
		Damage Reduction: 0,1281953491017686
	Avoidance
		Damage Reduction: 0,23342510242176087
-------------------
Oath-Breaker
	Vers
		Damage Reduction: 0,3553329134024566
	Avoidance
		Damage Reduction: 0,9899343259961957
-------------------
Behead
	Vers
		Damage Reduction: 0,17264792293950118
-------------------
Banishment
	Vers
		Damage Reduction: 0,34401324146555845
-------------------
Diverted Energy
	Intellect
		Heal: 0,07645703620814438
	Vers
		Heal: 0,09161727406949924
-------------------
Invoke the Oath
	Vers
		Damage Reduction: 0,1314213856961521
-------------------
Seal the Forge
	Vers
		Damage Reduction: 0,013954915116977572
	Avoidance
		Damage Reduction: 0,04798055501520434
-------------------
Reap
	Vers
		Damage Reduction: 0,11988191655971661
-------------------
Netherblast
	Vers
		Damage Reduction: 0,23604878879118613
-------------------
