----------------------
00:03,132

Intellect
	 Rating: 138436
	 Multiplicative Factor: 14,73%
Stamina
	 Rating: 756069
	 Multiplicative Factor: 6%
Crit
	 Rating: 16642
	 Multiplicative Factor: 0%
	 DR Bracket: 0
	 Base: 9%
	 Effective Percent: 32,77%
	 Crit Inc Heal: 2
	 Crit Inc Damage: 2
Haste
	 Rating: 12240
	 Multiplicative Factor: 0%
	 DR Bracket: 0
	 Base: 1%
	 Effective Percent: 19,55%
Vers
	 Rating: 6556
	 Multiplicative Factor: 0%
	 DR Bracket: 0
	 Base: 3%
	 Effective Percent: 11,41%
Leech
	 Rating: 3060
	 Multiplicative Factor: 0%
	 DR Bracket: 0
	 Base: 0%
	 Effective Percent: 3%
Avoidance
	 Rating: 0
	 Multiplicative Factor: 0%
	 DR Bracket: 0
	 Base: 0%
	 Effective Percent: 0%
Mastery
	 Rating: 22498
	 Multiplicative Factor: 0%
	 DR Bracket: 1
	 Base: 21%
	 Effective Percent: 68,89%
----------------------
00:08,934

Intellect
	 Rating: 138436
	 Multiplicative Factor: 14,73%
Stamina
	 Rating: 756069
	 Multiplicative Factor: 6%
Crit
	 Rating: 16642
	 Multiplicative Factor: 0%
	 DR Bracket: 0
	 Base: 9%
	 Effective Percent: 32,77%
	 Crit Inc Heal: 2
	 Crit Inc Damage: 2
Haste
	 Rating: 12240
	 Multiplicative Factor: 0%
	 DR Bracket: 0
	 Base: 2%
	 Effective Percent: 20,55%
Vers
	 Rating: 6556
	 Multiplicative Factor: 0%
	 DR Bracket: 0
	 Base: 3%
	 Effective Percent: 11,41%
Leech
	 Rating: 3060
	 Multiplicative Factor: 0%
	 DR Bracket: 0
	 Base: 0%
	 Effective Percent: 3%
Avoidance
	 Rating: 0
	 Multiplicative Factor: 0%
	 DR Bracket: 0
	 Base: 0%
	 Effective Percent: 0%
Mastery
	 Rating: 22498
	 Multiplicative Factor: 0%
	 DR Bracket: 1
	 Base: 21%
	 Effective Percent: 68,89%
----------------------
00:10,744

Intellect
	 Rating: 138436
	 Multiplicative Factor: 14,73%
Stamina
	 Rating: 756069
	 Multiplicative Factor: 6%
Crit
	 Rating: 16642
	 Multiplicative Factor: 0%
	 DR Bracket: 0
	 Base: 9%
	 Effective Percent: 32,77%
	 Crit Inc Heal: 2
	 Crit Inc Damage: 2
Haste
	 Rating: 12240
	 Multiplicative Factor: 0%
	 DR Bracket: 0
	 Base: 3%
	 Effective Percent: 21,55%
Vers
	 Rating: 6556
	 Multiplicative Factor: 0%
	 DR Bracket: 0
	 Base: 3%
	 Effective Percent: 11,41%
Leech
	 Rating: 3060
	 Multiplicative Factor: 0%
	 DR Bracket: 0
	 Base: 0%
	 Effective Percent: 3%
Avoidance
	 Rating: 0
	 Multiplicative Factor: 0%
	 DR Bracket: 0
	 Base: 0%
	 Effective Percent: 0%
Mastery
	 Rating: 22498
	 Multiplicative Factor: 0%
	 DR Bracket: 1
	 Base: 21%
	 Effective Percent: 68,89%
----------------------
00:12,639

Intellect
	 Rating: 138436
	 Multiplicative Factor: 14,73%
Stamina
	 Rating: 756069
	 Multiplicative Factor: 6%
Crit
	 Rating: 16642
	 Multiplicative Factor: 0%
	 DR Bracket: 0
	 Base: 9%
	 Effective Percent: 32,77%
	 Crit Inc Heal: 2
	 Crit Inc Damage: 2
Haste
	 Rating: 12240
	 Multiplicative Factor: 0%
	 DR Bracket: 0
	 Base: 4%
	 Effective Percent: 22,55%
Vers
	 Rating: 6556
	 Multiplicative Factor: 0%
	 DR Bracket: 0
	 Base: 3%
	 Effective Percent: 11,41%
Leech
	 Rating: 3060
	 Multiplicative Factor: 0%
	 DR Bracket: 0
	 Base: 0%
	 Effective Percent: 3%
Avoidance
	 Rating: 0
	 Multiplicative Factor: 0%
	 DR Bracket: 0
	 Base: 0%
	 Effective Percent: 0%
Mastery
	 Rating: 22498
	 Multiplicative Factor: 0%
	 DR Bracket: 1
	 Base: 21%
	 Effective Percent: 68,89%
----------------------
00:15,476

Intellect
	 Rating: 138436
	 Multiplicative Factor: 14,73%
Stamina
	 Rating: 756069
	 Multiplicative Factor: 6%
Crit
	 Rating: 16642
	 Multiplicative Factor: 0%
	 DR Bracket: 0
	 Base: 9%
	 Effective Percent: 32,77%
	 Crit Inc Heal: 2
	 Crit Inc Damage: 2
Haste
	 Rating: 12240
	 Multiplicative Factor: 0%
	 DR Bracket: 0
	 Base: 5%
	 Effective Percent: 23,55%
Vers
	 Rating: 6556
	 Multiplicative Factor: 0%
	 DR Bracket: 0
	 Base: 3%
	 Effective Percent: 11,41%
Leech
	 Rating: 3060
	 Multiplicative Factor: 0%
	 DR Bracket: 0
	 Base: 0%
	 Effective Percent: 3%
Avoidance
	 Rating: 0
	 Multiplicative Factor: 0%
	 DR Bracket: 0
	 Base: 0%
	 Effective Percent: 0%
Mastery
	 Rating: 22498
	 Multiplicative Factor: 0%
	 DR Bracket: 1
	 Base: 21%
	 Effective Percent: 68,89%
----------------------
00:25,630

Intellect
	 Rating: 138436
	 Multiplicative Factor: 14,73%
Stamina
	 Rating: 756069
	 Multiplicative Factor: 6%
Crit
	 Rating: 16642
	 Multiplicative Factor: 0%
	 DR Bracket: 0
	 Base: 9%
	 Effective Percent: 32,77%
	 Crit Inc Heal: 2
	 Crit Inc Damage: 2
Haste
	 Rating: 12240
	 Multiplicative Factor: 0%
	 DR Bracket: 0
	 Base: 5%
	 Effective Percent: 23,55%
Vers
	 Rating: 6556
	 Multiplicative Factor: 0%
	 DR Bracket: 0
	 Base: 3%
	 Effective Percent: 11,41%
Leech
	 Rating: 3060
	 Multiplicative Factor: 0%
	 DR Bracket: 0
	 Base: 0%
	 Effective Percent: 3%
Avoidance
	 Rating: 0
	 Multiplicative Factor: 0%
	 DR Bracket: 0
	 Base: 0%
	 Effective Percent: 0%
Mastery
	 Rating: 22498
	 Multiplicative Factor: 0%
	 DR Bracket: 1
	 Base: 18%
	 Effective Percent: 65,89%
----------------------
00:25,631

Intellect
	 Rating: 138436
	 Multiplicative Factor: 14,73%
Stamina
	 Rating: 756069
	 Multiplicative Factor: 6%
Crit
	 Rating: 16642
	 Multiplicative Factor: 0%
	 DR Bracket: 0
	 Base: 9%
	 Effective Percent: 32,77%
	 Crit Inc Heal: 2
	 Crit Inc Damage: 2
Haste
	 Rating: 12240
	 Multiplicative Factor: 0%
	 DR Bracket: 0
	 Base: 5%
	 Effective Percent: 23,55%
Vers
	 Rating: 6556
	 Multiplicative Factor: 0%
	 DR Bracket: 0
	 Base: 3%
	 Effective Percent: 11,41%
Leech
	 Rating: 3060
	 Multiplicative Factor: 0%
	 DR Bracket: 0
	 Base: 0%
	 Effective Percent: 3%
Avoidance
	 Rating: 0
	 Multiplicative Factor: 0%
	 DR Bracket: 0
	 Base: 0%
	 Effective Percent: 0%
Mastery
	 Rating: 22498
	 Multiplicative Factor: 0%
	 DR Bracket: 1
	 Base: 21%
	 Effective Percent: 68,89%
----------------------
00:51,082

Intellect
	 Rating: 134404
	 Multiplicative Factor: 11,38%
Stamina
	 Rating: 756069
	 Multiplicative Factor: 6%
Crit
	 Rating: 16642
	 Multiplicative Factor: 0%
	 DR Bracket: 0
	 Base: 9%
	 Effective Percent: 32,77%
	 Crit Inc Heal: 2
	 Crit Inc Damage: 2
Haste
	 Rating: 12240
	 Multiplicative Factor: 0%
	 DR Bracket: 0
	 Base: 5%
	 Effective Percent: 23,55%
Vers
	 Rating: 6556
	 Multiplicative Factor: 0%
	 DR Bracket: 0
	 Base: 3%
	 Effective Percent: 11,41%
Leech
	 Rating: 3060
	 Multiplicative Factor: 0%
	 DR Bracket: 0
	 Base: 0%
	 Effective Percent: 3%
Avoidance
	 Rating: 0
	 Multiplicative Factor: 0%
	 DR Bracket: 0
	 Base: 0%
	 Effective Percent: 0%
Mastery
	 Rating: 22498
	 Multiplicative Factor: 0%
	 DR Bracket: 1
	 Base: 21%
	 Effective Percent: 68,89%
----------------------
00:51,082

Intellect
	 Rating: 138436
	 Multiplicative Factor: 14,73%
Stamina
	 Rating: 756069
	 Multiplicative Factor: 6%
Crit
	 Rating: 16642
	 Multiplicative Factor: 0%
	 DR Bracket: 0
	 Base: 9%
	 Effective Percent: 32,77%
	 Crit Inc Heal: 2
	 Crit Inc Damage: 2
Haste
	 Rating: 12240
	 Multiplicative Factor: 0%
	 DR Bracket: 0
	 Base: 5%
	 Effective Percent: 23,55%
Vers
	 Rating: 6556
	 Multiplicative Factor: 0%
	 DR Bracket: 0
	 Base: 3%
	 Effective Percent: 11,41%
Leech
	 Rating: 3060
	 Multiplicative Factor: 0%
	 DR Bracket: 0
	 Base: 0%
	 Effective Percent: 3%
Avoidance
	 Rating: 0
	 Multiplicative Factor: 0%
	 DR Bracket: 0
	 Base: 0%
	 Effective Percent: 0%
Mastery
	 Rating: 22498
	 Multiplicative Factor: 0%
	 DR Bracket: 1
	 Base: 21%
	 Effective Percent: 68,89%
