----------------------
00:05,997

Intellect
	 Rating: 131800
	 Multiplicative Factor: 14,73%
Stamina
	 Rating: 827793
	 Multiplicative Factor: 11,3%
Crit
	 Rating: 31188
	 Multiplicative Factor: 0%
	 DR Bracket: 2
	 Base: 9%
	 Effective Percent: 51,64%
	 Crit Inc Heal: 2
	 Crit Inc Damage: 2
Haste
	 Rating: 13499
	 Multiplicative Factor: 0%
	 DR Bracket: 0
	 Base: 1%
	 Effective Percent: 21,45%
Vers
	 Rating: 15766
	 Multiplicative Factor: 0%
	 DR Bracket: 0
	 Base: 3%
	 Effective Percent: 23,21%
Leech
	 Rating: 5073
	 Multiplicative Factor: 0%
	 DR Bracket: 0
	 Base: 0%
	 Effective Percent: 4,97%
Avoidance
	 Rating: 0
	 Multiplicative Factor: 0%
	 DR Bracket: 0
	 Base: 0%
	 Effective Percent: 0%
Mastery
	 Rating: 2642
	 Multiplicative Factor: 0%
	 DR Bracket: 0
	 Base: 21%
	 Effective Percent: 26,66%
----------------------
00:14,696

Intellect
	 Rating: 131800
	 Multiplicative Factor: 14,73%
Stamina
	 Rating: 827793
	 Multiplicative Factor: 11,3%
Crit
	 Rating: 31188
	 Multiplicative Factor: 0%
	 DR Bracket: 2
	 Base: 9%
	 Effective Percent: 51,64%
	 Crit Inc Heal: 2
	 Crit Inc Damage: 2
Haste
	 Rating: 13499
	 Multiplicative Factor: 0%
	 DR Bracket: 0
	 Base: 2%
	 Effective Percent: 22,45%
Vers
	 Rating: 15766
	 Multiplicative Factor: 0%
	 DR Bracket: 0
	 Base: 3%
	 Effective Percent: 23,21%
Leech
	 Rating: 5073
	 Multiplicative Factor: 0%
	 DR Bracket: 0
	 Base: 0%
	 Effective Percent: 4,97%
Avoidance
	 Rating: 0
	 Multiplicative Factor: 0%
	 DR Bracket: 0
	 Base: 0%
	 Effective Percent: 0%
Mastery
	 Rating: 2642
	 Multiplicative Factor: 0%
	 DR Bracket: 0
	 Base: 21%
	 Effective Percent: 26,66%
----------------------
00:18,373

Intellect
	 Rating: 131800
	 Multiplicative Factor: 14,73%
Stamina
	 Rating: 827793
	 Multiplicative Factor: 11,3%
Crit
	 Rating: 31188
	 Multiplicative Factor: 0%
	 DR Bracket: 2
	 Base: 9%
	 Effective Percent: 51,64%
	 Crit Inc Heal: 2
	 Crit Inc Damage: 2
Haste
	 Rating: 13499
	 Multiplicative Factor: 0%
	 DR Bracket: 0
	 Base: 3%
	 Effective Percent: 23,45%
Vers
	 Rating: 15766
	 Multiplicative Factor: 0%
	 DR Bracket: 0
	 Base: 3%
	 Effective Percent: 23,21%
Leech
	 Rating: 5073
	 Multiplicative Factor: 0%
	 DR Bracket: 0
	 Base: 0%
	 Effective Percent: 4,97%
Avoidance
	 Rating: 0
	 Multiplicative Factor: 0%
	 DR Bracket: 0
	 Base: 0%
	 Effective Percent: 0%
Mastery
	 Rating: 2642
	 Multiplicative Factor: 0%
	 DR Bracket: 0
	 Base: 21%
	 Effective Percent: 26,66%
----------------------
00:23,220

Intellect
	 Rating: 131800
	 Multiplicative Factor: 14,73%
Stamina
	 Rating: 827793
	 Multiplicative Factor: 11,3%
Crit
	 Rating: 31188
	 Multiplicative Factor: 0%
	 DR Bracket: 2
	 Base: 9%
	 Effective Percent: 51,64%
	 Crit Inc Heal: 2
	 Crit Inc Damage: 2
Haste
	 Rating: 13499
	 Multiplicative Factor: 0%
	 DR Bracket: 0
	 Base: 4%
	 Effective Percent: 24,45%
Vers
	 Rating: 15766
	 Multiplicative Factor: 0%
	 DR Bracket: 0
	 Base: 3%
	 Effective Percent: 23,21%
Leech
	 Rating: 5073
	 Multiplicative Factor: 0%
	 DR Bracket: 0
	 Base: 0%
	 Effective Percent: 4,97%
Avoidance
	 Rating: 0
	 Multiplicative Factor: 0%
	 DR Bracket: 0
	 Base: 0%
	 Effective Percent: 0%
Mastery
	 Rating: 2642
	 Multiplicative Factor: 0%
	 DR Bracket: 0
	 Base: 21%
	 Effective Percent: 26,66%
----------------------
00:31,764

Intellect
	 Rating: 131800
	 Multiplicative Factor: 14,73%
Stamina
	 Rating: 827793
	 Multiplicative Factor: 11,3%
Crit
	 Rating: 31188
	 Multiplicative Factor: 0%
	 DR Bracket: 2
	 Base: 9%
	 Effective Percent: 51,64%
	 Crit Inc Heal: 2
	 Crit Inc Damage: 2
Haste
	 Rating: 13499
	 Multiplicative Factor: 0%
	 DR Bracket: 0
	 Base: 5%
	 Effective Percent: 25,45%
Vers
	 Rating: 15766
	 Multiplicative Factor: 0%
	 DR Bracket: 0
	 Base: 3%
	 Effective Percent: 23,21%
Leech
	 Rating: 5073
	 Multiplicative Factor: 0%
	 DR Bracket: 0
	 Base: 0%
	 Effective Percent: 4,97%
Avoidance
	 Rating: 0
	 Multiplicative Factor: 0%
	 DR Bracket: 0
	 Base: 0%
	 Effective Percent: 0%
Mastery
	 Rating: 2642
	 Multiplicative Factor: 0%
	 DR Bracket: 0
	 Base: 21%
	 Effective Percent: 26,66%
----------------------
01:29,013

Intellect
	 Rating: 131800
	 Multiplicative Factor: 14,73%
Stamina
	 Rating: 827793
	 Multiplicative Factor: 11,3%
Crit
	 Rating: 31188
	 Multiplicative Factor: 0%
	 DR Bracket: 2
	 Base: 9%
	 Effective Percent: 51,64%
	 Crit Inc Heal: 2
	 Crit Inc Damage: 2
Haste
	 Rating: 13499
	 Multiplicative Factor: 0%
	 DR Bracket: 0
	 Base: 0%
	 Effective Percent: 20,45%
Vers
	 Rating: 15766
	 Multiplicative Factor: 0%
	 DR Bracket: 0
	 Base: 3%
	 Effective Percent: 23,21%
Leech
	 Rating: 5073
	 Multiplicative Factor: 0%
	 DR Bracket: 0
	 Base: 0%
	 Effective Percent: 4,97%
Avoidance
	 Rating: 0
	 Multiplicative Factor: 0%
	 DR Bracket: 0
	 Base: 0%
	 Effective Percent: 0%
Mastery
	 Rating: 2642
	 Multiplicative Factor: 0%
	 DR Bracket: 0
	 Base: 21%
	 Effective Percent: 26,66%
----------------------
01:39,916

Intellect
	 Rating: 131800
	 Multiplicative Factor: 14,73%
Stamina
	 Rating: 788374
	 Multiplicative Factor: 6%
Crit
	 Rating: 31188
	 Multiplicative Factor: 0%
	 DR Bracket: 2
	 Base: 9%
	 Effective Percent: 51,64%
	 Crit Inc Heal: 2
	 Crit Inc Damage: 2
Haste
	 Rating: 13499
	 Multiplicative Factor: 0%
	 DR Bracket: 0
	 Base: 0%
	 Effective Percent: 20,45%
Vers
	 Rating: 15766
	 Multiplicative Factor: 0%
	 DR Bracket: 0
	 Base: 3%
	 Effective Percent: 23,21%
Leech
	 Rating: 5073
	 Multiplicative Factor: 0%
	 DR Bracket: 0
	 Base: 0%
	 Effective Percent: 4,97%
Avoidance
	 Rating: 0
	 Multiplicative Factor: 0%
	 DR Bracket: 0
	 Base: 0%
	 Effective Percent: 0%
Mastery
	 Rating: 2642
	 Multiplicative Factor: 0%
	 DR Bracket: 0
	 Base: 21%
	 Effective Percent: 26,66%
----------------------
01:39,916

Intellect
	 Rating: 127961
	 Multiplicative Factor: 11,38%
Stamina
	 Rating: 788374
	 Multiplicative Factor: 6%
Crit
	 Rating: 31188
	 Multiplicative Factor: 0%
	 DR Bracket: 2
	 Base: 9%
	 Effective Percent: 51,64%
	 Crit Inc Heal: 2
	 Crit Inc Damage: 2
Haste
	 Rating: 13499
	 Multiplicative Factor: 0%
	 DR Bracket: 0
	 Base: 0%
	 Effective Percent: 20,45%
Vers
	 Rating: 15766
	 Multiplicative Factor: 0%
	 DR Bracket: 0
	 Base: 3%
	 Effective Percent: 23,21%
Leech
	 Rating: 5073
	 Multiplicative Factor: 0%
	 DR Bracket: 0
	 Base: 0%
	 Effective Percent: 4,97%
Avoidance
	 Rating: 0
	 Multiplicative Factor: 0%
	 DR Bracket: 0
	 Base: 0%
	 Effective Percent: 0%
Mastery
	 Rating: 2642
	 Multiplicative Factor: 0%
	 DR Bracket: 0
	 Base: 21%
	 Effective Percent: 26,66%
----------------------
01:39,916

Intellect
	 Rating: 127961
	 Multiplicative Factor: 11,38%
Stamina
	 Rating: 788374
	 Multiplicative Factor: 6%
Crit
	 Rating: 31188
	 Multiplicative Factor: 0%
	 DR Bracket: 2
	 Base: 9%
	 Effective Percent: 51,64%
	 Crit Inc Heal: 2
	 Crit Inc Damage: 2
Haste
	 Rating: 13499
	 Multiplicative Factor: 0%
	 DR Bracket: 0
	 Base: 0%
	 Effective Percent: 20,45%
Vers
	 Rating: 15766
	 Multiplicative Factor: 0%
	 DR Bracket: 0
	 Base: 3%
	 Effective Percent: 23,21%
Leech
	 Rating: 5073
	 Multiplicative Factor: 0%
	 DR Bracket: 0
	 Base: 0%
	 Effective Percent: 4,97%
Avoidance
	 Rating: 0
	 Multiplicative Factor: 0%
	 DR Bracket: 0
	 Base: 0%
	 Effective Percent: 0%
Mastery
	 Rating: 2642
	 Multiplicative Factor: 0%
	 DR Bracket: 0
	 Base: 18%
	 Effective Percent: 23,66%
----------------------
01:39,917

Intellect
	 Rating: 127961
	 Multiplicative Factor: 11,38%
Stamina
	 Rating: 788374
	 Multiplicative Factor: 6%
Crit
	 Rating: 31188
	 Multiplicative Factor: 0%
	 DR Bracket: 2
	 Base: 9%
	 Effective Percent: 51,64%
	 Crit Inc Heal: 2
	 Crit Inc Damage: 2
Haste
	 Rating: 13499
	 Multiplicative Factor: 0%
	 DR Bracket: 0
	 Base: 0%
	 Effective Percent: 20,45%
Vers
	 Rating: 15766
	 Multiplicative Factor: 0%
	 DR Bracket: 0
	 Base: 0%
	 Effective Percent: 20,21%
Leech
	 Rating: 5073
	 Multiplicative Factor: 0%
	 DR Bracket: 0
	 Base: 0%
	 Effective Percent: 4,97%
Avoidance
	 Rating: 0
	 Multiplicative Factor: 0%
	 DR Bracket: 0
	 Base: 0%
	 Effective Percent: 0%
Mastery
	 Rating: 2642
	 Multiplicative Factor: 0%
	 DR Bracket: 0
	 Base: 18%
	 Effective Percent: 23,66%
