----------------------
00:17,047

Intellect
	 Rating: 149479
	 Multiplicative Factor: 8,15%
Stamina
	 Rating: 757754
	 Multiplicative Factor: 5%
Crit
	 Rating: 8880
	 Multiplicative Factor: 0%
	 DR Bracket: 0
	 Base: 5%
	 Effective Percent: 17,69%
	 Crit Inc Heal: 2
	 Crit Inc Damage: 2
Haste
	 Rating: 18580
	 Multiplicative Factor: 0%
	 DR Bracket: 0
	 Base: 0%
	 Effective Percent: 28,15%
Vers
	 Rating: 23477
	 Multiplicative Factor: 0%
	 DR Bracket: 1
	 Base: 3%
	 Effective Percent: 33,09%
Leech
	 Rating: 0
	 Multiplicative Factor: 0%
	 DR Bracket: 0
	 Base: 0%
	 Effective Percent: 0%
Avoidance
	 Rating: 4354
	 Multiplicative Factor: 0%
	 DR Bracket: 0
	 Base: 0%
	 Effective Percent: 8%
Mastery
	 Rating: 12865
	 Multiplicative Factor: 0%
	 DR Bracket: 0
	 Base: ∞%
	 Effective Percent: ∞%
----------------------
00:27,045

Intellect
	 Rating: 149479
	 Multiplicative Factor: 8,15%
Stamina
	 Rating: 757754
	 Multiplicative Factor: 5%
Crit
	 Rating: 3279
	 Multiplicative Factor: 0%
	 DR Bracket: 0
	 Base: 5%
	 Effective Percent: 9,68%
	 Crit Inc Heal: 2
	 Crit Inc Damage: 2
Haste
	 Rating: 18580
	 Multiplicative Factor: 0%
	 DR Bracket: 0
	 Base: 0%
	 Effective Percent: 28,15%
Vers
	 Rating: 23477
	 Multiplicative Factor: 0%
	 DR Bracket: 1
	 Base: 3%
	 Effective Percent: 33,09%
Leech
	 Rating: 0
	 Multiplicative Factor: 0%
	 DR Bracket: 0
	 Base: 0%
	 Effective Percent: 0%
Avoidance
	 Rating: 4354
	 Multiplicative Factor: 0%
	 DR Bracket: 0
	 Base: 0%
	 Effective Percent: 8%
Mastery
	 Rating: 12865
	 Multiplicative Factor: 0%
	 DR Bracket: 0
	 Base: ∞%
	 Effective Percent: ∞%
----------------------
01:22,806

Intellect
	 Rating: 149479
	 Multiplicative Factor: 8,15%
Stamina
	 Rating: 757754
	 Multiplicative Factor: 5%
Crit
	 Rating: 8880
	 Multiplicative Factor: 0%
	 DR Bracket: 0
	 Base: 5%
	 Effective Percent: 17,69%
	 Crit Inc Heal: 2
	 Crit Inc Damage: 2
Haste
	 Rating: 18580
	 Multiplicative Factor: 0%
	 DR Bracket: 0
	 Base: 0%
	 Effective Percent: 28,15%
Vers
	 Rating: 23477
	 Multiplicative Factor: 0%
	 DR Bracket: 1
	 Base: 3%
	 Effective Percent: 33,09%
Leech
	 Rating: 0
	 Multiplicative Factor: 0%
	 DR Bracket: 0
	 Base: 0%
	 Effective Percent: 0%
Avoidance
	 Rating: 4354
	 Multiplicative Factor: 0%
	 DR Bracket: 0
	 Base: 0%
	 Effective Percent: 8%
Mastery
	 Rating: 12865
	 Multiplicative Factor: 0%
	 DR Bracket: 0
	 Base: ∞%
	 Effective Percent: ∞%
----------------------
01:32,821

Intellect
	 Rating: 149479
	 Multiplicative Factor: 8,15%
Stamina
	 Rating: 757754
	 Multiplicative Factor: 5%
Crit
	 Rating: 3279
	 Multiplicative Factor: 0%
	 DR Bracket: 0
	 Base: 5%
	 Effective Percent: 9,68%
	 Crit Inc Heal: 2
	 Crit Inc Damage: 2
Haste
	 Rating: 18580
	 Multiplicative Factor: 0%
	 DR Bracket: 0
	 Base: 0%
	 Effective Percent: 28,15%
Vers
	 Rating: 23477
	 Multiplicative Factor: 0%
	 DR Bracket: 1
	 Base: 3%
	 Effective Percent: 33,09%
Leech
	 Rating: 0
	 Multiplicative Factor: 0%
	 DR Bracket: 0
	 Base: 0%
	 Effective Percent: 0%
Avoidance
	 Rating: 4354
	 Multiplicative Factor: 0%
	 DR Bracket: 0
	 Base: 0%
	 Effective Percent: 8%
Mastery
	 Rating: 12865
	 Multiplicative Factor: 0%
	 DR Bracket: 0
	 Base: ∞%
	 Effective Percent: ∞%
----------------------
01:35,395

Intellect
	 Rating: 149479
	 Multiplicative Factor: 8,15%
Stamina
	 Rating: 757754
	 Multiplicative Factor: 5%
Crit
	 Rating: 8880
	 Multiplicative Factor: 0%
	 DR Bracket: 0
	 Base: 5%
	 Effective Percent: 17,69%
	 Crit Inc Heal: 2
	 Crit Inc Damage: 2
Haste
	 Rating: 18580
	 Multiplicative Factor: 0%
	 DR Bracket: 0
	 Base: 0%
	 Effective Percent: 28,15%
Vers
	 Rating: 23477
	 Multiplicative Factor: 0%
	 DR Bracket: 1
	 Base: 3%
	 Effective Percent: 33,09%
Leech
	 Rating: 0
	 Multiplicative Factor: 0%
	 DR Bracket: 0
	 Base: 0%
	 Effective Percent: 0%
Avoidance
	 Rating: 4354
	 Multiplicative Factor: 0%
	 DR Bracket: 0
	 Base: 0%
	 Effective Percent: 8%
Mastery
	 Rating: 12865
	 Multiplicative Factor: 0%
	 DR Bracket: 0
	 Base: ∞%
	 Effective Percent: ∞%
----------------------
01:45,395

Intellect
	 Rating: 149479
	 Multiplicative Factor: 8,15%
Stamina
	 Rating: 757754
	 Multiplicative Factor: 5%
Crit
	 Rating: 3279
	 Multiplicative Factor: 0%
	 DR Bracket: 0
	 Base: 5%
	 Effective Percent: 9,68%
	 Crit Inc Heal: 2
	 Crit Inc Damage: 2
Haste
	 Rating: 18580
	 Multiplicative Factor: 0%
	 DR Bracket: 0
	 Base: 0%
	 Effective Percent: 28,15%
Vers
	 Rating: 23477
	 Multiplicative Factor: 0%
	 DR Bracket: 1
	 Base: 3%
	 Effective Percent: 33,09%
Leech
	 Rating: 0
	 Multiplicative Factor: 0%
	 DR Bracket: 0
	 Base: 0%
	 Effective Percent: 0%
Avoidance
	 Rating: 4354
	 Multiplicative Factor: 0%
	 DR Bracket: 0
	 Base: 0%
	 Effective Percent: 8%
Mastery
	 Rating: 12865
	 Multiplicative Factor: 0%
	 DR Bracket: 0
	 Base: ∞%
	 Effective Percent: ∞%
----------------------
01:59,629

Intellect
	 Rating: 149479
	 Multiplicative Factor: 8,15%
Stamina
	 Rating: 757754
	 Multiplicative Factor: 5%
Crit
	 Rating: 8880
	 Multiplicative Factor: 0%
	 DR Bracket: 0
	 Base: 5%
	 Effective Percent: 17,69%
	 Crit Inc Heal: 2
	 Crit Inc Damage: 2
Haste
	 Rating: 18580
	 Multiplicative Factor: 0%
	 DR Bracket: 0
	 Base: 0%
	 Effective Percent: 28,15%
Vers
	 Rating: 23477
	 Multiplicative Factor: 0%
	 DR Bracket: 1
	 Base: 3%
	 Effective Percent: 33,09%
Leech
	 Rating: 0
	 Multiplicative Factor: 0%
	 DR Bracket: 0
	 Base: 0%
	 Effective Percent: 0%
Avoidance
	 Rating: 4354
	 Multiplicative Factor: 0%
	 DR Bracket: 0
	 Base: 0%
	 Effective Percent: 8%
Mastery
	 Rating: 12865
	 Multiplicative Factor: 0%
	 DR Bracket: 0
	 Base: ∞%
	 Effective Percent: ∞%
----------------------
02:09,633

Intellect
	 Rating: 149479
	 Multiplicative Factor: 8,15%
Stamina
	 Rating: 757754
	 Multiplicative Factor: 5%
Crit
	 Rating: 3279
	 Multiplicative Factor: 0%
	 DR Bracket: 0
	 Base: 5%
	 Effective Percent: 9,68%
	 Crit Inc Heal: 2
	 Crit Inc Damage: 2
Haste
	 Rating: 18580
	 Multiplicative Factor: 0%
	 DR Bracket: 0
	 Base: 0%
	 Effective Percent: 28,15%
Vers
	 Rating: 23477
	 Multiplicative Factor: 0%
	 DR Bracket: 1
	 Base: 3%
	 Effective Percent: 33,09%
Leech
	 Rating: 0
	 Multiplicative Factor: 0%
	 DR Bracket: 0
	 Base: 0%
	 Effective Percent: 0%
Avoidance
	 Rating: 4354
	 Multiplicative Factor: 0%
	 DR Bracket: 0
	 Base: 0%
	 Effective Percent: 8%
Mastery
	 Rating: 12865
	 Multiplicative Factor: 0%
	 DR Bracket: 0
	 Base: ∞%
	 Effective Percent: ∞%
----------------------
02:12,443

Intellect
	 Rating: 149479
	 Multiplicative Factor: 8,15%
Stamina
	 Rating: 757754
	 Multiplicative Factor: 5%
Crit
	 Rating: 8880
	 Multiplicative Factor: 0%
	 DR Bracket: 0
	 Base: 5%
	 Effective Percent: 17,69%
	 Crit Inc Heal: 2
	 Crit Inc Damage: 2
Haste
	 Rating: 18580
	 Multiplicative Factor: 0%
	 DR Bracket: 0
	 Base: 0%
	 Effective Percent: 28,15%
Vers
	 Rating: 23477
	 Multiplicative Factor: 0%
	 DR Bracket: 1
	 Base: 3%
	 Effective Percent: 33,09%
Leech
	 Rating: 0
	 Multiplicative Factor: 0%
	 DR Bracket: 0
	 Base: 0%
	 Effective Percent: 0%
Avoidance
	 Rating: 4354
	 Multiplicative Factor: 0%
	 DR Bracket: 0
	 Base: 0%
	 Effective Percent: 8%
Mastery
	 Rating: 12865
	 Multiplicative Factor: 0%
	 DR Bracket: 0
	 Base: ∞%
	 Effective Percent: ∞%
----------------------
02:22,440

Intellect
	 Rating: 149479
	 Multiplicative Factor: 8,15%
Stamina
	 Rating: 757754
	 Multiplicative Factor: 5%
Crit
	 Rating: 3279
	 Multiplicative Factor: 0%
	 DR Bracket: 0
	 Base: 5%
	 Effective Percent: 9,68%
	 Crit Inc Heal: 2
	 Crit Inc Damage: 2
Haste
	 Rating: 18580
	 Multiplicative Factor: 0%
	 DR Bracket: 0
	 Base: 0%
	 Effective Percent: 28,15%
Vers
	 Rating: 23477
	 Multiplicative Factor: 0%
	 DR Bracket: 1
	 Base: 3%
	 Effective Percent: 33,09%
Leech
	 Rating: 0
	 Multiplicative Factor: 0%
	 DR Bracket: 0
	 Base: 0%
	 Effective Percent: 0%
Avoidance
	 Rating: 4354
	 Multiplicative Factor: 0%
	 DR Bracket: 0
	 Base: 0%
	 Effective Percent: 8%
Mastery
	 Rating: 12865
	 Multiplicative Factor: 0%
	 DR Bracket: 0
	 Base: ∞%
	 Effective Percent: ∞%
----------------------
02:41,650

Intellect
	 Rating: 149479
	 Multiplicative Factor: 8,15%
Stamina
	 Rating: 757754
	 Multiplicative Factor: 5%
Crit
	 Rating: 3279
	 Multiplicative Factor: 0%
	 DR Bracket: 0
	 Base: 5%
	 Effective Percent: 9,68%
	 Crit Inc Heal: 2
	 Crit Inc Damage: 2
Haste
	 Rating: 18580
	 Multiplicative Factor: 0%
	 DR Bracket: 0
	 Base: 0%
	 Effective Percent: 28,15%
Vers
	 Rating: 23477
	 Multiplicative Factor: 0%
	 DR Bracket: 1
	 Base: 3%
	 Effective Percent: 33,09%
Leech
	 Rating: 0
	 Multiplicative Factor: 0%
	 DR Bracket: 0
	 Base: 0%
	 Effective Percent: 0%
Avoidance
	 Rating: 4354
	 Multiplicative Factor: 0%
	 DR Bracket: 0
	 Base: 0%
	 Effective Percent: 8%
Mastery
	 Rating: 12865
	 Multiplicative Factor: 0%
	 DR Bracket: 0
	 Base: ∞%
	 Effective Percent: ∞%
----------------------
02:41,650

Intellect
	 Rating: 149479
	 Multiplicative Factor: 8,15%
Stamina
	 Rating: 757754
	 Multiplicative Factor: 5%
Crit
	 Rating: 3279
	 Multiplicative Factor: 0%
	 DR Bracket: 0
	 Base: 5%
	 Effective Percent: 9,68%
	 Crit Inc Heal: 2
	 Crit Inc Damage: 2
Haste
	 Rating: 18580
	 Multiplicative Factor: 0%
	 DR Bracket: 0
	 Base: 0%
	 Effective Percent: 28,15%
Vers
	 Rating: 23477
	 Multiplicative Factor: 0%
	 DR Bracket: 1
	 Base: 3%
	 Effective Percent: 33,09%
Leech
	 Rating: 0
	 Multiplicative Factor: 0%
	 DR Bracket: 0
	 Base: 0%
	 Effective Percent: 0%
Avoidance
	 Rating: 4354
	 Multiplicative Factor: 0%
	 DR Bracket: 0
	 Base: 0%
	 Effective Percent: 8%
Mastery
	 Rating: 12865
	 Multiplicative Factor: 0%
	 DR Bracket: 0
	 Base: ∞%
	 Effective Percent: ∞%
----------------------
02:51,073

Intellect
	 Rating: 149479
	 Multiplicative Factor: 8,15%
Stamina
	 Rating: 757754
	 Multiplicative Factor: 5%
Crit
	 Rating: 3279
	 Multiplicative Factor: 0%
	 DR Bracket: 0
	 Base: 5%
	 Effective Percent: 9,68%
	 Crit Inc Heal: 2
	 Crit Inc Damage: 2
Haste
	 Rating: 18580
	 Multiplicative Factor: 0%
	 DR Bracket: 0
	 Base: 30%
	 Effective Percent: 58,15%
Vers
	 Rating: 23477
	 Multiplicative Factor: 0%
	 DR Bracket: 1
	 Base: 3%
	 Effective Percent: 33,09%
Leech
	 Rating: 0
	 Multiplicative Factor: 0%
	 DR Bracket: 0
	 Base: 0%
	 Effective Percent: 0%
Avoidance
	 Rating: 4354
	 Multiplicative Factor: 0%
	 DR Bracket: 0
	 Base: 0%
	 Effective Percent: 8%
Mastery
	 Rating: 12865
	 Multiplicative Factor: 0%
	 DR Bracket: 0
	 Base: ∞%
	 Effective Percent: ∞%
----------------------
03:20,519

Intellect
	 Rating: 149479
	 Multiplicative Factor: 8,15%
Stamina
	 Rating: 757754
	 Multiplicative Factor: 5%
Crit
	 Rating: 3279
	 Multiplicative Factor: 0%
	 DR Bracket: 0
	 Base: 5%
	 Effective Percent: 9,68%
	 Crit Inc Heal: 2
	 Crit Inc Damage: 2
Haste
	 Rating: 18580
	 Multiplicative Factor: 0%
	 DR Bracket: 0
	 Base: 30%
	 Effective Percent: 58,15%
Vers
	 Rating: 23477
	 Multiplicative Factor: 0%
	 DR Bracket: 1
	 Base: 3%
	 Effective Percent: 33,09%
Leech
	 Rating: 0
	 Multiplicative Factor: 0%
	 DR Bracket: 0
	 Base: 0%
	 Effective Percent: 0%
Avoidance
	 Rating: 4354
	 Multiplicative Factor: 0%
	 DR Bracket: 0
	 Base: 0%
	 Effective Percent: 8%
Mastery
	 Rating: 12865
	 Multiplicative Factor: 0%
	 DR Bracket: 0
	 Base: ∞%
	 Effective Percent: ∞%
----------------------
03:20,519

Intellect
	 Rating: 149479
	 Multiplicative Factor: 8,15%
Stamina
	 Rating: 757754
	 Multiplicative Factor: 5%
Crit
	 Rating: 3279
	 Multiplicative Factor: 0%
	 DR Bracket: 0
	 Base: 5%
	 Effective Percent: 9,68%
	 Crit Inc Heal: 2
	 Crit Inc Damage: 2
Haste
	 Rating: 18580
	 Multiplicative Factor: 0%
	 DR Bracket: 0
	 Base: 30%
	 Effective Percent: 58,15%
Vers
	 Rating: 23477
	 Multiplicative Factor: 0%
	 DR Bracket: 1
	 Base: 3%
	 Effective Percent: 33,09%
Leech
	 Rating: 0
	 Multiplicative Factor: 0%
	 DR Bracket: 0
	 Base: 0%
	 Effective Percent: 0%
Avoidance
	 Rating: 4354
	 Multiplicative Factor: 0%
	 DR Bracket: 0
	 Base: 0%
	 Effective Percent: 8%
Mastery
	 Rating: 12865
	 Multiplicative Factor: 0%
	 DR Bracket: 0
	 Base: ∞%
	 Effective Percent: ∞%
----------------------
03:31,085

Intellect
	 Rating: 149479
	 Multiplicative Factor: 8,15%
Stamina
	 Rating: 757754
	 Multiplicative Factor: 5%
Crit
	 Rating: 3279
	 Multiplicative Factor: 0%
	 DR Bracket: 0
	 Base: 5%
	 Effective Percent: 9,68%
	 Crit Inc Heal: 2
	 Crit Inc Damage: 2
Haste
	 Rating: 18580
	 Multiplicative Factor: 0%
	 DR Bracket: 0
	 Base: 0%
	 Effective Percent: 28,15%
Vers
	 Rating: 23477
	 Multiplicative Factor: 0%
	 DR Bracket: 1
	 Base: 3%
	 Effective Percent: 33,09%
Leech
	 Rating: 0
	 Multiplicative Factor: 0%
	 DR Bracket: 0
	 Base: 0%
	 Effective Percent: 0%
Avoidance
	 Rating: 4354
	 Multiplicative Factor: 0%
	 DR Bracket: 0
	 Base: 0%
	 Effective Percent: 8%
Mastery
	 Rating: 12865
	 Multiplicative Factor: 0%
	 DR Bracket: 0
	 Base: ∞%
	 Effective Percent: ∞%
----------------------
03:42,254

Intellect
	 Rating: 149479
	 Multiplicative Factor: 8,15%
Stamina
	 Rating: 757754
	 Multiplicative Factor: 5%
Crit
	 Rating: 3279
	 Multiplicative Factor: 0%
	 DR Bracket: 0
	 Base: 5%
	 Effective Percent: 9,68%
	 Crit Inc Heal: 2
	 Crit Inc Damage: 2
Haste
	 Rating: 18580
	 Multiplicative Factor: 0%
	 DR Bracket: 0
	 Base: 0%
	 Effective Percent: 28,15%
Vers
	 Rating: 23477
	 Multiplicative Factor: 0%
	 DR Bracket: 1
	 Base: 3%
	 Effective Percent: 33,09%
Leech
	 Rating: 0
	 Multiplicative Factor: 0%
	 DR Bracket: 0
	 Base: 0%
	 Effective Percent: 0%
Avoidance
	 Rating: 4354
	 Multiplicative Factor: 0%
	 DR Bracket: 0
	 Base: 0%
	 Effective Percent: 8%
Mastery
	 Rating: 12865
	 Multiplicative Factor: 0%
	 DR Bracket: 0
	 Base: ∞%
	 Effective Percent: ∞%
----------------------
03:42,255

Intellect
	 Rating: 149479
	 Multiplicative Factor: 8,15%
Stamina
	 Rating: 757754
	 Multiplicative Factor: 5%
Crit
	 Rating: 3279
	 Multiplicative Factor: 0%
	 DR Bracket: 0
	 Base: 5%
	 Effective Percent: 9,68%
	 Crit Inc Heal: 2
	 Crit Inc Damage: 2
Haste
	 Rating: 18580
	 Multiplicative Factor: 0%
	 DR Bracket: 0
	 Base: 0%
	 Effective Percent: 28,15%
Vers
	 Rating: 23477
	 Multiplicative Factor: 0%
	 DR Bracket: 1
	 Base: 0%
	 Effective Percent: 30,09%
Leech
	 Rating: 0
	 Multiplicative Factor: 0%
	 DR Bracket: 0
	 Base: 0%
	 Effective Percent: 0%
Avoidance
	 Rating: 4354
	 Multiplicative Factor: 0%
	 DR Bracket: 0
	 Base: 0%
	 Effective Percent: 8%
Mastery
	 Rating: 12865
	 Multiplicative Factor: 0%
	 DR Bracket: 0
	 Base: ∞%
	 Effective Percent: ∞%
----------------------
03:42,255

Intellect
	 Rating: 149479
	 Multiplicative Factor: 8,15%
Stamina
	 Rating: 721670
	 Multiplicative Factor: 0%
Crit
	 Rating: 3279
	 Multiplicative Factor: 0%
	 DR Bracket: 0
	 Base: 5%
	 Effective Percent: 9,68%
	 Crit Inc Heal: 2
	 Crit Inc Damage: 2
Haste
	 Rating: 18580
	 Multiplicative Factor: 0%
	 DR Bracket: 0
	 Base: 0%
	 Effective Percent: 28,15%
Vers
	 Rating: 23477
	 Multiplicative Factor: 0%
	 DR Bracket: 1
	 Base: 0%
	 Effective Percent: 30,09%
Leech
	 Rating: 0
	 Multiplicative Factor: 0%
	 DR Bracket: 0
	 Base: 0%
	 Effective Percent: 0%
Avoidance
	 Rating: 4354
	 Multiplicative Factor: 0%
	 DR Bracket: 0
	 Base: 0%
	 Effective Percent: 8%
Mastery
	 Rating: 12865
	 Multiplicative Factor: 0%
	 DR Bracket: 0
	 Base: ∞%
	 Effective Percent: ∞%
----------------------
03:42,255

Intellect
	 Rating: 145125
	 Multiplicative Factor: 5%
Stamina
	 Rating: 721670
	 Multiplicative Factor: 0%
Crit
	 Rating: 3279
	 Multiplicative Factor: 0%
	 DR Bracket: 0
	 Base: 5%
	 Effective Percent: 9,68%
	 Crit Inc Heal: 2
	 Crit Inc Damage: 2
Haste
	 Rating: 18580
	 Multiplicative Factor: 0%
	 DR Bracket: 0
	 Base: 0%
	 Effective Percent: 28,15%
Vers
	 Rating: 23477
	 Multiplicative Factor: 0%
	 DR Bracket: 1
	 Base: 0%
	 Effective Percent: 30,09%
Leech
	 Rating: 0
	 Multiplicative Factor: 0%
	 DR Bracket: 0
	 Base: 0%
	 Effective Percent: 0%
Avoidance
	 Rating: 4354
	 Multiplicative Factor: 0%
	 DR Bracket: 0
	 Base: 0%
	 Effective Percent: 8%
Mastery
	 Rating: 12865
	 Multiplicative Factor: 0%
	 DR Bracket: 0
	 Base: ∞%
	 Effective Percent: ∞%
