Prismatic Barrier
	Intellect
		Heal: 1,172976411655921
	Vers
		Heal: 1,483642313707113
-------------------
Decree: Oath-Bound
	Vers
		Damage Reduction: 0,3045865690947509
-------------------
Tyranny
	Vers
		Damage Reduction: 3,3253488488460583
	Avoidance
		Damage Reduction: 10,295105018815452
-------------------
Tempest Barrier
	Stamina
		Heal: 0,0987108252150098
-------------------
Conquer
	Vers
		Damage Reduction: 0,1027592176623614
	Avoidance
		Damage Reduction: 0,37045632429179076
-------------------
Oath-Breaker
	Vers
		Damage Reduction: 0,33702393902170136
	Avoidance
		Damage Reduction: 1,134954956688865
-------------------
Banishment
	Vers
		Damage Reduction: 0,5810647573003969
-------------------
Diverted Energy
	Intellect
		Heal: 0,07108859084868581
	Vers
		Heal: 0,08991659197649828
-------------------
Behead
	Vers
		Damage Reduction: 0,14037543600628935
-------------------
Healthstone
	Stamina
		Heal: 0,01951462481739887
-------------------
Invigorating Healing Potion
	Vers
		Heal: 0,053920958181236385
-------------------
Invoke the Oath
	Vers
		Damage Reduction: 0,09630071327028775
-------------------
King's Thrall
	Vers
		Damage Reduction: 0,10666499744825163
	Avoidance
		Damage Reduction: 0,38453701559997355
-------------------
Seal the Forge
	Vers
		Damage Reduction: 0,008629807059832054
-------------------
Twilight Massacre
	Vers
		Damage Reduction: 0,11608719943096148
-------------------
Reap
	Vers
		Damage Reduction: 0,23229210623517327
-------------------
Cosmic Rip
	Vers
		Damage Reduction: 0,07613871170031414
-------------------
Dimension Glare
	Vers
		Damage Reduction: 0,32118931690053576
	Avoidance
		Damage Reduction: 1,153982390820834
-------------------
