Prismatic Barrier
	Intellect
		Heal: 1,106008738410799
	Vers
		Heal: 1,612667250057399
-------------------
Decree: Oath-Bound
	Vers
		Damage Reduction: 0,44711222789341737
-------------------
Tyranny
	Vers
		Damage Reduction: 2,0199942248714926
	Avoidance
		Damage Reduction: 5,577435457185927
-------------------
Lightforged Blessing
	Stamina
		Supportive Heal: 0,00188784883063541
-------------------
Tempest Barrier
	Stamina
		Heal: 0,056418733612469386
-------------------
Conquer
	Vers
		Damage Reduction: 0,2056458607119566
	Avoidance
		Damage Reduction: 0,41990092073148455
-------------------
Oath-Breaker
	Vers
		Damage Reduction: 0,5095264751765771
	Avoidance
		Damage Reduction: 1,2821798216061773
-------------------
Banishment
	Vers
		Damage Reduction: 0,7993102087545381
-------------------
Diverted Energy
	Intellect
		Heal: 0,10144093814491724
	Vers
		Heal: 0,14791065665219436
-------------------
King's Thrall
	Vers
		Damage Reduction: 0,09582520529095719
-------------------
Healthstone
	Stamina
		Heal: 0,025957972805933253
-------------------
Fractal Claw
	Vers
		Damage Reduction: 0,20002159191625782
-------------------
