----------------------
00:07,858

Intellect
	 Rating: 137223
	 Multiplicative Factor: 14,73%
Stamina
	 Rating: 792620
	 Multiplicative Factor: 11,3%
Crit
	 Rating: 30021
	 Multiplicative Factor: 0%
	 DR Bracket: 2
	 Base: 9%
	 Effective Percent: 50,21%
	 Crit Inc Heal: 2
	 Crit Inc Damage: 2
Haste
	 Rating: 14569
	 Multiplicative Factor: 0%
	 DR Bracket: 0
	 Base: 1%
	 Effective Percent: 23,07%
Vers
	 Rating: 10815
	 Multiplicative Factor: 0%
	 DR Bracket: 0
	 Base: 3%
	 Effective Percent: 16,87%
Leech
	 Rating: 4194
	 Multiplicative Factor: 0%
	 DR Bracket: 0
	 Base: 0%
	 Effective Percent: 4,11%
Avoidance
	 Rating: 851
	 Multiplicative Factor: 0%
	 DR Bracket: 0
	 Base: 0%
	 Effective Percent: 1,56%
Mastery
	 Rating: 2489
	 Multiplicative Factor: 0%
	 DR Bracket: 0
	 Base: 21%
	 Effective Percent: 26,33%
----------------------
00:12,764

Intellect
	 Rating: 137223
	 Multiplicative Factor: 14,73%
Stamina
	 Rating: 792620
	 Multiplicative Factor: 11,3%
Crit
	 Rating: 30021
	 Multiplicative Factor: 0%
	 DR Bracket: 2
	 Base: 9%
	 Effective Percent: 50,21%
	 Crit Inc Heal: 2
	 Crit Inc Damage: 2
Haste
	 Rating: 14569
	 Multiplicative Factor: 0%
	 DR Bracket: 0
	 Base: 2%
	 Effective Percent: 24,07%
Vers
	 Rating: 10815
	 Multiplicative Factor: 0%
	 DR Bracket: 0
	 Base: 3%
	 Effective Percent: 16,87%
Leech
	 Rating: 4194
	 Multiplicative Factor: 0%
	 DR Bracket: 0
	 Base: 0%
	 Effective Percent: 4,11%
Avoidance
	 Rating: 851
	 Multiplicative Factor: 0%
	 DR Bracket: 0
	 Base: 0%
	 Effective Percent: 1,56%
Mastery
	 Rating: 2489
	 Multiplicative Factor: 0%
	 DR Bracket: 0
	 Base: 21%
	 Effective Percent: 26,33%
----------------------
00:18,977

Intellect
	 Rating: 137223
	 Multiplicative Factor: 14,73%
Stamina
	 Rating: 792620
	 Multiplicative Factor: 11,3%
Crit
	 Rating: 30021
	 Multiplicative Factor: 0%
	 DR Bracket: 2
	 Base: 9%
	 Effective Percent: 50,21%
	 Crit Inc Heal: 2
	 Crit Inc Damage: 2
Haste
	 Rating: 14569
	 Multiplicative Factor: 0%
	 DR Bracket: 0
	 Base: 3%
	 Effective Percent: 25,07%
Vers
	 Rating: 10815
	 Multiplicative Factor: 0%
	 DR Bracket: 0
	 Base: 3%
	 Effective Percent: 16,87%
Leech
	 Rating: 4194
	 Multiplicative Factor: 0%
	 DR Bracket: 0
	 Base: 0%
	 Effective Percent: 4,11%
Avoidance
	 Rating: 851
	 Multiplicative Factor: 0%
	 DR Bracket: 0
	 Base: 0%
	 Effective Percent: 1,56%
Mastery
	 Rating: 2489
	 Multiplicative Factor: 0%
	 DR Bracket: 0
	 Base: 21%
	 Effective Percent: 26,33%
----------------------
00:21,359

Intellect
	 Rating: 137223
	 Multiplicative Factor: 14,73%
Stamina
	 Rating: 792620
	 Multiplicative Factor: 11,3%
Crit
	 Rating: 30021
	 Multiplicative Factor: 0%
	 DR Bracket: 2
	 Base: 9%
	 Effective Percent: 50,21%
	 Crit Inc Heal: 2
	 Crit Inc Damage: 2
Haste
	 Rating: 14569
	 Multiplicative Factor: 0%
	 DR Bracket: 0
	 Base: 4%
	 Effective Percent: 26,07%
Vers
	 Rating: 10815
	 Multiplicative Factor: 0%
	 DR Bracket: 0
	 Base: 3%
	 Effective Percent: 16,87%
Leech
	 Rating: 4194
	 Multiplicative Factor: 0%
	 DR Bracket: 0
	 Base: 0%
	 Effective Percent: 4,11%
Avoidance
	 Rating: 851
	 Multiplicative Factor: 0%
	 DR Bracket: 0
	 Base: 0%
	 Effective Percent: 1,56%
Mastery
	 Rating: 2489
	 Multiplicative Factor: 0%
	 DR Bracket: 0
	 Base: 21%
	 Effective Percent: 26,33%
----------------------
00:26,088

Intellect
	 Rating: 137223
	 Multiplicative Factor: 14,73%
Stamina
	 Rating: 792620
	 Multiplicative Factor: 11,3%
Crit
	 Rating: 30021
	 Multiplicative Factor: 0%
	 DR Bracket: 2
	 Base: 9%
	 Effective Percent: 50,21%
	 Crit Inc Heal: 2
	 Crit Inc Damage: 2
Haste
	 Rating: 14569
	 Multiplicative Factor: 0%
	 DR Bracket: 0
	 Base: 5%
	 Effective Percent: 27,07%
Vers
	 Rating: 10815
	 Multiplicative Factor: 0%
	 DR Bracket: 0
	 Base: 3%
	 Effective Percent: 16,87%
Leech
	 Rating: 4194
	 Multiplicative Factor: 0%
	 DR Bracket: 0
	 Base: 0%
	 Effective Percent: 4,11%
Avoidance
	 Rating: 851
	 Multiplicative Factor: 0%
	 DR Bracket: 0
	 Base: 0%
	 Effective Percent: 1,56%
Mastery
	 Rating: 2489
	 Multiplicative Factor: 0%
	 DR Bracket: 0
	 Base: 21%
	 Effective Percent: 26,33%
----------------------
02:21,511

Intellect
	 Rating: 137223
	 Multiplicative Factor: 14,73%
Stamina
	 Rating: 792620
	 Multiplicative Factor: 11,3%
Crit
	 Rating: 30021
	 Multiplicative Factor: 0%
	 DR Bracket: 2
	 Base: 9%
	 Effective Percent: 50,21%
	 Crit Inc Heal: 2
	 Crit Inc Damage: 2
Haste
	 Rating: 14569
	 Multiplicative Factor: 0%
	 DR Bracket: 0
	 Base: 5%
	 Effective Percent: 27,07%
Vers
	 Rating: 10815
	 Multiplicative Factor: 0%
	 DR Bracket: 0
	 Base: 3%
	 Effective Percent: 16,87%
Leech
	 Rating: 4194
	 Multiplicative Factor: 0%
	 DR Bracket: 0
	 Base: 0%
	 Effective Percent: 4,11%
Avoidance
	 Rating: 851
	 Multiplicative Factor: 0%
	 DR Bracket: 0
	 Base: 0%
	 Effective Percent: 1,56%
Mastery
	 Rating: 2489
	 Multiplicative Factor: 0%
	 DR Bracket: 0
	 Base: 18%
	 Effective Percent: 23,33%
----------------------
02:21,511

Intellect
	 Rating: 137223
	 Multiplicative Factor: 14,73%
Stamina
	 Rating: 792620
	 Multiplicative Factor: 11,3%
Crit
	 Rating: 30021
	 Multiplicative Factor: 0%
	 DR Bracket: 2
	 Base: 9%
	 Effective Percent: 50,21%
	 Crit Inc Heal: 2
	 Crit Inc Damage: 2
Haste
	 Rating: 14569
	 Multiplicative Factor: 0%
	 DR Bracket: 0
	 Base: 5%
	 Effective Percent: 27,07%
Vers
	 Rating: 10815
	 Multiplicative Factor: 0%
	 DR Bracket: 0
	 Base: 3%
	 Effective Percent: 16,87%
Leech
	 Rating: 4194
	 Multiplicative Factor: 0%
	 DR Bracket: 0
	 Base: 0%
	 Effective Percent: 4,11%
Avoidance
	 Rating: 851
	 Multiplicative Factor: 0%
	 DR Bracket: 0
	 Base: 0%
	 Effective Percent: 1,56%
Mastery
	 Rating: 2489
	 Multiplicative Factor: 0%
	 DR Bracket: 0
	 Base: 21%
	 Effective Percent: 26,33%
----------------------
02:21,786

Intellect
	 Rating: 137223
	 Multiplicative Factor: 14,73%
Stamina
	 Rating: 792620
	 Multiplicative Factor: 11,3%
Crit
	 Rating: 30021
	 Multiplicative Factor: 0%
	 DR Bracket: 2
	 Base: 9%
	 Effective Percent: 50,21%
	 Crit Inc Heal: 2
	 Crit Inc Damage: 2
Haste
	 Rating: 14569
	 Multiplicative Factor: 0%
	 DR Bracket: 0
	 Base: 5%
	 Effective Percent: 27,07%
Vers
	 Rating: 10815
	 Multiplicative Factor: 0%
	 DR Bracket: 0
	 Base: 3%
	 Effective Percent: 16,87%
Leech
	 Rating: 4194
	 Multiplicative Factor: 0%
	 DR Bracket: 0
	 Base: 0%
	 Effective Percent: 4,11%
Avoidance
	 Rating: 851
	 Multiplicative Factor: 0%
	 DR Bracket: 0
	 Base: 0%
	 Effective Percent: 1,56%
Mastery
	 Rating: 2489
	 Multiplicative Factor: 0%
	 DR Bracket: 0
	 Base: 18%
	 Effective Percent: 23,33%
----------------------
02:21,786

Intellect
	 Rating: 137223
	 Multiplicative Factor: 14,73%
Stamina
	 Rating: 792620
	 Multiplicative Factor: 11,3%
Crit
	 Rating: 30021
	 Multiplicative Factor: 0%
	 DR Bracket: 2
	 Base: 9%
	 Effective Percent: 50,21%
	 Crit Inc Heal: 2
	 Crit Inc Damage: 2
Haste
	 Rating: 14569
	 Multiplicative Factor: 0%
	 DR Bracket: 0
	 Base: 5%
	 Effective Percent: 27,07%
Vers
	 Rating: 10815
	 Multiplicative Factor: 0%
	 DR Bracket: 0
	 Base: 3%
	 Effective Percent: 16,87%
Leech
	 Rating: 4194
	 Multiplicative Factor: 0%
	 DR Bracket: 0
	 Base: 0%
	 Effective Percent: 4,11%
Avoidance
	 Rating: 851
	 Multiplicative Factor: 0%
	 DR Bracket: 0
	 Base: 0%
	 Effective Percent: 1,56%
Mastery
	 Rating: 2489
	 Multiplicative Factor: 0%
	 DR Bracket: 0
	 Base: 21%
	 Effective Percent: 26,33%
----------------------
02:29,464

Intellect
	 Rating: 137223
	 Multiplicative Factor: 14,73%
Stamina
	 Rating: 792620
	 Multiplicative Factor: 11,3%
Crit
	 Rating: 30021
	 Multiplicative Factor: 0%
	 DR Bracket: 2
	 Base: 9%
	 Effective Percent: 50,21%
	 Crit Inc Heal: 2
	 Crit Inc Damage: 2
Haste
	 Rating: 14569
	 Multiplicative Factor: 0%
	 DR Bracket: 0
	 Base: 5%
	 Effective Percent: 27,07%
Vers
	 Rating: 10815
	 Multiplicative Factor: 0%
	 DR Bracket: 0
	 Base: 0%
	 Effective Percent: 13,87%
Leech
	 Rating: 4194
	 Multiplicative Factor: 0%
	 DR Bracket: 0
	 Base: 0%
	 Effective Percent: 4,11%
Avoidance
	 Rating: 851
	 Multiplicative Factor: 0%
	 DR Bracket: 0
	 Base: 0%
	 Effective Percent: 1,56%
Mastery
	 Rating: 2489
	 Multiplicative Factor: 0%
	 DR Bracket: 0
	 Base: 21%
	 Effective Percent: 26,33%
----------------------
02:29,464

Intellect
	 Rating: 137223
	 Multiplicative Factor: 14,73%
Stamina
	 Rating: 792620
	 Multiplicative Factor: 11,3%
Crit
	 Rating: 30021
	 Multiplicative Factor: 0%
	 DR Bracket: 2
	 Base: 9%
	 Effective Percent: 50,21%
	 Crit Inc Heal: 2
	 Crit Inc Damage: 2
Haste
	 Rating: 14569
	 Multiplicative Factor: 0%
	 DR Bracket: 0
	 Base: 5%
	 Effective Percent: 27,07%
Vers
	 Rating: 10815
	 Multiplicative Factor: 0%
	 DR Bracket: 0
	 Base: 3%
	 Effective Percent: 16,87%
Leech
	 Rating: 4194
	 Multiplicative Factor: 0%
	 DR Bracket: 0
	 Base: 0%
	 Effective Percent: 4,11%
Avoidance
	 Rating: 851
	 Multiplicative Factor: 0%
	 DR Bracket: 0
	 Base: 0%
	 Effective Percent: 1,56%
Mastery
	 Rating: 2489
	 Multiplicative Factor: 0%
	 DR Bracket: 0
	 Base: 21%
	 Effective Percent: 26,33%
----------------------
02:40,334

Intellect
	 Rating: 137223
	 Multiplicative Factor: 14,73%
Stamina
	 Rating: 792620
	 Multiplicative Factor: 11,3%
Crit
	 Rating: 30021
	 Multiplicative Factor: 0%
	 DR Bracket: 2
	 Base: 9%
	 Effective Percent: 50,21%
	 Crit Inc Heal: 2
	 Crit Inc Damage: 2
Haste
	 Rating: 14569
	 Multiplicative Factor: 0%
	 DR Bracket: 0
	 Base: 5%
	 Effective Percent: 27,07%
Vers
	 Rating: 10815
	 Multiplicative Factor: 0%
	 DR Bracket: 0
	 Base: 0%
	 Effective Percent: 13,87%
Leech
	 Rating: 4194
	 Multiplicative Factor: 0%
	 DR Bracket: 0
	 Base: 0%
	 Effective Percent: 4,11%
Avoidance
	 Rating: 851
	 Multiplicative Factor: 0%
	 DR Bracket: 0
	 Base: 0%
	 Effective Percent: 1,56%
Mastery
	 Rating: 2489
	 Multiplicative Factor: 0%
	 DR Bracket: 0
	 Base: 21%
	 Effective Percent: 26,33%
----------------------
02:40,334

Intellect
	 Rating: 137223
	 Multiplicative Factor: 14,73%
Stamina
	 Rating: 792620
	 Multiplicative Factor: 11,3%
Crit
	 Rating: 30021
	 Multiplicative Factor: 0%
	 DR Bracket: 2
	 Base: 9%
	 Effective Percent: 50,21%
	 Crit Inc Heal: 2
	 Crit Inc Damage: 2
Haste
	 Rating: 14569
	 Multiplicative Factor: 0%
	 DR Bracket: 0
	 Base: 5%
	 Effective Percent: 27,07%
Vers
	 Rating: 10815
	 Multiplicative Factor: 0%
	 DR Bracket: 0
	 Base: 3%
	 Effective Percent: 16,87%
Leech
	 Rating: 4194
	 Multiplicative Factor: 0%
	 DR Bracket: 0
	 Base: 0%
	 Effective Percent: 4,11%
Avoidance
	 Rating: 851
	 Multiplicative Factor: 0%
	 DR Bracket: 0
	 Base: 0%
	 Effective Percent: 1,56%
Mastery
	 Rating: 2489
	 Multiplicative Factor: 0%
	 DR Bracket: 0
	 Base: 21%
	 Effective Percent: 26,33%
----------------------
03:46,853

Intellect
	 Rating: 141340
	 Multiplicative Factor: 18,17%
Stamina
	 Rating: 792620
	 Multiplicative Factor: 11,3%
Crit
	 Rating: 30021
	 Multiplicative Factor: 0%
	 DR Bracket: 2
	 Base: 9%
	 Effective Percent: 50,21%
	 Crit Inc Heal: 2
	 Crit Inc Damage: 2
Haste
	 Rating: 14569
	 Multiplicative Factor: 0%
	 DR Bracket: 0
	 Base: 5%
	 Effective Percent: 27,07%
Vers
	 Rating: 10815
	 Multiplicative Factor: 0%
	 DR Bracket: 0
	 Base: 3%
	 Effective Percent: 16,87%
Leech
	 Rating: 4194
	 Multiplicative Factor: 0%
	 DR Bracket: 0
	 Base: 0%
	 Effective Percent: 4,11%
Avoidance
	 Rating: 851
	 Multiplicative Factor: 0%
	 DR Bracket: 0
	 Base: 0%
	 Effective Percent: 1,56%
Mastery
	 Rating: 2489
	 Multiplicative Factor: 0%
	 DR Bracket: 0
	 Base: 21%
	 Effective Percent: 26,33%
----------------------
00:00,000

Intellect
	 Rating: 137223
	 Multiplicative Factor: 14,73%
Stamina
	 Rating: 792620
	 Multiplicative Factor: 11,3%
Crit
	 Rating: 30021
	 Multiplicative Factor: 0%
	 DR Bracket: 2
	 Base: 9%
	 Effective Percent: 50,21%
	 Crit Inc Heal: 2
	 Crit Inc Damage: 2
Haste
	 Rating: 14569
	 Multiplicative Factor: 0%
	 DR Bracket: 0
	 Base: 5%
	 Effective Percent: 27,07%
Vers
	 Rating: 10815
	 Multiplicative Factor: 0%
	 DR Bracket: 0
	 Base: 3%
	 Effective Percent: 16,87%
Leech
	 Rating: 4194
	 Multiplicative Factor: 0%
	 DR Bracket: 0
	 Base: 0%
	 Effective Percent: 4,11%
Avoidance
	 Rating: 851
	 Multiplicative Factor: 0%
	 DR Bracket: 0
	 Base: 0%
	 Effective Percent: 1,56%
Mastery
	 Rating: 2489
	 Multiplicative Factor: 0%
	 DR Bracket: 0
	 Base: 21%
	 Effective Percent: 26,33%
----------------------
03:46,853

Intellect
	 Rating: 137223
	 Multiplicative Factor: 14,73%
Stamina
	 Rating: 832251
	 Multiplicative Factor: 16,87%
Crit
	 Rating: 30021
	 Multiplicative Factor: 0%
	 DR Bracket: 2
	 Base: 9%
	 Effective Percent: 50,21%
	 Crit Inc Heal: 2
	 Crit Inc Damage: 2
Haste
	 Rating: 14569
	 Multiplicative Factor: 0%
	 DR Bracket: 0
	 Base: 5%
	 Effective Percent: 27,07%
Vers
	 Rating: 10815
	 Multiplicative Factor: 0%
	 DR Bracket: 0
	 Base: 3%
	 Effective Percent: 16,87%
Leech
	 Rating: 4194
	 Multiplicative Factor: 0%
	 DR Bracket: 0
	 Base: 0%
	 Effective Percent: 4,11%
Avoidance
	 Rating: 851
	 Multiplicative Factor: 0%
	 DR Bracket: 0
	 Base: 0%
	 Effective Percent: 1,56%
Mastery
	 Rating: 2489
	 Multiplicative Factor: 0%
	 DR Bracket: 0
	 Base: 21%
	 Effective Percent: 26,33%
----------------------
00:00,000

Intellect
	 Rating: 137223
	 Multiplicative Factor: 14,73%
Stamina
	 Rating: 792620
	 Multiplicative Factor: 11,3%
Crit
	 Rating: 30021
	 Multiplicative Factor: 0%
	 DR Bracket: 2
	 Base: 9%
	 Effective Percent: 50,21%
	 Crit Inc Heal: 2
	 Crit Inc Damage: 2
Haste
	 Rating: 14569
	 Multiplicative Factor: 0%
	 DR Bracket: 0
	 Base: 5%
	 Effective Percent: 27,07%
Vers
	 Rating: 10815
	 Multiplicative Factor: 0%
	 DR Bracket: 0
	 Base: 3%
	 Effective Percent: 16,87%
Leech
	 Rating: 4194
	 Multiplicative Factor: 0%
	 DR Bracket: 0
	 Base: 0%
	 Effective Percent: 4,11%
Avoidance
	 Rating: 851
	 Multiplicative Factor: 0%
	 DR Bracket: 0
	 Base: 0%
	 Effective Percent: 1,56%
Mastery
	 Rating: 2489
	 Multiplicative Factor: 0%
	 DR Bracket: 0
	 Base: 21%
	 Effective Percent: 26,33%
----------------------
03:46,854

Intellect
	 Rating: 137223
	 Multiplicative Factor: 14,73%
Stamina
	 Rating: 792620
	 Multiplicative Factor: 11,3%
Crit
	 Rating: 30021
	 Multiplicative Factor: 0%
	 DR Bracket: 2
	 Base: 9%
	 Effective Percent: 50,21%
	 Crit Inc Heal: 2
	 Crit Inc Damage: 2
Haste
	 Rating: 14569
	 Multiplicative Factor: 0%
	 DR Bracket: 0
	 Base: 5%
	 Effective Percent: 27,07%
Vers
	 Rating: 10815
	 Multiplicative Factor: 0%
	 DR Bracket: 0
	 Base: 6%
	 Effective Percent: 19,87%
Leech
	 Rating: 4194
	 Multiplicative Factor: 0%
	 DR Bracket: 0
	 Base: 0%
	 Effective Percent: 4,11%
Avoidance
	 Rating: 851
	 Multiplicative Factor: 0%
	 DR Bracket: 0
	 Base: 0%
	 Effective Percent: 1,56%
Mastery
	 Rating: 2489
	 Multiplicative Factor: 0%
	 DR Bracket: 0
	 Base: 21%
	 Effective Percent: 26,33%
----------------------
00:00,000

Intellect
	 Rating: 137223
	 Multiplicative Factor: 14,73%
Stamina
	 Rating: 792620
	 Multiplicative Factor: 11,3%
Crit
	 Rating: 30021
	 Multiplicative Factor: 0%
	 DR Bracket: 2
	 Base: 9%
	 Effective Percent: 50,21%
	 Crit Inc Heal: 2
	 Crit Inc Damage: 2
Haste
	 Rating: 14569
	 Multiplicative Factor: 0%
	 DR Bracket: 0
	 Base: 5%
	 Effective Percent: 27,07%
Vers
	 Rating: 10815
	 Multiplicative Factor: 0%
	 DR Bracket: 0
	 Base: 3%
	 Effective Percent: 16,87%
Leech
	 Rating: 4194
	 Multiplicative Factor: 0%
	 DR Bracket: 0
	 Base: 0%
	 Effective Percent: 4,11%
Avoidance
	 Rating: 851
	 Multiplicative Factor: 0%
	 DR Bracket: 0
	 Base: 0%
	 Effective Percent: 1,56%
Mastery
	 Rating: 2489
	 Multiplicative Factor: 0%
	 DR Bracket: 0
	 Base: 21%
	 Effective Percent: 26,33%
----------------------
03:46,854

Intellect
	 Rating: 137223
	 Multiplicative Factor: 14,73%
Stamina
	 Rating: 792620
	 Multiplicative Factor: 11,3%
Crit
	 Rating: 30021
	 Multiplicative Factor: 0%
	 DR Bracket: 2
	 Base: 9%
	 Effective Percent: 50,21%
	 Crit Inc Heal: 2
	 Crit Inc Damage: 2
Haste
	 Rating: 14569
	 Multiplicative Factor: 0%
	 DR Bracket: 0
	 Base: 5%
	 Effective Percent: 27,07%
Vers
	 Rating: 10815
	 Multiplicative Factor: 0%
	 DR Bracket: 0
	 Base: 3%
	 Effective Percent: 16,87%
Leech
	 Rating: 4194
	 Multiplicative Factor: 0%
	 DR Bracket: 0
	 Base: 0%
	 Effective Percent: 4,11%
Avoidance
	 Rating: 851
	 Multiplicative Factor: 0%
	 DR Bracket: 0
	 Base: 0%
	 Effective Percent: 1,56%
Mastery
	 Rating: 2489
	 Multiplicative Factor: 0%
	 DR Bracket: 0
	 Base: 24%
	 Effective Percent: 29,33%
----------------------
00:00,000

Intellect
	 Rating: 137223
	 Multiplicative Factor: 14,73%
Stamina
	 Rating: 792620
	 Multiplicative Factor: 11,3%
Crit
	 Rating: 30021
	 Multiplicative Factor: 0%
	 DR Bracket: 2
	 Base: 9%
	 Effective Percent: 50,21%
	 Crit Inc Heal: 2
	 Crit Inc Damage: 2
Haste
	 Rating: 14569
	 Multiplicative Factor: 0%
	 DR Bracket: 0
	 Base: 5%
	 Effective Percent: 27,07%
Vers
	 Rating: 10815
	 Multiplicative Factor: 0%
	 DR Bracket: 0
	 Base: 3%
	 Effective Percent: 16,87%
Leech
	 Rating: 4194
	 Multiplicative Factor: 0%
	 DR Bracket: 0
	 Base: 0%
	 Effective Percent: 4,11%
Avoidance
	 Rating: 851
	 Multiplicative Factor: 0%
	 DR Bracket: 0
	 Base: 0%
	 Effective Percent: 1,56%
Mastery
	 Rating: 2489
	 Multiplicative Factor: 0%
	 DR Bracket: 0
	 Base: 21%
	 Effective Percent: 26,33%
----------------------
03:46,854

Intellect
	 Rating: 137223
	 Multiplicative Factor: 14,73%
Stamina
	 Rating: 792620
	 Multiplicative Factor: 11,3%
Crit
	 Rating: 30021
	 Multiplicative Factor: 0%
	 DR Bracket: 2
	 Base: 9%
	 Effective Percent: 50,21%
	 Crit Inc Heal: 2
	 Crit Inc Damage: 2
Haste
	 Rating: 14569
	 Multiplicative Factor: 0%
	 DR Bracket: 0
	 Base: 6%
	 Effective Percent: 28,07%
Vers
	 Rating: 10815
	 Multiplicative Factor: 0%
	 DR Bracket: 0
	 Base: 3%
	 Effective Percent: 16,87%
Leech
	 Rating: 4194
	 Multiplicative Factor: 0%
	 DR Bracket: 0
	 Base: 0%
	 Effective Percent: 4,11%
Avoidance
	 Rating: 851
	 Multiplicative Factor: 0%
	 DR Bracket: 0
	 Base: 0%
	 Effective Percent: 1,56%
Mastery
	 Rating: 2489
	 Multiplicative Factor: 0%
	 DR Bracket: 0
	 Base: 21%
	 Effective Percent: 26,33%
----------------------
04:25,205

Intellect
	 Rating: 137223
	 Multiplicative Factor: 14,73%
Stamina
	 Rating: 792620
	 Multiplicative Factor: 11,3%
Crit
	 Rating: 30021
	 Multiplicative Factor: 0%
	 DR Bracket: 2
	 Base: 9%
	 Effective Percent: 50,21%
	 Crit Inc Heal: 2
	 Crit Inc Damage: 2
Haste
	 Rating: 14569
	 Multiplicative Factor: 0%
	 DR Bracket: 0
	 Base: 36%
	 Effective Percent: 58,07%
Vers
	 Rating: 10815
	 Multiplicative Factor: 0%
	 DR Bracket: 0
	 Base: 3%
	 Effective Percent: 16,87%
Leech
	 Rating: 4194
	 Multiplicative Factor: 0%
	 DR Bracket: 0
	 Base: 0%
	 Effective Percent: 4,11%
Avoidance
	 Rating: 851
	 Multiplicative Factor: 0%
	 DR Bracket: 0
	 Base: 0%
	 Effective Percent: 1,56%
Mastery
	 Rating: 2489
	 Multiplicative Factor: 0%
	 DR Bracket: 0
	 Base: 21%
	 Effective Percent: 26,33%
----------------------
05:05,215

Intellect
	 Rating: 137223
	 Multiplicative Factor: 14,73%
Stamina
	 Rating: 792620
	 Multiplicative Factor: 11,3%
Crit
	 Rating: 30021
	 Multiplicative Factor: 0%
	 DR Bracket: 2
	 Base: 9%
	 Effective Percent: 50,21%
	 Crit Inc Heal: 2
	 Crit Inc Damage: 2
Haste
	 Rating: 14569
	 Multiplicative Factor: 0%
	 DR Bracket: 0
	 Base: 6%
	 Effective Percent: 28,07%
Vers
	 Rating: 10815
	 Multiplicative Factor: 0%
	 DR Bracket: 0
	 Base: 3%
	 Effective Percent: 16,87%
Leech
	 Rating: 4194
	 Multiplicative Factor: 0%
	 DR Bracket: 0
	 Base: 0%
	 Effective Percent: 4,11%
Avoidance
	 Rating: 851
	 Multiplicative Factor: 0%
	 DR Bracket: 0
	 Base: 0%
	 Effective Percent: 1,56%
Mastery
	 Rating: 2489
	 Multiplicative Factor: 0%
	 DR Bracket: 0
	 Base: 21%
	 Effective Percent: 26,33%
----------------------
06:49,670

Intellect
	 Rating: 137223
	 Multiplicative Factor: 14,73%
Stamina
	 Rating: 754876
	 Multiplicative Factor: 6%
Crit
	 Rating: 30021
	 Multiplicative Factor: 0%
	 DR Bracket: 2
	 Base: 9%
	 Effective Percent: 50,21%
	 Crit Inc Heal: 2
	 Crit Inc Damage: 2
Haste
	 Rating: 14569
	 Multiplicative Factor: 0%
	 DR Bracket: 0
	 Base: 6%
	 Effective Percent: 28,07%
Vers
	 Rating: 10815
	 Multiplicative Factor: 0%
	 DR Bracket: 0
	 Base: 3%
	 Effective Percent: 16,87%
Leech
	 Rating: 4194
	 Multiplicative Factor: 0%
	 DR Bracket: 0
	 Base: 0%
	 Effective Percent: 4,11%
Avoidance
	 Rating: 851
	 Multiplicative Factor: 0%
	 DR Bracket: 0
	 Base: 0%
	 Effective Percent: 1,56%
Mastery
	 Rating: 2489
	 Multiplicative Factor: 0%
	 DR Bracket: 0
	 Base: 21%
	 Effective Percent: 26,33%
----------------------
06:49,671

Intellect
	 Rating: 137223
	 Multiplicative Factor: 14,73%
Stamina
	 Rating: 754876
	 Multiplicative Factor: 6%
Crit
	 Rating: 30021
	 Multiplicative Factor: 0%
	 DR Bracket: 2
	 Base: 9%
	 Effective Percent: 50,21%
	 Crit Inc Heal: 2
	 Crit Inc Damage: 2
Haste
	 Rating: 14569
	 Multiplicative Factor: 0%
	 DR Bracket: 0
	 Base: 6%
	 Effective Percent: 28,07%
Vers
	 Rating: 10815
	 Multiplicative Factor: 0%
	 DR Bracket: 0
	 Base: 0%
	 Effective Percent: 13,87%
Leech
	 Rating: 4194
	 Multiplicative Factor: 0%
	 DR Bracket: 0
	 Base: 0%
	 Effective Percent: 4,11%
Avoidance
	 Rating: 851
	 Multiplicative Factor: 0%
	 DR Bracket: 0
	 Base: 0%
	 Effective Percent: 1,56%
Mastery
	 Rating: 2489
	 Multiplicative Factor: 0%
	 DR Bracket: 0
	 Base: 21%
	 Effective Percent: 26,33%
----------------------
06:49,671

Intellect
	 Rating: 137223
	 Multiplicative Factor: 14,73%
Stamina
	 Rating: 754876
	 Multiplicative Factor: 6%
Crit
	 Rating: 30021
	 Multiplicative Factor: 0%
	 DR Bracket: 2
	 Base: 9%
	 Effective Percent: 50,21%
	 Crit Inc Heal: 2
	 Crit Inc Damage: 2
Haste
	 Rating: 14569
	 Multiplicative Factor: 0%
	 DR Bracket: 0
	 Base: 6%
	 Effective Percent: 28,07%
Vers
	 Rating: 10815
	 Multiplicative Factor: 0%
	 DR Bracket: 0
	 Base: 0%
	 Effective Percent: 13,87%
Leech
	 Rating: 4194
	 Multiplicative Factor: 0%
	 DR Bracket: 0
	 Base: 0%
	 Effective Percent: 4,11%
Avoidance
	 Rating: 851
	 Multiplicative Factor: 0%
	 DR Bracket: 0
	 Base: 0%
	 Effective Percent: 1,56%
Mastery
	 Rating: 2489
	 Multiplicative Factor: 0%
	 DR Bracket: 0
	 Base: 18%
	 Effective Percent: 23,33%
----------------------
06:49,671

Intellect
	 Rating: 137223
	 Multiplicative Factor: 14,73%
Stamina
	 Rating: 754876
	 Multiplicative Factor: 6%
Crit
	 Rating: 30021
	 Multiplicative Factor: 0%
	 DR Bracket: 2
	 Base: 9%
	 Effective Percent: 50,21%
	 Crit Inc Heal: 2
	 Crit Inc Damage: 2
Haste
	 Rating: 14569
	 Multiplicative Factor: 0%
	 DR Bracket: 0
	 Base: 1%
	 Effective Percent: 23,07%
Vers
	 Rating: 10815
	 Multiplicative Factor: 0%
	 DR Bracket: 0
	 Base: 0%
	 Effective Percent: 13,87%
Leech
	 Rating: 4194
	 Multiplicative Factor: 0%
	 DR Bracket: 0
	 Base: 0%
	 Effective Percent: 4,11%
Avoidance
	 Rating: 851
	 Multiplicative Factor: 0%
	 DR Bracket: 0
	 Base: 0%
	 Effective Percent: 1,56%
Mastery
	 Rating: 2489
	 Multiplicative Factor: 0%
	 DR Bracket: 0
	 Base: 18%
	 Effective Percent: 23,33%
----------------------
06:49,671

Intellect
	 Rating: 133226
	 Multiplicative Factor: 11,38%
Stamina
	 Rating: 754876
	 Multiplicative Factor: 6%
Crit
	 Rating: 30021
	 Multiplicative Factor: 0%
	 DR Bracket: 2
	 Base: 9%
	 Effective Percent: 50,21%
	 Crit Inc Heal: 2
	 Crit Inc Damage: 2
Haste
	 Rating: 14569
	 Multiplicative Factor: 0%
	 DR Bracket: 0
	 Base: 1%
	 Effective Percent: 23,07%
Vers
	 Rating: 10815
	 Multiplicative Factor: 0%
	 DR Bracket: 0
	 Base: 0%
	 Effective Percent: 13,87%
Leech
	 Rating: 4194
	 Multiplicative Factor: 0%
	 DR Bracket: 0
	 Base: 0%
	 Effective Percent: 4,11%
Avoidance
	 Rating: 851
	 Multiplicative Factor: 0%
	 DR Bracket: 0
	 Base: 0%
	 Effective Percent: 1,56%
Mastery
	 Rating: 2489
	 Multiplicative Factor: 0%
	 DR Bracket: 0
	 Base: 18%
	 Effective Percent: 23,33%
