----------------------
00:04,983

Intellect
	 Rating: 157783
	 Multiplicative Factor: 8,15%
Stamina
	 Rating: 757754
	 Multiplicative Factor: 5%
Crit
	 Rating: 8880
	 Multiplicative Factor: 0%
	 DR Bracket: 0
	 Base: 5%
	 Effective Percent: 17,69%
	 Crit Inc Heal: 2
	 Crit Inc Damage: 2
Haste
	 Rating: 18580
	 Multiplicative Factor: 0%
	 DR Bracket: 0
	 Base: 0%
	 Effective Percent: 28,15%
Vers
	 Rating: 23477
	 Multiplicative Factor: 0%
	 DR Bracket: 1
	 Base: 3%
	 Effective Percent: 33,09%
Leech
	 Rating: 0
	 Multiplicative Factor: 0%
	 DR Bracket: 0
	 Base: 0%
	 Effective Percent: 0%
Avoidance
	 Rating: 4354
	 Multiplicative Factor: 0%
	 DR Bracket: 0
	 Base: 0%
	 Effective Percent: 8%
Mastery
	 Rating: 12865
	 Multiplicative Factor: 0%
	 DR Bracket: 0
	 Base: ∞%
	 Effective Percent: ∞%
----------------------
00:09,097

Intellect
	 Rating: 157783
	 Multiplicative Factor: 8,15%
Stamina
	 Rating: 757754
	 Multiplicative Factor: 5%
Crit
	 Rating: 14481
	 Multiplicative Factor: 0%
	 DR Bracket: 0
	 Base: 5%
	 Effective Percent: 25,69%
	 Crit Inc Heal: 2
	 Crit Inc Damage: 2
Haste
	 Rating: 18580
	 Multiplicative Factor: 0%
	 DR Bracket: 0
	 Base: 0%
	 Effective Percent: 28,15%
Vers
	 Rating: 23477
	 Multiplicative Factor: 0%
	 DR Bracket: 1
	 Base: 3%
	 Effective Percent: 33,09%
Leech
	 Rating: 0
	 Multiplicative Factor: 0%
	 DR Bracket: 0
	 Base: 0%
	 Effective Percent: 0%
Avoidance
	 Rating: 4354
	 Multiplicative Factor: 0%
	 DR Bracket: 0
	 Base: 0%
	 Effective Percent: 8%
Mastery
	 Rating: 12865
	 Multiplicative Factor: 0%
	 DR Bracket: 0
	 Base: ∞%
	 Effective Percent: ∞%
----------------------
00:10,728

Intellect
	 Rating: 157783
	 Multiplicative Factor: 8,15%
Stamina
	 Rating: 757754
	 Multiplicative Factor: 5%
Crit
	 Rating: 20083
	 Multiplicative Factor: 0%
	 DR Bracket: 0
	 Base: 5%
	 Effective Percent: 33,69%
	 Crit Inc Heal: 2
	 Crit Inc Damage: 2
Haste
	 Rating: 18580
	 Multiplicative Factor: 0%
	 DR Bracket: 0
	 Base: 0%
	 Effective Percent: 28,15%
Vers
	 Rating: 23477
	 Multiplicative Factor: 0%
	 DR Bracket: 1
	 Base: 3%
	 Effective Percent: 33,09%
Leech
	 Rating: 0
	 Multiplicative Factor: 0%
	 DR Bracket: 0
	 Base: 0%
	 Effective Percent: 0%
Avoidance
	 Rating: 4354
	 Multiplicative Factor: 0%
	 DR Bracket: 0
	 Base: 0%
	 Effective Percent: 8%
Mastery
	 Rating: 12865
	 Multiplicative Factor: 0%
	 DR Bracket: 0
	 Base: ∞%
	 Effective Percent: ∞%
----------------------
00:15,018

Intellect
	 Rating: 157783
	 Multiplicative Factor: 8,15%
Stamina
	 Rating: 757754
	 Multiplicative Factor: 5%
Crit
	 Rating: 14481
	 Multiplicative Factor: 0%
	 DR Bracket: 0
	 Base: 5%
	 Effective Percent: 25,69%
	 Crit Inc Heal: 2
	 Crit Inc Damage: 2
Haste
	 Rating: 18580
	 Multiplicative Factor: 0%
	 DR Bracket: 0
	 Base: 0%
	 Effective Percent: 28,15%
Vers
	 Rating: 23477
	 Multiplicative Factor: 0%
	 DR Bracket: 1
	 Base: 3%
	 Effective Percent: 33,09%
Leech
	 Rating: 0
	 Multiplicative Factor: 0%
	 DR Bracket: 0
	 Base: 0%
	 Effective Percent: 0%
Avoidance
	 Rating: 4354
	 Multiplicative Factor: 0%
	 DR Bracket: 0
	 Base: 0%
	 Effective Percent: 8%
Mastery
	 Rating: 12865
	 Multiplicative Factor: 0%
	 DR Bracket: 0
	 Base: ∞%
	 Effective Percent: ∞%
----------------------
00:19,093

Intellect
	 Rating: 157783
	 Multiplicative Factor: 8,15%
Stamina
	 Rating: 757754
	 Multiplicative Factor: 5%
Crit
	 Rating: 8880
	 Multiplicative Factor: 0%
	 DR Bracket: 0
	 Base: 5%
	 Effective Percent: 17,69%
	 Crit Inc Heal: 2
	 Crit Inc Damage: 2
Haste
	 Rating: 18580
	 Multiplicative Factor: 0%
	 DR Bracket: 0
	 Base: 0%
	 Effective Percent: 28,15%
Vers
	 Rating: 23477
	 Multiplicative Factor: 0%
	 DR Bracket: 1
	 Base: 3%
	 Effective Percent: 33,09%
Leech
	 Rating: 0
	 Multiplicative Factor: 0%
	 DR Bracket: 0
	 Base: 0%
	 Effective Percent: 0%
Avoidance
	 Rating: 4354
	 Multiplicative Factor: 0%
	 DR Bracket: 0
	 Base: 0%
	 Effective Percent: 8%
Mastery
	 Rating: 12865
	 Multiplicative Factor: 0%
	 DR Bracket: 0
	 Base: ∞%
	 Effective Percent: ∞%
----------------------
00:20,743

Intellect
	 Rating: 157783
	 Multiplicative Factor: 8,15%
Stamina
	 Rating: 757754
	 Multiplicative Factor: 5%
Crit
	 Rating: 3279
	 Multiplicative Factor: 0%
	 DR Bracket: 0
	 Base: 5%
	 Effective Percent: 9,68%
	 Crit Inc Heal: 2
	 Crit Inc Damage: 2
Haste
	 Rating: 18580
	 Multiplicative Factor: 0%
	 DR Bracket: 0
	 Base: 0%
	 Effective Percent: 28,15%
Vers
	 Rating: 23477
	 Multiplicative Factor: 0%
	 DR Bracket: 1
	 Base: 3%
	 Effective Percent: 33,09%
Leech
	 Rating: 0
	 Multiplicative Factor: 0%
	 DR Bracket: 0
	 Base: 0%
	 Effective Percent: 0%
Avoidance
	 Rating: 4354
	 Multiplicative Factor: 0%
	 DR Bracket: 0
	 Base: 0%
	 Effective Percent: 8%
Mastery
	 Rating: 12865
	 Multiplicative Factor: 0%
	 DR Bracket: 0
	 Base: ∞%
	 Effective Percent: ∞%
----------------------
00:27,954

Intellect
	 Rating: 157783
	 Multiplicative Factor: 8,15%
Stamina
	 Rating: 757754
	 Multiplicative Factor: 5%
Crit
	 Rating: 8880
	 Multiplicative Factor: 0%
	 DR Bracket: 0
	 Base: 5%
	 Effective Percent: 17,69%
	 Crit Inc Heal: 2
	 Crit Inc Damage: 2
Haste
	 Rating: 18580
	 Multiplicative Factor: 0%
	 DR Bracket: 0
	 Base: 0%
	 Effective Percent: 28,15%
Vers
	 Rating: 23477
	 Multiplicative Factor: 0%
	 DR Bracket: 1
	 Base: 3%
	 Effective Percent: 33,09%
Leech
	 Rating: 0
	 Multiplicative Factor: 0%
	 DR Bracket: 0
	 Base: 0%
	 Effective Percent: 0%
Avoidance
	 Rating: 4354
	 Multiplicative Factor: 0%
	 DR Bracket: 0
	 Base: 0%
	 Effective Percent: 8%
Mastery
	 Rating: 12865
	 Multiplicative Factor: 0%
	 DR Bracket: 0
	 Base: ∞%
	 Effective Percent: ∞%
----------------------
00:37,947

Intellect
	 Rating: 157783
	 Multiplicative Factor: 8,15%
Stamina
	 Rating: 757754
	 Multiplicative Factor: 5%
Crit
	 Rating: 3279
	 Multiplicative Factor: 0%
	 DR Bracket: 0
	 Base: 5%
	 Effective Percent: 9,68%
	 Crit Inc Heal: 2
	 Crit Inc Damage: 2
Haste
	 Rating: 18580
	 Multiplicative Factor: 0%
	 DR Bracket: 0
	 Base: 0%
	 Effective Percent: 28,15%
Vers
	 Rating: 23477
	 Multiplicative Factor: 0%
	 DR Bracket: 1
	 Base: 3%
	 Effective Percent: 33,09%
Leech
	 Rating: 0
	 Multiplicative Factor: 0%
	 DR Bracket: 0
	 Base: 0%
	 Effective Percent: 0%
Avoidance
	 Rating: 4354
	 Multiplicative Factor: 0%
	 DR Bracket: 0
	 Base: 0%
	 Effective Percent: 8%
Mastery
	 Rating: 12865
	 Multiplicative Factor: 0%
	 DR Bracket: 0
	 Base: ∞%
	 Effective Percent: ∞%
----------------------
01:10,789

Intellect
	 Rating: 157783
	 Multiplicative Factor: 8,15%
Stamina
	 Rating: 757754
	 Multiplicative Factor: 5%
Crit
	 Rating: 8880
	 Multiplicative Factor: 0%
	 DR Bracket: 0
	 Base: 5%
	 Effective Percent: 17,69%
	 Crit Inc Heal: 2
	 Crit Inc Damage: 2
Haste
	 Rating: 18580
	 Multiplicative Factor: 0%
	 DR Bracket: 0
	 Base: 0%
	 Effective Percent: 28,15%
Vers
	 Rating: 23477
	 Multiplicative Factor: 0%
	 DR Bracket: 1
	 Base: 3%
	 Effective Percent: 33,09%
Leech
	 Rating: 0
	 Multiplicative Factor: 0%
	 DR Bracket: 0
	 Base: 0%
	 Effective Percent: 0%
Avoidance
	 Rating: 4354
	 Multiplicative Factor: 0%
	 DR Bracket: 0
	 Base: 0%
	 Effective Percent: 8%
Mastery
	 Rating: 12865
	 Multiplicative Factor: 0%
	 DR Bracket: 0
	 Base: ∞%
	 Effective Percent: ∞%
----------------------
01:20,788

Intellect
	 Rating: 157783
	 Multiplicative Factor: 8,15%
Stamina
	 Rating: 757754
	 Multiplicative Factor: 5%
Crit
	 Rating: 3279
	 Multiplicative Factor: 0%
	 DR Bracket: 0
	 Base: 5%
	 Effective Percent: 9,68%
	 Crit Inc Heal: 2
	 Crit Inc Damage: 2
Haste
	 Rating: 18580
	 Multiplicative Factor: 0%
	 DR Bracket: 0
	 Base: 0%
	 Effective Percent: 28,15%
Vers
	 Rating: 23477
	 Multiplicative Factor: 0%
	 DR Bracket: 1
	 Base: 3%
	 Effective Percent: 33,09%
Leech
	 Rating: 0
	 Multiplicative Factor: 0%
	 DR Bracket: 0
	 Base: 0%
	 Effective Percent: 0%
Avoidance
	 Rating: 4354
	 Multiplicative Factor: 0%
	 DR Bracket: 0
	 Base: 0%
	 Effective Percent: 8%
Mastery
	 Rating: 12865
	 Multiplicative Factor: 0%
	 DR Bracket: 0
	 Base: ∞%
	 Effective Percent: ∞%
----------------------
02:15,440

Intellect
	 Rating: 157783
	 Multiplicative Factor: 8,15%
Stamina
	 Rating: 757754
	 Multiplicative Factor: 5%
Crit
	 Rating: 8880
	 Multiplicative Factor: 0%
	 DR Bracket: 0
	 Base: 5%
	 Effective Percent: 17,69%
	 Crit Inc Heal: 2
	 Crit Inc Damage: 2
Haste
	 Rating: 18580
	 Multiplicative Factor: 0%
	 DR Bracket: 0
	 Base: 0%
	 Effective Percent: 28,15%
Vers
	 Rating: 23477
	 Multiplicative Factor: 0%
	 DR Bracket: 1
	 Base: 3%
	 Effective Percent: 33,09%
Leech
	 Rating: 0
	 Multiplicative Factor: 0%
	 DR Bracket: 0
	 Base: 0%
	 Effective Percent: 0%
Avoidance
	 Rating: 4354
	 Multiplicative Factor: 0%
	 DR Bracket: 0
	 Base: 0%
	 Effective Percent: 8%
Mastery
	 Rating: 12865
	 Multiplicative Factor: 0%
	 DR Bracket: 0
	 Base: ∞%
	 Effective Percent: ∞%
----------------------
02:20,622

Intellect
	 Rating: 153187
	 Multiplicative Factor: 5%
Stamina
	 Rating: 757754
	 Multiplicative Factor: 5%
Crit
	 Rating: 8880
	 Multiplicative Factor: 0%
	 DR Bracket: 0
	 Base: 5%
	 Effective Percent: 17,69%
	 Crit Inc Heal: 2
	 Crit Inc Damage: 2
Haste
	 Rating: 18580
	 Multiplicative Factor: 0%
	 DR Bracket: 0
	 Base: 0%
	 Effective Percent: 28,15%
Vers
	 Rating: 23477
	 Multiplicative Factor: 0%
	 DR Bracket: 1
	 Base: 3%
	 Effective Percent: 33,09%
Leech
	 Rating: 0
	 Multiplicative Factor: 0%
	 DR Bracket: 0
	 Base: 0%
	 Effective Percent: 0%
Avoidance
	 Rating: 4354
	 Multiplicative Factor: 0%
	 DR Bracket: 0
	 Base: 0%
	 Effective Percent: 8%
Mastery
	 Rating: 12865
	 Multiplicative Factor: 0%
	 DR Bracket: 0
	 Base: ∞%
	 Effective Percent: ∞%
----------------------
02:20,623

Intellect
	 Rating: 153187
	 Multiplicative Factor: 5%
Stamina
	 Rating: 757754
	 Multiplicative Factor: 5%
Crit
	 Rating: 8880
	 Multiplicative Factor: 0%
	 DR Bracket: 0
	 Base: 5%
	 Effective Percent: 17,69%
	 Crit Inc Heal: 2
	 Crit Inc Damage: 2
Haste
	 Rating: 18580
	 Multiplicative Factor: 0%
	 DR Bracket: 0
	 Base: 0%
	 Effective Percent: 28,15%
Vers
	 Rating: 23477
	 Multiplicative Factor: 0%
	 DR Bracket: 1
	 Base: 3%
	 Effective Percent: 33,09%
Leech
	 Rating: 0
	 Multiplicative Factor: 0%
	 DR Bracket: 0
	 Base: 0%
	 Effective Percent: 0%
Avoidance
	 Rating: 4354
	 Multiplicative Factor: 0%
	 DR Bracket: 0
	 Base: 0%
	 Effective Percent: 8%
Mastery
	 Rating: 12865
	 Multiplicative Factor: 0%
	 DR Bracket: 0
	 Base: ∞%
	 Effective Percent: ∞%
----------------------
02:20,623

Intellect
	 Rating: 153187
	 Multiplicative Factor: 5%
Stamina
	 Rating: 721670
	 Multiplicative Factor: 0%
Crit
	 Rating: 8880
	 Multiplicative Factor: 0%
	 DR Bracket: 0
	 Base: 5%
	 Effective Percent: 17,69%
	 Crit Inc Heal: 2
	 Crit Inc Damage: 2
Haste
	 Rating: 18580
	 Multiplicative Factor: 0%
	 DR Bracket: 0
	 Base: 0%
	 Effective Percent: 28,15%
Vers
	 Rating: 23477
	 Multiplicative Factor: 0%
	 DR Bracket: 1
	 Base: 3%
	 Effective Percent: 33,09%
Leech
	 Rating: 0
	 Multiplicative Factor: 0%
	 DR Bracket: 0
	 Base: 0%
	 Effective Percent: 0%
Avoidance
	 Rating: 4354
	 Multiplicative Factor: 0%
	 DR Bracket: 0
	 Base: 0%
	 Effective Percent: 8%
Mastery
	 Rating: 12865
	 Multiplicative Factor: 0%
	 DR Bracket: 0
	 Base: ∞%
	 Effective Percent: ∞%
----------------------
02:20,623

Intellect
	 Rating: 153187
	 Multiplicative Factor: 5%
Stamina
	 Rating: 721670
	 Multiplicative Factor: 0%
Crit
	 Rating: 3279
	 Multiplicative Factor: 0%
	 DR Bracket: 0
	 Base: 5%
	 Effective Percent: 9,68%
	 Crit Inc Heal: 2
	 Crit Inc Damage: 2
Haste
	 Rating: 18580
	 Multiplicative Factor: 0%
	 DR Bracket: 0
	 Base: 0%
	 Effective Percent: 28,15%
Vers
	 Rating: 23477
	 Multiplicative Factor: 0%
	 DR Bracket: 1
	 Base: 3%
	 Effective Percent: 33,09%
Leech
	 Rating: 0
	 Multiplicative Factor: 0%
	 DR Bracket: 0
	 Base: 0%
	 Effective Percent: 0%
Avoidance
	 Rating: 4354
	 Multiplicative Factor: 0%
	 DR Bracket: 0
	 Base: 0%
	 Effective Percent: 8%
Mastery
	 Rating: 12865
	 Multiplicative Factor: 0%
	 DR Bracket: 0
	 Base: ∞%
	 Effective Percent: ∞%
----------------------
02:20,624

Intellect
	 Rating: 153187
	 Multiplicative Factor: 5%
Stamina
	 Rating: 721670
	 Multiplicative Factor: 0%
Crit
	 Rating: 3279
	 Multiplicative Factor: 0%
	 DR Bracket: 0
	 Base: 5%
	 Effective Percent: 9,68%
	 Crit Inc Heal: 2
	 Crit Inc Damage: 2
Haste
	 Rating: 18580
	 Multiplicative Factor: 0%
	 DR Bracket: 0
	 Base: 0%
	 Effective Percent: 28,15%
Vers
	 Rating: 23477
	 Multiplicative Factor: 0%
	 DR Bracket: 1
	 Base: 0%
	 Effective Percent: 30,09%
Leech
	 Rating: 0
	 Multiplicative Factor: 0%
	 DR Bracket: 0
	 Base: 0%
	 Effective Percent: 0%
Avoidance
	 Rating: 4354
	 Multiplicative Factor: 0%
	 DR Bracket: 0
	 Base: 0%
	 Effective Percent: 8%
Mastery
	 Rating: 12865
	 Multiplicative Factor: 0%
	 DR Bracket: 0
	 Base: ∞%
	 Effective Percent: ∞%
