Prismatic Barrier
	Intellect
		Heal: 1,3123704211717941
	Vers
		Heal: 1,659955194972203
-------------------
Decree: Oath-Bound
	Vers
		Damage Reduction: 0,5334354520580403
-------------------
Tyranny
	Vers
		Damage Reduction: 3,1370951091129684
	Avoidance
		Damage Reduction: 9,226894391859117
-------------------
Tempest Barrier
	Stamina
		Heal: 0,07346338049257965
-------------------
Conquer
	Vers
		Damage Reduction: 0,2018543574703917
	Avoidance
		Damage Reduction: 0,6940267298282569
-------------------
Oath-Breaker
	Vers
		Damage Reduction: 0,5756309520145728
	Avoidance
		Damage Reduction: 1,8317163876803995
-------------------
Banishment
	Vers
		Damage Reduction: 0,5336026052567721
-------------------
Behead
	Vers
		Damage Reduction: 0,25394228471319147
-------------------
Diverted Energy
	Intellect
		Heal: 0,15492493135656718
	Vers
		Heal: 0,19595720879355394
-------------------
Invoke the Oath
	Vers
		Damage Reduction: 0,16822756165682556
	Avoidance
		Damage Reduction: 0,5784092349891125
-------------------
