Crystalline Shockwave
	Vers
		Damage Reduction: 2,284029597081298
	Avoidance
		Damage Reduction: 3,933801169788492
-------------------
Shattering Backhand
	Vers
		Damage Reduction: 0,3884162433707159
	Avoidance
		Damage Reduction: 1,221068219170022
-------------------
Null Consumption
	Vers
		Damage Reduction: 0,7550449585647341
-------------------
Nexus Shrapnel
	Vers
		Damage Reduction: 0,23984715160375297
	Avoidance
		Damage Reduction: 0,7540100067397888
-------------------
Null Explosion
	Vers
		Damage Reduction: 0,5257061138758716
	Avoidance
		Damage Reduction: 1,540694483533483
-------------------
Lightforged Blessing
	Stamina
		Supportive Heal: 0,005006741879938418
-------------------
Shattershell
	Vers
		Damage Reduction: 0,6686034878079963
-------------------
Crystal Lacerations
	Vers
		Damage Reduction: 0,9870199231379636
	Avoidance
		Damage Reduction: 2,8644708870462656
-------------------
Healthstone
	Stamina
		Heal: 0,01973647111896393
-------------------
