Pillar of Lights
	Intellect
		Heal: 1,2666237964456473
		Damage: 0,1288636864577419
	Vers
		Heal: 1,6620114923658915
		Damage: 0,16908961322407334
	Crit
		Heal: 1,1683688563702936
		Damage: 0,09786262662501848
	Mastery
		Heal: 2,569738689296695
		Damage: 0,26143990162280817
-------------------
Holy Ritual
	Crit
		Heal: 0,09270667829756316
		Damage: 0,014711073084555056
	Intellect
		Heal: 0,10171619123636846
		Damage: 0,014637446894531314
	Vers
		Heal: 0,13346778993804062
		Damage: 0,019206653961400134
	Mastery
		Heal: 0,20636279902642257
		Damage: 0,029696594760776678
-------------------
Melee
	Vers
		Heal: 0,045597175886406945
		Damage: 0,2748068245950945
	Crit
		Heal: 0,030569392710493866
		Damage: 0,1926523005128925
	Haste
		Heal: 0,05079500183325514
		Damage: 0,3055186693667451
-------------------
Seal of the Crusader
	Intellect
		Heal: 0,11309833129152058
		Damage: 0,012763395034312777
	Vers
		Heal: 0,14840296455931792
		Damage: 0,01674760042260414
	Crit
		Heal: 0,1001425179744653
		Damage: 0,013816880248197624
	Haste
		Heal: 0,16445475581870772
		Damage: 0,018648725523703048
-------------------
Golden Path
	Intellect
		Heal: 0,34882819748952487
		Damage: 0,06069879308202019
	Vers
		Heal: 0,45771797017848687
		Damage: 0,07964645221268415
	Crit
		Heal: 0,30660392211565285
		Damage: 0,055699654285171325
	Mastery
		Heal: 0,7011389581456167
		Damage: 0,12288687901692898
	Haste
		Heal: 1,1928441189988739
		Damage: 0,20904737941112406
-------------------
Truth Prevails
	Intellect
		Heal: 0,7201675821077701
		Damage: 0,144232855893996
	Vers
		Heal: 0,944974191430196
		Damage: 0,1892564033182219
	Crit
		Heal: 0,44430085271766073
		Damage: 0,15712378307853156
	Mastery
		Heal: 1,407654396278647
		Damage: 0,28660114272779036
	Haste
		Heal: 1,4328989354764936
		Damage: 0,28823609087255975
-------------------
Consecration
	Intellect
		Heal: 0,03949540759764363
		Damage: 0,296430119576847
	Vers
		Heal: 0,05182424450508547
		Damage: 0,38896337397309955
	Crit
		Heal: 0,03674106438080482
		Damage: 0,2780716790875888
	Haste
		Heal: 0,13560708308792693
		Damage: 1,0129347519334826
-------------------
Greater Judgment
	Intellect
		Heal: 0,3699473095266362
	Vers
		Heal: 0,4854295977452018
	Crit
		Heal: 0,25119751458093953
	Haste
		Heal: 0,7374988592057943
-------------------
Holy Bulwark
	Stamina
		Heal: 0,2886875573742725
-------------------
Decree: Oath-Bound
	Vers
		Damage Reduction: 2,4766471146364903
-------------------
Judgment
	Intellect
		Heal: 0,1156006504873694
		Damage: 0,705251757110147
	Vers
		Heal: 0,15168640457737145
		Damage: 0,9254022612061361
	Crit
		Heal: 5,655996426605545
		Damage: 2,0912509304159155
	Haste
		Heal: 0,2310587162282696
		Damage: 1,4060927591395107
-------------------
Avenging Crusader
	Intellect
		Heal: 2,4687383621682066
		Damage: 0,6989155536315623
	Vers
		Heal: 3,239376633442379
		Damage: 0,9170881563954358
	Crit
		Heal: 1,9288179752508838
		Damage: 0,7212013622882125
	Mastery
		Heal: 4,856993386411292
		Damage: 1,2618614459325974
	Haste
		Heal: 4,980838788813904
		Damage: 1,4059149185354858
-------------------
Sacred Weapon
	Intellect
		Heal: 1,3684109167620062
		Damage: 0,3262124147499969
	Vers
		Heal: 1,7955723525165854
		Damage: 0,4280424730597493
	Crit
		Heal: 1,1809437364433444
		Damage: 0,3615714890546039
	Haste
		Heal: 1,9712776778949404
		Damage: 0,4774199669924298
	Mastery
		Heal: 2,6538784082515736
		Damage: 0,3353889923216709
-------------------
Judgment of Light
	Intellect
		Heal: 0,2509479359673731
		Damage: 0,025822032249552998
	Vers
		Heal: 0,32928352896389884
		Damage: 0,033882605455092876
	Crit
		Heal: 0,2533119968148979
		Damage: 0,024499472541518182
	Mastery
		Heal: 0,49981279859987116
		Damage: 0,052168139525334584
	Haste
		Heal: 0,5004829678560447
		Damage: 0,05168223566394391
-------------------
Crusader Strike
	Intellect
		Heal: 0,09256121663147991
		Damage: 0,5118481754284024
	Vers
		Heal: 0,1214550099410594
		Damage: 0,6716260599995938
	Crit
		Heal: 4,32244884413536
		Damage: 1,6969737922184835
	Haste
		Heal: 0,18478751021605858
		Damage: 1,0218442819590088
-------------------
Hammer and Anvil
	Intellect
		Heal: 3,166564176164832
		Damage: 0,6744751935649137
	Vers
		Heal: 4,155034878444999
		Damage: 0,8850185241792103
	Crit
		Heal: 2,5771289566773117
		Damage: 0,6768108818847193
	Haste
		Heal: 6,2796423333745475
		Damage: 1,3446304608709567
-------------------
Leech
	Leech
		Heal: 24,01263350919518
-------------------
Word of Glory
	Intellect
		Heal: 3,257892808473213
		Damage: 0,46554403234907366
	Vers
		Heal: 4,274872542086352
		Damage: 0,6108676736831865
	Crit
		Heal: 2,4405341631076336
		Damage: 0,3701322646167541
	Mastery
		Heal: 6,498325617158025
		Damage: 0,9275413860491547
	Haste
		Heal: 6,386652476310055
		Damage: 0,921624623946675
-------------------
Light of Dawn
	Intellect
		Heal: 4,929641104334024
		Damage: 0,621622055995954
	Vers
		Heal: 6,468471689568489
		Damage: 0,8156668174658938
	Crit
		Heal: 4,267490693579663
		Damage: 0,5351611967087633
	Mastery
		Heal: 9,678586935011444
		Damage: 1,1885791617523365
	Haste
		Heal: 9,652799429545444
		Damage: 1,2215691948966827
-------------------
Radiant Aura
	Intellect
		Heal: 0,10764719237230135
		Damage: 0,04732617202744489
	Vers
		Heal: 0,1412502049509411
		Damage: 0,06209945053931716
	Crit
		Heal: 0,12124534803199505
		Damage: 0,040453258542376025
	Mastery
		Heal: 0,21839567187157075
		Damage: 0,09601579854769043
	Haste
		Heal: 0,21619151608631818
		Damage: 0,09504676021450867
-------------------
Sacred Word
	Intellect
		Heal: 0,0025562785980210397
		Damage: 0,014535059798034966
	Vers
		Heal: 0,0033542433195413663
		Damage: 0,019072305837257494
	Crit
		Heal: 0,0034943548547747803
		Damage: 0,019868983298230933
	Mastery
		Heal: 0,005186202906016271
		Damage: 0,029488870822627283
	Haste
		Heal: 0,005133861213340641
		Damage: 0,02919125473588321
-------------------
Tyranny
	Vers
		Damage Reduction: 2,569232053501406
	Avoidance
		Damage Reduction: 7,1029267904067135
-------------------
Holy Prism
	Intellect
		Heal: 2,5261352581684293
		Damage: 0,5867225728205596
	Vers
		Heal: 3,3146904725208755
		Damage: 0,7698731553873017
	Crit
		Heal: 2,3061430198365844
		Damage: 0,5969091596820726
	Mastery
		Heal: 5,057496982589628
		Damage: 0,8168036258507907
-------------------
Shield of the Righteous
	Intellect
		Heal: 0,011995188633813077
		Damage: 0,06633140357890054
	Vers
		Heal: 0,015739591675474684
		Damage: 0,08703733133883484
	Crit
		Heal: 0,016397056904890225
		Damage: 0,09067300500790276
	Haste
		Heal: 0,02378918037819975
		Damage: 0,1315502217305288
-------------------
Shining Righteousness
	Intellect
		Heal: 0,024817190881114184
		Damage: 0,13723494930204422
	Vers
		Heal: 0,03256409406517867
		Damage: 0,18007403898007812
	Crit
		Heal: 0,01696217139720778
		Damage: 0,09379799441845155
	Haste
		Heal: 0,04924339997425167
		Damage: 0,27230783416625415
-------------------
Forge's Reckoning
	Intellect
		Damage: 0,05390869633331273
	Vers
		Damage: 0,07073676737785298
	Crit
		Damage: 0,07369154320375072
	Haste
		Damage: 0,07874085689565372
-------------------
Ethereal Reconstitution
	Vers
		Heal: 0,4114499617041643
		Damage: 0,26124682854742043
	Crit
		Heal: 0,03550205829719775
		Damage: 0,20186553245901154
	Haste
		Heal: 0,45228087594308986
		Damage: 0,2897690404045361
-------------------
Ethereal Guard
	Vers
		Heal: 2,349582486150517
	Crit
		Heal: 1,8155233587344746
	Haste
		Heal: 2,5761748607034245
-------------------
Lesser Weapon
	Intellect
		Heal: 0,33232071532447927
		Damage: 0,41395000693274486
	Vers
		Heal: 0,43605753308159895
		Damage: 0,5431681219931075
	Crit
		Heal: 0,2814173949610031
		Damage: 0,35529915942209267
	Haste
		Heal: 0,4783770761726957
		Damage: 0,6028505908827676
	Mastery
		Heal: 0,5560377045833964
		Damage: 0,18630872580430904
-------------------
Holy Shock
	Intellect
		Heal: 1,7454097847801897
		Damage: 0,62771769348787
	Vers
		Heal: 2,290254714409224
		Damage: 0,823665261513203
	Crit
		Heal: 1,4460535538534856
		Damage: 0,5626323920451599
	Haste
		Heal: 1,3582289906436904
		Damage: 0,4896043591289267
	Mastery
		Heal: 3,110271145057962
		Damage: 0,4888948380887236
-------------------
Lightforged Blessing
	Stamina
		Heal: 0,007920246056865659
-------------------
Oath-Breaker
	Vers
		Damage Reduction: 0,6216608778768501
	Avoidance
		Damage Reduction: 1,9032694548029325
-------------------
Conquer
	Vers
		Damage Reduction: 0,21052180833582376
	Avoidance
		Damage Reduction: 0,6445310323272824
-------------------
Saved by the Light
	Intellect
		Heal: 0,6684764470510434
	Vers
		Heal: 0,8771472164761501
-------------------
Fractal Claw
	Vers
		Damage Reduction: 0,7298341299713219
-------------------
