----------------------
03:35,763

Intellect
	 Rating: 18176
	 Multiplicative Factor: 8,15%
Stamina
	 Rating: 1177360
	 Multiplicative Factor: 5%
Crit
	 Rating: 21979
	 Multiplicative Factor: 0%
	 DR Bracket: 1
	 Base: 5%
	 Effective Percent: 36,26%
	 Crit Inc Heal: 2
	 Crit Inc Damage: 2
Haste
	 Rating: 2335
	 Multiplicative Factor: 0%
	 DR Bracket: 0
	 Base: 30%
	 Effective Percent: 33,54%
Vers
	 Rating: 26345
	 Multiplicative Factor: 0%
	 DR Bracket: 1
	 Base: 3%
	 Effective Percent: 36,4%
Leech
	 Rating: 4627
	 Multiplicative Factor: 0%
	 DR Bracket: 0
	 Base: 0%
	 Effective Percent: 4,54%
Avoidance
	 Rating: 1197
	 Multiplicative Factor: 0%
	 DR Bracket: 0
	 Base: 0%
	 Effective Percent: 2,2%
Mastery
	 Rating: 11029
	 Multiplicative Factor: 0%
	 DR Bracket: 0
	 Base: ∞%
	 Effective Percent: ∞%
----------------------
04:13,970

Intellect
	 Rating: 18721
	 Multiplicative Factor: 11,39%
Stamina
	 Rating: 1177360
	 Multiplicative Factor: 5%
Crit
	 Rating: 21979
	 Multiplicative Factor: 0%
	 DR Bracket: 1
	 Base: 5%
	 Effective Percent: 36,26%
	 Crit Inc Heal: 2
	 Crit Inc Damage: 2
Haste
	 Rating: 2335
	 Multiplicative Factor: 0%
	 DR Bracket: 0
	 Base: 30%
	 Effective Percent: 33,54%
Vers
	 Rating: 26345
	 Multiplicative Factor: 0%
	 DR Bracket: 1
	 Base: 3%
	 Effective Percent: 36,4%
Leech
	 Rating: 4627
	 Multiplicative Factor: 0%
	 DR Bracket: 0
	 Base: 0%
	 Effective Percent: 4,54%
Avoidance
	 Rating: 1197
	 Multiplicative Factor: 0%
	 DR Bracket: 0
	 Base: 0%
	 Effective Percent: 2,2%
Mastery
	 Rating: 11029
	 Multiplicative Factor: 0%
	 DR Bracket: 0
	 Base: ∞%
	 Effective Percent: ∞%
----------------------
00:00,000

Intellect
	 Rating: 18176
	 Multiplicative Factor: 8,15%
Stamina
	 Rating: 1177360
	 Multiplicative Factor: 5%
Crit
	 Rating: 21979
	 Multiplicative Factor: 0%
	 DR Bracket: 1
	 Base: 5%
	 Effective Percent: 36,26%
	 Crit Inc Heal: 2
	 Crit Inc Damage: 2
Haste
	 Rating: 2335
	 Multiplicative Factor: 0%
	 DR Bracket: 0
	 Base: 30%
	 Effective Percent: 33,54%
Vers
	 Rating: 26345
	 Multiplicative Factor: 0%
	 DR Bracket: 1
	 Base: 3%
	 Effective Percent: 36,4%
Leech
	 Rating: 4627
	 Multiplicative Factor: 0%
	 DR Bracket: 0
	 Base: 0%
	 Effective Percent: 4,54%
Avoidance
	 Rating: 1197
	 Multiplicative Factor: 0%
	 DR Bracket: 0
	 Base: 0%
	 Effective Percent: 2,2%
Mastery
	 Rating: 11029
	 Multiplicative Factor: 0%
	 DR Bracket: 0
	 Base: ∞%
	 Effective Percent: ∞%
----------------------
04:13,970

Intellect
	 Rating: 18176
	 Multiplicative Factor: 8,15%
Stamina
	 Rating: 1177360
	 Multiplicative Factor: 5%
Crit
	 Rating: 21979
	 Multiplicative Factor: 0%
	 DR Bracket: 1
	 Base: 5%
	 Effective Percent: 36,26%
	 Crit Inc Heal: 2
	 Crit Inc Damage: 2
Haste
	 Rating: 2335
	 Multiplicative Factor: 0%
	 DR Bracket: 0
	 Base: 30%
	 Effective Percent: 33,54%
Vers
	 Rating: 26345
	 Multiplicative Factor: 0%
	 DR Bracket: 1
	 Base: 6%
	 Effective Percent: 39,4%
Leech
	 Rating: 4627
	 Multiplicative Factor: 0%
	 DR Bracket: 0
	 Base: 0%
	 Effective Percent: 4,54%
Avoidance
	 Rating: 1197
	 Multiplicative Factor: 0%
	 DR Bracket: 0
	 Base: 0%
	 Effective Percent: 2,2%
Mastery
	 Rating: 11029
	 Multiplicative Factor: 0%
	 DR Bracket: 0
	 Base: ∞%
	 Effective Percent: ∞%
----------------------
00:00,000

Intellect
	 Rating: 18176
	 Multiplicative Factor: 8,15%
Stamina
	 Rating: 1177360
	 Multiplicative Factor: 5%
Crit
	 Rating: 21979
	 Multiplicative Factor: 0%
	 DR Bracket: 1
	 Base: 5%
	 Effective Percent: 36,26%
	 Crit Inc Heal: 2
	 Crit Inc Damage: 2
Haste
	 Rating: 2335
	 Multiplicative Factor: 0%
	 DR Bracket: 0
	 Base: 30%
	 Effective Percent: 33,54%
Vers
	 Rating: 26345
	 Multiplicative Factor: 0%
	 DR Bracket: 1
	 Base: 3%
	 Effective Percent: 36,4%
Leech
	 Rating: 4627
	 Multiplicative Factor: 0%
	 DR Bracket: 0
	 Base: 0%
	 Effective Percent: 4,54%
Avoidance
	 Rating: 1197
	 Multiplicative Factor: 0%
	 DR Bracket: 0
	 Base: 0%
	 Effective Percent: 2,2%
Mastery
	 Rating: 11029
	 Multiplicative Factor: 0%
	 DR Bracket: 0
	 Base: ∞%
	 Effective Percent: ∞%
----------------------
04:13,970

Intellect
	 Rating: 18176
	 Multiplicative Factor: 8,15%
Stamina
	 Rating: 1236228
	 Multiplicative Factor: 10,25%
Crit
	 Rating: 21979
	 Multiplicative Factor: 0%
	 DR Bracket: 1
	 Base: 5%
	 Effective Percent: 36,26%
	 Crit Inc Heal: 2
	 Crit Inc Damage: 2
Haste
	 Rating: 2335
	 Multiplicative Factor: 0%
	 DR Bracket: 0
	 Base: 30%
	 Effective Percent: 33,54%
Vers
	 Rating: 26345
	 Multiplicative Factor: 0%
	 DR Bracket: 1
	 Base: 3%
	 Effective Percent: 36,4%
Leech
	 Rating: 4627
	 Multiplicative Factor: 0%
	 DR Bracket: 0
	 Base: 0%
	 Effective Percent: 4,54%
Avoidance
	 Rating: 1197
	 Multiplicative Factor: 0%
	 DR Bracket: 0
	 Base: 0%
	 Effective Percent: 2,2%
Mastery
	 Rating: 11029
	 Multiplicative Factor: 0%
	 DR Bracket: 0
	 Base: ∞%
	 Effective Percent: ∞%
----------------------
00:00,000

Intellect
	 Rating: 18176
	 Multiplicative Factor: 8,15%
Stamina
	 Rating: 1177360
	 Multiplicative Factor: 5%
Crit
	 Rating: 21979
	 Multiplicative Factor: 0%
	 DR Bracket: 1
	 Base: 5%
	 Effective Percent: 36,26%
	 Crit Inc Heal: 2
	 Crit Inc Damage: 2
Haste
	 Rating: 2335
	 Multiplicative Factor: 0%
	 DR Bracket: 0
	 Base: 30%
	 Effective Percent: 33,54%
Vers
	 Rating: 26345
	 Multiplicative Factor: 0%
	 DR Bracket: 1
	 Base: 3%
	 Effective Percent: 36,4%
Leech
	 Rating: 4627
	 Multiplicative Factor: 0%
	 DR Bracket: 0
	 Base: 0%
	 Effective Percent: 4,54%
Avoidance
	 Rating: 1197
	 Multiplicative Factor: 0%
	 DR Bracket: 0
	 Base: 0%
	 Effective Percent: 2,2%
Mastery
	 Rating: 11029
	 Multiplicative Factor: 0%
	 DR Bracket: 0
	 Base: ∞%
	 Effective Percent: ∞%
----------------------
04:13,971

Intellect
	 Rating: 18176
	 Multiplicative Factor: 8,15%
Stamina
	 Rating: 1177360
	 Multiplicative Factor: 5%
Crit
	 Rating: 21979
	 Multiplicative Factor: 0%
	 DR Bracket: 1
	 Base: 5%
	 Effective Percent: 36,26%
	 Crit Inc Heal: 2
	 Crit Inc Damage: 2
Haste
	 Rating: 2335
	 Multiplicative Factor: 0%
	 DR Bracket: 0
	 Base: 30%
	 Effective Percent: 33,54%
Vers
	 Rating: 26345
	 Multiplicative Factor: 0%
	 DR Bracket: 1
	 Base: 3%
	 Effective Percent: 36,4%
Leech
	 Rating: 4627
	 Multiplicative Factor: 0%
	 DR Bracket: 0
	 Base: 0%
	 Effective Percent: 4,54%
Avoidance
	 Rating: 1197
	 Multiplicative Factor: 0%
	 DR Bracket: 0
	 Base: 0%
	 Effective Percent: 2,2%
Mastery
	 Rating: 11029
	 Multiplicative Factor: 0%
	 DR Bracket: 0
	 Base: ∞%
	 Effective Percent: ∞%
----------------------
00:00,000

Intellect
	 Rating: 18176
	 Multiplicative Factor: 8,15%
Stamina
	 Rating: 1177360
	 Multiplicative Factor: 5%
Crit
	 Rating: 21979
	 Multiplicative Factor: 0%
	 DR Bracket: 1
	 Base: 5%
	 Effective Percent: 36,26%
	 Crit Inc Heal: 2
	 Crit Inc Damage: 2
Haste
	 Rating: 2335
	 Multiplicative Factor: 0%
	 DR Bracket: 0
	 Base: 30%
	 Effective Percent: 33,54%
Vers
	 Rating: 26345
	 Multiplicative Factor: 0%
	 DR Bracket: 1
	 Base: 3%
	 Effective Percent: 36,4%
Leech
	 Rating: 4627
	 Multiplicative Factor: 0%
	 DR Bracket: 0
	 Base: 0%
	 Effective Percent: 4,54%
Avoidance
	 Rating: 1197
	 Multiplicative Factor: 0%
	 DR Bracket: 0
	 Base: 0%
	 Effective Percent: 2,2%
Mastery
	 Rating: 11029
	 Multiplicative Factor: 0%
	 DR Bracket: 0
	 Base: ∞%
	 Effective Percent: ∞%
----------------------
04:13,971

Intellect
	 Rating: 18176
	 Multiplicative Factor: 8,15%
Stamina
	 Rating: 1177360
	 Multiplicative Factor: 5%
Crit
	 Rating: 21979
	 Multiplicative Factor: 0%
	 DR Bracket: 1
	 Base: 5%
	 Effective Percent: 36,26%
	 Crit Inc Heal: 2
	 Crit Inc Damage: 2
Haste
	 Rating: 2335
	 Multiplicative Factor: 0%
	 DR Bracket: 0
	 Base: 60%
	 Effective Percent: 63,54%
Vers
	 Rating: 26345
	 Multiplicative Factor: 0%
	 DR Bracket: 1
	 Base: 3%
	 Effective Percent: 36,4%
Leech
	 Rating: 4627
	 Multiplicative Factor: 0%
	 DR Bracket: 0
	 Base: 0%
	 Effective Percent: 4,54%
Avoidance
	 Rating: 1197
	 Multiplicative Factor: 0%
	 DR Bracket: 0
	 Base: 0%
	 Effective Percent: 2,2%
Mastery
	 Rating: 11029
	 Multiplicative Factor: 0%
	 DR Bracket: 0
	 Base: ∞%
	 Effective Percent: ∞%
----------------------
04:15,812

Intellect
	 Rating: 18176
	 Multiplicative Factor: 8,15%
Stamina
	 Rating: 1177360
	 Multiplicative Factor: 5%
Crit
	 Rating: 21979
	 Multiplicative Factor: 0%
	 DR Bracket: 1
	 Base: 5%
	 Effective Percent: 36,26%
	 Crit Inc Heal: 2
	 Crit Inc Damage: 2
Haste
	 Rating: 2335
	 Multiplicative Factor: 0%
	 DR Bracket: 0
	 Base: 30%
	 Effective Percent: 33,54%
Vers
	 Rating: 26345
	 Multiplicative Factor: 0%
	 DR Bracket: 1
	 Base: 3%
	 Effective Percent: 36,4%
Leech
	 Rating: 4627
	 Multiplicative Factor: 0%
	 DR Bracket: 0
	 Base: 0%
	 Effective Percent: 4,54%
Avoidance
	 Rating: 1197
	 Multiplicative Factor: 0%
	 DR Bracket: 0
	 Base: 0%
	 Effective Percent: 2,2%
Mastery
	 Rating: 11029
	 Multiplicative Factor: 0%
	 DR Bracket: 0
	 Base: ∞%
	 Effective Percent: ∞%
----------------------
06:59,744

Intellect
	 Rating: 18176
	 Multiplicative Factor: 8,15%
Stamina
	 Rating: 1177360
	 Multiplicative Factor: 5%
Crit
	 Rating: 21979
	 Multiplicative Factor: 0%
	 DR Bracket: 1
	 Base: 5%
	 Effective Percent: 36,26%
	 Crit Inc Heal: 2
	 Crit Inc Damage: 2
Haste
	 Rating: 2335
	 Multiplicative Factor: 0%
	 DR Bracket: 0
	 Base: 30%
	 Effective Percent: 33,54%
Vers
	 Rating: 26345
	 Multiplicative Factor: 0%
	 DR Bracket: 1
	 Base: 3%
	 Effective Percent: 36,4%
Leech
	 Rating: 4627
	 Multiplicative Factor: 0%
	 DR Bracket: 0
	 Base: 0%
	 Effective Percent: 4,54%
Avoidance
	 Rating: 1197
	 Multiplicative Factor: 0%
	 DR Bracket: 0
	 Base: 0%
	 Effective Percent: 2,2%
Mastery
	 Rating: 11029
	 Multiplicative Factor: 0%
	 DR Bracket: 0
	 Base: ∞%
	 Effective Percent: ∞%
----------------------
06:59,744

Intellect
	 Rating: 18176
	 Multiplicative Factor: 8,15%
Stamina
	 Rating: 1121295
	 Multiplicative Factor: 0%
Crit
	 Rating: 21979
	 Multiplicative Factor: 0%
	 DR Bracket: 1
	 Base: 5%
	 Effective Percent: 36,26%
	 Crit Inc Heal: 2
	 Crit Inc Damage: 2
Haste
	 Rating: 2335
	 Multiplicative Factor: 0%
	 DR Bracket: 0
	 Base: 30%
	 Effective Percent: 33,54%
Vers
	 Rating: 26345
	 Multiplicative Factor: 0%
	 DR Bracket: 1
	 Base: 3%
	 Effective Percent: 36,4%
Leech
	 Rating: 4627
	 Multiplicative Factor: 0%
	 DR Bracket: 0
	 Base: 0%
	 Effective Percent: 4,54%
Avoidance
	 Rating: 1197
	 Multiplicative Factor: 0%
	 DR Bracket: 0
	 Base: 0%
	 Effective Percent: 2,2%
Mastery
	 Rating: 11029
	 Multiplicative Factor: 0%
	 DR Bracket: 0
	 Base: ∞%
	 Effective Percent: ∞%
----------------------
06:59,745

Intellect
	 Rating: 17647
	 Multiplicative Factor: 5%
Stamina
	 Rating: 1121295
	 Multiplicative Factor: 0%
Crit
	 Rating: 21979
	 Multiplicative Factor: 0%
	 DR Bracket: 1
	 Base: 5%
	 Effective Percent: 36,26%
	 Crit Inc Heal: 2
	 Crit Inc Damage: 2
Haste
	 Rating: 2335
	 Multiplicative Factor: 0%
	 DR Bracket: 0
	 Base: 30%
	 Effective Percent: 33,54%
Vers
	 Rating: 26345
	 Multiplicative Factor: 0%
	 DR Bracket: 1
	 Base: 3%
	 Effective Percent: 36,4%
Leech
	 Rating: 4627
	 Multiplicative Factor: 0%
	 DR Bracket: 0
	 Base: 0%
	 Effective Percent: 4,54%
Avoidance
	 Rating: 1197
	 Multiplicative Factor: 0%
	 DR Bracket: 0
	 Base: 0%
	 Effective Percent: 2,2%
Mastery
	 Rating: 11029
	 Multiplicative Factor: 0%
	 DR Bracket: 0
	 Base: ∞%
	 Effective Percent: ∞%
----------------------
06:59,745

Intellect
	 Rating: 17647
	 Multiplicative Factor: 5%
Stamina
	 Rating: 1121295
	 Multiplicative Factor: 0%
Crit
	 Rating: 21979
	 Multiplicative Factor: 0%
	 DR Bracket: 1
	 Base: 5%
	 Effective Percent: 36,26%
	 Crit Inc Heal: 2
	 Crit Inc Damage: 2
Haste
	 Rating: 2335
	 Multiplicative Factor: 0%
	 DR Bracket: 0
	 Base: 30%
	 Effective Percent: 33,54%
Vers
	 Rating: 26345
	 Multiplicative Factor: 0%
	 DR Bracket: 1
	 Base: 0%
	 Effective Percent: 33,4%
Leech
	 Rating: 4627
	 Multiplicative Factor: 0%
	 DR Bracket: 0
	 Base: 0%
	 Effective Percent: 4,54%
Avoidance
	 Rating: 1197
	 Multiplicative Factor: 0%
	 DR Bracket: 0
	 Base: 0%
	 Effective Percent: 2,2%
Mastery
	 Rating: 11029
	 Multiplicative Factor: 0%
	 DR Bracket: 0
	 Base: ∞%
	 Effective Percent: ∞%
