Rushing Jade Wind
Keg Smash
Blackout Kick
Overwhelming Force
Celestial Fortune
Tiger Palm
Stagger
Brand of Ceaseless Ire
Vengeful Void Barrier
Weapons of Order
Chi Surge
Stomp
Rising Sun Kick
Gai Plin's Imperial Brew
Purifying Brew
Oxen Fortitude
Invoke Niuzao, the Black Ox
Ox Charge
Bombardments
Celestial Infusion
Provoke
Aspect of Harmony
Harmonic Surge
Exploding Keg
Diffuse Magic
Gift of the Ox
Elixir of Determination
Ethereal Barricade
Chi Burst
Ethereal Barrier
Black Ox Brew
Devouring Void
Fortifying Brew
Roll
Inferno's Blessing
Dampen Harm
Expel Harm
Spear Hand Strike
Spinning Crane Kick
Leg Sweep
Touch of Death
Void Reconstitution
All-Devouring Nucleus
