----------------------
03:35,754

Intellect
	 Rating: 9813
	 Multiplicative Factor: 8,15%
Stamina
	 Rating: 1248060
	 Multiplicative Factor: 5%
Crit
	 Rating: 15795
	 Multiplicative Factor: 0%
	 DR Bracket: 0
	 Base: 5%
	 Effective Percent: 27,56%
	 Crit Inc Heal: 2
	 Crit Inc Damage: 2
Haste
	 Rating: 21547
	 Multiplicative Factor: 0%
	 DR Bracket: 1
	 Base: 30%
	 Effective Percent: 62,38%
Vers
	 Rating: 15344
	 Multiplicative Factor: 0%
	 DR Bracket: 0
	 Base: 3%
	 Effective Percent: 22,67%
Leech
	 Rating: 3060
	 Multiplicative Factor: 0%
	 DR Bracket: 0
	 Base: 0%
	 Effective Percent: 3%
Avoidance
	 Rating: 898
	 Multiplicative Factor: 0%
	 DR Bracket: 0
	 Base: 0%
	 Effective Percent: 1,65%
Mastery
	 Rating: 6694
	 Multiplicative Factor: 0%
	 DR Bracket: 0
	 Base: ∞%
	 Effective Percent: ∞%
----------------------
04:15,856

Intellect
	 Rating: 9813
	 Multiplicative Factor: 8,15%
Stamina
	 Rating: 1248060
	 Multiplicative Factor: 5%
Crit
	 Rating: 15795
	 Multiplicative Factor: 0%
	 DR Bracket: 0
	 Base: 5%
	 Effective Percent: 27,56%
	 Crit Inc Heal: 2
	 Crit Inc Damage: 2
Haste
	 Rating: 21547
	 Multiplicative Factor: 0%
	 DR Bracket: 1
	 Base: 0%
	 Effective Percent: 32,38%
Vers
	 Rating: 15344
	 Multiplicative Factor: 0%
	 DR Bracket: 0
	 Base: 3%
	 Effective Percent: 22,67%
Leech
	 Rating: 3060
	 Multiplicative Factor: 0%
	 DR Bracket: 0
	 Base: 0%
	 Effective Percent: 3%
Avoidance
	 Rating: 898
	 Multiplicative Factor: 0%
	 DR Bracket: 0
	 Base: 0%
	 Effective Percent: 1,65%
Mastery
	 Rating: 6694
	 Multiplicative Factor: 0%
	 DR Bracket: 0
	 Base: ∞%
	 Effective Percent: ∞%
----------------------
06:33,499

Intellect
	 Rating: 9813
	 Multiplicative Factor: 8,15%
Stamina
	 Rating: 1248060
	 Multiplicative Factor: 5%
Crit
	 Rating: 15795
	 Multiplicative Factor: 0%
	 DR Bracket: 0
	 Base: 5%
	 Effective Percent: 27,56%
	 Crit Inc Heal: 2
	 Crit Inc Damage: 2
Haste
	 Rating: 21547
	 Multiplicative Factor: 0%
	 DR Bracket: 1
	 Base: 0%
	 Effective Percent: 32,38%
Vers
	 Rating: 15344
	 Multiplicative Factor: 0%
	 DR Bracket: 0
	 Base: 3%
	 Effective Percent: 22,67%
Leech
	 Rating: 3060
	 Multiplicative Factor: 0%
	 DR Bracket: 0
	 Base: 0%
	 Effective Percent: 3%
Avoidance
	 Rating: 898
	 Multiplicative Factor: 0%
	 DR Bracket: 0
	 Base: 0%
	 Effective Percent: 1,65%
Mastery
	 Rating: 6694
	 Multiplicative Factor: 0%
	 DR Bracket: 0
	 Base: ∞%
	 Effective Percent: ∞%
----------------------
06:33,500

Intellect
	 Rating: 9813
	 Multiplicative Factor: 8,15%
Stamina
	 Rating: 1188629
	 Multiplicative Factor: 0%
Crit
	 Rating: 15795
	 Multiplicative Factor: 0%
	 DR Bracket: 0
	 Base: 5%
	 Effective Percent: 27,56%
	 Crit Inc Heal: 2
	 Crit Inc Damage: 2
Haste
	 Rating: 21547
	 Multiplicative Factor: 0%
	 DR Bracket: 1
	 Base: 0%
	 Effective Percent: 32,38%
Vers
	 Rating: 15344
	 Multiplicative Factor: 0%
	 DR Bracket: 0
	 Base: 3%
	 Effective Percent: 22,67%
Leech
	 Rating: 3060
	 Multiplicative Factor: 0%
	 DR Bracket: 0
	 Base: 0%
	 Effective Percent: 3%
Avoidance
	 Rating: 898
	 Multiplicative Factor: 0%
	 DR Bracket: 0
	 Base: 0%
	 Effective Percent: 1,65%
Mastery
	 Rating: 6694
	 Multiplicative Factor: 0%
	 DR Bracket: 0
	 Base: ∞%
	 Effective Percent: ∞%
----------------------
06:33,501

Intellect
	 Rating: 9813
	 Multiplicative Factor: 8,15%
Stamina
	 Rating: 1188629
	 Multiplicative Factor: 0%
Crit
	 Rating: 15795
	 Multiplicative Factor: 0%
	 DR Bracket: 0
	 Base: 5%
	 Effective Percent: 27,56%
	 Crit Inc Heal: 2
	 Crit Inc Damage: 2
Haste
	 Rating: 21547
	 Multiplicative Factor: 0%
	 DR Bracket: 1
	 Base: 0%
	 Effective Percent: 32,38%
Vers
	 Rating: 15344
	 Multiplicative Factor: 0%
	 DR Bracket: 0
	 Base: 0%
	 Effective Percent: 19,67%
Leech
	 Rating: 3060
	 Multiplicative Factor: 0%
	 DR Bracket: 0
	 Base: 0%
	 Effective Percent: 3%
Avoidance
	 Rating: 898
	 Multiplicative Factor: 0%
	 DR Bracket: 0
	 Base: 0%
	 Effective Percent: 1,65%
Mastery
	 Rating: 6694
	 Multiplicative Factor: 0%
	 DR Bracket: 0
	 Base: ∞%
	 Effective Percent: ∞%
----------------------
06:33,506

Intellect
	 Rating: 9527
	 Multiplicative Factor: 5%
Stamina
	 Rating: 1188629
	 Multiplicative Factor: 0%
Crit
	 Rating: 15795
	 Multiplicative Factor: 0%
	 DR Bracket: 0
	 Base: 5%
	 Effective Percent: 27,56%
	 Crit Inc Heal: 2
	 Crit Inc Damage: 2
Haste
	 Rating: 21547
	 Multiplicative Factor: 0%
	 DR Bracket: 1
	 Base: 0%
	 Effective Percent: 32,38%
Vers
	 Rating: 15344
	 Multiplicative Factor: 0%
	 DR Bracket: 0
	 Base: 0%
	 Effective Percent: 19,67%
Leech
	 Rating: 3060
	 Multiplicative Factor: 0%
	 DR Bracket: 0
	 Base: 0%
	 Effective Percent: 3%
Avoidance
	 Rating: 898
	 Multiplicative Factor: 0%
	 DR Bracket: 0
	 Base: 0%
	 Effective Percent: 1,65%
Mastery
	 Rating: 6694
	 Multiplicative Factor: 0%
	 DR Bracket: 0
	 Base: ∞%
	 Effective Percent: ∞%
