----------------------
00:06,684

Intellect
	 Rating: 138409
	 Multiplicative Factor: 14,73%
Stamina
	 Rating: 802802
	 Multiplicative Factor: 11,3%
Crit
	 Rating: 27112
	 Multiplicative Factor: 0%
	 DR Bracket: 1
	 Base: 9%
	 Effective Percent: 46,86%
	 Crit Inc Heal: 2
	 Crit Inc Damage: 2
Haste
	 Rating: 14646
	 Multiplicative Factor: 0%
	 DR Bracket: 0
	 Base: 1%
	 Effective Percent: 23,19%
Vers
	 Rating: 13625
	 Multiplicative Factor: 0%
	 DR Bracket: 0
	 Base: 3%
	 Effective Percent: 20,47%
Leech
	 Rating: 4194
	 Multiplicative Factor: 0%
	 DR Bracket: 0
	 Base: 0%
	 Effective Percent: 4,11%
Avoidance
	 Rating: 0
	 Multiplicative Factor: 0%
	 DR Bracket: 0
	 Base: 0%
	 Effective Percent: 0%
Mastery
	 Rating: 2642
	 Multiplicative Factor: 0%
	 DR Bracket: 0
	 Base: 21%
	 Effective Percent: 26,66%
----------------------
00:10,573

Intellect
	 Rating: 138409
	 Multiplicative Factor: 14,73%
Stamina
	 Rating: 802802
	 Multiplicative Factor: 11,3%
Crit
	 Rating: 32963
	 Multiplicative Factor: 0%
	 DR Bracket: 2
	 Base: 9%
	 Effective Percent: 53,67%
	 Crit Inc Heal: 2
	 Crit Inc Damage: 2
Haste
	 Rating: 14646
	 Multiplicative Factor: 0%
	 DR Bracket: 0
	 Base: 1%
	 Effective Percent: 23,19%
Vers
	 Rating: 13625
	 Multiplicative Factor: 0%
	 DR Bracket: 0
	 Base: 3%
	 Effective Percent: 20,47%
Leech
	 Rating: 4194
	 Multiplicative Factor: 0%
	 DR Bracket: 0
	 Base: 0%
	 Effective Percent: 4,11%
Avoidance
	 Rating: 0
	 Multiplicative Factor: 0%
	 DR Bracket: 0
	 Base: 0%
	 Effective Percent: 0%
Mastery
	 Rating: 2642
	 Multiplicative Factor: 0%
	 DR Bracket: 0
	 Base: 21%
	 Effective Percent: 26,66%
----------------------
00:11,577

Intellect
	 Rating: 138409
	 Multiplicative Factor: 14,73%
Stamina
	 Rating: 802802
	 Multiplicative Factor: 11,3%
Crit
	 Rating: 32963
	 Multiplicative Factor: 0%
	 DR Bracket: 2
	 Base: 9%
	 Effective Percent: 53,67%
	 Crit Inc Heal: 2
	 Crit Inc Damage: 2
Haste
	 Rating: 14646
	 Multiplicative Factor: 0%
	 DR Bracket: 0
	 Base: 2%
	 Effective Percent: 24,19%
Vers
	 Rating: 13625
	 Multiplicative Factor: 0%
	 DR Bracket: 0
	 Base: 3%
	 Effective Percent: 20,47%
Leech
	 Rating: 4194
	 Multiplicative Factor: 0%
	 DR Bracket: 0
	 Base: 0%
	 Effective Percent: 4,11%
Avoidance
	 Rating: 0
	 Multiplicative Factor: 0%
	 DR Bracket: 0
	 Base: 0%
	 Effective Percent: 0%
Mastery
	 Rating: 2642
	 Multiplicative Factor: 0%
	 DR Bracket: 0
	 Base: 21%
	 Effective Percent: 26,66%
----------------------
00:15,216

Intellect
	 Rating: 138409
	 Multiplicative Factor: 14,73%
Stamina
	 Rating: 802802
	 Multiplicative Factor: 11,3%
Crit
	 Rating: 32963
	 Multiplicative Factor: 0%
	 DR Bracket: 2
	 Base: 9%
	 Effective Percent: 53,67%
	 Crit Inc Heal: 2
	 Crit Inc Damage: 2
Haste
	 Rating: 14646
	 Multiplicative Factor: 0%
	 DR Bracket: 0
	 Base: 3%
	 Effective Percent: 25,19%
Vers
	 Rating: 13625
	 Multiplicative Factor: 0%
	 DR Bracket: 0
	 Base: 3%
	 Effective Percent: 20,47%
Leech
	 Rating: 4194
	 Multiplicative Factor: 0%
	 DR Bracket: 0
	 Base: 0%
	 Effective Percent: 4,11%
Avoidance
	 Rating: 0
	 Multiplicative Factor: 0%
	 DR Bracket: 0
	 Base: 0%
	 Effective Percent: 0%
Mastery
	 Rating: 2642
	 Multiplicative Factor: 0%
	 DR Bracket: 0
	 Base: 21%
	 Effective Percent: 26,66%
----------------------
00:20,009

Intellect
	 Rating: 138409
	 Multiplicative Factor: 14,73%
Stamina
	 Rating: 802802
	 Multiplicative Factor: 11,3%
Crit
	 Rating: 32963
	 Multiplicative Factor: 0%
	 DR Bracket: 2
	 Base: 9%
	 Effective Percent: 53,67%
	 Crit Inc Heal: 2
	 Crit Inc Damage: 2
Haste
	 Rating: 14646
	 Multiplicative Factor: 0%
	 DR Bracket: 0
	 Base: 4%
	 Effective Percent: 26,19%
Vers
	 Rating: 13625
	 Multiplicative Factor: 0%
	 DR Bracket: 0
	 Base: 3%
	 Effective Percent: 20,47%
Leech
	 Rating: 4194
	 Multiplicative Factor: 0%
	 DR Bracket: 0
	 Base: 0%
	 Effective Percent: 4,11%
Avoidance
	 Rating: 0
	 Multiplicative Factor: 0%
	 DR Bracket: 0
	 Base: 0%
	 Effective Percent: 0%
Mastery
	 Rating: 2642
	 Multiplicative Factor: 0%
	 DR Bracket: 0
	 Base: 21%
	 Effective Percent: 26,66%
----------------------
00:20,573

Intellect
	 Rating: 138409
	 Multiplicative Factor: 14,73%
Stamina
	 Rating: 802802
	 Multiplicative Factor: 11,3%
Crit
	 Rating: 27112
	 Multiplicative Factor: 0%
	 DR Bracket: 1
	 Base: 9%
	 Effective Percent: 46,86%
	 Crit Inc Heal: 2
	 Crit Inc Damage: 2
Haste
	 Rating: 14646
	 Multiplicative Factor: 0%
	 DR Bracket: 0
	 Base: 4%
	 Effective Percent: 26,19%
Vers
	 Rating: 13625
	 Multiplicative Factor: 0%
	 DR Bracket: 0
	 Base: 3%
	 Effective Percent: 20,47%
Leech
	 Rating: 4194
	 Multiplicative Factor: 0%
	 DR Bracket: 0
	 Base: 0%
	 Effective Percent: 4,11%
Avoidance
	 Rating: 0
	 Multiplicative Factor: 0%
	 DR Bracket: 0
	 Base: 0%
	 Effective Percent: 0%
Mastery
	 Rating: 2642
	 Multiplicative Factor: 0%
	 DR Bracket: 0
	 Base: 21%
	 Effective Percent: 26,66%
----------------------
00:25,967

Intellect
	 Rating: 138409
	 Multiplicative Factor: 14,73%
Stamina
	 Rating: 802802
	 Multiplicative Factor: 11,3%
Crit
	 Rating: 27112
	 Multiplicative Factor: 0%
	 DR Bracket: 1
	 Base: 9%
	 Effective Percent: 46,86%
	 Crit Inc Heal: 2
	 Crit Inc Damage: 2
Haste
	 Rating: 14646
	 Multiplicative Factor: 0%
	 DR Bracket: 0
	 Base: 5%
	 Effective Percent: 27,19%
Vers
	 Rating: 13625
	 Multiplicative Factor: 0%
	 DR Bracket: 0
	 Base: 3%
	 Effective Percent: 20,47%
Leech
	 Rating: 4194
	 Multiplicative Factor: 0%
	 DR Bracket: 0
	 Base: 0%
	 Effective Percent: 4,11%
Avoidance
	 Rating: 0
	 Multiplicative Factor: 0%
	 DR Bracket: 0
	 Base: 0%
	 Effective Percent: 0%
Mastery
	 Rating: 2642
	 Multiplicative Factor: 0%
	 DR Bracket: 0
	 Base: 21%
	 Effective Percent: 26,66%
----------------------
00:42,460

Intellect
	 Rating: 138409
	 Multiplicative Factor: 14,73%
Stamina
	 Rating: 802802
	 Multiplicative Factor: 11,3%
Crit
	 Rating: 32963
	 Multiplicative Factor: 0%
	 DR Bracket: 2
	 Base: 9%
	 Effective Percent: 53,67%
	 Crit Inc Heal: 2
	 Crit Inc Damage: 2
Haste
	 Rating: 14646
	 Multiplicative Factor: 0%
	 DR Bracket: 0
	 Base: 5%
	 Effective Percent: 27,19%
Vers
	 Rating: 13625
	 Multiplicative Factor: 0%
	 DR Bracket: 0
	 Base: 3%
	 Effective Percent: 20,47%
Leech
	 Rating: 4194
	 Multiplicative Factor: 0%
	 DR Bracket: 0
	 Base: 0%
	 Effective Percent: 4,11%
Avoidance
	 Rating: 0
	 Multiplicative Factor: 0%
	 DR Bracket: 0
	 Base: 0%
	 Effective Percent: 0%
Mastery
	 Rating: 2642
	 Multiplicative Factor: 0%
	 DR Bracket: 0
	 Base: 21%
	 Effective Percent: 26,66%
----------------------
00:47,008

Intellect
	 Rating: 138409
	 Multiplicative Factor: 14,73%
Stamina
	 Rating: 802802
	 Multiplicative Factor: 11,3%
Crit
	 Rating: 32963
	 Multiplicative Factor: 0%
	 DR Bracket: 2
	 Base: 9%
	 Effective Percent: 53,67%
	 Crit Inc Heal: 2
	 Crit Inc Damage: 2
Haste
	 Rating: 14646
	 Multiplicative Factor: 0%
	 DR Bracket: 0
	 Base: 5%
	 Effective Percent: 27,19%
Vers
	 Rating: 13625
	 Multiplicative Factor: 0%
	 DR Bracket: 0
	 Base: 0%
	 Effective Percent: 17,47%
Leech
	 Rating: 4194
	 Multiplicative Factor: 0%
	 DR Bracket: 0
	 Base: 0%
	 Effective Percent: 4,11%
Avoidance
	 Rating: 0
	 Multiplicative Factor: 0%
	 DR Bracket: 0
	 Base: 0%
	 Effective Percent: 0%
Mastery
	 Rating: 2642
	 Multiplicative Factor: 0%
	 DR Bracket: 0
	 Base: 21%
	 Effective Percent: 26,66%
----------------------
00:47,008

Intellect
	 Rating: 138409
	 Multiplicative Factor: 14,73%
Stamina
	 Rating: 802802
	 Multiplicative Factor: 11,3%
Crit
	 Rating: 32963
	 Multiplicative Factor: 0%
	 DR Bracket: 2
	 Base: 9%
	 Effective Percent: 53,67%
	 Crit Inc Heal: 2
	 Crit Inc Damage: 2
Haste
	 Rating: 14646
	 Multiplicative Factor: 0%
	 DR Bracket: 0
	 Base: 5%
	 Effective Percent: 27,19%
Vers
	 Rating: 13625
	 Multiplicative Factor: 0%
	 DR Bracket: 0
	 Base: 3%
	 Effective Percent: 20,47%
Leech
	 Rating: 4194
	 Multiplicative Factor: 0%
	 DR Bracket: 0
	 Base: 0%
	 Effective Percent: 4,11%
Avoidance
	 Rating: 0
	 Multiplicative Factor: 0%
	 DR Bracket: 0
	 Base: 0%
	 Effective Percent: 0%
Mastery
	 Rating: 2642
	 Multiplicative Factor: 0%
	 DR Bracket: 0
	 Base: 21%
	 Effective Percent: 26,66%
----------------------
00:49,617

Intellect
	 Rating: 138409
	 Multiplicative Factor: 14,73%
Stamina
	 Rating: 802802
	 Multiplicative Factor: 11,3%
Crit
	 Rating: 32963
	 Multiplicative Factor: 0%
	 DR Bracket: 2
	 Base: 9%
	 Effective Percent: 53,67%
	 Crit Inc Heal: 2
	 Crit Inc Damage: 2
Haste
	 Rating: 14646
	 Multiplicative Factor: 0%
	 DR Bracket: 0
	 Base: 5%
	 Effective Percent: 27,19%
Vers
	 Rating: 13625
	 Multiplicative Factor: 0%
	 DR Bracket: 0
	 Base: 0%
	 Effective Percent: 17,47%
Leech
	 Rating: 4194
	 Multiplicative Factor: 0%
	 DR Bracket: 0
	 Base: 0%
	 Effective Percent: 4,11%
Avoidance
	 Rating: 0
	 Multiplicative Factor: 0%
	 DR Bracket: 0
	 Base: 0%
	 Effective Percent: 0%
Mastery
	 Rating: 2642
	 Multiplicative Factor: 0%
	 DR Bracket: 0
	 Base: 21%
	 Effective Percent: 26,66%
----------------------
00:49,617

Intellect
	 Rating: 138409
	 Multiplicative Factor: 14,73%
Stamina
	 Rating: 802802
	 Multiplicative Factor: 11,3%
Crit
	 Rating: 32963
	 Multiplicative Factor: 0%
	 DR Bracket: 2
	 Base: 9%
	 Effective Percent: 53,67%
	 Crit Inc Heal: 2
	 Crit Inc Damage: 2
Haste
	 Rating: 14646
	 Multiplicative Factor: 0%
	 DR Bracket: 0
	 Base: 5%
	 Effective Percent: 27,19%
Vers
	 Rating: 13625
	 Multiplicative Factor: 0%
	 DR Bracket: 0
	 Base: 3%
	 Effective Percent: 20,47%
Leech
	 Rating: 4194
	 Multiplicative Factor: 0%
	 DR Bracket: 0
	 Base: 0%
	 Effective Percent: 4,11%
Avoidance
	 Rating: 0
	 Multiplicative Factor: 0%
	 DR Bracket: 0
	 Base: 0%
	 Effective Percent: 0%
Mastery
	 Rating: 2642
	 Multiplicative Factor: 0%
	 DR Bracket: 0
	 Base: 21%
	 Effective Percent: 26,66%
----------------------
00:52,475

Intellect
	 Rating: 138409
	 Multiplicative Factor: 14,73%
Stamina
	 Rating: 802802
	 Multiplicative Factor: 11,3%
Crit
	 Rating: 27112
	 Multiplicative Factor: 0%
	 DR Bracket: 1
	 Base: 9%
	 Effective Percent: 46,86%
	 Crit Inc Heal: 2
	 Crit Inc Damage: 2
Haste
	 Rating: 14646
	 Multiplicative Factor: 0%
	 DR Bracket: 0
	 Base: 5%
	 Effective Percent: 27,19%
Vers
	 Rating: 13625
	 Multiplicative Factor: 0%
	 DR Bracket: 0
	 Base: 3%
	 Effective Percent: 20,47%
Leech
	 Rating: 4194
	 Multiplicative Factor: 0%
	 DR Bracket: 0
	 Base: 0%
	 Effective Percent: 4,11%
Avoidance
	 Rating: 0
	 Multiplicative Factor: 0%
	 DR Bracket: 0
	 Base: 0%
	 Effective Percent: 0%
Mastery
	 Rating: 2642
	 Multiplicative Factor: 0%
	 DR Bracket: 0
	 Base: 21%
	 Effective Percent: 26,66%
----------------------
01:15,237

Intellect
	 Rating: 138409
	 Multiplicative Factor: 14,73%
Stamina
	 Rating: 802802
	 Multiplicative Factor: 11,3%
Crit
	 Rating: 32963
	 Multiplicative Factor: 0%
	 DR Bracket: 2
	 Base: 9%
	 Effective Percent: 53,67%
	 Crit Inc Heal: 2
	 Crit Inc Damage: 2
Haste
	 Rating: 14646
	 Multiplicative Factor: 0%
	 DR Bracket: 0
	 Base: 5%
	 Effective Percent: 27,19%
Vers
	 Rating: 13625
	 Multiplicative Factor: 0%
	 DR Bracket: 0
	 Base: 3%
	 Effective Percent: 20,47%
Leech
	 Rating: 4194
	 Multiplicative Factor: 0%
	 DR Bracket: 0
	 Base: 0%
	 Effective Percent: 4,11%
Avoidance
	 Rating: 0
	 Multiplicative Factor: 0%
	 DR Bracket: 0
	 Base: 0%
	 Effective Percent: 0%
Mastery
	 Rating: 2642
	 Multiplicative Factor: 0%
	 DR Bracket: 0
	 Base: 21%
	 Effective Percent: 26,66%
----------------------
01:25,237

Intellect
	 Rating: 138409
	 Multiplicative Factor: 14,73%
Stamina
	 Rating: 802802
	 Multiplicative Factor: 11,3%
Crit
	 Rating: 27112
	 Multiplicative Factor: 0%
	 DR Bracket: 1
	 Base: 9%
	 Effective Percent: 46,86%
	 Crit Inc Heal: 2
	 Crit Inc Damage: 2
Haste
	 Rating: 14646
	 Multiplicative Factor: 0%
	 DR Bracket: 0
	 Base: 5%
	 Effective Percent: 27,19%
Vers
	 Rating: 13625
	 Multiplicative Factor: 0%
	 DR Bracket: 0
	 Base: 3%
	 Effective Percent: 20,47%
Leech
	 Rating: 4194
	 Multiplicative Factor: 0%
	 DR Bracket: 0
	 Base: 0%
	 Effective Percent: 4,11%
Avoidance
	 Rating: 0
	 Multiplicative Factor: 0%
	 DR Bracket: 0
	 Base: 0%
	 Effective Percent: 0%
Mastery
	 Rating: 2642
	 Multiplicative Factor: 0%
	 DR Bracket: 0
	 Base: 21%
	 Effective Percent: 26,66%
----------------------
01:32,179

Intellect
	 Rating: 138409
	 Multiplicative Factor: 14,73%
Stamina
	 Rating: 802802
	 Multiplicative Factor: 11,3%
Crit
	 Rating: 27112
	 Multiplicative Factor: 0%
	 DR Bracket: 1
	 Base: 9%
	 Effective Percent: 46,86%
	 Crit Inc Heal: 2
	 Crit Inc Damage: 2
Haste
	 Rating: 14646
	 Multiplicative Factor: 0%
	 DR Bracket: 0
	 Base: 5%
	 Effective Percent: 27,19%
Vers
	 Rating: 13625
	 Multiplicative Factor: 0%
	 DR Bracket: 0
	 Base: 3%
	 Effective Percent: 20,47%
Leech
	 Rating: 4194
	 Multiplicative Factor: 0%
	 DR Bracket: 0
	 Base: 0%
	 Effective Percent: 4,11%
Avoidance
	 Rating: 0
	 Multiplicative Factor: 0%
	 DR Bracket: 0
	 Base: 0%
	 Effective Percent: 0%
Mastery
	 Rating: 2642
	 Multiplicative Factor: 0%
	 DR Bracket: 0
	 Base: 18%
	 Effective Percent: 23,66%
----------------------
01:32,179

Intellect
	 Rating: 138409
	 Multiplicative Factor: 14,73%
Stamina
	 Rating: 802802
	 Multiplicative Factor: 11,3%
Crit
	 Rating: 27112
	 Multiplicative Factor: 0%
	 DR Bracket: 1
	 Base: 9%
	 Effective Percent: 46,86%
	 Crit Inc Heal: 2
	 Crit Inc Damage: 2
Haste
	 Rating: 14646
	 Multiplicative Factor: 0%
	 DR Bracket: 0
	 Base: 5%
	 Effective Percent: 27,19%
Vers
	 Rating: 13625
	 Multiplicative Factor: 0%
	 DR Bracket: 0
	 Base: 3%
	 Effective Percent: 20,47%
Leech
	 Rating: 4194
	 Multiplicative Factor: 0%
	 DR Bracket: 0
	 Base: 0%
	 Effective Percent: 4,11%
Avoidance
	 Rating: 0
	 Multiplicative Factor: 0%
	 DR Bracket: 0
	 Base: 0%
	 Effective Percent: 0%
Mastery
	 Rating: 2642
	 Multiplicative Factor: 0%
	 DR Bracket: 0
	 Base: 21%
	 Effective Percent: 26,66%
----------------------
02:37,738

Intellect
	 Rating: 138409
	 Multiplicative Factor: 14,73%
Stamina
	 Rating: 802802
	 Multiplicative Factor: 11,3%
Crit
	 Rating: 27112
	 Multiplicative Factor: 0%
	 DR Bracket: 1
	 Base: 9%
	 Effective Percent: 46,86%
	 Crit Inc Heal: 2
	 Crit Inc Damage: 2
Haste
	 Rating: 14646
	 Multiplicative Factor: 0%
	 DR Bracket: 0
	 Base: 0%
	 Effective Percent: 22,19%
Vers
	 Rating: 13625
	 Multiplicative Factor: 0%
	 DR Bracket: 0
	 Base: 3%
	 Effective Percent: 20,47%
Leech
	 Rating: 4194
	 Multiplicative Factor: 0%
	 DR Bracket: 0
	 Base: 0%
	 Effective Percent: 4,11%
Avoidance
	 Rating: 0
	 Multiplicative Factor: 0%
	 DR Bracket: 0
	 Base: 0%
	 Effective Percent: 0%
Mastery
	 Rating: 2642
	 Multiplicative Factor: 0%
	 DR Bracket: 0
	 Base: 21%
	 Effective Percent: 26,66%
----------------------
02:37,822

Intellect
	 Rating: 138409
	 Multiplicative Factor: 14,73%
Stamina
	 Rating: 802802
	 Multiplicative Factor: 11,3%
Crit
	 Rating: 27112
	 Multiplicative Factor: 0%
	 DR Bracket: 1
	 Base: 9%
	 Effective Percent: 46,86%
	 Crit Inc Heal: 2
	 Crit Inc Damage: 2
Haste
	 Rating: 14646
	 Multiplicative Factor: 0%
	 DR Bracket: 0
	 Base: 1%
	 Effective Percent: 23,19%
Vers
	 Rating: 13625
	 Multiplicative Factor: 0%
	 DR Bracket: 0
	 Base: 3%
	 Effective Percent: 20,47%
Leech
	 Rating: 4194
	 Multiplicative Factor: 0%
	 DR Bracket: 0
	 Base: 0%
	 Effective Percent: 4,11%
Avoidance
	 Rating: 0
	 Multiplicative Factor: 0%
	 DR Bracket: 0
	 Base: 0%
	 Effective Percent: 0%
Mastery
	 Rating: 2642
	 Multiplicative Factor: 0%
	 DR Bracket: 0
	 Base: 21%
	 Effective Percent: 26,66%
----------------------
02:46,500

Intellect
	 Rating: 138409
	 Multiplicative Factor: 14,73%
Stamina
	 Rating: 842942
	 Multiplicative Factor: 16,87%
Crit
	 Rating: 27112
	 Multiplicative Factor: 0%
	 DR Bracket: 1
	 Base: 9%
	 Effective Percent: 46,86%
	 Crit Inc Heal: 2
	 Crit Inc Damage: 2
Haste
	 Rating: 14646
	 Multiplicative Factor: 0%
	 DR Bracket: 0
	 Base: 1%
	 Effective Percent: 23,19%
Vers
	 Rating: 13625
	 Multiplicative Factor: 0%
	 DR Bracket: 0
	 Base: 3%
	 Effective Percent: 20,47%
Leech
	 Rating: 4194
	 Multiplicative Factor: 0%
	 DR Bracket: 0
	 Base: 0%
	 Effective Percent: 4,11%
Avoidance
	 Rating: 0
	 Multiplicative Factor: 0%
	 DR Bracket: 0
	 Base: 0%
	 Effective Percent: 0%
Mastery
	 Rating: 2642
	 Multiplicative Factor: 0%
	 DR Bracket: 0
	 Base: 21%
	 Effective Percent: 26,66%
----------------------
00:00,000

Intellect
	 Rating: 138409
	 Multiplicative Factor: 14,73%
Stamina
	 Rating: 802802
	 Multiplicative Factor: 11,3%
Crit
	 Rating: 27112
	 Multiplicative Factor: 0%
	 DR Bracket: 1
	 Base: 9%
	 Effective Percent: 46,86%
	 Crit Inc Heal: 2
	 Crit Inc Damage: 2
Haste
	 Rating: 14646
	 Multiplicative Factor: 0%
	 DR Bracket: 0
	 Base: 1%
	 Effective Percent: 23,19%
Vers
	 Rating: 13625
	 Multiplicative Factor: 0%
	 DR Bracket: 0
	 Base: 3%
	 Effective Percent: 20,47%
Leech
	 Rating: 4194
	 Multiplicative Factor: 0%
	 DR Bracket: 0
	 Base: 0%
	 Effective Percent: 4,11%
Avoidance
	 Rating: 0
	 Multiplicative Factor: 0%
	 DR Bracket: 0
	 Base: 0%
	 Effective Percent: 0%
Mastery
	 Rating: 2642
	 Multiplicative Factor: 0%
	 DR Bracket: 0
	 Base: 21%
	 Effective Percent: 26,66%
----------------------
02:46,500

Intellect
	 Rating: 142561
	 Multiplicative Factor: 18,17%
Stamina
	 Rating: 802802
	 Multiplicative Factor: 11,3%
Crit
	 Rating: 27112
	 Multiplicative Factor: 0%
	 DR Bracket: 1
	 Base: 9%
	 Effective Percent: 46,86%
	 Crit Inc Heal: 2
	 Crit Inc Damage: 2
Haste
	 Rating: 14646
	 Multiplicative Factor: 0%
	 DR Bracket: 0
	 Base: 1%
	 Effective Percent: 23,19%
Vers
	 Rating: 13625
	 Multiplicative Factor: 0%
	 DR Bracket: 0
	 Base: 3%
	 Effective Percent: 20,47%
Leech
	 Rating: 4194
	 Multiplicative Factor: 0%
	 DR Bracket: 0
	 Base: 0%
	 Effective Percent: 4,11%
Avoidance
	 Rating: 0
	 Multiplicative Factor: 0%
	 DR Bracket: 0
	 Base: 0%
	 Effective Percent: 0%
Mastery
	 Rating: 2642
	 Multiplicative Factor: 0%
	 DR Bracket: 0
	 Base: 21%
	 Effective Percent: 26,66%
----------------------
00:00,000

Intellect
	 Rating: 138409
	 Multiplicative Factor: 14,73%
Stamina
	 Rating: 802802
	 Multiplicative Factor: 11,3%
Crit
	 Rating: 27112
	 Multiplicative Factor: 0%
	 DR Bracket: 1
	 Base: 9%
	 Effective Percent: 46,86%
	 Crit Inc Heal: 2
	 Crit Inc Damage: 2
Haste
	 Rating: 14646
	 Multiplicative Factor: 0%
	 DR Bracket: 0
	 Base: 1%
	 Effective Percent: 23,19%
Vers
	 Rating: 13625
	 Multiplicative Factor: 0%
	 DR Bracket: 0
	 Base: 3%
	 Effective Percent: 20,47%
Leech
	 Rating: 4194
	 Multiplicative Factor: 0%
	 DR Bracket: 0
	 Base: 0%
	 Effective Percent: 4,11%
Avoidance
	 Rating: 0
	 Multiplicative Factor: 0%
	 DR Bracket: 0
	 Base: 0%
	 Effective Percent: 0%
Mastery
	 Rating: 2642
	 Multiplicative Factor: 0%
	 DR Bracket: 0
	 Base: 21%
	 Effective Percent: 26,66%
----------------------
02:46,501

Intellect
	 Rating: 138409
	 Multiplicative Factor: 14,73%
Stamina
	 Rating: 802802
	 Multiplicative Factor: 11,3%
Crit
	 Rating: 27112
	 Multiplicative Factor: 0%
	 DR Bracket: 1
	 Base: 9%
	 Effective Percent: 46,86%
	 Crit Inc Heal: 2
	 Crit Inc Damage: 2
Haste
	 Rating: 14646
	 Multiplicative Factor: 0%
	 DR Bracket: 0
	 Base: 2%
	 Effective Percent: 24,19%
Vers
	 Rating: 13625
	 Multiplicative Factor: 0%
	 DR Bracket: 0
	 Base: 3%
	 Effective Percent: 20,47%
Leech
	 Rating: 4194
	 Multiplicative Factor: 0%
	 DR Bracket: 0
	 Base: 0%
	 Effective Percent: 4,11%
Avoidance
	 Rating: 0
	 Multiplicative Factor: 0%
	 DR Bracket: 0
	 Base: 0%
	 Effective Percent: 0%
Mastery
	 Rating: 2642
	 Multiplicative Factor: 0%
	 DR Bracket: 0
	 Base: 21%
	 Effective Percent: 26,66%
----------------------
02:46,501

Intellect
	 Rating: 138409
	 Multiplicative Factor: 14,73%
Stamina
	 Rating: 802802
	 Multiplicative Factor: 11,3%
Crit
	 Rating: 27112
	 Multiplicative Factor: 0%
	 DR Bracket: 1
	 Base: 9%
	 Effective Percent: 46,86%
	 Crit Inc Heal: 2
	 Crit Inc Damage: 2
Haste
	 Rating: 14646
	 Multiplicative Factor: 0%
	 DR Bracket: 0
	 Base: 2%
	 Effective Percent: 24,19%
Vers
	 Rating: 13625
	 Multiplicative Factor: 0%
	 DR Bracket: 0
	 Base: 6%
	 Effective Percent: 23,47%
Leech
	 Rating: 4194
	 Multiplicative Factor: 0%
	 DR Bracket: 0
	 Base: 0%
	 Effective Percent: 4,11%
Avoidance
	 Rating: 0
	 Multiplicative Factor: 0%
	 DR Bracket: 0
	 Base: 0%
	 Effective Percent: 0%
Mastery
	 Rating: 2642
	 Multiplicative Factor: 0%
	 DR Bracket: 0
	 Base: 21%
	 Effective Percent: 26,66%
----------------------
00:00,000

Intellect
	 Rating: 138409
	 Multiplicative Factor: 14,73%
Stamina
	 Rating: 802802
	 Multiplicative Factor: 11,3%
Crit
	 Rating: 27112
	 Multiplicative Factor: 0%
	 DR Bracket: 1
	 Base: 9%
	 Effective Percent: 46,86%
	 Crit Inc Heal: 2
	 Crit Inc Damage: 2
Haste
	 Rating: 14646
	 Multiplicative Factor: 0%
	 DR Bracket: 0
	 Base: 2%
	 Effective Percent: 24,19%
Vers
	 Rating: 13625
	 Multiplicative Factor: 0%
	 DR Bracket: 0
	 Base: 3%
	 Effective Percent: 20,47%
Leech
	 Rating: 4194
	 Multiplicative Factor: 0%
	 DR Bracket: 0
	 Base: 0%
	 Effective Percent: 4,11%
Avoidance
	 Rating: 0
	 Multiplicative Factor: 0%
	 DR Bracket: 0
	 Base: 0%
	 Effective Percent: 0%
Mastery
	 Rating: 2642
	 Multiplicative Factor: 0%
	 DR Bracket: 0
	 Base: 21%
	 Effective Percent: 26,66%
----------------------
02:46,501

Intellect
	 Rating: 138409
	 Multiplicative Factor: 14,73%
Stamina
	 Rating: 802802
	 Multiplicative Factor: 11,3%
Crit
	 Rating: 27112
	 Multiplicative Factor: 0%
	 DR Bracket: 1
	 Base: 9%
	 Effective Percent: 46,86%
	 Crit Inc Heal: 2
	 Crit Inc Damage: 2
Haste
	 Rating: 14646
	 Multiplicative Factor: 0%
	 DR Bracket: 0
	 Base: 2%
	 Effective Percent: 24,19%
Vers
	 Rating: 13625
	 Multiplicative Factor: 0%
	 DR Bracket: 0
	 Base: 3%
	 Effective Percent: 20,47%
Leech
	 Rating: 4194
	 Multiplicative Factor: 0%
	 DR Bracket: 0
	 Base: 0%
	 Effective Percent: 4,11%
Avoidance
	 Rating: 0
	 Multiplicative Factor: 0%
	 DR Bracket: 0
	 Base: 0%
	 Effective Percent: 0%
Mastery
	 Rating: 2642
	 Multiplicative Factor: 0%
	 DR Bracket: 0
	 Base: 24%
	 Effective Percent: 29,66%
----------------------
00:00,000

Intellect
	 Rating: 138409
	 Multiplicative Factor: 14,73%
Stamina
	 Rating: 802802
	 Multiplicative Factor: 11,3%
Crit
	 Rating: 27112
	 Multiplicative Factor: 0%
	 DR Bracket: 1
	 Base: 9%
	 Effective Percent: 46,86%
	 Crit Inc Heal: 2
	 Crit Inc Damage: 2
Haste
	 Rating: 14646
	 Multiplicative Factor: 0%
	 DR Bracket: 0
	 Base: 2%
	 Effective Percent: 24,19%
Vers
	 Rating: 13625
	 Multiplicative Factor: 0%
	 DR Bracket: 0
	 Base: 3%
	 Effective Percent: 20,47%
Leech
	 Rating: 4194
	 Multiplicative Factor: 0%
	 DR Bracket: 0
	 Base: 0%
	 Effective Percent: 4,11%
Avoidance
	 Rating: 0
	 Multiplicative Factor: 0%
	 DR Bracket: 0
	 Base: 0%
	 Effective Percent: 0%
Mastery
	 Rating: 2642
	 Multiplicative Factor: 0%
	 DR Bracket: 0
	 Base: 21%
	 Effective Percent: 26,66%
----------------------
02:48,369

Intellect
	 Rating: 138409
	 Multiplicative Factor: 14,73%
Stamina
	 Rating: 802802
	 Multiplicative Factor: 11,3%
Crit
	 Rating: 27112
	 Multiplicative Factor: 0%
	 DR Bracket: 1
	 Base: 9%
	 Effective Percent: 46,86%
	 Crit Inc Heal: 2
	 Crit Inc Damage: 2
Haste
	 Rating: 14646
	 Multiplicative Factor: 0%
	 DR Bracket: 0
	 Base: 3%
	 Effective Percent: 25,19%
Vers
	 Rating: 13625
	 Multiplicative Factor: 0%
	 DR Bracket: 0
	 Base: 3%
	 Effective Percent: 20,47%
Leech
	 Rating: 4194
	 Multiplicative Factor: 0%
	 DR Bracket: 0
	 Base: 0%
	 Effective Percent: 4,11%
Avoidance
	 Rating: 0
	 Multiplicative Factor: 0%
	 DR Bracket: 0
	 Base: 0%
	 Effective Percent: 0%
Mastery
	 Rating: 2642
	 Multiplicative Factor: 0%
	 DR Bracket: 0
	 Base: 21%
	 Effective Percent: 26,66%
----------------------
02:52,000

Intellect
	 Rating: 138409
	 Multiplicative Factor: 14,73%
Stamina
	 Rating: 802802
	 Multiplicative Factor: 11,3%
Crit
	 Rating: 27112
	 Multiplicative Factor: 0%
	 DR Bracket: 1
	 Base: 9%
	 Effective Percent: 46,86%
	 Crit Inc Heal: 2
	 Crit Inc Damage: 2
Haste
	 Rating: 14646
	 Multiplicative Factor: 0%
	 DR Bracket: 0
	 Base: 4%
	 Effective Percent: 26,19%
Vers
	 Rating: 13625
	 Multiplicative Factor: 0%
	 DR Bracket: 0
	 Base: 3%
	 Effective Percent: 20,47%
Leech
	 Rating: 4194
	 Multiplicative Factor: 0%
	 DR Bracket: 0
	 Base: 0%
	 Effective Percent: 4,11%
Avoidance
	 Rating: 0
	 Multiplicative Factor: 0%
	 DR Bracket: 0
	 Base: 0%
	 Effective Percent: 0%
Mastery
	 Rating: 2642
	 Multiplicative Factor: 0%
	 DR Bracket: 0
	 Base: 21%
	 Effective Percent: 26,66%
----------------------
02:55,784

Intellect
	 Rating: 138409
	 Multiplicative Factor: 14,73%
Stamina
	 Rating: 802802
	 Multiplicative Factor: 11,3%
Crit
	 Rating: 32963
	 Multiplicative Factor: 0%
	 DR Bracket: 2
	 Base: 9%
	 Effective Percent: 53,67%
	 Crit Inc Heal: 2
	 Crit Inc Damage: 2
Haste
	 Rating: 14646
	 Multiplicative Factor: 0%
	 DR Bracket: 0
	 Base: 4%
	 Effective Percent: 26,19%
Vers
	 Rating: 13625
	 Multiplicative Factor: 0%
	 DR Bracket: 0
	 Base: 3%
	 Effective Percent: 20,47%
Leech
	 Rating: 4194
	 Multiplicative Factor: 0%
	 DR Bracket: 0
	 Base: 0%
	 Effective Percent: 4,11%
Avoidance
	 Rating: 0
	 Multiplicative Factor: 0%
	 DR Bracket: 0
	 Base: 0%
	 Effective Percent: 0%
Mastery
	 Rating: 2642
	 Multiplicative Factor: 0%
	 DR Bracket: 0
	 Base: 21%
	 Effective Percent: 26,66%
----------------------
02:58,534

Intellect
	 Rating: 138409
	 Multiplicative Factor: 14,73%
Stamina
	 Rating: 802802
	 Multiplicative Factor: 11,3%
Crit
	 Rating: 38813
	 Multiplicative Factor: 0%
	 DR Bracket: 3
	 Base: 9%
	 Effective Percent: 59,81%
	 Crit Inc Heal: 2
	 Crit Inc Damage: 2
Haste
	 Rating: 14646
	 Multiplicative Factor: 0%
	 DR Bracket: 0
	 Base: 4%
	 Effective Percent: 26,19%
Vers
	 Rating: 13625
	 Multiplicative Factor: 0%
	 DR Bracket: 0
	 Base: 3%
	 Effective Percent: 20,47%
Leech
	 Rating: 4194
	 Multiplicative Factor: 0%
	 DR Bracket: 0
	 Base: 0%
	 Effective Percent: 4,11%
Avoidance
	 Rating: 0
	 Multiplicative Factor: 0%
	 DR Bracket: 0
	 Base: 0%
	 Effective Percent: 0%
Mastery
	 Rating: 2642
	 Multiplicative Factor: 0%
	 DR Bracket: 0
	 Base: 21%
	 Effective Percent: 26,66%
----------------------
02:59,092

Intellect
	 Rating: 138409
	 Multiplicative Factor: 14,73%
Stamina
	 Rating: 802802
	 Multiplicative Factor: 11,3%
Crit
	 Rating: 44664
	 Multiplicative Factor: 0%
	 DR Bracket: 4
	 Base: 9%
	 Effective Percent: 65,28%
	 Crit Inc Heal: 2
	 Crit Inc Damage: 2
Haste
	 Rating: 14646
	 Multiplicative Factor: 0%
	 DR Bracket: 0
	 Base: 4%
	 Effective Percent: 26,19%
Vers
	 Rating: 13625
	 Multiplicative Factor: 0%
	 DR Bracket: 0
	 Base: 3%
	 Effective Percent: 20,47%
Leech
	 Rating: 4194
	 Multiplicative Factor: 0%
	 DR Bracket: 0
	 Base: 0%
	 Effective Percent: 4,11%
Avoidance
	 Rating: 0
	 Multiplicative Factor: 0%
	 DR Bracket: 0
	 Base: 0%
	 Effective Percent: 0%
Mastery
	 Rating: 2642
	 Multiplicative Factor: 0%
	 DR Bracket: 0
	 Base: 21%
	 Effective Percent: 26,66%
----------------------
02:59,108

Intellect
	 Rating: 138409
	 Multiplicative Factor: 14,73%
Stamina
	 Rating: 802802
	 Multiplicative Factor: 11,3%
Crit
	 Rating: 44664
	 Multiplicative Factor: 0%
	 DR Bracket: 4
	 Base: 9%
	 Effective Percent: 65,28%
	 Crit Inc Heal: 2
	 Crit Inc Damage: 2
Haste
	 Rating: 14646
	 Multiplicative Factor: 0%
	 DR Bracket: 0
	 Base: 5%
	 Effective Percent: 27,19%
Vers
	 Rating: 13625
	 Multiplicative Factor: 0%
	 DR Bracket: 0
	 Base: 3%
	 Effective Percent: 20,47%
Leech
	 Rating: 4194
	 Multiplicative Factor: 0%
	 DR Bracket: 0
	 Base: 0%
	 Effective Percent: 4,11%
Avoidance
	 Rating: 0
	 Multiplicative Factor: 0%
	 DR Bracket: 0
	 Base: 0%
	 Effective Percent: 0%
Mastery
	 Rating: 2642
	 Multiplicative Factor: 0%
	 DR Bracket: 0
	 Base: 21%
	 Effective Percent: 26,66%
----------------------
03:03,811

Intellect
	 Rating: 138409
	 Multiplicative Factor: 14,73%
Stamina
	 Rating: 802802
	 Multiplicative Factor: 11,3%
Crit
	 Rating: 44664
	 Multiplicative Factor: 0%
	 DR Bracket: 4
	 Base: 9%
	 Effective Percent: 65,28%
	 Crit Inc Heal: 2
	 Crit Inc Damage: 2
Haste
	 Rating: 14646
	 Multiplicative Factor: 0%
	 DR Bracket: 0
	 Base: 35%
	 Effective Percent: 57,19%
Vers
	 Rating: 13625
	 Multiplicative Factor: 0%
	 DR Bracket: 0
	 Base: 3%
	 Effective Percent: 20,47%
Leech
	 Rating: 4194
	 Multiplicative Factor: 0%
	 DR Bracket: 0
	 Base: 0%
	 Effective Percent: 4,11%
Avoidance
	 Rating: 0
	 Multiplicative Factor: 0%
	 DR Bracket: 0
	 Base: 0%
	 Effective Percent: 0%
Mastery
	 Rating: 2642
	 Multiplicative Factor: 0%
	 DR Bracket: 0
	 Base: 21%
	 Effective Percent: 26,66%
----------------------
03:04,484

Intellect
	 Rating: 138409
	 Multiplicative Factor: 14,73%
Stamina
	 Rating: 802802
	 Multiplicative Factor: 11,3%
Crit
	 Rating: 44664
	 Multiplicative Factor: 0%
	 DR Bracket: 4
	 Base: 9%
	 Effective Percent: 65,28%
	 Crit Inc Heal: 2
	 Crit Inc Damage: 2
Haste
	 Rating: 14646
	 Multiplicative Factor: 0%
	 DR Bracket: 0
	 Base: 36%
	 Effective Percent: 58,19%
Vers
	 Rating: 13625
	 Multiplicative Factor: 0%
	 DR Bracket: 0
	 Base: 3%
	 Effective Percent: 20,47%
Leech
	 Rating: 4194
	 Multiplicative Factor: 0%
	 DR Bracket: 0
	 Base: 0%
	 Effective Percent: 4,11%
Avoidance
	 Rating: 0
	 Multiplicative Factor: 0%
	 DR Bracket: 0
	 Base: 0%
	 Effective Percent: 0%
Mastery
	 Rating: 2642
	 Multiplicative Factor: 0%
	 DR Bracket: 0
	 Base: 21%
	 Effective Percent: 26,66%
----------------------
03:05,798

Intellect
	 Rating: 138409
	 Multiplicative Factor: 14,73%
Stamina
	 Rating: 802802
	 Multiplicative Factor: 11,3%
Crit
	 Rating: 38813
	 Multiplicative Factor: 0%
	 DR Bracket: 3
	 Base: 9%
	 Effective Percent: 59,81%
	 Crit Inc Heal: 2
	 Crit Inc Damage: 2
Haste
	 Rating: 14646
	 Multiplicative Factor: 0%
	 DR Bracket: 0
	 Base: 36%
	 Effective Percent: 58,19%
Vers
	 Rating: 13625
	 Multiplicative Factor: 0%
	 DR Bracket: 0
	 Base: 3%
	 Effective Percent: 20,47%
Leech
	 Rating: 4194
	 Multiplicative Factor: 0%
	 DR Bracket: 0
	 Base: 0%
	 Effective Percent: 4,11%
Avoidance
	 Rating: 0
	 Multiplicative Factor: 0%
	 DR Bracket: 0
	 Base: 0%
	 Effective Percent: 0%
Mastery
	 Rating: 2642
	 Multiplicative Factor: 0%
	 DR Bracket: 0
	 Base: 21%
	 Effective Percent: 26,66%
----------------------
03:08,536

Intellect
	 Rating: 138409
	 Multiplicative Factor: 14,73%
Stamina
	 Rating: 802802
	 Multiplicative Factor: 11,3%
Crit
	 Rating: 32963
	 Multiplicative Factor: 0%
	 DR Bracket: 2
	 Base: 9%
	 Effective Percent: 53,67%
	 Crit Inc Heal: 2
	 Crit Inc Damage: 2
Haste
	 Rating: 14646
	 Multiplicative Factor: 0%
	 DR Bracket: 0
	 Base: 36%
	 Effective Percent: 58,19%
Vers
	 Rating: 13625
	 Multiplicative Factor: 0%
	 DR Bracket: 0
	 Base: 3%
	 Effective Percent: 20,47%
Leech
	 Rating: 4194
	 Multiplicative Factor: 0%
	 DR Bracket: 0
	 Base: 0%
	 Effective Percent: 4,11%
Avoidance
	 Rating: 0
	 Multiplicative Factor: 0%
	 DR Bracket: 0
	 Base: 0%
	 Effective Percent: 0%
Mastery
	 Rating: 2642
	 Multiplicative Factor: 0%
	 DR Bracket: 0
	 Base: 21%
	 Effective Percent: 26,66%
----------------------
03:09,095

Intellect
	 Rating: 138409
	 Multiplicative Factor: 14,73%
Stamina
	 Rating: 802802
	 Multiplicative Factor: 11,3%
Crit
	 Rating: 27112
	 Multiplicative Factor: 0%
	 DR Bracket: 1
	 Base: 9%
	 Effective Percent: 46,86%
	 Crit Inc Heal: 2
	 Crit Inc Damage: 2
Haste
	 Rating: 14646
	 Multiplicative Factor: 0%
	 DR Bracket: 0
	 Base: 36%
	 Effective Percent: 58,19%
Vers
	 Rating: 13625
	 Multiplicative Factor: 0%
	 DR Bracket: 0
	 Base: 3%
	 Effective Percent: 20,47%
Leech
	 Rating: 4194
	 Multiplicative Factor: 0%
	 DR Bracket: 0
	 Base: 0%
	 Effective Percent: 4,11%
Avoidance
	 Rating: 0
	 Multiplicative Factor: 0%
	 DR Bracket: 0
	 Base: 0%
	 Effective Percent: 0%
Mastery
	 Rating: 2642
	 Multiplicative Factor: 0%
	 DR Bracket: 0
	 Base: 21%
	 Effective Percent: 26,66%
----------------------
03:21,420

Intellect
	 Rating: 138409
	 Multiplicative Factor: 14,73%
Stamina
	 Rating: 802802
	 Multiplicative Factor: 11,3%
Crit
	 Rating: 32963
	 Multiplicative Factor: 0%
	 DR Bracket: 2
	 Base: 9%
	 Effective Percent: 53,67%
	 Crit Inc Heal: 2
	 Crit Inc Damage: 2
Haste
	 Rating: 14646
	 Multiplicative Factor: 0%
	 DR Bracket: 0
	 Base: 36%
	 Effective Percent: 58,19%
Vers
	 Rating: 13625
	 Multiplicative Factor: 0%
	 DR Bracket: 0
	 Base: 3%
	 Effective Percent: 20,47%
Leech
	 Rating: 4194
	 Multiplicative Factor: 0%
	 DR Bracket: 0
	 Base: 0%
	 Effective Percent: 4,11%
Avoidance
	 Rating: 0
	 Multiplicative Factor: 0%
	 DR Bracket: 0
	 Base: 0%
	 Effective Percent: 0%
Mastery
	 Rating: 2642
	 Multiplicative Factor: 0%
	 DR Bracket: 0
	 Base: 21%
	 Effective Percent: 26,66%
----------------------
03:27,407

Intellect
	 Rating: 138409
	 Multiplicative Factor: 14,73%
Stamina
	 Rating: 802802
	 Multiplicative Factor: 11,3%
Crit
	 Rating: 38813
	 Multiplicative Factor: 0%
	 DR Bracket: 3
	 Base: 9%
	 Effective Percent: 59,81%
	 Crit Inc Heal: 2
	 Crit Inc Damage: 2
Haste
	 Rating: 14646
	 Multiplicative Factor: 0%
	 DR Bracket: 0
	 Base: 36%
	 Effective Percent: 58,19%
Vers
	 Rating: 13625
	 Multiplicative Factor: 0%
	 DR Bracket: 0
	 Base: 3%
	 Effective Percent: 20,47%
Leech
	 Rating: 4194
	 Multiplicative Factor: 0%
	 DR Bracket: 0
	 Base: 0%
	 Effective Percent: 4,11%
Avoidance
	 Rating: 0
	 Multiplicative Factor: 0%
	 DR Bracket: 0
	 Base: 0%
	 Effective Percent: 0%
Mastery
	 Rating: 2642
	 Multiplicative Factor: 0%
	 DR Bracket: 0
	 Base: 21%
	 Effective Percent: 26,66%
----------------------
03:31,425

Intellect
	 Rating: 138409
	 Multiplicative Factor: 14,73%
Stamina
	 Rating: 802802
	 Multiplicative Factor: 11,3%
Crit
	 Rating: 32963
	 Multiplicative Factor: 0%
	 DR Bracket: 2
	 Base: 9%
	 Effective Percent: 53,67%
	 Crit Inc Heal: 2
	 Crit Inc Damage: 2
Haste
	 Rating: 14646
	 Multiplicative Factor: 0%
	 DR Bracket: 0
	 Base: 36%
	 Effective Percent: 58,19%
Vers
	 Rating: 13625
	 Multiplicative Factor: 0%
	 DR Bracket: 0
	 Base: 3%
	 Effective Percent: 20,47%
Leech
	 Rating: 4194
	 Multiplicative Factor: 0%
	 DR Bracket: 0
	 Base: 0%
	 Effective Percent: 4,11%
Avoidance
	 Rating: 0
	 Multiplicative Factor: 0%
	 DR Bracket: 0
	 Base: 0%
	 Effective Percent: 0%
Mastery
	 Rating: 2642
	 Multiplicative Factor: 0%
	 DR Bracket: 0
	 Base: 21%
	 Effective Percent: 26,66%
----------------------
03:37,409

Intellect
	 Rating: 138409
	 Multiplicative Factor: 14,73%
Stamina
	 Rating: 802802
	 Multiplicative Factor: 11,3%
Crit
	 Rating: 27112
	 Multiplicative Factor: 0%
	 DR Bracket: 1
	 Base: 9%
	 Effective Percent: 46,86%
	 Crit Inc Heal: 2
	 Crit Inc Damage: 2
Haste
	 Rating: 14646
	 Multiplicative Factor: 0%
	 DR Bracket: 0
	 Base: 36%
	 Effective Percent: 58,19%
Vers
	 Rating: 13625
	 Multiplicative Factor: 0%
	 DR Bracket: 0
	 Base: 3%
	 Effective Percent: 20,47%
Leech
	 Rating: 4194
	 Multiplicative Factor: 0%
	 DR Bracket: 0
	 Base: 0%
	 Effective Percent: 4,11%
Avoidance
	 Rating: 0
	 Multiplicative Factor: 0%
	 DR Bracket: 0
	 Base: 0%
	 Effective Percent: 0%
Mastery
	 Rating: 2642
	 Multiplicative Factor: 0%
	 DR Bracket: 0
	 Base: 21%
	 Effective Percent: 26,66%
----------------------
03:42,111

Intellect
	 Rating: 138409
	 Multiplicative Factor: 14,73%
Stamina
	 Rating: 802802
	 Multiplicative Factor: 11,3%
Crit
	 Rating: 27112
	 Multiplicative Factor: 0%
	 DR Bracket: 1
	 Base: 9%
	 Effective Percent: 46,86%
	 Crit Inc Heal: 2
	 Crit Inc Damage: 2
Haste
	 Rating: 14646
	 Multiplicative Factor: 0%
	 DR Bracket: 0
	 Base: 36%
	 Effective Percent: 58,19%
Vers
	 Rating: 13625
	 Multiplicative Factor: 0%
	 DR Bracket: 0
	 Base: 0%
	 Effective Percent: 17,47%
Leech
	 Rating: 4194
	 Multiplicative Factor: 0%
	 DR Bracket: 0
	 Base: 0%
	 Effective Percent: 4,11%
Avoidance
	 Rating: 0
	 Multiplicative Factor: 0%
	 DR Bracket: 0
	 Base: 0%
	 Effective Percent: 0%
Mastery
	 Rating: 2642
	 Multiplicative Factor: 0%
	 DR Bracket: 0
	 Base: 21%
	 Effective Percent: 26,66%
----------------------
03:42,111

Intellect
	 Rating: 138409
	 Multiplicative Factor: 14,73%
Stamina
	 Rating: 802802
	 Multiplicative Factor: 11,3%
Crit
	 Rating: 27112
	 Multiplicative Factor: 0%
	 DR Bracket: 1
	 Base: 9%
	 Effective Percent: 46,86%
	 Crit Inc Heal: 2
	 Crit Inc Damage: 2
Haste
	 Rating: 14646
	 Multiplicative Factor: 0%
	 DR Bracket: 0
	 Base: 31%
	 Effective Percent: 53,19%
Vers
	 Rating: 13625
	 Multiplicative Factor: 0%
	 DR Bracket: 0
	 Base: 0%
	 Effective Percent: 17,47%
Leech
	 Rating: 4194
	 Multiplicative Factor: 0%
	 DR Bracket: 0
	 Base: 0%
	 Effective Percent: 4,11%
Avoidance
	 Rating: 0
	 Multiplicative Factor: 0%
	 DR Bracket: 0
	 Base: 0%
	 Effective Percent: 0%
Mastery
	 Rating: 2642
	 Multiplicative Factor: 0%
	 DR Bracket: 0
	 Base: 21%
	 Effective Percent: 26,66%
----------------------
03:42,111

Intellect
	 Rating: 138409
	 Multiplicative Factor: 14,73%
Stamina
	 Rating: 802802
	 Multiplicative Factor: 11,3%
Crit
	 Rating: 27112
	 Multiplicative Factor: 0%
	 DR Bracket: 1
	 Base: 9%
	 Effective Percent: 46,86%
	 Crit Inc Heal: 2
	 Crit Inc Damage: 2
Haste
	 Rating: 14646
	 Multiplicative Factor: 0%
	 DR Bracket: 0
	 Base: 1%
	 Effective Percent: 23,19%
Vers
	 Rating: 13625
	 Multiplicative Factor: 0%
	 DR Bracket: 0
	 Base: 0%
	 Effective Percent: 17,47%
Leech
	 Rating: 4194
	 Multiplicative Factor: 0%
	 DR Bracket: 0
	 Base: 0%
	 Effective Percent: 4,11%
Avoidance
	 Rating: 0
	 Multiplicative Factor: 0%
	 DR Bracket: 0
	 Base: 0%
	 Effective Percent: 0%
Mastery
	 Rating: 2642
	 Multiplicative Factor: 0%
	 DR Bracket: 0
	 Base: 21%
	 Effective Percent: 26,66%
----------------------
03:42,111

Intellect
	 Rating: 138409
	 Multiplicative Factor: 14,73%
Stamina
	 Rating: 802802
	 Multiplicative Factor: 11,3%
Crit
	 Rating: 27112
	 Multiplicative Factor: 0%
	 DR Bracket: 1
	 Base: 9%
	 Effective Percent: 46,86%
	 Crit Inc Heal: 2
	 Crit Inc Damage: 2
Haste
	 Rating: 14646
	 Multiplicative Factor: 0%
	 DR Bracket: 0
	 Base: 1%
	 Effective Percent: 23,19%
Vers
	 Rating: 13625
	 Multiplicative Factor: 0%
	 DR Bracket: 0
	 Base: 0%
	 Effective Percent: 17,47%
Leech
	 Rating: 4194
	 Multiplicative Factor: 0%
	 DR Bracket: 0
	 Base: 0%
	 Effective Percent: 4,11%
Avoidance
	 Rating: 0
	 Multiplicative Factor: 0%
	 DR Bracket: 0
	 Base: 0%
	 Effective Percent: 0%
Mastery
	 Rating: 2642
	 Multiplicative Factor: 0%
	 DR Bracket: 0
	 Base: 18%
	 Effective Percent: 23,66%
----------------------
03:42,111

Intellect
	 Rating: 134378
	 Multiplicative Factor: 11,38%
Stamina
	 Rating: 802802
	 Multiplicative Factor: 11,3%
Crit
	 Rating: 27112
	 Multiplicative Factor: 0%
	 DR Bracket: 1
	 Base: 9%
	 Effective Percent: 46,86%
	 Crit Inc Heal: 2
	 Crit Inc Damage: 2
Haste
	 Rating: 14646
	 Multiplicative Factor: 0%
	 DR Bracket: 0
	 Base: 1%
	 Effective Percent: 23,19%
Vers
	 Rating: 13625
	 Multiplicative Factor: 0%
	 DR Bracket: 0
	 Base: 0%
	 Effective Percent: 17,47%
Leech
	 Rating: 4194
	 Multiplicative Factor: 0%
	 DR Bracket: 0
	 Base: 0%
	 Effective Percent: 4,11%
Avoidance
	 Rating: 0
	 Multiplicative Factor: 0%
	 DR Bracket: 0
	 Base: 0%
	 Effective Percent: 0%
Mastery
	 Rating: 2642
	 Multiplicative Factor: 0%
	 DR Bracket: 0
	 Base: 18%
	 Effective Percent: 23,66%
----------------------
03:42,112

Intellect
	 Rating: 134378
	 Multiplicative Factor: 11,38%
Stamina
	 Rating: 764573
	 Multiplicative Factor: 6%
Crit
	 Rating: 27112
	 Multiplicative Factor: 0%
	 DR Bracket: 1
	 Base: 9%
	 Effective Percent: 46,86%
	 Crit Inc Heal: 2
	 Crit Inc Damage: 2
Haste
	 Rating: 14646
	 Multiplicative Factor: 0%
	 DR Bracket: 0
	 Base: 1%
	 Effective Percent: 23,19%
Vers
	 Rating: 13625
	 Multiplicative Factor: 0%
	 DR Bracket: 0
	 Base: 0%
	 Effective Percent: 17,47%
Leech
	 Rating: 4194
	 Multiplicative Factor: 0%
	 DR Bracket: 0
	 Base: 0%
	 Effective Percent: 4,11%
Avoidance
	 Rating: 0
	 Multiplicative Factor: 0%
	 DR Bracket: 0
	 Base: 0%
	 Effective Percent: 0%
Mastery
	 Rating: 2642
	 Multiplicative Factor: 0%
	 DR Bracket: 0
	 Base: 18%
	 Effective Percent: 23,66%
