----------------------
03:34,967

Intellect
	 Rating: 9813
	 Multiplicative Factor: 8,15%
Stamina
	 Rating: 1248060
	 Multiplicative Factor: 5%
Crit
	 Rating: 15795
	 Multiplicative Factor: 0%
	 DR Bracket: 0
	 Base: 5%
	 Effective Percent: 27,56%
	 Crit Inc Heal: 2
	 Crit Inc Damage: 2
Haste
	 Rating: 21547
	 Multiplicative Factor: 0%
	 DR Bracket: 1
	 Base: 0%
	 Effective Percent: 32,38%
Vers
	 Rating: 15344
	 Multiplicative Factor: 0%
	 DR Bracket: 0
	 Base: 6%
	 Effective Percent: 25,67%
Leech
	 Rating: 3060
	 Multiplicative Factor: 0%
	 DR Bracket: 0
	 Base: 0%
	 Effective Percent: 3%
Avoidance
	 Rating: 898
	 Multiplicative Factor: 0%
	 DR Bracket: 0
	 Base: 0%
	 Effective Percent: 1,65%
Mastery
	 Rating: 6694
	 Multiplicative Factor: 0%
	 DR Bracket: 0
	 Base: ∞%
	 Effective Percent: ∞%
----------------------
00:00,000

Intellect
	 Rating: 9813
	 Multiplicative Factor: 8,15%
Stamina
	 Rating: 1248060
	 Multiplicative Factor: 5%
Crit
	 Rating: 15795
	 Multiplicative Factor: 0%
	 DR Bracket: 0
	 Base: 5%
	 Effective Percent: 27,56%
	 Crit Inc Heal: 2
	 Crit Inc Damage: 2
Haste
	 Rating: 21547
	 Multiplicative Factor: 0%
	 DR Bracket: 1
	 Base: 0%
	 Effective Percent: 32,38%
Vers
	 Rating: 15344
	 Multiplicative Factor: 0%
	 DR Bracket: 0
	 Base: 3%
	 Effective Percent: 22,67%
Leech
	 Rating: 3060
	 Multiplicative Factor: 0%
	 DR Bracket: 0
	 Base: 0%
	 Effective Percent: 3%
Avoidance
	 Rating: 898
	 Multiplicative Factor: 0%
	 DR Bracket: 0
	 Base: 0%
	 Effective Percent: 1,65%
Mastery
	 Rating: 6694
	 Multiplicative Factor: 0%
	 DR Bracket: 0
	 Base: ∞%
	 Effective Percent: ∞%
----------------------
03:34,967

Intellect
	 Rating: 10107
	 Multiplicative Factor: 11,39%
Stamina
	 Rating: 1248060
	 Multiplicative Factor: 5%
Crit
	 Rating: 15795
	 Multiplicative Factor: 0%
	 DR Bracket: 0
	 Base: 5%
	 Effective Percent: 27,56%
	 Crit Inc Heal: 2
	 Crit Inc Damage: 2
Haste
	 Rating: 21547
	 Multiplicative Factor: 0%
	 DR Bracket: 1
	 Base: 0%
	 Effective Percent: 32,38%
Vers
	 Rating: 15344
	 Multiplicative Factor: 0%
	 DR Bracket: 0
	 Base: 3%
	 Effective Percent: 22,67%
Leech
	 Rating: 3060
	 Multiplicative Factor: 0%
	 DR Bracket: 0
	 Base: 0%
	 Effective Percent: 3%
Avoidance
	 Rating: 898
	 Multiplicative Factor: 0%
	 DR Bracket: 0
	 Base: 0%
	 Effective Percent: 1,65%
Mastery
	 Rating: 6694
	 Multiplicative Factor: 0%
	 DR Bracket: 0
	 Base: ∞%
	 Effective Percent: ∞%
----------------------
00:00,000

Intellect
	 Rating: 9813
	 Multiplicative Factor: 8,15%
Stamina
	 Rating: 1248060
	 Multiplicative Factor: 5%
Crit
	 Rating: 15795
	 Multiplicative Factor: 0%
	 DR Bracket: 0
	 Base: 5%
	 Effective Percent: 27,56%
	 Crit Inc Heal: 2
	 Crit Inc Damage: 2
Haste
	 Rating: 21547
	 Multiplicative Factor: 0%
	 DR Bracket: 1
	 Base: 0%
	 Effective Percent: 32,38%
Vers
	 Rating: 15344
	 Multiplicative Factor: 0%
	 DR Bracket: 0
	 Base: 3%
	 Effective Percent: 22,67%
Leech
	 Rating: 3060
	 Multiplicative Factor: 0%
	 DR Bracket: 0
	 Base: 0%
	 Effective Percent: 3%
Avoidance
	 Rating: 898
	 Multiplicative Factor: 0%
	 DR Bracket: 0
	 Base: 0%
	 Effective Percent: 1,65%
Mastery
	 Rating: 6694
	 Multiplicative Factor: 0%
	 DR Bracket: 0
	 Base: ∞%
	 Effective Percent: ∞%
----------------------
03:34,967

Intellect
	 Rating: 9813
	 Multiplicative Factor: 8,15%
Stamina
	 Rating: 1248060
	 Multiplicative Factor: 5%
Crit
	 Rating: 15795
	 Multiplicative Factor: 0%
	 DR Bracket: 0
	 Base: 5%
	 Effective Percent: 27,56%
	 Crit Inc Heal: 2
	 Crit Inc Damage: 2
Haste
	 Rating: 21547
	 Multiplicative Factor: 0%
	 DR Bracket: 1
	 Base: 0%
	 Effective Percent: 32,38%
Vers
	 Rating: 15344
	 Multiplicative Factor: 0%
	 DR Bracket: 0
	 Base: 3%
	 Effective Percent: 22,67%
Leech
	 Rating: 3060
	 Multiplicative Factor: 0%
	 DR Bracket: 0
	 Base: 0%
	 Effective Percent: 3%
Avoidance
	 Rating: 898
	 Multiplicative Factor: 0%
	 DR Bracket: 0
	 Base: 0%
	 Effective Percent: 1,65%
Mastery
	 Rating: 6694
	 Multiplicative Factor: 0%
	 DR Bracket: 0
	 Base: ∞%
	 Effective Percent: ∞%
----------------------
00:00,000

Intellect
	 Rating: 9813
	 Multiplicative Factor: 8,15%
Stamina
	 Rating: 1248060
	 Multiplicative Factor: 5%
Crit
	 Rating: 15795
	 Multiplicative Factor: 0%
	 DR Bracket: 0
	 Base: 5%
	 Effective Percent: 27,56%
	 Crit Inc Heal: 2
	 Crit Inc Damage: 2
Haste
	 Rating: 21547
	 Multiplicative Factor: 0%
	 DR Bracket: 1
	 Base: 0%
	 Effective Percent: 32,38%
Vers
	 Rating: 15344
	 Multiplicative Factor: 0%
	 DR Bracket: 0
	 Base: 3%
	 Effective Percent: 22,67%
Leech
	 Rating: 3060
	 Multiplicative Factor: 0%
	 DR Bracket: 0
	 Base: 0%
	 Effective Percent: 3%
Avoidance
	 Rating: 898
	 Multiplicative Factor: 0%
	 DR Bracket: 0
	 Base: 0%
	 Effective Percent: 1,65%
Mastery
	 Rating: 6694
	 Multiplicative Factor: 0%
	 DR Bracket: 0
	 Base: ∞%
	 Effective Percent: ∞%
----------------------
03:34,967

Intellect
	 Rating: 9813
	 Multiplicative Factor: 8,15%
Stamina
	 Rating: 1310463
	 Multiplicative Factor: 10,25%
Crit
	 Rating: 15795
	 Multiplicative Factor: 0%
	 DR Bracket: 0
	 Base: 5%
	 Effective Percent: 27,56%
	 Crit Inc Heal: 2
	 Crit Inc Damage: 2
Haste
	 Rating: 21547
	 Multiplicative Factor: 0%
	 DR Bracket: 1
	 Base: 0%
	 Effective Percent: 32,38%
Vers
	 Rating: 15344
	 Multiplicative Factor: 0%
	 DR Bracket: 0
	 Base: 3%
	 Effective Percent: 22,67%
Leech
	 Rating: 3060
	 Multiplicative Factor: 0%
	 DR Bracket: 0
	 Base: 0%
	 Effective Percent: 3%
Avoidance
	 Rating: 898
	 Multiplicative Factor: 0%
	 DR Bracket: 0
	 Base: 0%
	 Effective Percent: 1,65%
Mastery
	 Rating: 6694
	 Multiplicative Factor: 0%
	 DR Bracket: 0
	 Base: ∞%
	 Effective Percent: ∞%
----------------------
00:00,000

Intellect
	 Rating: 9813
	 Multiplicative Factor: 8,15%
Stamina
	 Rating: 1248060
	 Multiplicative Factor: 5%
Crit
	 Rating: 15795
	 Multiplicative Factor: 0%
	 DR Bracket: 0
	 Base: 5%
	 Effective Percent: 27,56%
	 Crit Inc Heal: 2
	 Crit Inc Damage: 2
Haste
	 Rating: 21547
	 Multiplicative Factor: 0%
	 DR Bracket: 1
	 Base: 0%
	 Effective Percent: 32,38%
Vers
	 Rating: 15344
	 Multiplicative Factor: 0%
	 DR Bracket: 0
	 Base: 3%
	 Effective Percent: 22,67%
Leech
	 Rating: 3060
	 Multiplicative Factor: 0%
	 DR Bracket: 0
	 Base: 0%
	 Effective Percent: 3%
Avoidance
	 Rating: 898
	 Multiplicative Factor: 0%
	 DR Bracket: 0
	 Base: 0%
	 Effective Percent: 1,65%
Mastery
	 Rating: 6694
	 Multiplicative Factor: 0%
	 DR Bracket: 0
	 Base: ∞%
	 Effective Percent: ∞%
----------------------
03:35,763

Intellect
	 Rating: 9813
	 Multiplicative Factor: 8,15%
Stamina
	 Rating: 1248060
	 Multiplicative Factor: 5%
Crit
	 Rating: 15795
	 Multiplicative Factor: 0%
	 DR Bracket: 0
	 Base: 5%
	 Effective Percent: 27,56%
	 Crit Inc Heal: 2
	 Crit Inc Damage: 2
Haste
	 Rating: 21547
	 Multiplicative Factor: 0%
	 DR Bracket: 1
	 Base: 30%
	 Effective Percent: 62,38%
Vers
	 Rating: 15344
	 Multiplicative Factor: 0%
	 DR Bracket: 0
	 Base: 3%
	 Effective Percent: 22,67%
Leech
	 Rating: 3060
	 Multiplicative Factor: 0%
	 DR Bracket: 0
	 Base: 0%
	 Effective Percent: 3%
Avoidance
	 Rating: 898
	 Multiplicative Factor: 0%
	 DR Bracket: 0
	 Base: 0%
	 Effective Percent: 1,65%
Mastery
	 Rating: 6694
	 Multiplicative Factor: 0%
	 DR Bracket: 0
	 Base: ∞%
	 Effective Percent: ∞%
----------------------
03:59,233

Intellect
	 Rating: 9813
	 Multiplicative Factor: 8,15%
Stamina
	 Rating: 1248060
	 Multiplicative Factor: 5%
Crit
	 Rating: 15795
	 Multiplicative Factor: 0%
	 DR Bracket: 0
	 Base: 5%
	 Effective Percent: 27,56%
	 Crit Inc Heal: 2
	 Crit Inc Damage: 2
Haste
	 Rating: 21547
	 Multiplicative Factor: 0%
	 DR Bracket: 1
	 Base: 30%
	 Effective Percent: 62,38%
Vers
	 Rating: 15344
	 Multiplicative Factor: 0%
	 DR Bracket: 0
	 Base: 6%
	 Effective Percent: 25,67%
Leech
	 Rating: 3060
	 Multiplicative Factor: 0%
	 DR Bracket: 0
	 Base: 0%
	 Effective Percent: 3%
Avoidance
	 Rating: 898
	 Multiplicative Factor: 0%
	 DR Bracket: 0
	 Base: 0%
	 Effective Percent: 1,65%
Mastery
	 Rating: 6694
	 Multiplicative Factor: 0%
	 DR Bracket: 0
	 Base: ∞%
	 Effective Percent: ∞%
----------------------
00:00,000

Intellect
	 Rating: 9813
	 Multiplicative Factor: 8,15%
Stamina
	 Rating: 1248060
	 Multiplicative Factor: 5%
Crit
	 Rating: 15795
	 Multiplicative Factor: 0%
	 DR Bracket: 0
	 Base: 5%
	 Effective Percent: 27,56%
	 Crit Inc Heal: 2
	 Crit Inc Damage: 2
Haste
	 Rating: 21547
	 Multiplicative Factor: 0%
	 DR Bracket: 1
	 Base: 30%
	 Effective Percent: 62,38%
Vers
	 Rating: 15344
	 Multiplicative Factor: 0%
	 DR Bracket: 0
	 Base: 3%
	 Effective Percent: 22,67%
Leech
	 Rating: 3060
	 Multiplicative Factor: 0%
	 DR Bracket: 0
	 Base: 0%
	 Effective Percent: 3%
Avoidance
	 Rating: 898
	 Multiplicative Factor: 0%
	 DR Bracket: 0
	 Base: 0%
	 Effective Percent: 1,65%
Mastery
	 Rating: 6694
	 Multiplicative Factor: 0%
	 DR Bracket: 0
	 Base: ∞%
	 Effective Percent: ∞%
----------------------
03:59,233

Intellect
	 Rating: 10107
	 Multiplicative Factor: 11,39%
Stamina
	 Rating: 1248060
	 Multiplicative Factor: 5%
Crit
	 Rating: 15795
	 Multiplicative Factor: 0%
	 DR Bracket: 0
	 Base: 5%
	 Effective Percent: 27,56%
	 Crit Inc Heal: 2
	 Crit Inc Damage: 2
Haste
	 Rating: 21547
	 Multiplicative Factor: 0%
	 DR Bracket: 1
	 Base: 30%
	 Effective Percent: 62,38%
Vers
	 Rating: 15344
	 Multiplicative Factor: 0%
	 DR Bracket: 0
	 Base: 3%
	 Effective Percent: 22,67%
Leech
	 Rating: 3060
	 Multiplicative Factor: 0%
	 DR Bracket: 0
	 Base: 0%
	 Effective Percent: 3%
Avoidance
	 Rating: 898
	 Multiplicative Factor: 0%
	 DR Bracket: 0
	 Base: 0%
	 Effective Percent: 1,65%
Mastery
	 Rating: 6694
	 Multiplicative Factor: 0%
	 DR Bracket: 0
	 Base: ∞%
	 Effective Percent: ∞%
----------------------
00:00,000

Intellect
	 Rating: 9813
	 Multiplicative Factor: 8,15%
Stamina
	 Rating: 1248060
	 Multiplicative Factor: 5%
Crit
	 Rating: 15795
	 Multiplicative Factor: 0%
	 DR Bracket: 0
	 Base: 5%
	 Effective Percent: 27,56%
	 Crit Inc Heal: 2
	 Crit Inc Damage: 2
Haste
	 Rating: 21547
	 Multiplicative Factor: 0%
	 DR Bracket: 1
	 Base: 30%
	 Effective Percent: 62,38%
Vers
	 Rating: 15344
	 Multiplicative Factor: 0%
	 DR Bracket: 0
	 Base: 3%
	 Effective Percent: 22,67%
Leech
	 Rating: 3060
	 Multiplicative Factor: 0%
	 DR Bracket: 0
	 Base: 0%
	 Effective Percent: 3%
Avoidance
	 Rating: 898
	 Multiplicative Factor: 0%
	 DR Bracket: 0
	 Base: 0%
	 Effective Percent: 1,65%
Mastery
	 Rating: 6694
	 Multiplicative Factor: 0%
	 DR Bracket: 0
	 Base: ∞%
	 Effective Percent: ∞%
----------------------
03:59,233

Intellect
	 Rating: 9813
	 Multiplicative Factor: 8,15%
Stamina
	 Rating: 1248060
	 Multiplicative Factor: 5%
Crit
	 Rating: 15795
	 Multiplicative Factor: 0%
	 DR Bracket: 0
	 Base: 5%
	 Effective Percent: 27,56%
	 Crit Inc Heal: 2
	 Crit Inc Damage: 2
Haste
	 Rating: 21547
	 Multiplicative Factor: 0%
	 DR Bracket: 1
	 Base: 30%
	 Effective Percent: 62,38%
Vers
	 Rating: 15344
	 Multiplicative Factor: 0%
	 DR Bracket: 0
	 Base: 3%
	 Effective Percent: 22,67%
Leech
	 Rating: 3060
	 Multiplicative Factor: 0%
	 DR Bracket: 0
	 Base: 0%
	 Effective Percent: 3%
Avoidance
	 Rating: 898
	 Multiplicative Factor: 0%
	 DR Bracket: 0
	 Base: 0%
	 Effective Percent: 1,65%
Mastery
	 Rating: 6694
	 Multiplicative Factor: 0%
	 DR Bracket: 0
	 Base: ∞%
	 Effective Percent: ∞%
----------------------
00:00,000

Intellect
	 Rating: 9813
	 Multiplicative Factor: 8,15%
Stamina
	 Rating: 1248060
	 Multiplicative Factor: 5%
Crit
	 Rating: 15795
	 Multiplicative Factor: 0%
	 DR Bracket: 0
	 Base: 5%
	 Effective Percent: 27,56%
	 Crit Inc Heal: 2
	 Crit Inc Damage: 2
Haste
	 Rating: 21547
	 Multiplicative Factor: 0%
	 DR Bracket: 1
	 Base: 30%
	 Effective Percent: 62,38%
Vers
	 Rating: 15344
	 Multiplicative Factor: 0%
	 DR Bracket: 0
	 Base: 3%
	 Effective Percent: 22,67%
Leech
	 Rating: 3060
	 Multiplicative Factor: 0%
	 DR Bracket: 0
	 Base: 0%
	 Effective Percent: 3%
Avoidance
	 Rating: 898
	 Multiplicative Factor: 0%
	 DR Bracket: 0
	 Base: 0%
	 Effective Percent: 1,65%
Mastery
	 Rating: 6694
	 Multiplicative Factor: 0%
	 DR Bracket: 0
	 Base: ∞%
	 Effective Percent: ∞%
----------------------
03:59,233

Intellect
	 Rating: 9813
	 Multiplicative Factor: 8,15%
Stamina
	 Rating: 1310463
	 Multiplicative Factor: 10,25%
Crit
	 Rating: 15795
	 Multiplicative Factor: 0%
	 DR Bracket: 0
	 Base: 5%
	 Effective Percent: 27,56%
	 Crit Inc Heal: 2
	 Crit Inc Damage: 2
Haste
	 Rating: 21547
	 Multiplicative Factor: 0%
	 DR Bracket: 1
	 Base: 30%
	 Effective Percent: 62,38%
Vers
	 Rating: 15344
	 Multiplicative Factor: 0%
	 DR Bracket: 0
	 Base: 3%
	 Effective Percent: 22,67%
Leech
	 Rating: 3060
	 Multiplicative Factor: 0%
	 DR Bracket: 0
	 Base: 0%
	 Effective Percent: 3%
Avoidance
	 Rating: 898
	 Multiplicative Factor: 0%
	 DR Bracket: 0
	 Base: 0%
	 Effective Percent: 1,65%
Mastery
	 Rating: 6694
	 Multiplicative Factor: 0%
	 DR Bracket: 0
	 Base: ∞%
	 Effective Percent: ∞%
----------------------
00:00,000

Intellect
	 Rating: 9813
	 Multiplicative Factor: 8,15%
Stamina
	 Rating: 1248060
	 Multiplicative Factor: 5%
Crit
	 Rating: 15795
	 Multiplicative Factor: 0%
	 DR Bracket: 0
	 Base: 5%
	 Effective Percent: 27,56%
	 Crit Inc Heal: 2
	 Crit Inc Damage: 2
Haste
	 Rating: 21547
	 Multiplicative Factor: 0%
	 DR Bracket: 1
	 Base: 30%
	 Effective Percent: 62,38%
Vers
	 Rating: 15344
	 Multiplicative Factor: 0%
	 DR Bracket: 0
	 Base: 3%
	 Effective Percent: 22,67%
Leech
	 Rating: 3060
	 Multiplicative Factor: 0%
	 DR Bracket: 0
	 Base: 0%
	 Effective Percent: 3%
Avoidance
	 Rating: 898
	 Multiplicative Factor: 0%
	 DR Bracket: 0
	 Base: 0%
	 Effective Percent: 1,65%
Mastery
	 Rating: 6694
	 Multiplicative Factor: 0%
	 DR Bracket: 0
	 Base: ∞%
	 Effective Percent: ∞%
----------------------
03:59,233

Intellect
	 Rating: 9813
	 Multiplicative Factor: 8,15%
Stamina
	 Rating: 1248060
	 Multiplicative Factor: 5%
Crit
	 Rating: 15795
	 Multiplicative Factor: 0%
	 DR Bracket: 0
	 Base: 5%
	 Effective Percent: 27,56%
	 Crit Inc Heal: 2
	 Crit Inc Damage: 2
Haste
	 Rating: 21547
	 Multiplicative Factor: 0%
	 DR Bracket: 1
	 Base: 60%
	 Effective Percent: 92,38%
Vers
	 Rating: 15344
	 Multiplicative Factor: 0%
	 DR Bracket: 0
	 Base: 3%
	 Effective Percent: 22,67%
Leech
	 Rating: 3060
	 Multiplicative Factor: 0%
	 DR Bracket: 0
	 Base: 0%
	 Effective Percent: 3%
Avoidance
	 Rating: 898
	 Multiplicative Factor: 0%
	 DR Bracket: 0
	 Base: 0%
	 Effective Percent: 1,65%
Mastery
	 Rating: 6694
	 Multiplicative Factor: 0%
	 DR Bracket: 0
	 Base: ∞%
	 Effective Percent: ∞%
----------------------
04:13,979

Intellect
	 Rating: 9813
	 Multiplicative Factor: 8,15%
Stamina
	 Rating: 1248060
	 Multiplicative Factor: 5%
Crit
	 Rating: 15795
	 Multiplicative Factor: 0%
	 DR Bracket: 0
	 Base: 5%
	 Effective Percent: 27,56%
	 Crit Inc Heal: 2
	 Crit Inc Damage: 2
Haste
	 Rating: 21547
	 Multiplicative Factor: 0%
	 DR Bracket: 1
	 Base: 60%
	 Effective Percent: 92,38%
Vers
	 Rating: 15344
	 Multiplicative Factor: 0%
	 DR Bracket: 0
	 Base: 6%
	 Effective Percent: 25,67%
Leech
	 Rating: 3060
	 Multiplicative Factor: 0%
	 DR Bracket: 0
	 Base: 0%
	 Effective Percent: 3%
Avoidance
	 Rating: 898
	 Multiplicative Factor: 0%
	 DR Bracket: 0
	 Base: 0%
	 Effective Percent: 1,65%
Mastery
	 Rating: 6694
	 Multiplicative Factor: 0%
	 DR Bracket: 0
	 Base: ∞%
	 Effective Percent: ∞%
----------------------
00:00,000

Intellect
	 Rating: 9813
	 Multiplicative Factor: 8,15%
Stamina
	 Rating: 1248060
	 Multiplicative Factor: 5%
Crit
	 Rating: 15795
	 Multiplicative Factor: 0%
	 DR Bracket: 0
	 Base: 5%
	 Effective Percent: 27,56%
	 Crit Inc Heal: 2
	 Crit Inc Damage: 2
Haste
	 Rating: 21547
	 Multiplicative Factor: 0%
	 DR Bracket: 1
	 Base: 60%
	 Effective Percent: 92,38%
Vers
	 Rating: 15344
	 Multiplicative Factor: 0%
	 DR Bracket: 0
	 Base: 3%
	 Effective Percent: 22,67%
Leech
	 Rating: 3060
	 Multiplicative Factor: 0%
	 DR Bracket: 0
	 Base: 0%
	 Effective Percent: 3%
Avoidance
	 Rating: 898
	 Multiplicative Factor: 0%
	 DR Bracket: 0
	 Base: 0%
	 Effective Percent: 1,65%
Mastery
	 Rating: 6694
	 Multiplicative Factor: 0%
	 DR Bracket: 0
	 Base: ∞%
	 Effective Percent: ∞%
----------------------
04:13,979

Intellect
	 Rating: 10107
	 Multiplicative Factor: 11,39%
Stamina
	 Rating: 1248060
	 Multiplicative Factor: 5%
Crit
	 Rating: 15795
	 Multiplicative Factor: 0%
	 DR Bracket: 0
	 Base: 5%
	 Effective Percent: 27,56%
	 Crit Inc Heal: 2
	 Crit Inc Damage: 2
Haste
	 Rating: 21547
	 Multiplicative Factor: 0%
	 DR Bracket: 1
	 Base: 60%
	 Effective Percent: 92,38%
Vers
	 Rating: 15344
	 Multiplicative Factor: 0%
	 DR Bracket: 0
	 Base: 3%
	 Effective Percent: 22,67%
Leech
	 Rating: 3060
	 Multiplicative Factor: 0%
	 DR Bracket: 0
	 Base: 0%
	 Effective Percent: 3%
Avoidance
	 Rating: 898
	 Multiplicative Factor: 0%
	 DR Bracket: 0
	 Base: 0%
	 Effective Percent: 1,65%
Mastery
	 Rating: 6694
	 Multiplicative Factor: 0%
	 DR Bracket: 0
	 Base: ∞%
	 Effective Percent: ∞%
----------------------
00:00,000

Intellect
	 Rating: 9813
	 Multiplicative Factor: 8,15%
Stamina
	 Rating: 1248060
	 Multiplicative Factor: 5%
Crit
	 Rating: 15795
	 Multiplicative Factor: 0%
	 DR Bracket: 0
	 Base: 5%
	 Effective Percent: 27,56%
	 Crit Inc Heal: 2
	 Crit Inc Damage: 2
Haste
	 Rating: 21547
	 Multiplicative Factor: 0%
	 DR Bracket: 1
	 Base: 60%
	 Effective Percent: 92,38%
Vers
	 Rating: 15344
	 Multiplicative Factor: 0%
	 DR Bracket: 0
	 Base: 3%
	 Effective Percent: 22,67%
Leech
	 Rating: 3060
	 Multiplicative Factor: 0%
	 DR Bracket: 0
	 Base: 0%
	 Effective Percent: 3%
Avoidance
	 Rating: 898
	 Multiplicative Factor: 0%
	 DR Bracket: 0
	 Base: 0%
	 Effective Percent: 1,65%
Mastery
	 Rating: 6694
	 Multiplicative Factor: 0%
	 DR Bracket: 0
	 Base: ∞%
	 Effective Percent: ∞%
----------------------
04:13,980

Intellect
	 Rating: 9813
	 Multiplicative Factor: 8,15%
Stamina
	 Rating: 1248060
	 Multiplicative Factor: 5%
Crit
	 Rating: 15795
	 Multiplicative Factor: 0%
	 DR Bracket: 0
	 Base: 5%
	 Effective Percent: 27,56%
	 Crit Inc Heal: 2
	 Crit Inc Damage: 2
Haste
	 Rating: 21547
	 Multiplicative Factor: 0%
	 DR Bracket: 1
	 Base: 60%
	 Effective Percent: 92,38%
Vers
	 Rating: 15344
	 Multiplicative Factor: 0%
	 DR Bracket: 0
	 Base: 3%
	 Effective Percent: 22,67%
Leech
	 Rating: 3060
	 Multiplicative Factor: 0%
	 DR Bracket: 0
	 Base: 0%
	 Effective Percent: 3%
Avoidance
	 Rating: 898
	 Multiplicative Factor: 0%
	 DR Bracket: 0
	 Base: 0%
	 Effective Percent: 1,65%
Mastery
	 Rating: 6694
	 Multiplicative Factor: 0%
	 DR Bracket: 0
	 Base: ∞%
	 Effective Percent: ∞%
----------------------
00:00,000

Intellect
	 Rating: 9813
	 Multiplicative Factor: 8,15%
Stamina
	 Rating: 1248060
	 Multiplicative Factor: 5%
Crit
	 Rating: 15795
	 Multiplicative Factor: 0%
	 DR Bracket: 0
	 Base: 5%
	 Effective Percent: 27,56%
	 Crit Inc Heal: 2
	 Crit Inc Damage: 2
Haste
	 Rating: 21547
	 Multiplicative Factor: 0%
	 DR Bracket: 1
	 Base: 60%
	 Effective Percent: 92,38%
Vers
	 Rating: 15344
	 Multiplicative Factor: 0%
	 DR Bracket: 0
	 Base: 3%
	 Effective Percent: 22,67%
Leech
	 Rating: 3060
	 Multiplicative Factor: 0%
	 DR Bracket: 0
	 Base: 0%
	 Effective Percent: 3%
Avoidance
	 Rating: 898
	 Multiplicative Factor: 0%
	 DR Bracket: 0
	 Base: 0%
	 Effective Percent: 1,65%
Mastery
	 Rating: 6694
	 Multiplicative Factor: 0%
	 DR Bracket: 0
	 Base: ∞%
	 Effective Percent: ∞%
----------------------
04:13,980

Intellect
	 Rating: 9813
	 Multiplicative Factor: 8,15%
Stamina
	 Rating: 1310463
	 Multiplicative Factor: 10,25%
Crit
	 Rating: 15795
	 Multiplicative Factor: 0%
	 DR Bracket: 0
	 Base: 5%
	 Effective Percent: 27,56%
	 Crit Inc Heal: 2
	 Crit Inc Damage: 2
Haste
	 Rating: 21547
	 Multiplicative Factor: 0%
	 DR Bracket: 1
	 Base: 60%
	 Effective Percent: 92,38%
Vers
	 Rating: 15344
	 Multiplicative Factor: 0%
	 DR Bracket: 0
	 Base: 3%
	 Effective Percent: 22,67%
Leech
	 Rating: 3060
	 Multiplicative Factor: 0%
	 DR Bracket: 0
	 Base: 0%
	 Effective Percent: 3%
Avoidance
	 Rating: 898
	 Multiplicative Factor: 0%
	 DR Bracket: 0
	 Base: 0%
	 Effective Percent: 1,65%
Mastery
	 Rating: 6694
	 Multiplicative Factor: 0%
	 DR Bracket: 0
	 Base: ∞%
	 Effective Percent: ∞%
----------------------
00:00,000

Intellect
	 Rating: 9813
	 Multiplicative Factor: 8,15%
Stamina
	 Rating: 1248060
	 Multiplicative Factor: 5%
Crit
	 Rating: 15795
	 Multiplicative Factor: 0%
	 DR Bracket: 0
	 Base: 5%
	 Effective Percent: 27,56%
	 Crit Inc Heal: 2
	 Crit Inc Damage: 2
Haste
	 Rating: 21547
	 Multiplicative Factor: 0%
	 DR Bracket: 1
	 Base: 60%
	 Effective Percent: 92,38%
Vers
	 Rating: 15344
	 Multiplicative Factor: 0%
	 DR Bracket: 0
	 Base: 3%
	 Effective Percent: 22,67%
Leech
	 Rating: 3060
	 Multiplicative Factor: 0%
	 DR Bracket: 0
	 Base: 0%
	 Effective Percent: 3%
Avoidance
	 Rating: 898
	 Multiplicative Factor: 0%
	 DR Bracket: 0
	 Base: 0%
	 Effective Percent: 1,65%
Mastery
	 Rating: 6694
	 Multiplicative Factor: 0%
	 DR Bracket: 0
	 Base: ∞%
	 Effective Percent: ∞%
----------------------
04:13,980

Intellect
	 Rating: 9813
	 Multiplicative Factor: 8,15%
Stamina
	 Rating: 1248060
	 Multiplicative Factor: 5%
Crit
	 Rating: 15795
	 Multiplicative Factor: 0%
	 DR Bracket: 0
	 Base: 5%
	 Effective Percent: 27,56%
	 Crit Inc Heal: 2
	 Crit Inc Damage: 2
Haste
	 Rating: 21547
	 Multiplicative Factor: 0%
	 DR Bracket: 1
	 Base: 90%
	 Effective Percent: 122,38%
Vers
	 Rating: 15344
	 Multiplicative Factor: 0%
	 DR Bracket: 0
	 Base: 3%
	 Effective Percent: 22,67%
Leech
	 Rating: 3060
	 Multiplicative Factor: 0%
	 DR Bracket: 0
	 Base: 0%
	 Effective Percent: 3%
Avoidance
	 Rating: 898
	 Multiplicative Factor: 0%
	 DR Bracket: 0
	 Base: 0%
	 Effective Percent: 1,65%
Mastery
	 Rating: 6694
	 Multiplicative Factor: 0%
	 DR Bracket: 0
	 Base: ∞%
	 Effective Percent: ∞%
----------------------
04:15,826

Intellect
	 Rating: 9813
	 Multiplicative Factor: 8,15%
Stamina
	 Rating: 1248060
	 Multiplicative Factor: 5%
Crit
	 Rating: 15795
	 Multiplicative Factor: 0%
	 DR Bracket: 0
	 Base: 5%
	 Effective Percent: 27,56%
	 Crit Inc Heal: 2
	 Crit Inc Damage: 2
Haste
	 Rating: 21547
	 Multiplicative Factor: 0%
	 DR Bracket: 1
	 Base: 60%
	 Effective Percent: 92,38%
Vers
	 Rating: 15344
	 Multiplicative Factor: 0%
	 DR Bracket: 0
	 Base: 3%
	 Effective Percent: 22,67%
Leech
	 Rating: 3060
	 Multiplicative Factor: 0%
	 DR Bracket: 0
	 Base: 0%
	 Effective Percent: 3%
Avoidance
	 Rating: 898
	 Multiplicative Factor: 0%
	 DR Bracket: 0
	 Base: 0%
	 Effective Percent: 1,65%
Mastery
	 Rating: 6694
	 Multiplicative Factor: 0%
	 DR Bracket: 0
	 Base: ∞%
	 Effective Percent: ∞%
----------------------
06:33,447

Intellect
	 Rating: 9813
	 Multiplicative Factor: 8,15%
Stamina
	 Rating: 1248060
	 Multiplicative Factor: 5%
Crit
	 Rating: 15795
	 Multiplicative Factor: 0%
	 DR Bracket: 0
	 Base: 5%
	 Effective Percent: 27,56%
	 Crit Inc Heal: 2
	 Crit Inc Damage: 2
Haste
	 Rating: 21547
	 Multiplicative Factor: 0%
	 DR Bracket: 1
	 Base: 60%
	 Effective Percent: 92,38%
Vers
	 Rating: 15344
	 Multiplicative Factor: 0%
	 DR Bracket: 0
	 Base: 3%
	 Effective Percent: 22,67%
Leech
	 Rating: 3060
	 Multiplicative Factor: 0%
	 DR Bracket: 0
	 Base: 0%
	 Effective Percent: 3%
Avoidance
	 Rating: 898
	 Multiplicative Factor: 0%
	 DR Bracket: 0
	 Base: 0%
	 Effective Percent: 1,65%
Mastery
	 Rating: 6694
	 Multiplicative Factor: 0%
	 DR Bracket: 0
	 Base: ∞%
	 Effective Percent: ∞%
----------------------
06:33,447

Intellect
	 Rating: 9813
	 Multiplicative Factor: 8,15%
Stamina
	 Rating: 1188629
	 Multiplicative Factor: 0%
Crit
	 Rating: 15795
	 Multiplicative Factor: 0%
	 DR Bracket: 0
	 Base: 5%
	 Effective Percent: 27,56%
	 Crit Inc Heal: 2
	 Crit Inc Damage: 2
Haste
	 Rating: 21547
	 Multiplicative Factor: 0%
	 DR Bracket: 1
	 Base: 60%
	 Effective Percent: 92,38%
Vers
	 Rating: 15344
	 Multiplicative Factor: 0%
	 DR Bracket: 0
	 Base: 3%
	 Effective Percent: 22,67%
Leech
	 Rating: 3060
	 Multiplicative Factor: 0%
	 DR Bracket: 0
	 Base: 0%
	 Effective Percent: 3%
Avoidance
	 Rating: 898
	 Multiplicative Factor: 0%
	 DR Bracket: 0
	 Base: 0%
	 Effective Percent: 1,65%
Mastery
	 Rating: 6694
	 Multiplicative Factor: 0%
	 DR Bracket: 0
	 Base: ∞%
	 Effective Percent: ∞%
----------------------
06:33,447

Intellect
	 Rating: 9813
	 Multiplicative Factor: 8,15%
Stamina
	 Rating: 1188629
	 Multiplicative Factor: 0%
Crit
	 Rating: 15795
	 Multiplicative Factor: 0%
	 DR Bracket: 0
	 Base: 5%
	 Effective Percent: 27,56%
	 Crit Inc Heal: 2
	 Crit Inc Damage: 2
Haste
	 Rating: 21547
	 Multiplicative Factor: 0%
	 DR Bracket: 1
	 Base: 60%
	 Effective Percent: 92,38%
Vers
	 Rating: 15344
	 Multiplicative Factor: 0%
	 DR Bracket: 0
	 Base: 0%
	 Effective Percent: 19,67%
Leech
	 Rating: 3060
	 Multiplicative Factor: 0%
	 DR Bracket: 0
	 Base: 0%
	 Effective Percent: 3%
Avoidance
	 Rating: 898
	 Multiplicative Factor: 0%
	 DR Bracket: 0
	 Base: 0%
	 Effective Percent: 1,65%
Mastery
	 Rating: 6694
	 Multiplicative Factor: 0%
	 DR Bracket: 0
	 Base: ∞%
	 Effective Percent: ∞%
----------------------
06:33,448

Intellect
	 Rating: 9527
	 Multiplicative Factor: 5%
Stamina
	 Rating: 1188629
	 Multiplicative Factor: 0%
Crit
	 Rating: 15795
	 Multiplicative Factor: 0%
	 DR Bracket: 0
	 Base: 5%
	 Effective Percent: 27,56%
	 Crit Inc Heal: 2
	 Crit Inc Damage: 2
Haste
	 Rating: 21547
	 Multiplicative Factor: 0%
	 DR Bracket: 1
	 Base: 60%
	 Effective Percent: 92,38%
Vers
	 Rating: 15344
	 Multiplicative Factor: 0%
	 DR Bracket: 0
	 Base: 0%
	 Effective Percent: 19,67%
Leech
	 Rating: 3060
	 Multiplicative Factor: 0%
	 DR Bracket: 0
	 Base: 0%
	 Effective Percent: 3%
Avoidance
	 Rating: 898
	 Multiplicative Factor: 0%
	 DR Bracket: 0
	 Base: 0%
	 Effective Percent: 1,65%
Mastery
	 Rating: 6694
	 Multiplicative Factor: 0%
	 DR Bracket: 0
	 Base: ∞%
	 Effective Percent: ∞%
