Death and Decay
Dark Command
Raise Dead
Blood Fury
Dancing Rune Weapon
Blood Clot
Birth
Corrupted Blood
Bonestorm
Shattering Bone
Frost Shield
Brand of Ceaseless Ire
Blood Boil
Gnaw
Vengeful Void Barrier
Vampiric Strike
Infliction of Sorrow
Claw
Blood Plague
Death Strike
Wraith Walk
The Blood is Life
Vampiric Blood
Tombstone
Anti-Magic Shell
Will of the Necropolis
Blood Shield
Heart Strike
Marrowrend
Consumption
Ethereal Barrier
Death's Advance
Rune Tap
Blood Draw
Ethereal Barricade
Bombardments
Anti-Magic Zone
Icebound Fortitude
Inferno's Blessing
Death's Caress
Rune of Sanguination
Tempered Potion
Purgatory
Invigorating Healing Potion
