Pillar of Lights
	Intellect
		Heal: 0,800452799417443
		Damage: 0,10340177484107135
	Vers
		Heal: 1,0503211414955662
		Damage: 0,1356795432070231
	Crit
		Heal: 0,7030123340901874
		Damage: 0,10084875300716087
	Mastery
		Heal: 1,6239664321726777
		Damage: 0,20978252745344564
-------------------
Holy Ritual
	Crit
		Heal: 0,08484551666532819
		Damage: 0,0149822599327883
	Intellect
		Heal: 0,1234195697784248
		Damage: 0,01450199623499843
	Vers
		Heal: 0,16194606790920046
		Damage: 0,019028921193846013
	Mastery
		Heal: 0,2503948247032488
		Damage: 0,029421791144052314
-------------------
Melee
	Vers
		Heal: 0,04225945539084866
		Damage: 0,3348154845503475
	Crit
		Heal: 0,030166444632654388
		Damage: 0,23266162730124254
	Haste
		Heal: 0,04720605646902626
		Damage: 0,3728884114209697
-------------------
Seal of the Crusader
	Intellect
		Heal: 0,16343269397748011
		Damage: 0,018444442659079678
	Vers
		Heal: 0,21570191893913893
		Damage: 0,024202036749741085
	Crit
		Heal: 0,12178130886859326
		Damage: 0,013891965635951726
	Haste
		Heal: 0,24022845382060953
		Damage: 0,0270471584690475
-------------------
Holy Bulwark
	Stamina
		Heal: 0,29370743086781764
-------------------
Decree: Oath-Bound
	Vers
		Damage Reduction: 2,8352506680351954
-------------------
Golden Path
	Intellect
		Heal: 0,3328543782861923
		Damage: 0,04547220258861572
	Vers
		Heal: 0,43890561299286635
		Damage: 0,059666748325387514
	Crit
		Heal: 0,3080560299126521
		Damage: 0,04162912454508778
	Mastery
		Heal: 0,6433767710249725
		Damage: 0,09112392118134628
	Haste
		Heal: 1,0758817548656976
		Damage: 0,14659692397174387
-------------------
Truth Prevails
	Intellect
		Heal: 0,7971769282928642
		Damage: 0,10765953224986696
	Vers
		Heal: 1,0546871208677289
		Damage: 0,14126639682921305
	Crit
		Heal: 0,012450147819800233
		Damage: 0,11883185260716353
	Mastery
		Heal: 1,6277482437908168
		Damage: 0,21819587789610662
	Haste
		Heal: 1,4133017609815905
		Damage: 0,19074945948504807
-------------------
Consecration
	Intellect
		Heal: 0,027604436863795042
		Damage: 0,20430060273841893
	Vers
		Heal: 0,03623511153653793
		Damage: 0,2690506294363761
	Crit
		Heal: 0,024072530608676677
		Damage: 0,17681677621005726
	Haste
		Heal: 0,08903103720197797
		Damage: 0,6595461106751029
-------------------
Judgment
	Intellect
		Heal: 0,08530351513239305
		Damage: 0,8299332421606157
	Vers
		Heal: 0,11208021392557604
		Damage: 1,0995721373299574
	Crit
		Heal: 6,2399571323728225
		Damage: 1,5717592404887113
	Haste
		Heal: 0,15073908690957175
		Damage: 1,4684280244969008
-------------------
Avenging Crusader
	Intellect
		Heal: 3,1003670572267343
		Damage: 0,7354998263776267
	Vers
		Heal: 4,0681737498720425
		Damage: 0,9650925298443096
	Crit
		Heal: 2,563233403609659
		Damage: 0,699480293895705
	Mastery
		Heal: 5,82896086287341
		Damage: 1,3770580253088676
	Haste
		Heal: 5,5033145058155375
		Damage: 1,2996564656263083
-------------------
Judgment of Light
	Intellect
		Heal: 0,25149282775256904
		Damage: 0,020724574457034708
	Vers
		Heal: 0,3329079746312413
		Damage: 0,027193931630402887
	Crit
		Heal: 0,21928872424228016
		Damage: 0,018824871699357138
	Mastery
		Heal: 0,4802012111008148
		Damage: 0,03920852078110971
	Haste
		Heal: 0,4456058525633749
		Damage: 0,03668344501163956
-------------------
Greater Judgment
	Intellect
		Heal: 0,34063381671544013
	Vers
		Heal: 0,44931288593183016
	Crit
		Heal: 0,2337945228638247
	Haste
		Heal: 0,6022702605040596
-------------------
Crusader Strike
	Intellect
		Heal: 0,08417223253255908
		Damage: 0,6249348485949546
	Vers
		Heal: 0,11049018621011444
		Damage: 0,8230643160496267
	Crit
		Heal: 4,676317703850607
		Damage: 1,2032091382734966
	Haste
		Heal: 0,14833272809774897
		Damage: 1,1027987149979515
-------------------
Hammer and Anvil
	Intellect
		Heal: 5,05929251809534
		Damage: 0,5958853205977702
	Vers
		Heal: 6,736235370331596
		Damage: 0,7818961350203291
	Crit
		Heal: 3,9944115107469242
		Damage: 0,5476991638314036
	Haste
		Heal: 8,964582634657834
		Damage: 1,0461538381021342
-------------------
Leech
	Leech
		Heal: 15,105759965884568
-------------------
Word of Glory
	Intellect
		Heal: 2,4576728714049647
		Damage: 0,22913141456414632
	Vers
		Heal: 3,2520057346123465
		Damage: 0,3006567895979097
	Crit
		Heal: 1,6797819174112434
		Damage: 0,15660782660455694
	Mastery
		Heal: 5,024904572949227
		Damage: 0,4648640445498164
	Haste
		Heal: 4,341605746468953
		Damage: 0,4047724486617971
-------------------
Light of Dawn
	Intellect
		Heal: 1,4312767837971496
		Damage: 0,16317308155129906
	Vers
		Heal: 1,889469655738229
		Damage: 0,2141089860651874
	Crit
		Heal: 1,2092491015000866
		Damage: 0,18743391791323616
	Mastery
		Heal: 2,917893161958355
		Damage: 0,3310471364037184
	Haste
		Heal: 2,528424177856088
		Damage: 0,28825365522596214
-------------------
Radiant Aura
	Intellect
		Heal: 0,005128994062030595
		Damage: 0,038810425533849204
	Vers
		Heal: 0,006730054416545979
		Damage: 0,0509254392992418
	Crit
		Heal: 0,005019365456301956
		Damage: 0,03798088024922733
	Mastery
		Heal: 0,01040575308576923
		Damage: 0,07873896915742994
	Haste
		Heal: 0,00906063225598747
		Damage: 0,06856061621591641
-------------------
Sacred Weapon
	Intellect
		Heal: 1,082330250542938
		Damage: 0,21541276279513696
	Vers
		Heal: 1,423910652445949
		Damage: 0,2826557406962224
	Crit
		Heal: 0,9466936089898758
		Damage: 0,19867873215892962
	Mastery
		Heal: 2,028242082711458
		Damage: 0,41384995898532506
	Haste
		Heal: 1,5827010813488498
		Damage: 0,31480386999424786
-------------------
Sacred Word
	Intellect
		Heal: 0,0018213771866668982
		Damage: 0,013782122345488057
	Vers
		Heal: 0,002389936005203846
		Damage: 0,018084332373726118
	Crit
		Heal: 0,0024897670463355044
		Damage: 0,018839740771737192
	Mastery
		Heal: 0,003695227768114289
		Damage: 0,02796130398876564
	Haste
		Heal: 0,003217556637470595
		Damage: 0,024346829177270716
-------------------
Tyranny
	Vers
		Damage Reduction: 2,7649037995662993
	Avoidance
		Damage Reduction: 5,904109804147089
-------------------
Holy Prism
	Intellect
		Heal: 2,478971856110009
		Damage: 0,539547343468938
	Vers
		Heal: 3,252804602019996
		Damage: 0,7079717656002067
	Crit
		Heal: 2,44673079389841
		Damage: 0,6065020315005197
	Mastery
		Heal: 4,965801891022855
		Damage: 0,6833112334923578
-------------------
Shield of the Righteous
	Intellect
		Heal: 0,019444416682550703
		Damage: 0,1258335944809861
	Vers
		Heal: 0,025514161410386142
		Damage: 0,16511365153566532
	Crit
		Heal: 0,01719907784814082
		Damage: 0,11130299369340414
	Haste
		Heal: 0,03369118700018198
		Damage: 0,21803087394071607
-------------------
Shining Righteousness
	Intellect
		Heal: 0,02436665066364023
		Damage: 0,15768759168897534
	Vers
		Heal: 0,03197291377840686
		Damage: 0,20691115256638348
	Crit
		Heal: 0,01665423403126101
		Damage: 0,10777706349822108
	Haste
		Heal: 0,042347862057240754
		Damage: 0,27405212448618155
-------------------
Forge's Reckoning
	Intellect
		Damage: 0,11983369608053812
	Vers
		Damage: 0,15724083237455763
	Crit
		Damage: 0,08190450328630172
	Haste
		Damage: 0,1750331311299784
-------------------
Ethereal Reconstitution
	Vers
		Heal: 0,02640754959863857
		Damage: 0,19982246515287116
	Crit
		Heal: 0,018702154200900392
		Damage: 0,1415167485394293
	Haste
		Heal: 0,029395647567608582
		Damage: 0,22243301067310592
-------------------
Ethereal Guard
	Vers
		Heal: 2,103486459846884
	Crit
		Heal: 1,4897152037760688
	Haste
		Heal: 2,3352865386924426
-------------------
Holy Shock
	Intellect
		Heal: 0,04960351023488775
		Damage: 0,5662586346991929
	Vers
		Heal: 0,06521870095800499
		Damage: 0,7523477994357665
	Crit
		Heal: 0,03390324257640324
		Damage: 0,38702913891136415
	Haste
		Heal: 0,0866950665687504
		Damage: 0,9978421491401215
-------------------
Oath-Breaker
	Vers
		Damage Reduction: 0,9836101614642032
	Avoidance
		Damage Reduction: 3,010025793920007
-------------------
Lightforged Blessing
	Stamina
		Heal: 0,008635270385600127
-------------------
Besiege
	Vers
		Damage Reduction: 2,2518505822661505
-------------------
Conquer
	Vers
		Damage Reduction: 0,3306456621417931
	Avoidance
		Damage Reduction: 1,0123007760546738
-------------------
Saved by the Light
	Intellect
		Heal: 0,30703023427967624
	Vers
		Heal: 0,41348684656072415
-------------------
