Prismatic Barrier
	Intellect
		Heal: 1,1134215446531217
	Vers
		Heal: 1,6223784501694472
-------------------
Decree: Oath-Bound
	Vers
		Damage Reduction: 0,21813374028521118
-------------------
Tyranny
	Vers
		Damage Reduction: 4,116016025428181
	Avoidance
		Damage Reduction: 10,50049602367934
-------------------
Lightforged Blessing
	Stamina
		Supportive Heal: 0,0018526241970649646
-------------------
Oath-Breaker
	Vers
		Damage Reduction: 0,22840532180811698
	Avoidance
		Damage Reduction: 0,5586782192627375
-------------------
Tempest Barrier
	Stamina
		Heal: 0,09268188944034943
-------------------
Conquer
	Vers
		Damage Reduction: 0,07026704837045798
	Avoidance
		Damage Reduction: 0,18021978667314875
-------------------
Behead
	Vers
		Damage Reduction: 0,18807206965236545
-------------------
Cosmic Rip
	Vers
		Damage Reduction: 0,06795745029433946
-------------------
Diverted Energy
	Intellect
		Heal: 0,06928685696290925
	Vers
		Heal: 0,10095862088928513
-------------------
Invoke the Oath
	Vers
		Damage Reduction: 0,08434057395456318
-------------------
Dimension Glare
	Vers
		Damage Reduction: 0,11429459728517405
	Avoidance
		Damage Reduction: 0,26633375789699565
-------------------
Twilight Massacre
	Vers
		Damage Reduction: 0,08104601294796332
-------------------
Dimension Breath
	Vers
		Damage Reduction: 0,05448737729822192
-------------------
Healthstone
	Stamina
		Heal: 0,011578924152533027
-------------------
King's Hunger
	Vers
		Damage Reduction: 0,6830302012856746
	Avoidance
		Damage Reduction: 2,0750473544030603
-------------------
Invigorating Healing Potion
	Vers
		Heal: 0,1647727323030054
-------------------
Dark Star
	Vers
		Damage Reduction: 0,5554533824662611
	Avoidance
		Damage Reduction: 1,2454683677975256
-------------------
Lesser Bulwark
	Stamina
		Supportive Heal: 0,0025241019851328463
-------------------
Galactic Smash
	Vers
		Damage Reduction: 0,003594199101089819
	Avoidance
		Damage Reduction: 0,01091918530377685
-------------------
Twilight Spikes
	Vers
		Damage Reduction: 0,03133378572204903
	Avoidance
		Damage Reduction: 0,09394417598065798
-------------------
