----------------------
00:06,278

Intellect
	 Rating: 158365
	 Multiplicative Factor: 8,15%
Stamina
	 Rating: 757754
	 Multiplicative Factor: 5%
Crit
	 Rating: 9857
	 Multiplicative Factor: 0%
	 DR Bracket: 0
	 Base: 5%
	 Effective Percent: 19,08%
	 Crit Inc Heal: 2
	 Crit Inc Damage: 2
Haste
	 Rating: 22389
	 Multiplicative Factor: 0%
	 DR Bracket: 1
	 Base: 0%
	 Effective Percent: 33,53%
Vers
	 Rating: 20154
	 Multiplicative Factor: 0%
	 DR Bracket: 0
	 Base: 3%
	 Effective Percent: 28,84%
Leech
	 Rating: 0
	 Multiplicative Factor: 0%
	 DR Bracket: 0
	 Base: 0%
	 Effective Percent: 0%
Avoidance
	 Rating: 4354
	 Multiplicative Factor: 0%
	 DR Bracket: 0
	 Base: 0%
	 Effective Percent: 8%
Mastery
	 Rating: 12865
	 Multiplicative Factor: 0%
	 DR Bracket: 0
	 Base: ∞%
	 Effective Percent: ∞%
----------------------
00:15,333

Intellect
	 Rating: 158365
	 Multiplicative Factor: 8,15%
Stamina
	 Rating: 757754
	 Multiplicative Factor: 5%
Crit
	 Rating: 15458
	 Multiplicative Factor: 0%
	 DR Bracket: 0
	 Base: 5%
	 Effective Percent: 27,08%
	 Crit Inc Heal: 2
	 Crit Inc Damage: 2
Haste
	 Rating: 22389
	 Multiplicative Factor: 0%
	 DR Bracket: 1
	 Base: 0%
	 Effective Percent: 33,53%
Vers
	 Rating: 20154
	 Multiplicative Factor: 0%
	 DR Bracket: 0
	 Base: 3%
	 Effective Percent: 28,84%
Leech
	 Rating: 0
	 Multiplicative Factor: 0%
	 DR Bracket: 0
	 Base: 0%
	 Effective Percent: 0%
Avoidance
	 Rating: 4354
	 Multiplicative Factor: 0%
	 DR Bracket: 0
	 Base: 0%
	 Effective Percent: 8%
Mastery
	 Rating: 12865
	 Multiplicative Factor: 0%
	 DR Bracket: 0
	 Base: ∞%
	 Effective Percent: ∞%
----------------------
00:16,281

Intellect
	 Rating: 158365
	 Multiplicative Factor: 8,15%
Stamina
	 Rating: 757754
	 Multiplicative Factor: 5%
Crit
	 Rating: 9857
	 Multiplicative Factor: 0%
	 DR Bracket: 0
	 Base: 5%
	 Effective Percent: 19,08%
	 Crit Inc Heal: 2
	 Crit Inc Damage: 2
Haste
	 Rating: 22389
	 Multiplicative Factor: 0%
	 DR Bracket: 1
	 Base: 0%
	 Effective Percent: 33,53%
Vers
	 Rating: 20154
	 Multiplicative Factor: 0%
	 DR Bracket: 0
	 Base: 3%
	 Effective Percent: 28,84%
Leech
	 Rating: 0
	 Multiplicative Factor: 0%
	 DR Bracket: 0
	 Base: 0%
	 Effective Percent: 0%
Avoidance
	 Rating: 4354
	 Multiplicative Factor: 0%
	 DR Bracket: 0
	 Base: 0%
	 Effective Percent: 8%
Mastery
	 Rating: 12865
	 Multiplicative Factor: 0%
	 DR Bracket: 0
	 Base: ∞%
	 Effective Percent: ∞%
----------------------
00:25,318

Intellect
	 Rating: 158365
	 Multiplicative Factor: 8,15%
Stamina
	 Rating: 757754
	 Multiplicative Factor: 5%
Crit
	 Rating: 4256
	 Multiplicative Factor: 0%
	 DR Bracket: 0
	 Base: 5%
	 Effective Percent: 11,08%
	 Crit Inc Heal: 2
	 Crit Inc Damage: 2
Haste
	 Rating: 22389
	 Multiplicative Factor: 0%
	 DR Bracket: 1
	 Base: 0%
	 Effective Percent: 33,53%
Vers
	 Rating: 20154
	 Multiplicative Factor: 0%
	 DR Bracket: 0
	 Base: 3%
	 Effective Percent: 28,84%
Leech
	 Rating: 0
	 Multiplicative Factor: 0%
	 DR Bracket: 0
	 Base: 0%
	 Effective Percent: 0%
Avoidance
	 Rating: 4354
	 Multiplicative Factor: 0%
	 DR Bracket: 0
	 Base: 0%
	 Effective Percent: 8%
Mastery
	 Rating: 12865
	 Multiplicative Factor: 0%
	 DR Bracket: 0
	 Base: ∞%
	 Effective Percent: ∞%
----------------------
01:29,102

Intellect
	 Rating: 158365
	 Multiplicative Factor: 8,15%
Stamina
	 Rating: 757754
	 Multiplicative Factor: 5%
Crit
	 Rating: 9857
	 Multiplicative Factor: 0%
	 DR Bracket: 0
	 Base: 5%
	 Effective Percent: 19,08%
	 Crit Inc Heal: 2
	 Crit Inc Damage: 2
Haste
	 Rating: 22389
	 Multiplicative Factor: 0%
	 DR Bracket: 1
	 Base: 0%
	 Effective Percent: 33,53%
Vers
	 Rating: 20154
	 Multiplicative Factor: 0%
	 DR Bracket: 0
	 Base: 3%
	 Effective Percent: 28,84%
Leech
	 Rating: 0
	 Multiplicative Factor: 0%
	 DR Bracket: 0
	 Base: 0%
	 Effective Percent: 0%
Avoidance
	 Rating: 4354
	 Multiplicative Factor: 0%
	 DR Bracket: 0
	 Base: 0%
	 Effective Percent: 8%
Mastery
	 Rating: 12865
	 Multiplicative Factor: 0%
	 DR Bracket: 0
	 Base: ∞%
	 Effective Percent: ∞%
----------------------
01:39,110

Intellect
	 Rating: 158365
	 Multiplicative Factor: 8,15%
Stamina
	 Rating: 757754
	 Multiplicative Factor: 5%
Crit
	 Rating: 4256
	 Multiplicative Factor: 0%
	 DR Bracket: 0
	 Base: 5%
	 Effective Percent: 11,08%
	 Crit Inc Heal: 2
	 Crit Inc Damage: 2
Haste
	 Rating: 22389
	 Multiplicative Factor: 0%
	 DR Bracket: 1
	 Base: 0%
	 Effective Percent: 33,53%
Vers
	 Rating: 20154
	 Multiplicative Factor: 0%
	 DR Bracket: 0
	 Base: 3%
	 Effective Percent: 28,84%
Leech
	 Rating: 0
	 Multiplicative Factor: 0%
	 DR Bracket: 0
	 Base: 0%
	 Effective Percent: 0%
Avoidance
	 Rating: 4354
	 Multiplicative Factor: 0%
	 DR Bracket: 0
	 Base: 0%
	 Effective Percent: 8%
Mastery
	 Rating: 12865
	 Multiplicative Factor: 0%
	 DR Bracket: 0
	 Base: ∞%
	 Effective Percent: ∞%
----------------------
01:40,639

Intellect
	 Rating: 158365
	 Multiplicative Factor: 8,15%
Stamina
	 Rating: 757754
	 Multiplicative Factor: 5%
Crit
	 Rating: 9857
	 Multiplicative Factor: 0%
	 DR Bracket: 0
	 Base: 5%
	 Effective Percent: 19,08%
	 Crit Inc Heal: 2
	 Crit Inc Damage: 2
Haste
	 Rating: 22389
	 Multiplicative Factor: 0%
	 DR Bracket: 1
	 Base: 0%
	 Effective Percent: 33,53%
Vers
	 Rating: 20154
	 Multiplicative Factor: 0%
	 DR Bracket: 0
	 Base: 3%
	 Effective Percent: 28,84%
Leech
	 Rating: 0
	 Multiplicative Factor: 0%
	 DR Bracket: 0
	 Base: 0%
	 Effective Percent: 0%
Avoidance
	 Rating: 4354
	 Multiplicative Factor: 0%
	 DR Bracket: 0
	 Base: 0%
	 Effective Percent: 8%
Mastery
	 Rating: 12865
	 Multiplicative Factor: 0%
	 DR Bracket: 0
	 Base: ∞%
	 Effective Percent: ∞%
----------------------
01:50,635

Intellect
	 Rating: 158365
	 Multiplicative Factor: 8,15%
Stamina
	 Rating: 757754
	 Multiplicative Factor: 5%
Crit
	 Rating: 4256
	 Multiplicative Factor: 0%
	 DR Bracket: 0
	 Base: 5%
	 Effective Percent: 11,08%
	 Crit Inc Heal: 2
	 Crit Inc Damage: 2
Haste
	 Rating: 22389
	 Multiplicative Factor: 0%
	 DR Bracket: 1
	 Base: 0%
	 Effective Percent: 33,53%
Vers
	 Rating: 20154
	 Multiplicative Factor: 0%
	 DR Bracket: 0
	 Base: 3%
	 Effective Percent: 28,84%
Leech
	 Rating: 0
	 Multiplicative Factor: 0%
	 DR Bracket: 0
	 Base: 0%
	 Effective Percent: 0%
Avoidance
	 Rating: 4354
	 Multiplicative Factor: 0%
	 DR Bracket: 0
	 Base: 0%
	 Effective Percent: 8%
Mastery
	 Rating: 12865
	 Multiplicative Factor: 0%
	 DR Bracket: 0
	 Base: ∞%
	 Effective Percent: ∞%
----------------------
01:52,367

Intellect
	 Rating: 158365
	 Multiplicative Factor: 8,15%
Stamina
	 Rating: 757754
	 Multiplicative Factor: 5%
Crit
	 Rating: 9857
	 Multiplicative Factor: 0%
	 DR Bracket: 0
	 Base: 5%
	 Effective Percent: 19,08%
	 Crit Inc Heal: 2
	 Crit Inc Damage: 2
Haste
	 Rating: 22389
	 Multiplicative Factor: 0%
	 DR Bracket: 1
	 Base: 0%
	 Effective Percent: 33,53%
Vers
	 Rating: 20154
	 Multiplicative Factor: 0%
	 DR Bracket: 0
	 Base: 3%
	 Effective Percent: 28,84%
Leech
	 Rating: 0
	 Multiplicative Factor: 0%
	 DR Bracket: 0
	 Base: 0%
	 Effective Percent: 0%
Avoidance
	 Rating: 4354
	 Multiplicative Factor: 0%
	 DR Bracket: 0
	 Base: 0%
	 Effective Percent: 8%
Mastery
	 Rating: 12865
	 Multiplicative Factor: 0%
	 DR Bracket: 0
	 Base: ∞%
	 Effective Percent: ∞%
----------------------
02:02,385

Intellect
	 Rating: 158365
	 Multiplicative Factor: 8,15%
Stamina
	 Rating: 757754
	 Multiplicative Factor: 5%
Crit
	 Rating: 4256
	 Multiplicative Factor: 0%
	 DR Bracket: 0
	 Base: 5%
	 Effective Percent: 11,08%
	 Crit Inc Heal: 2
	 Crit Inc Damage: 2
Haste
	 Rating: 22389
	 Multiplicative Factor: 0%
	 DR Bracket: 1
	 Base: 0%
	 Effective Percent: 33,53%
Vers
	 Rating: 20154
	 Multiplicative Factor: 0%
	 DR Bracket: 0
	 Base: 3%
	 Effective Percent: 28,84%
Leech
	 Rating: 0
	 Multiplicative Factor: 0%
	 DR Bracket: 0
	 Base: 0%
	 Effective Percent: 0%
Avoidance
	 Rating: 4354
	 Multiplicative Factor: 0%
	 DR Bracket: 0
	 Base: 0%
	 Effective Percent: 8%
Mastery
	 Rating: 12865
	 Multiplicative Factor: 0%
	 DR Bracket: 0
	 Base: ∞%
	 Effective Percent: ∞%
----------------------
02:22,905

Intellect
	 Rating: 158365
	 Multiplicative Factor: 8,15%
Stamina
	 Rating: 757754
	 Multiplicative Factor: 5%
Crit
	 Rating: 9857
	 Multiplicative Factor: 0%
	 DR Bracket: 0
	 Base: 5%
	 Effective Percent: 19,08%
	 Crit Inc Heal: 2
	 Crit Inc Damage: 2
Haste
	 Rating: 22389
	 Multiplicative Factor: 0%
	 DR Bracket: 1
	 Base: 0%
	 Effective Percent: 33,53%
Vers
	 Rating: 20154
	 Multiplicative Factor: 0%
	 DR Bracket: 0
	 Base: 3%
	 Effective Percent: 28,84%
Leech
	 Rating: 0
	 Multiplicative Factor: 0%
	 DR Bracket: 0
	 Base: 0%
	 Effective Percent: 0%
Avoidance
	 Rating: 4354
	 Multiplicative Factor: 0%
	 DR Bracket: 0
	 Base: 0%
	 Effective Percent: 8%
Mastery
	 Rating: 12865
	 Multiplicative Factor: 0%
	 DR Bracket: 0
	 Base: ∞%
	 Effective Percent: ∞%
----------------------
02:29,870

Intellect
	 Rating: 158365
	 Multiplicative Factor: 8,15%
Stamina
	 Rating: 757754
	 Multiplicative Factor: 5%
Crit
	 Rating: 9857
	 Multiplicative Factor: 0%
	 DR Bracket: 0
	 Base: 5%
	 Effective Percent: 19,08%
	 Crit Inc Heal: 2
	 Crit Inc Damage: 2
Haste
	 Rating: 22389
	 Multiplicative Factor: 0%
	 DR Bracket: 1
	 Base: 0%
	 Effective Percent: 33,53%
Vers
	 Rating: 20154
	 Multiplicative Factor: 0%
	 DR Bracket: 0
	 Base: 0%
	 Effective Percent: 25,84%
Leech
	 Rating: 0
	 Multiplicative Factor: 0%
	 DR Bracket: 0
	 Base: 0%
	 Effective Percent: 0%
Avoidance
	 Rating: 4354
	 Multiplicative Factor: 0%
	 DR Bracket: 0
	 Base: 0%
	 Effective Percent: 8%
Mastery
	 Rating: 12865
	 Multiplicative Factor: 0%
	 DR Bracket: 0
	 Base: ∞%
	 Effective Percent: ∞%
----------------------
02:29,870

Intellect
	 Rating: 158365
	 Multiplicative Factor: 8,15%
Stamina
	 Rating: 757754
	 Multiplicative Factor: 5%
Crit
	 Rating: 9857
	 Multiplicative Factor: 0%
	 DR Bracket: 0
	 Base: 5%
	 Effective Percent: 19,08%
	 Crit Inc Heal: 2
	 Crit Inc Damage: 2
Haste
	 Rating: 22389
	 Multiplicative Factor: 0%
	 DR Bracket: 1
	 Base: 0%
	 Effective Percent: 33,53%
Vers
	 Rating: 20154
	 Multiplicative Factor: 0%
	 DR Bracket: 0
	 Base: 3%
	 Effective Percent: 28,84%
Leech
	 Rating: 0
	 Multiplicative Factor: 0%
	 DR Bracket: 0
	 Base: 0%
	 Effective Percent: 0%
Avoidance
	 Rating: 4354
	 Multiplicative Factor: 0%
	 DR Bracket: 0
	 Base: 0%
	 Effective Percent: 8%
Mastery
	 Rating: 12865
	 Multiplicative Factor: 0%
	 DR Bracket: 0
	 Base: ∞%
	 Effective Percent: ∞%
----------------------
02:32,909

Intellect
	 Rating: 158365
	 Multiplicative Factor: 8,15%
Stamina
	 Rating: 757754
	 Multiplicative Factor: 5%
Crit
	 Rating: 4256
	 Multiplicative Factor: 0%
	 DR Bracket: 0
	 Base: 5%
	 Effective Percent: 11,08%
	 Crit Inc Heal: 2
	 Crit Inc Damage: 2
Haste
	 Rating: 22389
	 Multiplicative Factor: 0%
	 DR Bracket: 1
	 Base: 0%
	 Effective Percent: 33,53%
Vers
	 Rating: 20154
	 Multiplicative Factor: 0%
	 DR Bracket: 0
	 Base: 3%
	 Effective Percent: 28,84%
Leech
	 Rating: 0
	 Multiplicative Factor: 0%
	 DR Bracket: 0
	 Base: 0%
	 Effective Percent: 0%
Avoidance
	 Rating: 4354
	 Multiplicative Factor: 0%
	 DR Bracket: 0
	 Base: 0%
	 Effective Percent: 8%
Mastery
	 Rating: 12865
	 Multiplicative Factor: 0%
	 DR Bracket: 0
	 Base: ∞%
	 Effective Percent: ∞%
----------------------
03:05,924

Intellect
	 Rating: 158365
	 Multiplicative Factor: 8,15%
Stamina
	 Rating: 757754
	 Multiplicative Factor: 5%
Crit
	 Rating: 9857
	 Multiplicative Factor: 0%
	 DR Bracket: 0
	 Base: 5%
	 Effective Percent: 19,08%
	 Crit Inc Heal: 2
	 Crit Inc Damage: 2
Haste
	 Rating: 22389
	 Multiplicative Factor: 0%
	 DR Bracket: 1
	 Base: 0%
	 Effective Percent: 33,53%
Vers
	 Rating: 20154
	 Multiplicative Factor: 0%
	 DR Bracket: 0
	 Base: 3%
	 Effective Percent: 28,84%
Leech
	 Rating: 0
	 Multiplicative Factor: 0%
	 DR Bracket: 0
	 Base: 0%
	 Effective Percent: 0%
Avoidance
	 Rating: 4354
	 Multiplicative Factor: 0%
	 DR Bracket: 0
	 Base: 0%
	 Effective Percent: 8%
Mastery
	 Rating: 12865
	 Multiplicative Factor: 0%
	 DR Bracket: 0
	 Base: ∞%
	 Effective Percent: ∞%
----------------------
03:15,938

Intellect
	 Rating: 158365
	 Multiplicative Factor: 8,15%
Stamina
	 Rating: 757754
	 Multiplicative Factor: 5%
Crit
	 Rating: 4256
	 Multiplicative Factor: 0%
	 DR Bracket: 0
	 Base: 5%
	 Effective Percent: 11,08%
	 Crit Inc Heal: 2
	 Crit Inc Damage: 2
Haste
	 Rating: 22389
	 Multiplicative Factor: 0%
	 DR Bracket: 1
	 Base: 0%
	 Effective Percent: 33,53%
Vers
	 Rating: 20154
	 Multiplicative Factor: 0%
	 DR Bracket: 0
	 Base: 3%
	 Effective Percent: 28,84%
Leech
	 Rating: 0
	 Multiplicative Factor: 0%
	 DR Bracket: 0
	 Base: 0%
	 Effective Percent: 0%
Avoidance
	 Rating: 4354
	 Multiplicative Factor: 0%
	 DR Bracket: 0
	 Base: 0%
	 Effective Percent: 8%
Mastery
	 Rating: 12865
	 Multiplicative Factor: 0%
	 DR Bracket: 0
	 Base: ∞%
	 Effective Percent: ∞%
----------------------
03:20,976

Intellect
	 Rating: 158365
	 Multiplicative Factor: 8,15%
Stamina
	 Rating: 757754
	 Multiplicative Factor: 5%
Crit
	 Rating: 9857
	 Multiplicative Factor: 0%
	 DR Bracket: 0
	 Base: 5%
	 Effective Percent: 19,08%
	 Crit Inc Heal: 2
	 Crit Inc Damage: 2
Haste
	 Rating: 22389
	 Multiplicative Factor: 0%
	 DR Bracket: 1
	 Base: 0%
	 Effective Percent: 33,53%
Vers
	 Rating: 20154
	 Multiplicative Factor: 0%
	 DR Bracket: 0
	 Base: 3%
	 Effective Percent: 28,84%
Leech
	 Rating: 0
	 Multiplicative Factor: 0%
	 DR Bracket: 0
	 Base: 0%
	 Effective Percent: 0%
Avoidance
	 Rating: 4354
	 Multiplicative Factor: 0%
	 DR Bracket: 0
	 Base: 0%
	 Effective Percent: 8%
Mastery
	 Rating: 12865
	 Multiplicative Factor: 0%
	 DR Bracket: 0
	 Base: ∞%
	 Effective Percent: ∞%
----------------------
03:30,972

Intellect
	 Rating: 158365
	 Multiplicative Factor: 8,15%
Stamina
	 Rating: 757754
	 Multiplicative Factor: 5%
Crit
	 Rating: 4256
	 Multiplicative Factor: 0%
	 DR Bracket: 0
	 Base: 5%
	 Effective Percent: 11,08%
	 Crit Inc Heal: 2
	 Crit Inc Damage: 2
Haste
	 Rating: 22389
	 Multiplicative Factor: 0%
	 DR Bracket: 1
	 Base: 0%
	 Effective Percent: 33,53%
Vers
	 Rating: 20154
	 Multiplicative Factor: 0%
	 DR Bracket: 0
	 Base: 3%
	 Effective Percent: 28,84%
Leech
	 Rating: 0
	 Multiplicative Factor: 0%
	 DR Bracket: 0
	 Base: 0%
	 Effective Percent: 0%
Avoidance
	 Rating: 4354
	 Multiplicative Factor: 0%
	 DR Bracket: 0
	 Base: 0%
	 Effective Percent: 8%
Mastery
	 Rating: 12865
	 Multiplicative Factor: 0%
	 DR Bracket: 0
	 Base: ∞%
	 Effective Percent: ∞%
----------------------
04:13,712

Intellect
	 Rating: 158365
	 Multiplicative Factor: 8,15%
Stamina
	 Rating: 757754
	 Multiplicative Factor: 5%
Crit
	 Rating: 9857
	 Multiplicative Factor: 0%
	 DR Bracket: 0
	 Base: 5%
	 Effective Percent: 19,08%
	 Crit Inc Heal: 2
	 Crit Inc Damage: 2
Haste
	 Rating: 22389
	 Multiplicative Factor: 0%
	 DR Bracket: 1
	 Base: 0%
	 Effective Percent: 33,53%
Vers
	 Rating: 20154
	 Multiplicative Factor: 0%
	 DR Bracket: 0
	 Base: 3%
	 Effective Percent: 28,84%
Leech
	 Rating: 0
	 Multiplicative Factor: 0%
	 DR Bracket: 0
	 Base: 0%
	 Effective Percent: 0%
Avoidance
	 Rating: 4354
	 Multiplicative Factor: 0%
	 DR Bracket: 0
	 Base: 0%
	 Effective Percent: 8%
Mastery
	 Rating: 12865
	 Multiplicative Factor: 0%
	 DR Bracket: 0
	 Base: ∞%
	 Effective Percent: ∞%
----------------------
04:23,712

Intellect
	 Rating: 158365
	 Multiplicative Factor: 8,15%
Stamina
	 Rating: 757754
	 Multiplicative Factor: 5%
Crit
	 Rating: 4256
	 Multiplicative Factor: 0%
	 DR Bracket: 0
	 Base: 5%
	 Effective Percent: 11,08%
	 Crit Inc Heal: 2
	 Crit Inc Damage: 2
Haste
	 Rating: 22389
	 Multiplicative Factor: 0%
	 DR Bracket: 1
	 Base: 0%
	 Effective Percent: 33,53%
Vers
	 Rating: 20154
	 Multiplicative Factor: 0%
	 DR Bracket: 0
	 Base: 3%
	 Effective Percent: 28,84%
Leech
	 Rating: 0
	 Multiplicative Factor: 0%
	 DR Bracket: 0
	 Base: 0%
	 Effective Percent: 0%
Avoidance
	 Rating: 4354
	 Multiplicative Factor: 0%
	 DR Bracket: 0
	 Base: 0%
	 Effective Percent: 8%
Mastery
	 Rating: 12865
	 Multiplicative Factor: 0%
	 DR Bracket: 0
	 Base: ∞%
	 Effective Percent: ∞%
----------------------
04:23,924

Intellect
	 Rating: 158365
	 Multiplicative Factor: 8,15%
Stamina
	 Rating: 757754
	 Multiplicative Factor: 5%
Crit
	 Rating: 4256
	 Multiplicative Factor: 0%
	 DR Bracket: 0
	 Base: 5%
	 Effective Percent: 11,08%
	 Crit Inc Heal: 2
	 Crit Inc Damage: 2
Haste
	 Rating: 22389
	 Multiplicative Factor: 0%
	 DR Bracket: 1
	 Base: 30%
	 Effective Percent: 63,53%
Vers
	 Rating: 20154
	 Multiplicative Factor: 0%
	 DR Bracket: 0
	 Base: 3%
	 Effective Percent: 28,84%
Leech
	 Rating: 0
	 Multiplicative Factor: 0%
	 DR Bracket: 0
	 Base: 0%
	 Effective Percent: 0%
Avoidance
	 Rating: 4354
	 Multiplicative Factor: 0%
	 DR Bracket: 0
	 Base: 0%
	 Effective Percent: 8%
Mastery
	 Rating: 12865
	 Multiplicative Factor: 0%
	 DR Bracket: 0
	 Base: ∞%
	 Effective Percent: ∞%
----------------------
05:03,940

Intellect
	 Rating: 158365
	 Multiplicative Factor: 8,15%
Stamina
	 Rating: 757754
	 Multiplicative Factor: 5%
Crit
	 Rating: 4256
	 Multiplicative Factor: 0%
	 DR Bracket: 0
	 Base: 5%
	 Effective Percent: 11,08%
	 Crit Inc Heal: 2
	 Crit Inc Damage: 2
Haste
	 Rating: 22389
	 Multiplicative Factor: 0%
	 DR Bracket: 1
	 Base: 0%
	 Effective Percent: 33,53%
Vers
	 Rating: 20154
	 Multiplicative Factor: 0%
	 DR Bracket: 0
	 Base: 3%
	 Effective Percent: 28,84%
Leech
	 Rating: 0
	 Multiplicative Factor: 0%
	 DR Bracket: 0
	 Base: 0%
	 Effective Percent: 0%
Avoidance
	 Rating: 4354
	 Multiplicative Factor: 0%
	 DR Bracket: 0
	 Base: 0%
	 Effective Percent: 8%
Mastery
	 Rating: 12865
	 Multiplicative Factor: 0%
	 DR Bracket: 0
	 Base: ∞%
	 Effective Percent: ∞%
----------------------
05:12,765

Intellect
	 Rating: 158365
	 Multiplicative Factor: 8,15%
Stamina
	 Rating: 757754
	 Multiplicative Factor: 5%
Crit
	 Rating: 9857
	 Multiplicative Factor: 0%
	 DR Bracket: 0
	 Base: 5%
	 Effective Percent: 19,08%
	 Crit Inc Heal: 2
	 Crit Inc Damage: 2
Haste
	 Rating: 22389
	 Multiplicative Factor: 0%
	 DR Bracket: 1
	 Base: 0%
	 Effective Percent: 33,53%
Vers
	 Rating: 20154
	 Multiplicative Factor: 0%
	 DR Bracket: 0
	 Base: 3%
	 Effective Percent: 28,84%
Leech
	 Rating: 0
	 Multiplicative Factor: 0%
	 DR Bracket: 0
	 Base: 0%
	 Effective Percent: 0%
Avoidance
	 Rating: 4354
	 Multiplicative Factor: 0%
	 DR Bracket: 0
	 Base: 0%
	 Effective Percent: 8%
Mastery
	 Rating: 12865
	 Multiplicative Factor: 0%
	 DR Bracket: 0
	 Base: ∞%
	 Effective Percent: ∞%
----------------------
05:22,781

Intellect
	 Rating: 158365
	 Multiplicative Factor: 8,15%
Stamina
	 Rating: 757754
	 Multiplicative Factor: 5%
Crit
	 Rating: 4256
	 Multiplicative Factor: 0%
	 DR Bracket: 0
	 Base: 5%
	 Effective Percent: 11,08%
	 Crit Inc Heal: 2
	 Crit Inc Damage: 2
Haste
	 Rating: 22389
	 Multiplicative Factor: 0%
	 DR Bracket: 1
	 Base: 0%
	 Effective Percent: 33,53%
Vers
	 Rating: 20154
	 Multiplicative Factor: 0%
	 DR Bracket: 0
	 Base: 3%
	 Effective Percent: 28,84%
Leech
	 Rating: 0
	 Multiplicative Factor: 0%
	 DR Bracket: 0
	 Base: 0%
	 Effective Percent: 0%
Avoidance
	 Rating: 4354
	 Multiplicative Factor: 0%
	 DR Bracket: 0
	 Base: 0%
	 Effective Percent: 8%
Mastery
	 Rating: 12865
	 Multiplicative Factor: 0%
	 DR Bracket: 0
	 Base: ∞%
	 Effective Percent: ∞%
----------------------
05:43,821

Intellect
	 Rating: 158365
	 Multiplicative Factor: 8,15%
Stamina
	 Rating: 757754
	 Multiplicative Factor: 5%
Crit
	 Rating: 4256
	 Multiplicative Factor: 0%
	 DR Bracket: 0
	 Base: 5%
	 Effective Percent: 11,08%
	 Crit Inc Heal: 2
	 Crit Inc Damage: 2
Haste
	 Rating: 22389
	 Multiplicative Factor: 0%
	 DR Bracket: 1
	 Base: 0%
	 Effective Percent: 33,53%
Vers
	 Rating: 20154
	 Multiplicative Factor: 0%
	 DR Bracket: 0
	 Base: 0%
	 Effective Percent: 25,84%
Leech
	 Rating: 0
	 Multiplicative Factor: 0%
	 DR Bracket: 0
	 Base: 0%
	 Effective Percent: 0%
Avoidance
	 Rating: 4354
	 Multiplicative Factor: 0%
	 DR Bracket: 0
	 Base: 0%
	 Effective Percent: 8%
Mastery
	 Rating: 12865
	 Multiplicative Factor: 0%
	 DR Bracket: 0
	 Base: ∞%
	 Effective Percent: ∞%
----------------------
05:43,821

Intellect
	 Rating: 158365
	 Multiplicative Factor: 8,15%
Stamina
	 Rating: 757754
	 Multiplicative Factor: 5%
Crit
	 Rating: 4256
	 Multiplicative Factor: 0%
	 DR Bracket: 0
	 Base: 5%
	 Effective Percent: 11,08%
	 Crit Inc Heal: 2
	 Crit Inc Damage: 2
Haste
	 Rating: 22389
	 Multiplicative Factor: 0%
	 DR Bracket: 1
	 Base: 0%
	 Effective Percent: 33,53%
Vers
	 Rating: 20154
	 Multiplicative Factor: 0%
	 DR Bracket: 0
	 Base: 3%
	 Effective Percent: 28,84%
Leech
	 Rating: 0
	 Multiplicative Factor: 0%
	 DR Bracket: 0
	 Base: 0%
	 Effective Percent: 0%
Avoidance
	 Rating: 4354
	 Multiplicative Factor: 0%
	 DR Bracket: 0
	 Base: 0%
	 Effective Percent: 8%
Mastery
	 Rating: 12865
	 Multiplicative Factor: 0%
	 DR Bracket: 0
	 Base: ∞%
	 Effective Percent: ∞%
----------------------
05:50,610

Intellect
	 Rating: 158365
	 Multiplicative Factor: 8,15%
Stamina
	 Rating: 757754
	 Multiplicative Factor: 5%
Crit
	 Rating: 9857
	 Multiplicative Factor: 0%
	 DR Bracket: 0
	 Base: 5%
	 Effective Percent: 19,08%
	 Crit Inc Heal: 2
	 Crit Inc Damage: 2
Haste
	 Rating: 22389
	 Multiplicative Factor: 0%
	 DR Bracket: 1
	 Base: 0%
	 Effective Percent: 33,53%
Vers
	 Rating: 20154
	 Multiplicative Factor: 0%
	 DR Bracket: 0
	 Base: 3%
	 Effective Percent: 28,84%
Leech
	 Rating: 0
	 Multiplicative Factor: 0%
	 DR Bracket: 0
	 Base: 0%
	 Effective Percent: 0%
Avoidance
	 Rating: 4354
	 Multiplicative Factor: 0%
	 DR Bracket: 0
	 Base: 0%
	 Effective Percent: 8%
Mastery
	 Rating: 12865
	 Multiplicative Factor: 0%
	 DR Bracket: 0
	 Base: ∞%
	 Effective Percent: ∞%
----------------------
06:00,622

Intellect
	 Rating: 158365
	 Multiplicative Factor: 8,15%
Stamina
	 Rating: 757754
	 Multiplicative Factor: 5%
Crit
	 Rating: 4256
	 Multiplicative Factor: 0%
	 DR Bracket: 0
	 Base: 5%
	 Effective Percent: 11,08%
	 Crit Inc Heal: 2
	 Crit Inc Damage: 2
Haste
	 Rating: 22389
	 Multiplicative Factor: 0%
	 DR Bracket: 1
	 Base: 0%
	 Effective Percent: 33,53%
Vers
	 Rating: 20154
	 Multiplicative Factor: 0%
	 DR Bracket: 0
	 Base: 3%
	 Effective Percent: 28,84%
Leech
	 Rating: 0
	 Multiplicative Factor: 0%
	 DR Bracket: 0
	 Base: 0%
	 Effective Percent: 0%
Avoidance
	 Rating: 4354
	 Multiplicative Factor: 0%
	 DR Bracket: 0
	 Base: 0%
	 Effective Percent: 8%
Mastery
	 Rating: 12865
	 Multiplicative Factor: 0%
	 DR Bracket: 0
	 Base: ∞%
	 Effective Percent: ∞%
----------------------
06:35,753

Intellect
	 Rating: 158365
	 Multiplicative Factor: 8,15%
Stamina
	 Rating: 757754
	 Multiplicative Factor: 5%
Crit
	 Rating: 9857
	 Multiplicative Factor: 0%
	 DR Bracket: 0
	 Base: 5%
	 Effective Percent: 19,08%
	 Crit Inc Heal: 2
	 Crit Inc Damage: 2
Haste
	 Rating: 22389
	 Multiplicative Factor: 0%
	 DR Bracket: 1
	 Base: 0%
	 Effective Percent: 33,53%
Vers
	 Rating: 20154
	 Multiplicative Factor: 0%
	 DR Bracket: 0
	 Base: 3%
	 Effective Percent: 28,84%
Leech
	 Rating: 0
	 Multiplicative Factor: 0%
	 DR Bracket: 0
	 Base: 0%
	 Effective Percent: 0%
Avoidance
	 Rating: 4354
	 Multiplicative Factor: 0%
	 DR Bracket: 0
	 Base: 0%
	 Effective Percent: 8%
Mastery
	 Rating: 12865
	 Multiplicative Factor: 0%
	 DR Bracket: 0
	 Base: ∞%
	 Effective Percent: ∞%
----------------------
06:45,762

Intellect
	 Rating: 158365
	 Multiplicative Factor: 8,15%
Stamina
	 Rating: 757754
	 Multiplicative Factor: 5%
Crit
	 Rating: 4256
	 Multiplicative Factor: 0%
	 DR Bracket: 0
	 Base: 5%
	 Effective Percent: 11,08%
	 Crit Inc Heal: 2
	 Crit Inc Damage: 2
Haste
	 Rating: 22389
	 Multiplicative Factor: 0%
	 DR Bracket: 1
	 Base: 0%
	 Effective Percent: 33,53%
Vers
	 Rating: 20154
	 Multiplicative Factor: 0%
	 DR Bracket: 0
	 Base: 3%
	 Effective Percent: 28,84%
Leech
	 Rating: 0
	 Multiplicative Factor: 0%
	 DR Bracket: 0
	 Base: 0%
	 Effective Percent: 0%
Avoidance
	 Rating: 4354
	 Multiplicative Factor: 0%
	 DR Bracket: 0
	 Base: 0%
	 Effective Percent: 8%
Mastery
	 Rating: 12865
	 Multiplicative Factor: 0%
	 DR Bracket: 0
	 Base: ∞%
	 Effective Percent: ∞%
----------------------
06:48,372

Intellect
	 Rating: 158365
	 Multiplicative Factor: 8,15%
Stamina
	 Rating: 757754
	 Multiplicative Factor: 5%
Crit
	 Rating: 9857
	 Multiplicative Factor: 0%
	 DR Bracket: 0
	 Base: 5%
	 Effective Percent: 19,08%
	 Crit Inc Heal: 2
	 Crit Inc Damage: 2
Haste
	 Rating: 22389
	 Multiplicative Factor: 0%
	 DR Bracket: 1
	 Base: 0%
	 Effective Percent: 33,53%
Vers
	 Rating: 20154
	 Multiplicative Factor: 0%
	 DR Bracket: 0
	 Base: 3%
	 Effective Percent: 28,84%
Leech
	 Rating: 0
	 Multiplicative Factor: 0%
	 DR Bracket: 0
	 Base: 0%
	 Effective Percent: 0%
Avoidance
	 Rating: 4354
	 Multiplicative Factor: 0%
	 DR Bracket: 0
	 Base: 0%
	 Effective Percent: 8%
Mastery
	 Rating: 12865
	 Multiplicative Factor: 0%
	 DR Bracket: 0
	 Base: ∞%
	 Effective Percent: ∞%
----------------------
06:51,813

Intellect
	 Rating: 158365
	 Multiplicative Factor: 8,15%
Stamina
	 Rating: 757754
	 Multiplicative Factor: 5%
Crit
	 Rating: 9857
	 Multiplicative Factor: 0%
	 DR Bracket: 0
	 Base: 5%
	 Effective Percent: 19,08%
	 Crit Inc Heal: 2
	 Crit Inc Damage: 2
Haste
	 Rating: 22389
	 Multiplicative Factor: 0%
	 DR Bracket: 1
	 Base: 0%
	 Effective Percent: 33,53%
Vers
	 Rating: 20154
	 Multiplicative Factor: 0%
	 DR Bracket: 0
	 Base: 0%
	 Effective Percent: 25,84%
Leech
	 Rating: 0
	 Multiplicative Factor: 0%
	 DR Bracket: 0
	 Base: 0%
	 Effective Percent: 0%
Avoidance
	 Rating: 4354
	 Multiplicative Factor: 0%
	 DR Bracket: 0
	 Base: 0%
	 Effective Percent: 8%
Mastery
	 Rating: 12865
	 Multiplicative Factor: 0%
	 DR Bracket: 0
	 Base: ∞%
	 Effective Percent: ∞%
----------------------
06:51,813

Intellect
	 Rating: 158365
	 Multiplicative Factor: 8,15%
Stamina
	 Rating: 757754
	 Multiplicative Factor: 5%
Crit
	 Rating: 9857
	 Multiplicative Factor: 0%
	 DR Bracket: 0
	 Base: 5%
	 Effective Percent: 19,08%
	 Crit Inc Heal: 2
	 Crit Inc Damage: 2
Haste
	 Rating: 22389
	 Multiplicative Factor: 0%
	 DR Bracket: 1
	 Base: 0%
	 Effective Percent: 33,53%
Vers
	 Rating: 20154
	 Multiplicative Factor: 0%
	 DR Bracket: 0
	 Base: 3%
	 Effective Percent: 28,84%
Leech
	 Rating: 0
	 Multiplicative Factor: 0%
	 DR Bracket: 0
	 Base: 0%
	 Effective Percent: 0%
Avoidance
	 Rating: 4354
	 Multiplicative Factor: 0%
	 DR Bracket: 0
	 Base: 0%
	 Effective Percent: 8%
Mastery
	 Rating: 12865
	 Multiplicative Factor: 0%
	 DR Bracket: 0
	 Base: ∞%
	 Effective Percent: ∞%
----------------------
06:58,360

Intellect
	 Rating: 158365
	 Multiplicative Factor: 8,15%
Stamina
	 Rating: 757754
	 Multiplicative Factor: 5%
Crit
	 Rating: 4256
	 Multiplicative Factor: 0%
	 DR Bracket: 0
	 Base: 5%
	 Effective Percent: 11,08%
	 Crit Inc Heal: 2
	 Crit Inc Damage: 2
Haste
	 Rating: 22389
	 Multiplicative Factor: 0%
	 DR Bracket: 1
	 Base: 0%
	 Effective Percent: 33,53%
Vers
	 Rating: 20154
	 Multiplicative Factor: 0%
	 DR Bracket: 0
	 Base: 3%
	 Effective Percent: 28,84%
Leech
	 Rating: 0
	 Multiplicative Factor: 0%
	 DR Bracket: 0
	 Base: 0%
	 Effective Percent: 0%
Avoidance
	 Rating: 4354
	 Multiplicative Factor: 0%
	 DR Bracket: 0
	 Base: 0%
	 Effective Percent: 8%
Mastery
	 Rating: 12865
	 Multiplicative Factor: 0%
	 DR Bracket: 0
	 Base: ∞%
	 Effective Percent: ∞%
----------------------
07:02,784

Intellect
	 Rating: 158365
	 Multiplicative Factor: 8,15%
Stamina
	 Rating: 757754
	 Multiplicative Factor: 5%
Crit
	 Rating: 9857
	 Multiplicative Factor: 0%
	 DR Bracket: 0
	 Base: 5%
	 Effective Percent: 19,08%
	 Crit Inc Heal: 2
	 Crit Inc Damage: 2
Haste
	 Rating: 22389
	 Multiplicative Factor: 0%
	 DR Bracket: 1
	 Base: 0%
	 Effective Percent: 33,53%
Vers
	 Rating: 20154
	 Multiplicative Factor: 0%
	 DR Bracket: 0
	 Base: 3%
	 Effective Percent: 28,84%
Leech
	 Rating: 0
	 Multiplicative Factor: 0%
	 DR Bracket: 0
	 Base: 0%
	 Effective Percent: 0%
Avoidance
	 Rating: 4354
	 Multiplicative Factor: 0%
	 DR Bracket: 0
	 Base: 0%
	 Effective Percent: 8%
Mastery
	 Rating: 12865
	 Multiplicative Factor: 0%
	 DR Bracket: 0
	 Base: ∞%
	 Effective Percent: ∞%
----------------------
07:12,805

Intellect
	 Rating: 158365
	 Multiplicative Factor: 8,15%
Stamina
	 Rating: 757754
	 Multiplicative Factor: 5%
Crit
	 Rating: 4256
	 Multiplicative Factor: 0%
	 DR Bracket: 0
	 Base: 5%
	 Effective Percent: 11,08%
	 Crit Inc Heal: 2
	 Crit Inc Damage: 2
Haste
	 Rating: 22389
	 Multiplicative Factor: 0%
	 DR Bracket: 1
	 Base: 0%
	 Effective Percent: 33,53%
Vers
	 Rating: 20154
	 Multiplicative Factor: 0%
	 DR Bracket: 0
	 Base: 3%
	 Effective Percent: 28,84%
Leech
	 Rating: 0
	 Multiplicative Factor: 0%
	 DR Bracket: 0
	 Base: 0%
	 Effective Percent: 0%
Avoidance
	 Rating: 4354
	 Multiplicative Factor: 0%
	 DR Bracket: 0
	 Base: 0%
	 Effective Percent: 8%
Mastery
	 Rating: 12865
	 Multiplicative Factor: 0%
	 DR Bracket: 0
	 Base: ∞%
	 Effective Percent: ∞%
----------------------
07:17,285

Intellect
	 Rating: 158365
	 Multiplicative Factor: 8,15%
Stamina
	 Rating: 721670
	 Multiplicative Factor: 0%
Crit
	 Rating: 4256
	 Multiplicative Factor: 0%
	 DR Bracket: 0
	 Base: 5%
	 Effective Percent: 11,08%
	 Crit Inc Heal: 2
	 Crit Inc Damage: 2
Haste
	 Rating: 22389
	 Multiplicative Factor: 0%
	 DR Bracket: 1
	 Base: 0%
	 Effective Percent: 33,53%
Vers
	 Rating: 20154
	 Multiplicative Factor: 0%
	 DR Bracket: 0
	 Base: 3%
	 Effective Percent: 28,84%
Leech
	 Rating: 0
	 Multiplicative Factor: 0%
	 DR Bracket: 0
	 Base: 0%
	 Effective Percent: 0%
Avoidance
	 Rating: 4354
	 Multiplicative Factor: 0%
	 DR Bracket: 0
	 Base: 0%
	 Effective Percent: 8%
Mastery
	 Rating: 12865
	 Multiplicative Factor: 0%
	 DR Bracket: 0
	 Base: ∞%
	 Effective Percent: ∞%
----------------------
07:17,286

Intellect
	 Rating: 158365
	 Multiplicative Factor: 8,15%
Stamina
	 Rating: 721670
	 Multiplicative Factor: 0%
Crit
	 Rating: 4256
	 Multiplicative Factor: 0%
	 DR Bracket: 0
	 Base: 5%
	 Effective Percent: 11,08%
	 Crit Inc Heal: 2
	 Crit Inc Damage: 2
Haste
	 Rating: 22389
	 Multiplicative Factor: 0%
	 DR Bracket: 1
	 Base: 0%
	 Effective Percent: 33,53%
Vers
	 Rating: 20154
	 Multiplicative Factor: 0%
	 DR Bracket: 0
	 Base: 3%
	 Effective Percent: 28,84%
Leech
	 Rating: 0
	 Multiplicative Factor: 0%
	 DR Bracket: 0
	 Base: 0%
	 Effective Percent: 0%
Avoidance
	 Rating: 4354
	 Multiplicative Factor: 0%
	 DR Bracket: 0
	 Base: 0%
	 Effective Percent: 8%
Mastery
	 Rating: 12865
	 Multiplicative Factor: 0%
	 DR Bracket: 0
	 Base: ∞%
	 Effective Percent: ∞%
----------------------
07:17,286

Intellect
	 Rating: 158365
	 Multiplicative Factor: 8,15%
Stamina
	 Rating: 721670
	 Multiplicative Factor: 0%
Crit
	 Rating: 4256
	 Multiplicative Factor: 0%
	 DR Bracket: 0
	 Base: 5%
	 Effective Percent: 11,08%
	 Crit Inc Heal: 2
	 Crit Inc Damage: 2
Haste
	 Rating: 22389
	 Multiplicative Factor: 0%
	 DR Bracket: 1
	 Base: 0%
	 Effective Percent: 33,53%
Vers
	 Rating: 20154
	 Multiplicative Factor: 0%
	 DR Bracket: 0
	 Base: 0%
	 Effective Percent: 25,84%
Leech
	 Rating: 0
	 Multiplicative Factor: 0%
	 DR Bracket: 0
	 Base: 0%
	 Effective Percent: 0%
Avoidance
	 Rating: 4354
	 Multiplicative Factor: 0%
	 DR Bracket: 0
	 Base: 0%
	 Effective Percent: 8%
Mastery
	 Rating: 12865
	 Multiplicative Factor: 0%
	 DR Bracket: 0
	 Base: ∞%
	 Effective Percent: ∞%
----------------------
07:17,286

Intellect
	 Rating: 153752
	 Multiplicative Factor: 5%
Stamina
	 Rating: 721670
	 Multiplicative Factor: 0%
Crit
	 Rating: 4256
	 Multiplicative Factor: 0%
	 DR Bracket: 0
	 Base: 5%
	 Effective Percent: 11,08%
	 Crit Inc Heal: 2
	 Crit Inc Damage: 2
Haste
	 Rating: 22389
	 Multiplicative Factor: 0%
	 DR Bracket: 1
	 Base: 0%
	 Effective Percent: 33,53%
Vers
	 Rating: 20154
	 Multiplicative Factor: 0%
	 DR Bracket: 0
	 Base: 0%
	 Effective Percent: 25,84%
Leech
	 Rating: 0
	 Multiplicative Factor: 0%
	 DR Bracket: 0
	 Base: 0%
	 Effective Percent: 0%
Avoidance
	 Rating: 4354
	 Multiplicative Factor: 0%
	 DR Bracket: 0
	 Base: 0%
	 Effective Percent: 8%
Mastery
	 Rating: 12865
	 Multiplicative Factor: 0%
	 DR Bracket: 0
	 Base: ∞%
	 Effective Percent: ∞%
