----------------------
00:08,173

Intellect
	 Rating: 138409
	 Multiplicative Factor: 14,73%
Stamina
	 Rating: 802802
	 Multiplicative Factor: 11,3%
Crit
	 Rating: 27112
	 Multiplicative Factor: 0%
	 DR Bracket: 1
	 Base: 9%
	 Effective Percent: 46,86%
	 Crit Inc Heal: 2
	 Crit Inc Damage: 2
Haste
	 Rating: 14646
	 Multiplicative Factor: 0%
	 DR Bracket: 0
	 Base: 1%
	 Effective Percent: 23,19%
Vers
	 Rating: 13625
	 Multiplicative Factor: 0%
	 DR Bracket: 0
	 Base: 3%
	 Effective Percent: 20,47%
Leech
	 Rating: 4194
	 Multiplicative Factor: 0%
	 DR Bracket: 0
	 Base: 0%
	 Effective Percent: 4,11%
Avoidance
	 Rating: 0
	 Multiplicative Factor: 0%
	 DR Bracket: 0
	 Base: 0%
	 Effective Percent: 0%
Mastery
	 Rating: 2642
	 Multiplicative Factor: 0%
	 DR Bracket: 0
	 Base: 21%
	 Effective Percent: 26,66%
----------------------
00:13,055

Intellect
	 Rating: 138409
	 Multiplicative Factor: 14,73%
Stamina
	 Rating: 802802
	 Multiplicative Factor: 11,3%
Crit
	 Rating: 27112
	 Multiplicative Factor: 0%
	 DR Bracket: 1
	 Base: 9%
	 Effective Percent: 46,86%
	 Crit Inc Heal: 2
	 Crit Inc Damage: 2
Haste
	 Rating: 14646
	 Multiplicative Factor: 0%
	 DR Bracket: 0
	 Base: 2%
	 Effective Percent: 24,19%
Vers
	 Rating: 13625
	 Multiplicative Factor: 0%
	 DR Bracket: 0
	 Base: 3%
	 Effective Percent: 20,47%
Leech
	 Rating: 4194
	 Multiplicative Factor: 0%
	 DR Bracket: 0
	 Base: 0%
	 Effective Percent: 4,11%
Avoidance
	 Rating: 0
	 Multiplicative Factor: 0%
	 DR Bracket: 0
	 Base: 0%
	 Effective Percent: 0%
Mastery
	 Rating: 2642
	 Multiplicative Factor: 0%
	 DR Bracket: 0
	 Base: 21%
	 Effective Percent: 26,66%
----------------------
00:19,096

Intellect
	 Rating: 138409
	 Multiplicative Factor: 14,73%
Stamina
	 Rating: 802802
	 Multiplicative Factor: 11,3%
Crit
	 Rating: 27112
	 Multiplicative Factor: 0%
	 DR Bracket: 1
	 Base: 9%
	 Effective Percent: 46,86%
	 Crit Inc Heal: 2
	 Crit Inc Damage: 2
Haste
	 Rating: 14646
	 Multiplicative Factor: 0%
	 DR Bracket: 0
	 Base: 3%
	 Effective Percent: 25,19%
Vers
	 Rating: 13625
	 Multiplicative Factor: 0%
	 DR Bracket: 0
	 Base: 3%
	 Effective Percent: 20,47%
Leech
	 Rating: 4194
	 Multiplicative Factor: 0%
	 DR Bracket: 0
	 Base: 0%
	 Effective Percent: 4,11%
Avoidance
	 Rating: 0
	 Multiplicative Factor: 0%
	 DR Bracket: 0
	 Base: 0%
	 Effective Percent: 0%
Mastery
	 Rating: 2642
	 Multiplicative Factor: 0%
	 DR Bracket: 0
	 Base: 21%
	 Effective Percent: 26,66%
----------------------
00:25,184

Intellect
	 Rating: 138409
	 Multiplicative Factor: 14,73%
Stamina
	 Rating: 802802
	 Multiplicative Factor: 11,3%
Crit
	 Rating: 27112
	 Multiplicative Factor: 0%
	 DR Bracket: 1
	 Base: 9%
	 Effective Percent: 46,86%
	 Crit Inc Heal: 2
	 Crit Inc Damage: 2
Haste
	 Rating: 14646
	 Multiplicative Factor: 0%
	 DR Bracket: 0
	 Base: 4%
	 Effective Percent: 26,19%
Vers
	 Rating: 13625
	 Multiplicative Factor: 0%
	 DR Bracket: 0
	 Base: 3%
	 Effective Percent: 20,47%
Leech
	 Rating: 4194
	 Multiplicative Factor: 0%
	 DR Bracket: 0
	 Base: 0%
	 Effective Percent: 4,11%
Avoidance
	 Rating: 0
	 Multiplicative Factor: 0%
	 DR Bracket: 0
	 Base: 0%
	 Effective Percent: 0%
Mastery
	 Rating: 2642
	 Multiplicative Factor: 0%
	 DR Bracket: 0
	 Base: 21%
	 Effective Percent: 26,66%
----------------------
00:27,573

Intellect
	 Rating: 138409
	 Multiplicative Factor: 14,73%
Stamina
	 Rating: 802802
	 Multiplicative Factor: 11,3%
Crit
	 Rating: 27112
	 Multiplicative Factor: 0%
	 DR Bracket: 1
	 Base: 9%
	 Effective Percent: 46,86%
	 Crit Inc Heal: 2
	 Crit Inc Damage: 2
Haste
	 Rating: 14646
	 Multiplicative Factor: 0%
	 DR Bracket: 0
	 Base: 5%
	 Effective Percent: 27,19%
Vers
	 Rating: 13625
	 Multiplicative Factor: 0%
	 DR Bracket: 0
	 Base: 3%
	 Effective Percent: 20,47%
Leech
	 Rating: 4194
	 Multiplicative Factor: 0%
	 DR Bracket: 0
	 Base: 0%
	 Effective Percent: 4,11%
Avoidance
	 Rating: 0
	 Multiplicative Factor: 0%
	 DR Bracket: 0
	 Base: 0%
	 Effective Percent: 0%
Mastery
	 Rating: 2642
	 Multiplicative Factor: 0%
	 DR Bracket: 0
	 Base: 21%
	 Effective Percent: 26,66%
----------------------
01:14,719

Intellect
	 Rating: 138409
	 Multiplicative Factor: 14,73%
Stamina
	 Rating: 802802
	 Multiplicative Factor: 11,3%
Crit
	 Rating: 27112
	 Multiplicative Factor: 0%
	 DR Bracket: 1
	 Base: 9%
	 Effective Percent: 46,86%
	 Crit Inc Heal: 2
	 Crit Inc Damage: 2
Haste
	 Rating: 14646
	 Multiplicative Factor: 0%
	 DR Bracket: 0
	 Base: 0%
	 Effective Percent: 22,19%
Vers
	 Rating: 13625
	 Multiplicative Factor: 0%
	 DR Bracket: 0
	 Base: 3%
	 Effective Percent: 20,47%
Leech
	 Rating: 4194
	 Multiplicative Factor: 0%
	 DR Bracket: 0
	 Base: 0%
	 Effective Percent: 4,11%
Avoidance
	 Rating: 0
	 Multiplicative Factor: 0%
	 DR Bracket: 0
	 Base: 0%
	 Effective Percent: 0%
Mastery
	 Rating: 2642
	 Multiplicative Factor: 0%
	 DR Bracket: 0
	 Base: 21%
	 Effective Percent: 26,66%
----------------------
01:17,397

Intellect
	 Rating: 138409
	 Multiplicative Factor: 14,73%
Stamina
	 Rating: 802802
	 Multiplicative Factor: 11,3%
Crit
	 Rating: 27112
	 Multiplicative Factor: 0%
	 DR Bracket: 1
	 Base: 9%
	 Effective Percent: 46,86%
	 Crit Inc Heal: 2
	 Crit Inc Damage: 2
Haste
	 Rating: 14646
	 Multiplicative Factor: 0%
	 DR Bracket: 0
	 Base: 1%
	 Effective Percent: 23,19%
Vers
	 Rating: 13625
	 Multiplicative Factor: 0%
	 DR Bracket: 0
	 Base: 3%
	 Effective Percent: 20,47%
Leech
	 Rating: 4194
	 Multiplicative Factor: 0%
	 DR Bracket: 0
	 Base: 0%
	 Effective Percent: 4,11%
Avoidance
	 Rating: 0
	 Multiplicative Factor: 0%
	 DR Bracket: 0
	 Base: 0%
	 Effective Percent: 0%
Mastery
	 Rating: 2642
	 Multiplicative Factor: 0%
	 DR Bracket: 0
	 Base: 21%
	 Effective Percent: 26,66%
----------------------
01:21,473

Intellect
	 Rating: 138409
	 Multiplicative Factor: 14,73%
Stamina
	 Rating: 802802
	 Multiplicative Factor: 11,3%
Crit
	 Rating: 27112
	 Multiplicative Factor: 0%
	 DR Bracket: 1
	 Base: 9%
	 Effective Percent: 46,86%
	 Crit Inc Heal: 2
	 Crit Inc Damage: 2
Haste
	 Rating: 14646
	 Multiplicative Factor: 0%
	 DR Bracket: 0
	 Base: 2%
	 Effective Percent: 24,19%
Vers
	 Rating: 13625
	 Multiplicative Factor: 0%
	 DR Bracket: 0
	 Base: 3%
	 Effective Percent: 20,47%
Leech
	 Rating: 4194
	 Multiplicative Factor: 0%
	 DR Bracket: 0
	 Base: 0%
	 Effective Percent: 4,11%
Avoidance
	 Rating: 0
	 Multiplicative Factor: 0%
	 DR Bracket: 0
	 Base: 0%
	 Effective Percent: 0%
Mastery
	 Rating: 2642
	 Multiplicative Factor: 0%
	 DR Bracket: 0
	 Base: 21%
	 Effective Percent: 26,66%
----------------------
01:22,695

Intellect
	 Rating: 138409
	 Multiplicative Factor: 14,73%
Stamina
	 Rating: 802802
	 Multiplicative Factor: 11,3%
Crit
	 Rating: 27112
	 Multiplicative Factor: 0%
	 DR Bracket: 1
	 Base: 9%
	 Effective Percent: 46,86%
	 Crit Inc Heal: 2
	 Crit Inc Damage: 2
Haste
	 Rating: 14646
	 Multiplicative Factor: 0%
	 DR Bracket: 0
	 Base: 3%
	 Effective Percent: 25,19%
Vers
	 Rating: 13625
	 Multiplicative Factor: 0%
	 DR Bracket: 0
	 Base: 3%
	 Effective Percent: 20,47%
Leech
	 Rating: 4194
	 Multiplicative Factor: 0%
	 DR Bracket: 0
	 Base: 0%
	 Effective Percent: 4,11%
Avoidance
	 Rating: 0
	 Multiplicative Factor: 0%
	 DR Bracket: 0
	 Base: 0%
	 Effective Percent: 0%
Mastery
	 Rating: 2642
	 Multiplicative Factor: 0%
	 DR Bracket: 0
	 Base: 21%
	 Effective Percent: 26,66%
----------------------
01:25,072

Intellect
	 Rating: 138409
	 Multiplicative Factor: 14,73%
Stamina
	 Rating: 802802
	 Multiplicative Factor: 11,3%
Crit
	 Rating: 27112
	 Multiplicative Factor: 0%
	 DR Bracket: 1
	 Base: 9%
	 Effective Percent: 46,86%
	 Crit Inc Heal: 2
	 Crit Inc Damage: 2
Haste
	 Rating: 14646
	 Multiplicative Factor: 0%
	 DR Bracket: 0
	 Base: 4%
	 Effective Percent: 26,19%
Vers
	 Rating: 13625
	 Multiplicative Factor: 0%
	 DR Bracket: 0
	 Base: 3%
	 Effective Percent: 20,47%
Leech
	 Rating: 4194
	 Multiplicative Factor: 0%
	 DR Bracket: 0
	 Base: 0%
	 Effective Percent: 4,11%
Avoidance
	 Rating: 0
	 Multiplicative Factor: 0%
	 DR Bracket: 0
	 Base: 0%
	 Effective Percent: 0%
Mastery
	 Rating: 2642
	 Multiplicative Factor: 0%
	 DR Bracket: 0
	 Base: 21%
	 Effective Percent: 26,66%
----------------------
01:32,217

Intellect
	 Rating: 138409
	 Multiplicative Factor: 14,73%
Stamina
	 Rating: 802802
	 Multiplicative Factor: 11,3%
Crit
	 Rating: 27112
	 Multiplicative Factor: 0%
	 DR Bracket: 1
	 Base: 9%
	 Effective Percent: 46,86%
	 Crit Inc Heal: 2
	 Crit Inc Damage: 2
Haste
	 Rating: 14646
	 Multiplicative Factor: 0%
	 DR Bracket: 0
	 Base: 5%
	 Effective Percent: 27,19%
Vers
	 Rating: 13625
	 Multiplicative Factor: 0%
	 DR Bracket: 0
	 Base: 3%
	 Effective Percent: 20,47%
Leech
	 Rating: 4194
	 Multiplicative Factor: 0%
	 DR Bracket: 0
	 Base: 0%
	 Effective Percent: 4,11%
Avoidance
	 Rating: 0
	 Multiplicative Factor: 0%
	 DR Bracket: 0
	 Base: 0%
	 Effective Percent: 0%
Mastery
	 Rating: 2642
	 Multiplicative Factor: 0%
	 DR Bracket: 0
	 Base: 21%
	 Effective Percent: 26,66%
----------------------
02:51,060

Intellect
	 Rating: 138409
	 Multiplicative Factor: 14,73%
Stamina
	 Rating: 802802
	 Multiplicative Factor: 11,3%
Crit
	 Rating: 27112
	 Multiplicative Factor: 0%
	 DR Bracket: 1
	 Base: 9%
	 Effective Percent: 46,86%
	 Crit Inc Heal: 2
	 Crit Inc Damage: 2
Haste
	 Rating: 14646
	 Multiplicative Factor: 0%
	 DR Bracket: 0
	 Base: 35%
	 Effective Percent: 57,19%
Vers
	 Rating: 13625
	 Multiplicative Factor: 0%
	 DR Bracket: 0
	 Base: 3%
	 Effective Percent: 20,47%
Leech
	 Rating: 4194
	 Multiplicative Factor: 0%
	 DR Bracket: 0
	 Base: 0%
	 Effective Percent: 4,11%
Avoidance
	 Rating: 0
	 Multiplicative Factor: 0%
	 DR Bracket: 0
	 Base: 0%
	 Effective Percent: 0%
Mastery
	 Rating: 2642
	 Multiplicative Factor: 0%
	 DR Bracket: 0
	 Base: 21%
	 Effective Percent: 26,66%
----------------------
03:31,079

Intellect
	 Rating: 138409
	 Multiplicative Factor: 14,73%
Stamina
	 Rating: 802802
	 Multiplicative Factor: 11,3%
Crit
	 Rating: 27112
	 Multiplicative Factor: 0%
	 DR Bracket: 1
	 Base: 9%
	 Effective Percent: 46,86%
	 Crit Inc Heal: 2
	 Crit Inc Damage: 2
Haste
	 Rating: 14646
	 Multiplicative Factor: 0%
	 DR Bracket: 0
	 Base: 5%
	 Effective Percent: 27,19%
Vers
	 Rating: 13625
	 Multiplicative Factor: 0%
	 DR Bracket: 0
	 Base: 3%
	 Effective Percent: 20,47%
Leech
	 Rating: 4194
	 Multiplicative Factor: 0%
	 DR Bracket: 0
	 Base: 0%
	 Effective Percent: 4,11%
Avoidance
	 Rating: 0
	 Multiplicative Factor: 0%
	 DR Bracket: 0
	 Base: 0%
	 Effective Percent: 0%
Mastery
	 Rating: 2642
	 Multiplicative Factor: 0%
	 DR Bracket: 0
	 Base: 21%
	 Effective Percent: 26,66%
----------------------
03:42,086

Intellect
	 Rating: 138409
	 Multiplicative Factor: 14,73%
Stamina
	 Rating: 802802
	 Multiplicative Factor: 11,3%
Crit
	 Rating: 27112
	 Multiplicative Factor: 0%
	 DR Bracket: 1
	 Base: 9%
	 Effective Percent: 46,86%
	 Crit Inc Heal: 2
	 Crit Inc Damage: 2
Haste
	 Rating: 14646
	 Multiplicative Factor: 0%
	 DR Bracket: 0
	 Base: 5%
	 Effective Percent: 27,19%
Vers
	 Rating: 13625
	 Multiplicative Factor: 0%
	 DR Bracket: 0
	 Base: 0%
	 Effective Percent: 17,47%
Leech
	 Rating: 4194
	 Multiplicative Factor: 0%
	 DR Bracket: 0
	 Base: 0%
	 Effective Percent: 4,11%
Avoidance
	 Rating: 0
	 Multiplicative Factor: 0%
	 DR Bracket: 0
	 Base: 0%
	 Effective Percent: 0%
Mastery
	 Rating: 2642
	 Multiplicative Factor: 0%
	 DR Bracket: 0
	 Base: 21%
	 Effective Percent: 26,66%
----------------------
03:42,086

Intellect
	 Rating: 138409
	 Multiplicative Factor: 14,73%
Stamina
	 Rating: 764573
	 Multiplicative Factor: 6%
Crit
	 Rating: 27112
	 Multiplicative Factor: 0%
	 DR Bracket: 1
	 Base: 9%
	 Effective Percent: 46,86%
	 Crit Inc Heal: 2
	 Crit Inc Damage: 2
Haste
	 Rating: 14646
	 Multiplicative Factor: 0%
	 DR Bracket: 0
	 Base: 5%
	 Effective Percent: 27,19%
Vers
	 Rating: 13625
	 Multiplicative Factor: 0%
	 DR Bracket: 0
	 Base: 0%
	 Effective Percent: 17,47%
Leech
	 Rating: 4194
	 Multiplicative Factor: 0%
	 DR Bracket: 0
	 Base: 0%
	 Effective Percent: 4,11%
Avoidance
	 Rating: 0
	 Multiplicative Factor: 0%
	 DR Bracket: 0
	 Base: 0%
	 Effective Percent: 0%
Mastery
	 Rating: 2642
	 Multiplicative Factor: 0%
	 DR Bracket: 0
	 Base: 21%
	 Effective Percent: 26,66%
----------------------
03:42,086

Intellect
	 Rating: 134378
	 Multiplicative Factor: 11,38%
Stamina
	 Rating: 764573
	 Multiplicative Factor: 6%
Crit
	 Rating: 27112
	 Multiplicative Factor: 0%
	 DR Bracket: 1
	 Base: 9%
	 Effective Percent: 46,86%
	 Crit Inc Heal: 2
	 Crit Inc Damage: 2
Haste
	 Rating: 14646
	 Multiplicative Factor: 0%
	 DR Bracket: 0
	 Base: 5%
	 Effective Percent: 27,19%
Vers
	 Rating: 13625
	 Multiplicative Factor: 0%
	 DR Bracket: 0
	 Base: 0%
	 Effective Percent: 17,47%
Leech
	 Rating: 4194
	 Multiplicative Factor: 0%
	 DR Bracket: 0
	 Base: 0%
	 Effective Percent: 4,11%
Avoidance
	 Rating: 0
	 Multiplicative Factor: 0%
	 DR Bracket: 0
	 Base: 0%
	 Effective Percent: 0%
Mastery
	 Rating: 2642
	 Multiplicative Factor: 0%
	 DR Bracket: 0
	 Base: 21%
	 Effective Percent: 26,66%
----------------------
03:42,086

Intellect
	 Rating: 134378
	 Multiplicative Factor: 11,38%
Stamina
	 Rating: 764573
	 Multiplicative Factor: 6%
Crit
	 Rating: 27112
	 Multiplicative Factor: 0%
	 DR Bracket: 1
	 Base: 9%
	 Effective Percent: 46,86%
	 Crit Inc Heal: 2
	 Crit Inc Damage: 2
Haste
	 Rating: 14646
	 Multiplicative Factor: 0%
	 DR Bracket: 0
	 Base: 0%
	 Effective Percent: 22,19%
Vers
	 Rating: 13625
	 Multiplicative Factor: 0%
	 DR Bracket: 0
	 Base: 0%
	 Effective Percent: 17,47%
Leech
	 Rating: 4194
	 Multiplicative Factor: 0%
	 DR Bracket: 0
	 Base: 0%
	 Effective Percent: 4,11%
Avoidance
	 Rating: 0
	 Multiplicative Factor: 0%
	 DR Bracket: 0
	 Base: 0%
	 Effective Percent: 0%
Mastery
	 Rating: 2642
	 Multiplicative Factor: 0%
	 DR Bracket: 0
	 Base: 21%
	 Effective Percent: 26,66%
----------------------
03:42,086

Intellect
	 Rating: 134378
	 Multiplicative Factor: 11,38%
Stamina
	 Rating: 764573
	 Multiplicative Factor: 6%
Crit
	 Rating: 27112
	 Multiplicative Factor: 0%
	 DR Bracket: 1
	 Base: 9%
	 Effective Percent: 46,86%
	 Crit Inc Heal: 2
	 Crit Inc Damage: 2
Haste
	 Rating: 14646
	 Multiplicative Factor: 0%
	 DR Bracket: 0
	 Base: 0%
	 Effective Percent: 22,19%
Vers
	 Rating: 13625
	 Multiplicative Factor: 0%
	 DR Bracket: 0
	 Base: 0%
	 Effective Percent: 17,47%
Leech
	 Rating: 4194
	 Multiplicative Factor: 0%
	 DR Bracket: 0
	 Base: 0%
	 Effective Percent: 4,11%
Avoidance
	 Rating: 0
	 Multiplicative Factor: 0%
	 DR Bracket: 0
	 Base: 0%
	 Effective Percent: 0%
Mastery
	 Rating: 2642
	 Multiplicative Factor: 0%
	 DR Bracket: 0
	 Base: 18%
	 Effective Percent: 23,66%
