----------------------
00:04,606

Intellect
	 Rating: 137741
	 Multiplicative Factor: 8,15%
Stamina
	 Rating: 826833
	 Multiplicative Factor: 5%
Crit
	 Rating: 7327
	 Multiplicative Factor: 0%
	 DR Bracket: 0
	 Base: 5%
	 Effective Percent: 15,47%
	 Crit Inc Heal: 2
	 Crit Inc Damage: 2
Haste
	 Rating: 21147
	 Multiplicative Factor: 0%
	 DR Bracket: 1
	 Base: 20%
	 Effective Percent: 51,84%
Vers
	 Rating: 3752
	 Multiplicative Factor: 0%
	 DR Bracket: 0
	 Base: 3%
	 Effective Percent: 7,81%
Leech
	 Rating: 1020
	 Multiplicative Factor: 0%
	 DR Bracket: 0
	 Base: 0%
	 Effective Percent: 1%
Avoidance
	 Rating: 2122
	 Multiplicative Factor: 0%
	 DR Bracket: 0
	 Base: 0%
	 Effective Percent: 3,9%
Mastery
	 Rating: 31094
	 Multiplicative Factor: 0%
	 DR Bracket: 2
	 Base: ∞%
	 Effective Percent: ∞%
----------------------
00:19,606

Intellect
	 Rating: 137741
	 Multiplicative Factor: 8,15%
Stamina
	 Rating: 826833
	 Multiplicative Factor: 5%
Crit
	 Rating: 7327
	 Multiplicative Factor: 0%
	 DR Bracket: 0
	 Base: 5%
	 Effective Percent: 15,47%
	 Crit Inc Heal: 2
	 Crit Inc Damage: 2
Haste
	 Rating: 21147
	 Multiplicative Factor: 0%
	 DR Bracket: 1
	 Base: 0%
	 Effective Percent: 31,84%
Vers
	 Rating: 3752
	 Multiplicative Factor: 0%
	 DR Bracket: 0
	 Base: 3%
	 Effective Percent: 7,81%
Leech
	 Rating: 1020
	 Multiplicative Factor: 0%
	 DR Bracket: 0
	 Base: 0%
	 Effective Percent: 1%
Avoidance
	 Rating: 2122
	 Multiplicative Factor: 0%
	 DR Bracket: 0
	 Base: 0%
	 Effective Percent: 3,9%
Mastery
	 Rating: 31094
	 Multiplicative Factor: 0%
	 DR Bracket: 2
	 Base: ∞%
	 Effective Percent: ∞%
----------------------
00:38,052

Intellect
	 Rating: 137741
	 Multiplicative Factor: 8,15%
Stamina
	 Rating: 826833
	 Multiplicative Factor: 5%
Crit
	 Rating: 13312
	 Multiplicative Factor: 0%
	 DR Bracket: 0
	 Base: 5%
	 Effective Percent: 24,02%
	 Crit Inc Heal: 2
	 Crit Inc Damage: 2
Haste
	 Rating: 21147
	 Multiplicative Factor: 0%
	 DR Bracket: 1
	 Base: 0%
	 Effective Percent: 31,84%
Vers
	 Rating: 3752
	 Multiplicative Factor: 0%
	 DR Bracket: 0
	 Base: 3%
	 Effective Percent: 7,81%
Leech
	 Rating: 1020
	 Multiplicative Factor: 0%
	 DR Bracket: 0
	 Base: 0%
	 Effective Percent: 1%
Avoidance
	 Rating: 2122
	 Multiplicative Factor: 0%
	 DR Bracket: 0
	 Base: 0%
	 Effective Percent: 3,9%
Mastery
	 Rating: 31094
	 Multiplicative Factor: 0%
	 DR Bracket: 2
	 Base: ∞%
	 Effective Percent: ∞%
----------------------
00:38,663

Intellect
	 Rating: 137741
	 Multiplicative Factor: 8,15%
Stamina
	 Rating: 826833
	 Multiplicative Factor: 5%
Crit
	 Rating: 19297
	 Multiplicative Factor: 0%
	 DR Bracket: 0
	 Base: 5%
	 Effective Percent: 32,57%
	 Crit Inc Heal: 2
	 Crit Inc Damage: 2
Haste
	 Rating: 21147
	 Multiplicative Factor: 0%
	 DR Bracket: 1
	 Base: 0%
	 Effective Percent: 31,84%
Vers
	 Rating: 3752
	 Multiplicative Factor: 0%
	 DR Bracket: 0
	 Base: 3%
	 Effective Percent: 7,81%
Leech
	 Rating: 1020
	 Multiplicative Factor: 0%
	 DR Bracket: 0
	 Base: 0%
	 Effective Percent: 1%
Avoidance
	 Rating: 2122
	 Multiplicative Factor: 0%
	 DR Bracket: 0
	 Base: 0%
	 Effective Percent: 3,9%
Mastery
	 Rating: 31094
	 Multiplicative Factor: 0%
	 DR Bracket: 2
	 Base: ∞%
	 Effective Percent: ∞%
----------------------
00:48,053

Intellect
	 Rating: 137741
	 Multiplicative Factor: 8,15%
Stamina
	 Rating: 826833
	 Multiplicative Factor: 5%
Crit
	 Rating: 13312
	 Multiplicative Factor: 0%
	 DR Bracket: 0
	 Base: 5%
	 Effective Percent: 24,02%
	 Crit Inc Heal: 2
	 Crit Inc Damage: 2
Haste
	 Rating: 21147
	 Multiplicative Factor: 0%
	 DR Bracket: 1
	 Base: 0%
	 Effective Percent: 31,84%
Vers
	 Rating: 3752
	 Multiplicative Factor: 0%
	 DR Bracket: 0
	 Base: 3%
	 Effective Percent: 7,81%
Leech
	 Rating: 1020
	 Multiplicative Factor: 0%
	 DR Bracket: 0
	 Base: 0%
	 Effective Percent: 1%
Avoidance
	 Rating: 2122
	 Multiplicative Factor: 0%
	 DR Bracket: 0
	 Base: 0%
	 Effective Percent: 3,9%
Mastery
	 Rating: 31094
	 Multiplicative Factor: 0%
	 DR Bracket: 2
	 Base: ∞%
	 Effective Percent: ∞%
----------------------
00:48,693

Intellect
	 Rating: 137741
	 Multiplicative Factor: 8,15%
Stamina
	 Rating: 826833
	 Multiplicative Factor: 5%
Crit
	 Rating: 7327
	 Multiplicative Factor: 0%
	 DR Bracket: 0
	 Base: 5%
	 Effective Percent: 15,47%
	 Crit Inc Heal: 2
	 Crit Inc Damage: 2
Haste
	 Rating: 21147
	 Multiplicative Factor: 0%
	 DR Bracket: 1
	 Base: 0%
	 Effective Percent: 31,84%
Vers
	 Rating: 3752
	 Multiplicative Factor: 0%
	 DR Bracket: 0
	 Base: 3%
	 Effective Percent: 7,81%
Leech
	 Rating: 1020
	 Multiplicative Factor: 0%
	 DR Bracket: 0
	 Base: 0%
	 Effective Percent: 1%
Avoidance
	 Rating: 2122
	 Multiplicative Factor: 0%
	 DR Bracket: 0
	 Base: 0%
	 Effective Percent: 3,9%
Mastery
	 Rating: 31094
	 Multiplicative Factor: 0%
	 DR Bracket: 2
	 Base: ∞%
	 Effective Percent: ∞%
----------------------
00:51,437

Intellect
	 Rating: 137741
	 Multiplicative Factor: 8,15%
Stamina
	 Rating: 826833
	 Multiplicative Factor: 5%
Crit
	 Rating: 13312
	 Multiplicative Factor: 0%
	 DR Bracket: 0
	 Base: 5%
	 Effective Percent: 24,02%
	 Crit Inc Heal: 2
	 Crit Inc Damage: 2
Haste
	 Rating: 21147
	 Multiplicative Factor: 0%
	 DR Bracket: 1
	 Base: 0%
	 Effective Percent: 31,84%
Vers
	 Rating: 3752
	 Multiplicative Factor: 0%
	 DR Bracket: 0
	 Base: 3%
	 Effective Percent: 7,81%
Leech
	 Rating: 1020
	 Multiplicative Factor: 0%
	 DR Bracket: 0
	 Base: 0%
	 Effective Percent: 1%
Avoidance
	 Rating: 2122
	 Multiplicative Factor: 0%
	 DR Bracket: 0
	 Base: 0%
	 Effective Percent: 3,9%
Mastery
	 Rating: 31094
	 Multiplicative Factor: 0%
	 DR Bracket: 2
	 Base: ∞%
	 Effective Percent: ∞%
----------------------
00:51,437

Intellect
	 Rating: 137741
	 Multiplicative Factor: 8,15%
Stamina
	 Rating: 826833
	 Multiplicative Factor: 5%
Crit
	 Rating: 19297
	 Multiplicative Factor: 0%
	 DR Bracket: 0
	 Base: 5%
	 Effective Percent: 32,57%
	 Crit Inc Heal: 2
	 Crit Inc Damage: 2
Haste
	 Rating: 21147
	 Multiplicative Factor: 0%
	 DR Bracket: 1
	 Base: 0%
	 Effective Percent: 31,84%
Vers
	 Rating: 3752
	 Multiplicative Factor: 0%
	 DR Bracket: 0
	 Base: 3%
	 Effective Percent: 7,81%
Leech
	 Rating: 1020
	 Multiplicative Factor: 0%
	 DR Bracket: 0
	 Base: 0%
	 Effective Percent: 1%
Avoidance
	 Rating: 2122
	 Multiplicative Factor: 0%
	 DR Bracket: 0
	 Base: 0%
	 Effective Percent: 3,9%
Mastery
	 Rating: 31094
	 Multiplicative Factor: 0%
	 DR Bracket: 2
	 Base: ∞%
	 Effective Percent: ∞%
----------------------
00:59,366

Intellect
	 Rating: 137741
	 Multiplicative Factor: 8,15%
Stamina
	 Rating: 826833
	 Multiplicative Factor: 5%
Crit
	 Rating: 19297
	 Multiplicative Factor: 0%
	 DR Bracket: 0
	 Base: 5%
	 Effective Percent: 32,57%
	 Crit Inc Heal: 2
	 Crit Inc Damage: 2
Haste
	 Rating: 21147
	 Multiplicative Factor: 0%
	 DR Bracket: 1
	 Base: 0%
	 Effective Percent: 31,84%
Vers
	 Rating: 3752
	 Multiplicative Factor: 0%
	 DR Bracket: 0
	 Base: 0%
	 Effective Percent: 4,81%
Leech
	 Rating: 1020
	 Multiplicative Factor: 0%
	 DR Bracket: 0
	 Base: 0%
	 Effective Percent: 1%
Avoidance
	 Rating: 2122
	 Multiplicative Factor: 0%
	 DR Bracket: 0
	 Base: 0%
	 Effective Percent: 3,9%
Mastery
	 Rating: 31094
	 Multiplicative Factor: 0%
	 DR Bracket: 2
	 Base: ∞%
	 Effective Percent: ∞%
----------------------
00:59,366

Intellect
	 Rating: 137741
	 Multiplicative Factor: 8,15%
Stamina
	 Rating: 826833
	 Multiplicative Factor: 5%
Crit
	 Rating: 19297
	 Multiplicative Factor: 0%
	 DR Bracket: 0
	 Base: 5%
	 Effective Percent: 32,57%
	 Crit Inc Heal: 2
	 Crit Inc Damage: 2
Haste
	 Rating: 21147
	 Multiplicative Factor: 0%
	 DR Bracket: 1
	 Base: 0%
	 Effective Percent: 31,84%
Vers
	 Rating: 3752
	 Multiplicative Factor: 0%
	 DR Bracket: 0
	 Base: 3%
	 Effective Percent: 7,81%
Leech
	 Rating: 1020
	 Multiplicative Factor: 0%
	 DR Bracket: 0
	 Base: 0%
	 Effective Percent: 1%
Avoidance
	 Rating: 2122
	 Multiplicative Factor: 0%
	 DR Bracket: 0
	 Base: 0%
	 Effective Percent: 3,9%
Mastery
	 Rating: 31094
	 Multiplicative Factor: 0%
	 DR Bracket: 2
	 Base: ∞%
	 Effective Percent: ∞%
----------------------
01:01,445

Intellect
	 Rating: 137741
	 Multiplicative Factor: 8,15%
Stamina
	 Rating: 826833
	 Multiplicative Factor: 5%
Crit
	 Rating: 13312
	 Multiplicative Factor: 0%
	 DR Bracket: 0
	 Base: 5%
	 Effective Percent: 24,02%
	 Crit Inc Heal: 2
	 Crit Inc Damage: 2
Haste
	 Rating: 21147
	 Multiplicative Factor: 0%
	 DR Bracket: 1
	 Base: 0%
	 Effective Percent: 31,84%
Vers
	 Rating: 3752
	 Multiplicative Factor: 0%
	 DR Bracket: 0
	 Base: 3%
	 Effective Percent: 7,81%
Leech
	 Rating: 1020
	 Multiplicative Factor: 0%
	 DR Bracket: 0
	 Base: 0%
	 Effective Percent: 1%
Avoidance
	 Rating: 2122
	 Multiplicative Factor: 0%
	 DR Bracket: 0
	 Base: 0%
	 Effective Percent: 3,9%
Mastery
	 Rating: 31094
	 Multiplicative Factor: 0%
	 DR Bracket: 2
	 Base: ∞%
	 Effective Percent: ∞%
----------------------
01:01,464

Intellect
	 Rating: 137741
	 Multiplicative Factor: 8,15%
Stamina
	 Rating: 826833
	 Multiplicative Factor: 5%
Crit
	 Rating: 7327
	 Multiplicative Factor: 0%
	 DR Bracket: 0
	 Base: 5%
	 Effective Percent: 15,47%
	 Crit Inc Heal: 2
	 Crit Inc Damage: 2
Haste
	 Rating: 21147
	 Multiplicative Factor: 0%
	 DR Bracket: 1
	 Base: 0%
	 Effective Percent: 31,84%
Vers
	 Rating: 3752
	 Multiplicative Factor: 0%
	 DR Bracket: 0
	 Base: 3%
	 Effective Percent: 7,81%
Leech
	 Rating: 1020
	 Multiplicative Factor: 0%
	 DR Bracket: 0
	 Base: 0%
	 Effective Percent: 1%
Avoidance
	 Rating: 2122
	 Multiplicative Factor: 0%
	 DR Bracket: 0
	 Base: 0%
	 Effective Percent: 3,9%
Mastery
	 Rating: 31094
	 Multiplicative Factor: 0%
	 DR Bracket: 2
	 Base: ∞%
	 Effective Percent: ∞%
----------------------
01:05,080

Intellect
	 Rating: 137741
	 Multiplicative Factor: 8,15%
Stamina
	 Rating: 826833
	 Multiplicative Factor: 5%
Crit
	 Rating: 7327
	 Multiplicative Factor: 0%
	 DR Bracket: 0
	 Base: 5%
	 Effective Percent: 15,47%
	 Crit Inc Heal: 2
	 Crit Inc Damage: 2
Haste
	 Rating: 21147
	 Multiplicative Factor: 0%
	 DR Bracket: 1
	 Base: 0%
	 Effective Percent: 31,84%
Vers
	 Rating: 3752
	 Multiplicative Factor: 0%
	 DR Bracket: 0
	 Base: 0%
	 Effective Percent: 4,81%
Leech
	 Rating: 1020
	 Multiplicative Factor: 0%
	 DR Bracket: 0
	 Base: 0%
	 Effective Percent: 1%
Avoidance
	 Rating: 2122
	 Multiplicative Factor: 0%
	 DR Bracket: 0
	 Base: 0%
	 Effective Percent: 3,9%
Mastery
	 Rating: 31094
	 Multiplicative Factor: 0%
	 DR Bracket: 2
	 Base: ∞%
	 Effective Percent: ∞%
----------------------
01:05,080

Intellect
	 Rating: 137741
	 Multiplicative Factor: 8,15%
Stamina
	 Rating: 787460
	 Multiplicative Factor: 0%
Crit
	 Rating: 7327
	 Multiplicative Factor: 0%
	 DR Bracket: 0
	 Base: 5%
	 Effective Percent: 15,47%
	 Crit Inc Heal: 2
	 Crit Inc Damage: 2
Haste
	 Rating: 21147
	 Multiplicative Factor: 0%
	 DR Bracket: 1
	 Base: 0%
	 Effective Percent: 31,84%
Vers
	 Rating: 3752
	 Multiplicative Factor: 0%
	 DR Bracket: 0
	 Base: 0%
	 Effective Percent: 4,81%
Leech
	 Rating: 1020
	 Multiplicative Factor: 0%
	 DR Bracket: 0
	 Base: 0%
	 Effective Percent: 1%
Avoidance
	 Rating: 2122
	 Multiplicative Factor: 0%
	 DR Bracket: 0
	 Base: 0%
	 Effective Percent: 3,9%
Mastery
	 Rating: 31094
	 Multiplicative Factor: 0%
	 DR Bracket: 2
	 Base: ∞%
	 Effective Percent: ∞%
----------------------
01:05,080

Intellect
	 Rating: 133729
	 Multiplicative Factor: 5%
Stamina
	 Rating: 787460
	 Multiplicative Factor: 0%
Crit
	 Rating: 7327
	 Multiplicative Factor: 0%
	 DR Bracket: 0
	 Base: 5%
	 Effective Percent: 15,47%
	 Crit Inc Heal: 2
	 Crit Inc Damage: 2
Haste
	 Rating: 21147
	 Multiplicative Factor: 0%
	 DR Bracket: 1
	 Base: 0%
	 Effective Percent: 31,84%
Vers
	 Rating: 3752
	 Multiplicative Factor: 0%
	 DR Bracket: 0
	 Base: 0%
	 Effective Percent: 4,81%
Leech
	 Rating: 1020
	 Multiplicative Factor: 0%
	 DR Bracket: 0
	 Base: 0%
	 Effective Percent: 1%
Avoidance
	 Rating: 2122
	 Multiplicative Factor: 0%
	 DR Bracket: 0
	 Base: 0%
	 Effective Percent: 3,9%
Mastery
	 Rating: 31094
	 Multiplicative Factor: 0%
	 DR Bracket: 2
	 Base: ∞%
	 Effective Percent: ∞%
----------------------
01:05,080

Intellect
	 Rating: 133729
	 Multiplicative Factor: 5%
Stamina
	 Rating: 787460
	 Multiplicative Factor: 0%
Crit
	 Rating: 7327
	 Multiplicative Factor: 0%
	 DR Bracket: 0
	 Base: 5%
	 Effective Percent: 15,47%
	 Crit Inc Heal: 2
	 Crit Inc Damage: 2
Haste
	 Rating: 21147
	 Multiplicative Factor: 0%
	 DR Bracket: 1
	 Base: 0%
	 Effective Percent: 31,84%
Vers
	 Rating: 3752
	 Multiplicative Factor: 0%
	 DR Bracket: 0
	 Base: 0%
	 Effective Percent: 4,81%
Leech
	 Rating: 1020
	 Multiplicative Factor: 0%
	 DR Bracket: 0
	 Base: 0%
	 Effective Percent: 1%
Avoidance
	 Rating: 2122
	 Multiplicative Factor: 0%
	 DR Bracket: 0
	 Base: 0%
	 Effective Percent: 3,9%
Mastery
	 Rating: 31094
	 Multiplicative Factor: 0%
	 DR Bracket: 2
	 Base: ∞%
	 Effective Percent: ∞%
----------------------
04:43,336

Intellect
	 Rating: 133729
	 Multiplicative Factor: 5%
Stamina
	 Rating: 787460
	 Multiplicative Factor: 0%
Crit
	 Rating: 7327
	 Multiplicative Factor: 0%
	 DR Bracket: 0
	 Base: 5%
	 Effective Percent: 15,47%
	 Crit Inc Heal: 2
	 Crit Inc Damage: 2
Haste
	 Rating: 21147
	 Multiplicative Factor: 0%
	 DR Bracket: 1
	 Base: 30%
	 Effective Percent: 61,84%
Vers
	 Rating: 3752
	 Multiplicative Factor: 0%
	 DR Bracket: 0
	 Base: 0%
	 Effective Percent: 4,81%
Leech
	 Rating: 1020
	 Multiplicative Factor: 0%
	 DR Bracket: 0
	 Base: 0%
	 Effective Percent: 1%
Avoidance
	 Rating: 2122
	 Multiplicative Factor: 0%
	 DR Bracket: 0
	 Base: 0%
	 Effective Percent: 3,9%
Mastery
	 Rating: 31094
	 Multiplicative Factor: 0%
	 DR Bracket: 2
	 Base: ∞%
	 Effective Percent: ∞%
----------------------
04:44,412

Intellect
	 Rating: 133729
	 Multiplicative Factor: 5%
Stamina
	 Rating: 787460
	 Multiplicative Factor: 0%
Crit
	 Rating: 7327
	 Multiplicative Factor: 0%
	 DR Bracket: 0
	 Base: 5%
	 Effective Percent: 15,47%
	 Crit Inc Heal: 2
	 Crit Inc Damage: 2
Haste
	 Rating: 21147
	 Multiplicative Factor: 0%
	 DR Bracket: 1
	 Base: 30%
	 Effective Percent: 61,84%
Vers
	 Rating: 3752
	 Multiplicative Factor: 0%
	 DR Bracket: 0
	 Base: 3%
	 Effective Percent: 7,81%
Leech
	 Rating: 1020
	 Multiplicative Factor: 0%
	 DR Bracket: 0
	 Base: 0%
	 Effective Percent: 1%
Avoidance
	 Rating: 2122
	 Multiplicative Factor: 0%
	 DR Bracket: 0
	 Base: 0%
	 Effective Percent: 3,9%
Mastery
	 Rating: 31094
	 Multiplicative Factor: 0%
	 DR Bracket: 2
	 Base: ∞%
	 Effective Percent: ∞%
----------------------
04:47,007

Intellect
	 Rating: 133729
	 Multiplicative Factor: 5%
Stamina
	 Rating: 787460
	 Multiplicative Factor: 0%
Crit
	 Rating: 7327
	 Multiplicative Factor: 0%
	 DR Bracket: 0
	 Base: 5%
	 Effective Percent: 15,47%
	 Crit Inc Heal: 2
	 Crit Inc Damage: 2
Haste
	 Rating: 21147
	 Multiplicative Factor: 0%
	 DR Bracket: 1
	 Base: 30%
	 Effective Percent: 61,84%
Vers
	 Rating: 3752
	 Multiplicative Factor: 0%
	 DR Bracket: 0
	 Base: 3%
	 Effective Percent: 7,81%
Leech
	 Rating: 1020
	 Multiplicative Factor: 0%
	 DR Bracket: 0
	 Base: 0%
	 Effective Percent: 1%
Avoidance
	 Rating: 2122
	 Multiplicative Factor: 0%
	 DR Bracket: 0
	 Base: 0%
	 Effective Percent: 3,9%
Mastery
	 Rating: 31094
	 Multiplicative Factor: 0%
	 DR Bracket: 2
	 Base: ∞%
	 Effective Percent: ∞%
----------------------
04:47,630

Intellect
	 Rating: 133729
	 Multiplicative Factor: 5%
Stamina
	 Rating: 787460
	 Multiplicative Factor: 0%
Crit
	 Rating: 7327
	 Multiplicative Factor: 0%
	 DR Bracket: 0
	 Base: 5%
	 Effective Percent: 15,47%
	 Crit Inc Heal: 2
	 Crit Inc Damage: 2
Haste
	 Rating: 21147
	 Multiplicative Factor: 0%
	 DR Bracket: 1
	 Base: 50%
	 Effective Percent: 81,84%
Vers
	 Rating: 3752
	 Multiplicative Factor: 0%
	 DR Bracket: 0
	 Base: 3%
	 Effective Percent: 7,81%
Leech
	 Rating: 1020
	 Multiplicative Factor: 0%
	 DR Bracket: 0
	 Base: 0%
	 Effective Percent: 1%
Avoidance
	 Rating: 2122
	 Multiplicative Factor: 0%
	 DR Bracket: 0
	 Base: 0%
	 Effective Percent: 3,9%
Mastery
	 Rating: 31094
	 Multiplicative Factor: 0%
	 DR Bracket: 2
	 Base: ∞%
	 Effective Percent: ∞%
----------------------
05:02,368

Intellect
	 Rating: 133729
	 Multiplicative Factor: 5%
Stamina
	 Rating: 787460
	 Multiplicative Factor: 0%
Crit
	 Rating: 13312
	 Multiplicative Factor: 0%
	 DR Bracket: 0
	 Base: 5%
	 Effective Percent: 24,02%
	 Crit Inc Heal: 2
	 Crit Inc Damage: 2
Haste
	 Rating: 21147
	 Multiplicative Factor: 0%
	 DR Bracket: 1
	 Base: 50%
	 Effective Percent: 81,84%
Vers
	 Rating: 3752
	 Multiplicative Factor: 0%
	 DR Bracket: 0
	 Base: 3%
	 Effective Percent: 7,81%
Leech
	 Rating: 1020
	 Multiplicative Factor: 0%
	 DR Bracket: 0
	 Base: 0%
	 Effective Percent: 1%
Avoidance
	 Rating: 2122
	 Multiplicative Factor: 0%
	 DR Bracket: 0
	 Base: 0%
	 Effective Percent: 3,9%
Mastery
	 Rating: 31094
	 Multiplicative Factor: 0%
	 DR Bracket: 2
	 Base: ∞%
	 Effective Percent: ∞%
----------------------
05:02,629

Intellect
	 Rating: 133729
	 Multiplicative Factor: 5%
Stamina
	 Rating: 787460
	 Multiplicative Factor: 0%
Crit
	 Rating: 13312
	 Multiplicative Factor: 0%
	 DR Bracket: 0
	 Base: 5%
	 Effective Percent: 24,02%
	 Crit Inc Heal: 2
	 Crit Inc Damage: 2
Haste
	 Rating: 21147
	 Multiplicative Factor: 0%
	 DR Bracket: 1
	 Base: 30%
	 Effective Percent: 61,84%
Vers
	 Rating: 3752
	 Multiplicative Factor: 0%
	 DR Bracket: 0
	 Base: 3%
	 Effective Percent: 7,81%
Leech
	 Rating: 1020
	 Multiplicative Factor: 0%
	 DR Bracket: 0
	 Base: 0%
	 Effective Percent: 1%
Avoidance
	 Rating: 2122
	 Multiplicative Factor: 0%
	 DR Bracket: 0
	 Base: 0%
	 Effective Percent: 3,9%
Mastery
	 Rating: 31094
	 Multiplicative Factor: 0%
	 DR Bracket: 2
	 Base: ∞%
	 Effective Percent: ∞%
----------------------
05:12,355

Intellect
	 Rating: 133729
	 Multiplicative Factor: 5%
Stamina
	 Rating: 787460
	 Multiplicative Factor: 0%
Crit
	 Rating: 7327
	 Multiplicative Factor: 0%
	 DR Bracket: 0
	 Base: 5%
	 Effective Percent: 15,47%
	 Crit Inc Heal: 2
	 Crit Inc Damage: 2
Haste
	 Rating: 21147
	 Multiplicative Factor: 0%
	 DR Bracket: 1
	 Base: 30%
	 Effective Percent: 61,84%
Vers
	 Rating: 3752
	 Multiplicative Factor: 0%
	 DR Bracket: 0
	 Base: 3%
	 Effective Percent: 7,81%
Leech
	 Rating: 1020
	 Multiplicative Factor: 0%
	 DR Bracket: 0
	 Base: 0%
	 Effective Percent: 1%
Avoidance
	 Rating: 2122
	 Multiplicative Factor: 0%
	 DR Bracket: 0
	 Base: 0%
	 Effective Percent: 3,9%
Mastery
	 Rating: 31094
	 Multiplicative Factor: 0%
	 DR Bracket: 2
	 Base: ∞%
	 Effective Percent: ∞%
----------------------
05:23,333

Intellect
	 Rating: 133729
	 Multiplicative Factor: 5%
Stamina
	 Rating: 787460
	 Multiplicative Factor: 0%
Crit
	 Rating: 7327
	 Multiplicative Factor: 0%
	 DR Bracket: 0
	 Base: 5%
	 Effective Percent: 15,47%
	 Crit Inc Heal: 2
	 Crit Inc Damage: 2
Haste
	 Rating: 21147
	 Multiplicative Factor: 0%
	 DR Bracket: 1
	 Base: 0%
	 Effective Percent: 31,84%
Vers
	 Rating: 3752
	 Multiplicative Factor: 0%
	 DR Bracket: 0
	 Base: 3%
	 Effective Percent: 7,81%
Leech
	 Rating: 1020
	 Multiplicative Factor: 0%
	 DR Bracket: 0
	 Base: 0%
	 Effective Percent: 1%
Avoidance
	 Rating: 2122
	 Multiplicative Factor: 0%
	 DR Bracket: 0
	 Base: 0%
	 Effective Percent: 3,9%
Mastery
	 Rating: 31094
	 Multiplicative Factor: 0%
	 DR Bracket: 2
	 Base: ∞%
	 Effective Percent: ∞%
----------------------
06:51,398

Intellect
	 Rating: 133729
	 Multiplicative Factor: 5%
Stamina
	 Rating: 787460
	 Multiplicative Factor: 0%
Crit
	 Rating: 7327
	 Multiplicative Factor: 0%
	 DR Bracket: 0
	 Base: 5%
	 Effective Percent: 15,47%
	 Crit Inc Heal: 2
	 Crit Inc Damage: 2
Haste
	 Rating: 21147
	 Multiplicative Factor: 0%
	 DR Bracket: 1
	 Base: 20%
	 Effective Percent: 51,84%
Vers
	 Rating: 3752
	 Multiplicative Factor: 0%
	 DR Bracket: 0
	 Base: 3%
	 Effective Percent: 7,81%
Leech
	 Rating: 1020
	 Multiplicative Factor: 0%
	 DR Bracket: 0
	 Base: 0%
	 Effective Percent: 1%
Avoidance
	 Rating: 2122
	 Multiplicative Factor: 0%
	 DR Bracket: 0
	 Base: 0%
	 Effective Percent: 3,9%
Mastery
	 Rating: 31094
	 Multiplicative Factor: 0%
	 DR Bracket: 2
	 Base: ∞%
	 Effective Percent: ∞%
----------------------
06:57,271

Intellect
	 Rating: 133729
	 Multiplicative Factor: 5%
Stamina
	 Rating: 787460
	 Multiplicative Factor: 0%
Crit
	 Rating: 13312
	 Multiplicative Factor: 0%
	 DR Bracket: 0
	 Base: 5%
	 Effective Percent: 24,02%
	 Crit Inc Heal: 2
	 Crit Inc Damage: 2
Haste
	 Rating: 21147
	 Multiplicative Factor: 0%
	 DR Bracket: 1
	 Base: 20%
	 Effective Percent: 51,84%
Vers
	 Rating: 3752
	 Multiplicative Factor: 0%
	 DR Bracket: 0
	 Base: 3%
	 Effective Percent: 7,81%
Leech
	 Rating: 1020
	 Multiplicative Factor: 0%
	 DR Bracket: 0
	 Base: 0%
	 Effective Percent: 1%
Avoidance
	 Rating: 2122
	 Multiplicative Factor: 0%
	 DR Bracket: 0
	 Base: 0%
	 Effective Percent: 3,9%
Mastery
	 Rating: 31094
	 Multiplicative Factor: 0%
	 DR Bracket: 2
	 Base: ∞%
	 Effective Percent: ∞%
----------------------
07:06,405

Intellect
	 Rating: 133729
	 Multiplicative Factor: 5%
Stamina
	 Rating: 787460
	 Multiplicative Factor: 0%
Crit
	 Rating: 13312
	 Multiplicative Factor: 0%
	 DR Bracket: 0
	 Base: 5%
	 Effective Percent: 24,02%
	 Crit Inc Heal: 2
	 Crit Inc Damage: 2
Haste
	 Rating: 21147
	 Multiplicative Factor: 0%
	 DR Bracket: 1
	 Base: 0%
	 Effective Percent: 31,84%
Vers
	 Rating: 3752
	 Multiplicative Factor: 0%
	 DR Bracket: 0
	 Base: 3%
	 Effective Percent: 7,81%
Leech
	 Rating: 1020
	 Multiplicative Factor: 0%
	 DR Bracket: 0
	 Base: 0%
	 Effective Percent: 1%
Avoidance
	 Rating: 2122
	 Multiplicative Factor: 0%
	 DR Bracket: 0
	 Base: 0%
	 Effective Percent: 3,9%
Mastery
	 Rating: 31094
	 Multiplicative Factor: 0%
	 DR Bracket: 2
	 Base: ∞%
	 Effective Percent: ∞%
----------------------
07:07,289

Intellect
	 Rating: 133729
	 Multiplicative Factor: 5%
Stamina
	 Rating: 787460
	 Multiplicative Factor: 0%
Crit
	 Rating: 7327
	 Multiplicative Factor: 0%
	 DR Bracket: 0
	 Base: 5%
	 Effective Percent: 15,47%
	 Crit Inc Heal: 2
	 Crit Inc Damage: 2
Haste
	 Rating: 21147
	 Multiplicative Factor: 0%
	 DR Bracket: 1
	 Base: 0%
	 Effective Percent: 31,84%
Vers
	 Rating: 3752
	 Multiplicative Factor: 0%
	 DR Bracket: 0
	 Base: 3%
	 Effective Percent: 7,81%
Leech
	 Rating: 1020
	 Multiplicative Factor: 0%
	 DR Bracket: 0
	 Base: 0%
	 Effective Percent: 1%
Avoidance
	 Rating: 2122
	 Multiplicative Factor: 0%
	 DR Bracket: 0
	 Base: 0%
	 Effective Percent: 3,9%
Mastery
	 Rating: 31094
	 Multiplicative Factor: 0%
	 DR Bracket: 2
	 Base: ∞%
	 Effective Percent: ∞%
----------------------
07:12,141

Intellect
	 Rating: 133729
	 Multiplicative Factor: 5%
Stamina
	 Rating: 787460
	 Multiplicative Factor: 0%
Crit
	 Rating: 13312
	 Multiplicative Factor: 0%
	 DR Bracket: 0
	 Base: 5%
	 Effective Percent: 24,02%
	 Crit Inc Heal: 2
	 Crit Inc Damage: 2
Haste
	 Rating: 21147
	 Multiplicative Factor: 0%
	 DR Bracket: 1
	 Base: 0%
	 Effective Percent: 31,84%
Vers
	 Rating: 3752
	 Multiplicative Factor: 0%
	 DR Bracket: 0
	 Base: 3%
	 Effective Percent: 7,81%
Leech
	 Rating: 1020
	 Multiplicative Factor: 0%
	 DR Bracket: 0
	 Base: 0%
	 Effective Percent: 1%
Avoidance
	 Rating: 2122
	 Multiplicative Factor: 0%
	 DR Bracket: 0
	 Base: 0%
	 Effective Percent: 3,9%
Mastery
	 Rating: 31094
	 Multiplicative Factor: 0%
	 DR Bracket: 2
	 Base: ∞%
	 Effective Percent: ∞%
----------------------
07:22,148

Intellect
	 Rating: 133729
	 Multiplicative Factor: 5%
Stamina
	 Rating: 787460
	 Multiplicative Factor: 0%
Crit
	 Rating: 7327
	 Multiplicative Factor: 0%
	 DR Bracket: 0
	 Base: 5%
	 Effective Percent: 15,47%
	 Crit Inc Heal: 2
	 Crit Inc Damage: 2
Haste
	 Rating: 21147
	 Multiplicative Factor: 0%
	 DR Bracket: 1
	 Base: 0%
	 Effective Percent: 31,84%
Vers
	 Rating: 3752
	 Multiplicative Factor: 0%
	 DR Bracket: 0
	 Base: 3%
	 Effective Percent: 7,81%
Leech
	 Rating: 1020
	 Multiplicative Factor: 0%
	 DR Bracket: 0
	 Base: 0%
	 Effective Percent: 1%
Avoidance
	 Rating: 2122
	 Multiplicative Factor: 0%
	 DR Bracket: 0
	 Base: 0%
	 Effective Percent: 3,9%
Mastery
	 Rating: 31094
	 Multiplicative Factor: 0%
	 DR Bracket: 2
	 Base: ∞%
	 Effective Percent: ∞%
----------------------
08:10,587

Intellect
	 Rating: 133729
	 Multiplicative Factor: 5%
Stamina
	 Rating: 787460
	 Multiplicative Factor: 0%
Crit
	 Rating: 7327
	 Multiplicative Factor: 0%
	 DR Bracket: 0
	 Base: 5%
	 Effective Percent: 15,47%
	 Crit Inc Heal: 2
	 Crit Inc Damage: 2
Haste
	 Rating: 21147
	 Multiplicative Factor: 0%
	 DR Bracket: 1
	 Base: 0%
	 Effective Percent: 31,84%
Vers
	 Rating: 3752
	 Multiplicative Factor: 0%
	 DR Bracket: 0
	 Base: 0%
	 Effective Percent: 4,81%
Leech
	 Rating: 1020
	 Multiplicative Factor: 0%
	 DR Bracket: 0
	 Base: 0%
	 Effective Percent: 1%
Avoidance
	 Rating: 2122
	 Multiplicative Factor: 0%
	 DR Bracket: 0
	 Base: 0%
	 Effective Percent: 3,9%
Mastery
	 Rating: 31094
	 Multiplicative Factor: 0%
	 DR Bracket: 2
	 Base: ∞%
	 Effective Percent: ∞%
----------------------
08:10,588

Intellect
	 Rating: 133729
	 Multiplicative Factor: 5%
Stamina
	 Rating: 787460
	 Multiplicative Factor: 0%
Crit
	 Rating: 7327
	 Multiplicative Factor: 0%
	 DR Bracket: 0
	 Base: 5%
	 Effective Percent: 15,47%
	 Crit Inc Heal: 2
	 Crit Inc Damage: 2
Haste
	 Rating: 21147
	 Multiplicative Factor: 0%
	 DR Bracket: 1
	 Base: 0%
	 Effective Percent: 31,84%
Vers
	 Rating: 3752
	 Multiplicative Factor: 0%
	 DR Bracket: 0
	 Base: 0%
	 Effective Percent: 4,81%
Leech
	 Rating: 1020
	 Multiplicative Factor: 0%
	 DR Bracket: 0
	 Base: 0%
	 Effective Percent: 1%
Avoidance
	 Rating: 2122
	 Multiplicative Factor: 0%
	 DR Bracket: 0
	 Base: 0%
	 Effective Percent: 3,9%
Mastery
	 Rating: 31094
	 Multiplicative Factor: 0%
	 DR Bracket: 2
	 Base: ∞%
	 Effective Percent: ∞%
