Void Torrent
Shadow Crash
Mind Flay
Shadow Word: Pain
Halo
Mindbender
Essence Devourer
Shadow Weaving
Vampiric Touch
Vampiric Embrace
Mental Fortitude
Void Eruption
Power Infusion
Void Bolt
Mind Blast
Devouring Plague
Horrific Vision
Shadowy Apparition
Mind Flay: Insanity
Shadowcrawl
Voidglass Shards
Ethereal Reaping
Vision of N'Zoth
Fade
Desperate Prayer
Void Volley
Bombardments
Void Spike
Araz's Ritual Forge
Tempered Potion
Power Word: Shield
Cauterizing Shadows
Angelic Feather
Dispersion
Breath of Eons
Fate Mirror
Inferno's Blessing
Shadow Word: Death
