Arcane Missiles
Arcane Assault
Arcane Surge
Touch of the Magi
Berserking
Diverted Energy
Prismatic Barrier
Arcane Blast
Flamestrike
Voidglass Shards
Leydrinker Echo
Dematerialize
Meteorite
Greater Pyroblast
Ethereal Reaping
Arcane Barrage
Arcane Explosion
Authority of Radiant Power
Shimmer
Bombardments
Tempest Barrier
Elemental Focusing Lens
Shifting Power
Alter Time
Fate Mirror
Dragon Isles Tailoring
Illusion
Cataclysm Fishing
King's Thrall
Invigorating Healing Potion
Arcane Orb
Evocation
Mirror Image
Frostbolt
Greater Invisibility
Breath of Eons
Mass Barrier
Tempered Potion
Pyroblast
Ice Cold
Voidglass Barrier
