Prismatic Barrier
	Intellect
		Heal: 0,5204898821577374
	Vers
		Heal: 0,745610499774552
-------------------
Decree: Oath-Bound
	Vers
		Damage Reduction: 1,680792075895713
-------------------
Tyranny
	Vers
		Damage Reduction: 2,4496068740516104
	Avoidance
		Damage Reduction: 7,4236916862315105
-------------------
Oath-Breaker
	Vers
		Damage Reduction: 0,5696447863249066
	Avoidance
		Damage Reduction: 1,7263452797839578
-------------------
Starfall
	Vers
		Damage Reduction: 0,07220735419559324
	Avoidance
		Damage Reduction: 0,21882904587869206
-------------------
Ebon Might
	Vers
		Damage Reduction: 0,003569167921350074
-------------------
Shifting Sands
	Vers
		Damage Reduction: 0,004078033915224673
-------------------
Conquer
	Vers
		Damage Reduction: 0,5270675264685336
	Avoidance
		Damage Reduction: 1,5973121466039046
-------------------
Tempest Barrier
	Stamina
		Heal: 0,03070992497742701
-------------------
Behead
	Vers
		Damage Reduction: 0,8150992987663266
-------------------
Cosmic Rip
	Vers
		Damage Reduction: 0,5661955769576441
-------------------
