Pillar of Lights
	Intellect
		Heal: 1,0105000154107238
		Damage: 0,13673956404374832
	Vers
		Heal: 1,325936433028796
		Damage: 0,17942401488077817
	Crit
		Heal: 0,8769330596832592
		Damage: 0,13326388291511845
	Mastery
		Heal: 2,05011226886994
		Damage: 0,2774185587439828
-------------------
Melee
	Vers
		Heal: 0,07387638593109426
		Damage: 0,48276845862691964
	Crit
		Heal: 0,04625111488822777
		Damage: 0,3086019727500489
	Haste
		Heal: 0,08239159321680443
		Damage: 0,5379794571783321
-------------------
Seal of the Crusader
	Intellect
		Heal: 0,23149093237280594
		Damage: 0,027776441462659143
	Vers
		Heal: 0,3037528515268257
		Damage: 0,03644710059728373
	Crit
		Heal: 0,192410192317215
		Damage: 0,022903868609662495
	Haste
		Heal: 0,3364090970283656
		Damage: 0,040522372245227645
-------------------
Golden Path
	Intellect
		Heal: 0,5002215790932095
		Damage: 0,07799545136264484
	Vers
		Heal: 0,6563701199324529
		Damage: 0,10234241365174228
	Crit
		Heal: 0,4205962337153277
		Damage: 0,06803433837263939
	Mastery
		Heal: 1,0018410048470263
		Damage: 0,15778888457694273
	Haste
		Heal: 1,7631382055130855
		Damage: 0,27623827414134716
-------------------
Truth Prevails
	Intellect
		Heal: 1,0121259692277178
		Damage: 0,11703125432870945
	Vers
		Heal: 1,3280699425503153
		Damage: 0,15356358391981081
	Crit
		Heal: 0,7536220100810578
		Damage: 0,08810024810844636
	Mastery
		Heal: 1,9756769437646566
		Damage: 0,2374341481261686
	Haste
		Heal: 2,103544153216943
		Damage: 0,24528841304901167
-------------------
Consecration
	Intellect
		Heal: 0,040807358127486475
		Damage: 0,2943118348904174
	Vers
		Heal: 0,053545731867104956
		Damage: 0,3861838481953364
	Crit
		Heal: 0,0364125840058568
		Damage: 0,2617602029547076
	Haste
		Heal: 0,14449528506833864
		Damage: 1,0395669422761973
-------------------
Sacred Weapon
	Intellect
		Heal: 1,0851754024155915
		Damage: 0,3817292584301328
	Vers
		Heal: 1,423922395196282
		Damage: 0,5008893850435524
	Crit
		Heal: 0,9943517326413075
		Damage: 0,3045220181257434
	Mastery
		Heal: 2,1534337140143642
		Damage: 0,485308345569582
	Haste
		Heal: 1,6024326475621993
		Damage: 0,5615384171522053
-------------------
Greater Judgment
	Intellect
		Heal: 0,6109439266142702
	Vers
		Heal: 0,8016554166070676
	Crit
		Heal: 0,4193222657592364
	Haste
		Heal: 1,2756039133631358
-------------------
Holy Bulwark
	Stamina
		Heal: 0,32380708407145864
-------------------
Decree: Oath-Bound
	Vers
		Damage Reduction: 3,2263900965781485
-------------------
Judgment
	Intellect
		Heal: 0,11074926172732294
		Damage: 0,878881741688125
	Vers
		Heal: 0,1453206123857529
		Damage: 1,1532323640335902
	Crit
		Heal: 9,695311371992894
		Damage: 2,0569707346263226
	Haste
		Heal: 0,23283301495104117
		Damage: 1,8372645101032647
-------------------
Avenging Crusader
	Intellect
		Heal: 2,971123695612671
		Damage: 0,5700409417152699
	Vers
		Heal: 3,898585942570972
		Damage: 0,7479842072353714
	Crit
		Heal: 2,955056272429594
		Damage: 0,5900469687829152
	Mastery
		Heal: 5,753919514038858
		Damage: 1,0625239981710475
	Haste
		Heal: 6,307587584205005
		Damage: 1,2086429869040902
-------------------
Judgment of Light
	Intellect
		Heal: 0,32958323241549964
		Damage: 0,032433799339088104
	Vers
		Heal: 0,432465520940625
		Damage: 0,04255829346797438
	Crit
		Heal: 0,2868506924910129
		Damage: 0,028321084110914344
	Mastery
		Heal: 0,5965396168143826
		Damage: 0,06347196667829134
	Haste
		Heal: 0,688975036863516
		Damage: 0,06807109620148909
-------------------
Crusader Strike
	Intellect
		Heal: 0,08445649025804135
		Damage: 0,5344186244107895
	Vers
		Heal: 0,11082032234641981
		Damage: 0,7012420720324098
	Crit
		Heal: 6,05720168962736
		Damage: 1,3237253120909152
	Haste
		Heal: 0,17652800409512906
		Damage: 1,1170231302563358
-------------------
Leech
	Leech
		Heal: 22,337143735776873
-------------------
Hammer and Anvil
	Intellect
		Heal: 4,958681767049335
		Damage: 0,5173898270334905
	Vers
		Heal: 6,50657764913929
		Damage: 0,6788975866203554
	Crit
		Heal: 4,720325498204118
		Damage: 0,523294261849393
	Haste
		Heal: 10,303952228201313
		Damage: 1,0799754370740398
-------------------
Word of Glory
	Intellect
		Heal: 3,5090748572183554
		Damage: 0,7446502409485212
	Vers
		Heal: 4,604463264179145
		Damage: 0,9770993263528032
	Crit
		Heal: 2,807378952494382
		Damage: 0,6166517730618364
	Mastery
		Heal: 7,089505584547865
		Damage: 1,4995310306489422
	Haste
		Heal: 7,269252452772209
		Damage: 1,5493470795222444
-------------------
Light of Dawn
	Intellect
		Heal: 5,5704665924728936
		Damage: 0,7763947018606825
	Vers
		Heal: 7,309336458473445
		Damage: 1,018753098374949
	Crit
		Heal: 4,92711272267554
		Damage: 0,6800112563090402
	Mastery
		Heal: 10,716406093176124
		Damage: 1,53813091204835
	Haste
		Heal: 11,507234680730328
		Damage: 1,6046077283614901
-------------------
Radiant Aura
	Intellect
		Heal: 0,1151448549931378
		Damage: 0,05084972762737816
	Vers
		Heal: 0,1510883285332395
		Damage: 0,06672291483669787
	Crit
		Heal: 0,1298743379963062
		Damage: 0,043573456668908286
	Mastery
		Heal: 0,23360700278934085
		Damage: 0,10316442245199829
	Haste
		Heal: 0,24296753378451666
		Damage: 0,10729817598862562
-------------------
Tyranny
	Vers
		Damage Reduction: 2,823294691677472
	Avoidance
		Damage Reduction: 7,293519837864177
-------------------
Sacred Word
	Intellect
		Heal: 0,18382486551740793
		Damage: 0,021311350317705084
	Vers
		Heal: 0,24120740501629812
		Damage: 0,02796387470790839
	Crit
		Heal: 0,2512829829058361
		Damage: 0,029131965702850163
	Mastery
		Heal: 0,3729456767671864
		Damage: 0,04323667499871749
	Haste
		Heal: 0,3878894478237593
		Damage: 0,04496914976026735
-------------------
Holy Prism
	Intellect
		Heal: 3,0522122880956766
		Damage: 0,8945000735281143
	Vers
		Heal: 4,004987048396331
		Damage: 1,173726094754968
	Crit
		Heal: 2,5909527915877497
		Damage: 0,6847105968436473
	Mastery
		Heal: 6,04432423203914
		Damage: 0,878051386782358
-------------------
Ethereal Reconstitution
	Vers
		Heal: 1,6919635862692939
		Damage: 0,38308748182979074
	Crit
		Heal: 0,7688563665534407
		Damage: 0,2466000760720411
	Haste
		Heal: 1,8711924721260096
		Damage: 0,4267088247750666
-------------------
Ethereal Guard
	Vers
		Heal: 3,0737860845259704
	Crit
		Heal: 1,9786495728149902
	Haste
		Heal: 3,4138637509472707
-------------------
Holy Shock
	Intellect
		Heal: 1,634747649083005
		Damage: 0,9393532030953151
	Vers
		Heal: 2,145048425205919
		Damage: 1,2325805210009086
	Crit
		Heal: 2,177102344839742
		Damage: 0,7848328044007022
	Haste
		Heal: 0,8357852025266983
		Damage: 0,4834724144709665
	Mastery
		Heal: 3,1437462947278187
		Damage: 0,489794750032186
-------------------
Shield of the Righteous
	Intellect
		Heal: 0,014165236958802898
		Damage: 0,0896339218791482
	Vers
		Heal: 0,018587039564297924
		Damage: 0,11761393452974139
	Crit
		Heal: 0,009681723379906157
		Damage: 0,061263418297477584
	Haste
		Heal: 0,02941215474735341
		Damage: 0,1861124376944054
-------------------
Shining Righteousness
	Intellect
		Heal: 0,014548969322404109
		Damage: 0,09206208010915627
	Vers
		Heal: 0,019090557341310807
		Damage: 0,12080006358785703
	Crit
		Heal: 0,009943998596841069
		Damage: 0,06292302740772061
	Haste
		Heal: 0,03020892190999466
		Damage: 0,191154172316972
-------------------
Oath-Breaker
	Vers
		Damage Reduction: 0,9398705902402945
	Avoidance
		Damage Reduction: 2,8774964768272246
-------------------
Conquer
	Vers
		Damage Reduction: 0,30542089390225247
	Avoidance
		Damage Reduction: 0,9350729294853882
-------------------
Saved by the Light
	Intellect
		Heal: 1,2994662991224721
	Vers
		Heal: 1,7051060694929856
-------------------
Lay on Hands
	Stamina
		Heal: 0,5192269147932699
		Damage: 0,06387140246547994
-------------------
Holy Ritual
	Intellect
		Heal: 0,0001381975661983355
		Damage: 0,008279148819306881
	Vers
		Heal: 0,00018133714515956975
		Damage: 0,010863557532480009
	Crit
		Heal: 9,445592838297473E-05
		Damage: 0,005658671924989801
	Mastery
		Heal: 0,0002803765677094185
		Damage: 0,016796817725294403
-------------------
