Prismatic Barrier
	Intellect
		Heal: 2,24580316285098
	Vers
		Heal: 2,840610064749004
-------------------
Decree: Oath-Bound
	Vers
		Damage Reduction: 0,6176517328744816
-------------------
Tyranny
	Vers
		Damage Reduction: 3,490720510767411
	Avoidance
		Damage Reduction: 10,724374751785867
-------------------
Tempest Barrier
	Stamina
		Heal: 0,08558310323622205
-------------------
Conquer
	Vers
		Damage Reduction: 0,26052406882345325
	Avoidance
		Damage Reduction: 0,7127185855267548
-------------------
Oath-Breaker
	Vers
		Damage Reduction: 0,622702272052693
	Avoidance
		Damage Reduction: 1,523735441177798
-------------------
Banishment
	Vers
		Damage Reduction: 1,0212500961053048
-------------------
Diverted Energy
	Intellect
		Heal: 0,21305298163694503
	Vers
		Heal: 0,26948062678583407
-------------------
Invoke the Oath
	Vers
		Damage Reduction: 0,24732134688131038
-------------------
