----------------------
00:08,134

Intellect
	 Rating: 138409
	 Multiplicative Factor: 14,73%
Stamina
	 Rating: 802802
	 Multiplicative Factor: 11,3%
Crit
	 Rating: 27112
	 Multiplicative Factor: 0%
	 DR Bracket: 1
	 Base: 9%
	 Effective Percent: 46,86%
	 Crit Inc Heal: 2
	 Crit Inc Damage: 2
Haste
	 Rating: 14646
	 Multiplicative Factor: 0%
	 DR Bracket: 0
	 Base: 1%
	 Effective Percent: 23,19%
Vers
	 Rating: 13625
	 Multiplicative Factor: 0%
	 DR Bracket: 0
	 Base: 3%
	 Effective Percent: 20,47%
Leech
	 Rating: 4194
	 Multiplicative Factor: 0%
	 DR Bracket: 0
	 Base: 0%
	 Effective Percent: 4,11%
Avoidance
	 Rating: 0
	 Multiplicative Factor: 0%
	 DR Bracket: 0
	 Base: 0%
	 Effective Percent: 0%
Mastery
	 Rating: 2642
	 Multiplicative Factor: 0%
	 DR Bracket: 0
	 Base: 21%
	 Effective Percent: 26,66%
----------------------
00:10,411

Intellect
	 Rating: 138409
	 Multiplicative Factor: 14,73%
Stamina
	 Rating: 802802
	 Multiplicative Factor: 11,3%
Crit
	 Rating: 32963
	 Multiplicative Factor: 0%
	 DR Bracket: 2
	 Base: 9%
	 Effective Percent: 53,67%
	 Crit Inc Heal: 2
	 Crit Inc Damage: 2
Haste
	 Rating: 14646
	 Multiplicative Factor: 0%
	 DR Bracket: 0
	 Base: 1%
	 Effective Percent: 23,19%
Vers
	 Rating: 13625
	 Multiplicative Factor: 0%
	 DR Bracket: 0
	 Base: 3%
	 Effective Percent: 20,47%
Leech
	 Rating: 4194
	 Multiplicative Factor: 0%
	 DR Bracket: 0
	 Base: 0%
	 Effective Percent: 4,11%
Avoidance
	 Rating: 0
	 Multiplicative Factor: 0%
	 DR Bracket: 0
	 Base: 0%
	 Effective Percent: 0%
Mastery
	 Rating: 2642
	 Multiplicative Factor: 0%
	 DR Bracket: 0
	 Base: 21%
	 Effective Percent: 26,66%
----------------------
00:13,061

Intellect
	 Rating: 138409
	 Multiplicative Factor: 14,73%
Stamina
	 Rating: 802802
	 Multiplicative Factor: 11,3%
Crit
	 Rating: 32963
	 Multiplicative Factor: 0%
	 DR Bracket: 2
	 Base: 9%
	 Effective Percent: 53,67%
	 Crit Inc Heal: 2
	 Crit Inc Damage: 2
Haste
	 Rating: 14646
	 Multiplicative Factor: 0%
	 DR Bracket: 0
	 Base: 2%
	 Effective Percent: 24,19%
Vers
	 Rating: 13625
	 Multiplicative Factor: 0%
	 DR Bracket: 0
	 Base: 3%
	 Effective Percent: 20,47%
Leech
	 Rating: 4194
	 Multiplicative Factor: 0%
	 DR Bracket: 0
	 Base: 0%
	 Effective Percent: 4,11%
Avoidance
	 Rating: 0
	 Multiplicative Factor: 0%
	 DR Bracket: 0
	 Base: 0%
	 Effective Percent: 0%
Mastery
	 Rating: 2642
	 Multiplicative Factor: 0%
	 DR Bracket: 0
	 Base: 21%
	 Effective Percent: 26,66%
----------------------
00:19,132

Intellect
	 Rating: 138409
	 Multiplicative Factor: 14,73%
Stamina
	 Rating: 802802
	 Multiplicative Factor: 11,3%
Crit
	 Rating: 32963
	 Multiplicative Factor: 0%
	 DR Bracket: 2
	 Base: 9%
	 Effective Percent: 53,67%
	 Crit Inc Heal: 2
	 Crit Inc Damage: 2
Haste
	 Rating: 14646
	 Multiplicative Factor: 0%
	 DR Bracket: 0
	 Base: 3%
	 Effective Percent: 25,19%
Vers
	 Rating: 13625
	 Multiplicative Factor: 0%
	 DR Bracket: 0
	 Base: 3%
	 Effective Percent: 20,47%
Leech
	 Rating: 4194
	 Multiplicative Factor: 0%
	 DR Bracket: 0
	 Base: 0%
	 Effective Percent: 4,11%
Avoidance
	 Rating: 0
	 Multiplicative Factor: 0%
	 DR Bracket: 0
	 Base: 0%
	 Effective Percent: 0%
Mastery
	 Rating: 2642
	 Multiplicative Factor: 0%
	 DR Bracket: 0
	 Base: 21%
	 Effective Percent: 26,66%
----------------------
00:20,408

Intellect
	 Rating: 138409
	 Multiplicative Factor: 14,73%
Stamina
	 Rating: 802802
	 Multiplicative Factor: 11,3%
Crit
	 Rating: 27112
	 Multiplicative Factor: 0%
	 DR Bracket: 1
	 Base: 9%
	 Effective Percent: 46,86%
	 Crit Inc Heal: 2
	 Crit Inc Damage: 2
Haste
	 Rating: 14646
	 Multiplicative Factor: 0%
	 DR Bracket: 0
	 Base: 3%
	 Effective Percent: 25,19%
Vers
	 Rating: 13625
	 Multiplicative Factor: 0%
	 DR Bracket: 0
	 Base: 3%
	 Effective Percent: 20,47%
Leech
	 Rating: 4194
	 Multiplicative Factor: 0%
	 DR Bracket: 0
	 Base: 0%
	 Effective Percent: 4,11%
Avoidance
	 Rating: 0
	 Multiplicative Factor: 0%
	 DR Bracket: 0
	 Base: 0%
	 Effective Percent: 0%
Mastery
	 Rating: 2642
	 Multiplicative Factor: 0%
	 DR Bracket: 0
	 Base: 21%
	 Effective Percent: 26,66%
----------------------
00:26,345

Intellect
	 Rating: 138409
	 Multiplicative Factor: 14,73%
Stamina
	 Rating: 802802
	 Multiplicative Factor: 11,3%
Crit
	 Rating: 27112
	 Multiplicative Factor: 0%
	 DR Bracket: 1
	 Base: 9%
	 Effective Percent: 46,86%
	 Crit Inc Heal: 2
	 Crit Inc Damage: 2
Haste
	 Rating: 14646
	 Multiplicative Factor: 0%
	 DR Bracket: 0
	 Base: 4%
	 Effective Percent: 26,19%
Vers
	 Rating: 13625
	 Multiplicative Factor: 0%
	 DR Bracket: 0
	 Base: 3%
	 Effective Percent: 20,47%
Leech
	 Rating: 4194
	 Multiplicative Factor: 0%
	 DR Bracket: 0
	 Base: 0%
	 Effective Percent: 4,11%
Avoidance
	 Rating: 0
	 Multiplicative Factor: 0%
	 DR Bracket: 0
	 Base: 0%
	 Effective Percent: 0%
Mastery
	 Rating: 2642
	 Multiplicative Factor: 0%
	 DR Bracket: 0
	 Base: 21%
	 Effective Percent: 26,66%
----------------------
00:28,730

Intellect
	 Rating: 138409
	 Multiplicative Factor: 14,73%
Stamina
	 Rating: 802802
	 Multiplicative Factor: 11,3%
Crit
	 Rating: 27112
	 Multiplicative Factor: 0%
	 DR Bracket: 1
	 Base: 9%
	 Effective Percent: 46,86%
	 Crit Inc Heal: 2
	 Crit Inc Damage: 2
Haste
	 Rating: 14646
	 Multiplicative Factor: 0%
	 DR Bracket: 0
	 Base: 5%
	 Effective Percent: 27,19%
Vers
	 Rating: 13625
	 Multiplicative Factor: 0%
	 DR Bracket: 0
	 Base: 3%
	 Effective Percent: 20,47%
Leech
	 Rating: 4194
	 Multiplicative Factor: 0%
	 DR Bracket: 0
	 Base: 0%
	 Effective Percent: 4,11%
Avoidance
	 Rating: 0
	 Multiplicative Factor: 0%
	 DR Bracket: 0
	 Base: 0%
	 Effective Percent: 0%
Mastery
	 Rating: 2642
	 Multiplicative Factor: 0%
	 DR Bracket: 0
	 Base: 21%
	 Effective Percent: 26,66%
----------------------
00:53,090

Intellect
	 Rating: 138409
	 Multiplicative Factor: 14,73%
Stamina
	 Rating: 802802
	 Multiplicative Factor: 11,3%
Crit
	 Rating: 32963
	 Multiplicative Factor: 0%
	 DR Bracket: 2
	 Base: 9%
	 Effective Percent: 53,67%
	 Crit Inc Heal: 2
	 Crit Inc Damage: 2
Haste
	 Rating: 14646
	 Multiplicative Factor: 0%
	 DR Bracket: 0
	 Base: 5%
	 Effective Percent: 27,19%
Vers
	 Rating: 13625
	 Multiplicative Factor: 0%
	 DR Bracket: 0
	 Base: 3%
	 Effective Percent: 20,47%
Leech
	 Rating: 4194
	 Multiplicative Factor: 0%
	 DR Bracket: 0
	 Base: 0%
	 Effective Percent: 4,11%
Avoidance
	 Rating: 0
	 Multiplicative Factor: 0%
	 DR Bracket: 0
	 Base: 0%
	 Effective Percent: 0%
Mastery
	 Rating: 2642
	 Multiplicative Factor: 0%
	 DR Bracket: 0
	 Base: 21%
	 Effective Percent: 26,66%
----------------------
01:01,827

Intellect
	 Rating: 138409
	 Multiplicative Factor: 14,73%
Stamina
	 Rating: 802802
	 Multiplicative Factor: 11,3%
Crit
	 Rating: 38813
	 Multiplicative Factor: 0%
	 DR Bracket: 3
	 Base: 9%
	 Effective Percent: 59,81%
	 Crit Inc Heal: 2
	 Crit Inc Damage: 2
Haste
	 Rating: 14646
	 Multiplicative Factor: 0%
	 DR Bracket: 0
	 Base: 5%
	 Effective Percent: 27,19%
Vers
	 Rating: 13625
	 Multiplicative Factor: 0%
	 DR Bracket: 0
	 Base: 3%
	 Effective Percent: 20,47%
Leech
	 Rating: 4194
	 Multiplicative Factor: 0%
	 DR Bracket: 0
	 Base: 0%
	 Effective Percent: 4,11%
Avoidance
	 Rating: 0
	 Multiplicative Factor: 0%
	 DR Bracket: 0
	 Base: 0%
	 Effective Percent: 0%
Mastery
	 Rating: 2642
	 Multiplicative Factor: 0%
	 DR Bracket: 0
	 Base: 21%
	 Effective Percent: 26,66%
----------------------
01:03,101

Intellect
	 Rating: 138409
	 Multiplicative Factor: 14,73%
Stamina
	 Rating: 802802
	 Multiplicative Factor: 11,3%
Crit
	 Rating: 32963
	 Multiplicative Factor: 0%
	 DR Bracket: 2
	 Base: 9%
	 Effective Percent: 53,67%
	 Crit Inc Heal: 2
	 Crit Inc Damage: 2
Haste
	 Rating: 14646
	 Multiplicative Factor: 0%
	 DR Bracket: 0
	 Base: 5%
	 Effective Percent: 27,19%
Vers
	 Rating: 13625
	 Multiplicative Factor: 0%
	 DR Bracket: 0
	 Base: 3%
	 Effective Percent: 20,47%
Leech
	 Rating: 4194
	 Multiplicative Factor: 0%
	 DR Bracket: 0
	 Base: 0%
	 Effective Percent: 4,11%
Avoidance
	 Rating: 0
	 Multiplicative Factor: 0%
	 DR Bracket: 0
	 Base: 0%
	 Effective Percent: 0%
Mastery
	 Rating: 2642
	 Multiplicative Factor: 0%
	 DR Bracket: 0
	 Base: 21%
	 Effective Percent: 26,66%
----------------------
01:11,847

Intellect
	 Rating: 138409
	 Multiplicative Factor: 14,73%
Stamina
	 Rating: 802802
	 Multiplicative Factor: 11,3%
Crit
	 Rating: 27112
	 Multiplicative Factor: 0%
	 DR Bracket: 1
	 Base: 9%
	 Effective Percent: 46,86%
	 Crit Inc Heal: 2
	 Crit Inc Damage: 2
Haste
	 Rating: 14646
	 Multiplicative Factor: 0%
	 DR Bracket: 0
	 Base: 5%
	 Effective Percent: 27,19%
Vers
	 Rating: 13625
	 Multiplicative Factor: 0%
	 DR Bracket: 0
	 Base: 3%
	 Effective Percent: 20,47%
Leech
	 Rating: 4194
	 Multiplicative Factor: 0%
	 DR Bracket: 0
	 Base: 0%
	 Effective Percent: 4,11%
Avoidance
	 Rating: 0
	 Multiplicative Factor: 0%
	 DR Bracket: 0
	 Base: 0%
	 Effective Percent: 0%
Mastery
	 Rating: 2642
	 Multiplicative Factor: 0%
	 DR Bracket: 0
	 Base: 21%
	 Effective Percent: 26,66%
----------------------
01:56,536

Intellect
	 Rating: 138409
	 Multiplicative Factor: 14,73%
Stamina
	 Rating: 802802
	 Multiplicative Factor: 11,3%
Crit
	 Rating: 32963
	 Multiplicative Factor: 0%
	 DR Bracket: 2
	 Base: 9%
	 Effective Percent: 53,67%
	 Crit Inc Heal: 2
	 Crit Inc Damage: 2
Haste
	 Rating: 14646
	 Multiplicative Factor: 0%
	 DR Bracket: 0
	 Base: 5%
	 Effective Percent: 27,19%
Vers
	 Rating: 13625
	 Multiplicative Factor: 0%
	 DR Bracket: 0
	 Base: 3%
	 Effective Percent: 20,47%
Leech
	 Rating: 4194
	 Multiplicative Factor: 0%
	 DR Bracket: 0
	 Base: 0%
	 Effective Percent: 4,11%
Avoidance
	 Rating: 0
	 Multiplicative Factor: 0%
	 DR Bracket: 0
	 Base: 0%
	 Effective Percent: 0%
Mastery
	 Rating: 2642
	 Multiplicative Factor: 0%
	 DR Bracket: 0
	 Base: 21%
	 Effective Percent: 26,66%
----------------------
02:06,546

Intellect
	 Rating: 138409
	 Multiplicative Factor: 14,73%
Stamina
	 Rating: 802802
	 Multiplicative Factor: 11,3%
Crit
	 Rating: 27112
	 Multiplicative Factor: 0%
	 DR Bracket: 1
	 Base: 9%
	 Effective Percent: 46,86%
	 Crit Inc Heal: 2
	 Crit Inc Damage: 2
Haste
	 Rating: 14646
	 Multiplicative Factor: 0%
	 DR Bracket: 0
	 Base: 5%
	 Effective Percent: 27,19%
Vers
	 Rating: 13625
	 Multiplicative Factor: 0%
	 DR Bracket: 0
	 Base: 3%
	 Effective Percent: 20,47%
Leech
	 Rating: 4194
	 Multiplicative Factor: 0%
	 DR Bracket: 0
	 Base: 0%
	 Effective Percent: 4,11%
Avoidance
	 Rating: 0
	 Multiplicative Factor: 0%
	 DR Bracket: 0
	 Base: 0%
	 Effective Percent: 0%
Mastery
	 Rating: 2642
	 Multiplicative Factor: 0%
	 DR Bracket: 0
	 Base: 21%
	 Effective Percent: 26,66%
----------------------
02:41,638

Intellect
	 Rating: 138409
	 Multiplicative Factor: 14,73%
Stamina
	 Rating: 802802
	 Multiplicative Factor: 11,3%
Crit
	 Rating: 27112
	 Multiplicative Factor: 0%
	 DR Bracket: 1
	 Base: 9%
	 Effective Percent: 46,86%
	 Crit Inc Heal: 2
	 Crit Inc Damage: 2
Haste
	 Rating: 14646
	 Multiplicative Factor: 0%
	 DR Bracket: 0
	 Base: 5%
	 Effective Percent: 27,19%
Vers
	 Rating: 13625
	 Multiplicative Factor: 0%
	 DR Bracket: 0
	 Base: 3%
	 Effective Percent: 20,47%
Leech
	 Rating: 4194
	 Multiplicative Factor: 0%
	 DR Bracket: 0
	 Base: 0%
	 Effective Percent: 4,11%
Avoidance
	 Rating: 0
	 Multiplicative Factor: 0%
	 DR Bracket: 0
	 Base: 0%
	 Effective Percent: 0%
Mastery
	 Rating: 2642
	 Multiplicative Factor: 0%
	 DR Bracket: 0
	 Base: 18%
	 Effective Percent: 23,66%
----------------------
02:41,638

Intellect
	 Rating: 138409
	 Multiplicative Factor: 14,73%
Stamina
	 Rating: 802802
	 Multiplicative Factor: 11,3%
Crit
	 Rating: 27112
	 Multiplicative Factor: 0%
	 DR Bracket: 1
	 Base: 9%
	 Effective Percent: 46,86%
	 Crit Inc Heal: 2
	 Crit Inc Damage: 2
Haste
	 Rating: 14646
	 Multiplicative Factor: 0%
	 DR Bracket: 0
	 Base: 5%
	 Effective Percent: 27,19%
Vers
	 Rating: 13625
	 Multiplicative Factor: 0%
	 DR Bracket: 0
	 Base: 3%
	 Effective Percent: 20,47%
Leech
	 Rating: 4194
	 Multiplicative Factor: 0%
	 DR Bracket: 0
	 Base: 0%
	 Effective Percent: 4,11%
Avoidance
	 Rating: 0
	 Multiplicative Factor: 0%
	 DR Bracket: 0
	 Base: 0%
	 Effective Percent: 0%
Mastery
	 Rating: 2642
	 Multiplicative Factor: 0%
	 DR Bracket: 0
	 Base: 21%
	 Effective Percent: 26,66%
----------------------
02:51,065

Intellect
	 Rating: 138409
	 Multiplicative Factor: 14,73%
Stamina
	 Rating: 802802
	 Multiplicative Factor: 11,3%
Crit
	 Rating: 27112
	 Multiplicative Factor: 0%
	 DR Bracket: 1
	 Base: 9%
	 Effective Percent: 46,86%
	 Crit Inc Heal: 2
	 Crit Inc Damage: 2
Haste
	 Rating: 14646
	 Multiplicative Factor: 0%
	 DR Bracket: 0
	 Base: 35%
	 Effective Percent: 57,19%
Vers
	 Rating: 13625
	 Multiplicative Factor: 0%
	 DR Bracket: 0
	 Base: 3%
	 Effective Percent: 20,47%
Leech
	 Rating: 4194
	 Multiplicative Factor: 0%
	 DR Bracket: 0
	 Base: 0%
	 Effective Percent: 4,11%
Avoidance
	 Rating: 0
	 Multiplicative Factor: 0%
	 DR Bracket: 0
	 Base: 0%
	 Effective Percent: 0%
Mastery
	 Rating: 2642
	 Multiplicative Factor: 0%
	 DR Bracket: 0
	 Base: 21%
	 Effective Percent: 26,66%
----------------------
02:56,784

Intellect
	 Rating: 138409
	 Multiplicative Factor: 14,73%
Stamina
	 Rating: 802802
	 Multiplicative Factor: 11,3%
Crit
	 Rating: 32963
	 Multiplicative Factor: 0%
	 DR Bracket: 2
	 Base: 9%
	 Effective Percent: 53,67%
	 Crit Inc Heal: 2
	 Crit Inc Damage: 2
Haste
	 Rating: 14646
	 Multiplicative Factor: 0%
	 DR Bracket: 0
	 Base: 35%
	 Effective Percent: 57,19%
Vers
	 Rating: 13625
	 Multiplicative Factor: 0%
	 DR Bracket: 0
	 Base: 3%
	 Effective Percent: 20,47%
Leech
	 Rating: 4194
	 Multiplicative Factor: 0%
	 DR Bracket: 0
	 Base: 0%
	 Effective Percent: 4,11%
Avoidance
	 Rating: 0
	 Multiplicative Factor: 0%
	 DR Bracket: 0
	 Base: 0%
	 Effective Percent: 0%
Mastery
	 Rating: 2642
	 Multiplicative Factor: 0%
	 DR Bracket: 0
	 Base: 21%
	 Effective Percent: 26,66%
----------------------
03:02,870

Intellect
	 Rating: 138409
	 Multiplicative Factor: 14,73%
Stamina
	 Rating: 802802
	 Multiplicative Factor: 11,3%
Crit
	 Rating: 38813
	 Multiplicative Factor: 0%
	 DR Bracket: 3
	 Base: 9%
	 Effective Percent: 59,81%
	 Crit Inc Heal: 2
	 Crit Inc Damage: 2
Haste
	 Rating: 14646
	 Multiplicative Factor: 0%
	 DR Bracket: 0
	 Base: 35%
	 Effective Percent: 57,19%
Vers
	 Rating: 13625
	 Multiplicative Factor: 0%
	 DR Bracket: 0
	 Base: 3%
	 Effective Percent: 20,47%
Leech
	 Rating: 4194
	 Multiplicative Factor: 0%
	 DR Bracket: 0
	 Base: 0%
	 Effective Percent: 4,11%
Avoidance
	 Rating: 0
	 Multiplicative Factor: 0%
	 DR Bracket: 0
	 Base: 0%
	 Effective Percent: 0%
Mastery
	 Rating: 2642
	 Multiplicative Factor: 0%
	 DR Bracket: 0
	 Base: 21%
	 Effective Percent: 26,66%
----------------------
03:06,770

Intellect
	 Rating: 138409
	 Multiplicative Factor: 14,73%
Stamina
	 Rating: 802802
	 Multiplicative Factor: 11,3%
Crit
	 Rating: 32963
	 Multiplicative Factor: 0%
	 DR Bracket: 2
	 Base: 9%
	 Effective Percent: 53,67%
	 Crit Inc Heal: 2
	 Crit Inc Damage: 2
Haste
	 Rating: 14646
	 Multiplicative Factor: 0%
	 DR Bracket: 0
	 Base: 35%
	 Effective Percent: 57,19%
Vers
	 Rating: 13625
	 Multiplicative Factor: 0%
	 DR Bracket: 0
	 Base: 3%
	 Effective Percent: 20,47%
Leech
	 Rating: 4194
	 Multiplicative Factor: 0%
	 DR Bracket: 0
	 Base: 0%
	 Effective Percent: 4,11%
Avoidance
	 Rating: 0
	 Multiplicative Factor: 0%
	 DR Bracket: 0
	 Base: 0%
	 Effective Percent: 0%
Mastery
	 Rating: 2642
	 Multiplicative Factor: 0%
	 DR Bracket: 0
	 Base: 21%
	 Effective Percent: 26,66%
----------------------
03:12,912

Intellect
	 Rating: 138409
	 Multiplicative Factor: 14,73%
Stamina
	 Rating: 802802
	 Multiplicative Factor: 11,3%
Crit
	 Rating: 27112
	 Multiplicative Factor: 0%
	 DR Bracket: 1
	 Base: 9%
	 Effective Percent: 46,86%
	 Crit Inc Heal: 2
	 Crit Inc Damage: 2
Haste
	 Rating: 14646
	 Multiplicative Factor: 0%
	 DR Bracket: 0
	 Base: 35%
	 Effective Percent: 57,19%
Vers
	 Rating: 13625
	 Multiplicative Factor: 0%
	 DR Bracket: 0
	 Base: 3%
	 Effective Percent: 20,47%
Leech
	 Rating: 4194
	 Multiplicative Factor: 0%
	 DR Bracket: 0
	 Base: 0%
	 Effective Percent: 4,11%
Avoidance
	 Rating: 0
	 Multiplicative Factor: 0%
	 DR Bracket: 0
	 Base: 0%
	 Effective Percent: 0%
Mastery
	 Rating: 2642
	 Multiplicative Factor: 0%
	 DR Bracket: 0
	 Base: 21%
	 Effective Percent: 26,66%
----------------------
03:30,633

Intellect
	 Rating: 138409
	 Multiplicative Factor: 14,73%
Stamina
	 Rating: 802802
	 Multiplicative Factor: 11,3%
Crit
	 Rating: 32963
	 Multiplicative Factor: 0%
	 DR Bracket: 2
	 Base: 9%
	 Effective Percent: 53,67%
	 Crit Inc Heal: 2
	 Crit Inc Damage: 2
Haste
	 Rating: 14646
	 Multiplicative Factor: 0%
	 DR Bracket: 0
	 Base: 35%
	 Effective Percent: 57,19%
Vers
	 Rating: 13625
	 Multiplicative Factor: 0%
	 DR Bracket: 0
	 Base: 3%
	 Effective Percent: 20,47%
Leech
	 Rating: 4194
	 Multiplicative Factor: 0%
	 DR Bracket: 0
	 Base: 0%
	 Effective Percent: 4,11%
Avoidance
	 Rating: 0
	 Multiplicative Factor: 0%
	 DR Bracket: 0
	 Base: 0%
	 Effective Percent: 0%
Mastery
	 Rating: 2642
	 Multiplicative Factor: 0%
	 DR Bracket: 0
	 Base: 21%
	 Effective Percent: 26,66%
----------------------
03:31,075

Intellect
	 Rating: 138409
	 Multiplicative Factor: 14,73%
Stamina
	 Rating: 802802
	 Multiplicative Factor: 11,3%
Crit
	 Rating: 32963
	 Multiplicative Factor: 0%
	 DR Bracket: 2
	 Base: 9%
	 Effective Percent: 53,67%
	 Crit Inc Heal: 2
	 Crit Inc Damage: 2
Haste
	 Rating: 14646
	 Multiplicative Factor: 0%
	 DR Bracket: 0
	 Base: 5%
	 Effective Percent: 27,19%
Vers
	 Rating: 13625
	 Multiplicative Factor: 0%
	 DR Bracket: 0
	 Base: 3%
	 Effective Percent: 20,47%
Leech
	 Rating: 4194
	 Multiplicative Factor: 0%
	 DR Bracket: 0
	 Base: 0%
	 Effective Percent: 4,11%
Avoidance
	 Rating: 0
	 Multiplicative Factor: 0%
	 DR Bracket: 0
	 Base: 0%
	 Effective Percent: 0%
Mastery
	 Rating: 2642
	 Multiplicative Factor: 0%
	 DR Bracket: 0
	 Base: 21%
	 Effective Percent: 26,66%
----------------------
03:40,633

Intellect
	 Rating: 138409
	 Multiplicative Factor: 14,73%
Stamina
	 Rating: 802802
	 Multiplicative Factor: 11,3%
Crit
	 Rating: 27112
	 Multiplicative Factor: 0%
	 DR Bracket: 1
	 Base: 9%
	 Effective Percent: 46,86%
	 Crit Inc Heal: 2
	 Crit Inc Damage: 2
Haste
	 Rating: 14646
	 Multiplicative Factor: 0%
	 DR Bracket: 0
	 Base: 5%
	 Effective Percent: 27,19%
Vers
	 Rating: 13625
	 Multiplicative Factor: 0%
	 DR Bracket: 0
	 Base: 3%
	 Effective Percent: 20,47%
Leech
	 Rating: 4194
	 Multiplicative Factor: 0%
	 DR Bracket: 0
	 Base: 0%
	 Effective Percent: 4,11%
Avoidance
	 Rating: 0
	 Multiplicative Factor: 0%
	 DR Bracket: 0
	 Base: 0%
	 Effective Percent: 0%
Mastery
	 Rating: 2642
	 Multiplicative Factor: 0%
	 DR Bracket: 0
	 Base: 21%
	 Effective Percent: 26,66%
----------------------
03:42,173

Intellect
	 Rating: 138409
	 Multiplicative Factor: 14,73%
Stamina
	 Rating: 802802
	 Multiplicative Factor: 11,3%
Crit
	 Rating: 27112
	 Multiplicative Factor: 0%
	 DR Bracket: 1
	 Base: 9%
	 Effective Percent: 46,86%
	 Crit Inc Heal: 2
	 Crit Inc Damage: 2
Haste
	 Rating: 14646
	 Multiplicative Factor: 0%
	 DR Bracket: 0
	 Base: 5%
	 Effective Percent: 27,19%
Vers
	 Rating: 13625
	 Multiplicative Factor: 0%
	 DR Bracket: 0
	 Base: 0%
	 Effective Percent: 17,47%
Leech
	 Rating: 4194
	 Multiplicative Factor: 0%
	 DR Bracket: 0
	 Base: 0%
	 Effective Percent: 4,11%
Avoidance
	 Rating: 0
	 Multiplicative Factor: 0%
	 DR Bracket: 0
	 Base: 0%
	 Effective Percent: 0%
Mastery
	 Rating: 2642
	 Multiplicative Factor: 0%
	 DR Bracket: 0
	 Base: 21%
	 Effective Percent: 26,66%
----------------------
03:42,173

Intellect
	 Rating: 134378
	 Multiplicative Factor: 11,38%
Stamina
	 Rating: 802802
	 Multiplicative Factor: 11,3%
Crit
	 Rating: 27112
	 Multiplicative Factor: 0%
	 DR Bracket: 1
	 Base: 9%
	 Effective Percent: 46,86%
	 Crit Inc Heal: 2
	 Crit Inc Damage: 2
Haste
	 Rating: 14646
	 Multiplicative Factor: 0%
	 DR Bracket: 0
	 Base: 5%
	 Effective Percent: 27,19%
Vers
	 Rating: 13625
	 Multiplicative Factor: 0%
	 DR Bracket: 0
	 Base: 0%
	 Effective Percent: 17,47%
Leech
	 Rating: 4194
	 Multiplicative Factor: 0%
	 DR Bracket: 0
	 Base: 0%
	 Effective Percent: 4,11%
Avoidance
	 Rating: 0
	 Multiplicative Factor: 0%
	 DR Bracket: 0
	 Base: 0%
	 Effective Percent: 0%
Mastery
	 Rating: 2642
	 Multiplicative Factor: 0%
	 DR Bracket: 0
	 Base: 21%
	 Effective Percent: 26,66%
----------------------
03:42,173

Intellect
	 Rating: 134378
	 Multiplicative Factor: 11,38%
Stamina
	 Rating: 802802
	 Multiplicative Factor: 11,3%
Crit
	 Rating: 27112
	 Multiplicative Factor: 0%
	 DR Bracket: 1
	 Base: 9%
	 Effective Percent: 46,86%
	 Crit Inc Heal: 2
	 Crit Inc Damage: 2
Haste
	 Rating: 14646
	 Multiplicative Factor: 0%
	 DR Bracket: 0
	 Base: 5%
	 Effective Percent: 27,19%
Vers
	 Rating: 13625
	 Multiplicative Factor: 0%
	 DR Bracket: 0
	 Base: 0%
	 Effective Percent: 17,47%
Leech
	 Rating: 4194
	 Multiplicative Factor: 0%
	 DR Bracket: 0
	 Base: 0%
	 Effective Percent: 4,11%
Avoidance
	 Rating: 0
	 Multiplicative Factor: 0%
	 DR Bracket: 0
	 Base: 0%
	 Effective Percent: 0%
Mastery
	 Rating: 2642
	 Multiplicative Factor: 0%
	 DR Bracket: 0
	 Base: 18%
	 Effective Percent: 23,66%
----------------------
03:42,173

Intellect
	 Rating: 134378
	 Multiplicative Factor: 11,38%
Stamina
	 Rating: 764573
	 Multiplicative Factor: 6%
Crit
	 Rating: 27112
	 Multiplicative Factor: 0%
	 DR Bracket: 1
	 Base: 9%
	 Effective Percent: 46,86%
	 Crit Inc Heal: 2
	 Crit Inc Damage: 2
Haste
	 Rating: 14646
	 Multiplicative Factor: 0%
	 DR Bracket: 0
	 Base: 5%
	 Effective Percent: 27,19%
Vers
	 Rating: 13625
	 Multiplicative Factor: 0%
	 DR Bracket: 0
	 Base: 0%
	 Effective Percent: 17,47%
Leech
	 Rating: 4194
	 Multiplicative Factor: 0%
	 DR Bracket: 0
	 Base: 0%
	 Effective Percent: 4,11%
Avoidance
	 Rating: 0
	 Multiplicative Factor: 0%
	 DR Bracket: 0
	 Base: 0%
	 Effective Percent: 0%
Mastery
	 Rating: 2642
	 Multiplicative Factor: 0%
	 DR Bracket: 0
	 Base: 18%
	 Effective Percent: 23,66%
----------------------
03:42,173

Intellect
	 Rating: 134378
	 Multiplicative Factor: 11,38%
Stamina
	 Rating: 764573
	 Multiplicative Factor: 6%
Crit
	 Rating: 27112
	 Multiplicative Factor: 0%
	 DR Bracket: 1
	 Base: 9%
	 Effective Percent: 46,86%
	 Crit Inc Heal: 2
	 Crit Inc Damage: 2
Haste
	 Rating: 14646
	 Multiplicative Factor: 0%
	 DR Bracket: 0
	 Base: 0%
	 Effective Percent: 22,19%
Vers
	 Rating: 13625
	 Multiplicative Factor: 0%
	 DR Bracket: 0
	 Base: 0%
	 Effective Percent: 17,47%
Leech
	 Rating: 4194
	 Multiplicative Factor: 0%
	 DR Bracket: 0
	 Base: 0%
	 Effective Percent: 4,11%
Avoidance
	 Rating: 0
	 Multiplicative Factor: 0%
	 DR Bracket: 0
	 Base: 0%
	 Effective Percent: 0%
Mastery
	 Rating: 2642
	 Multiplicative Factor: 0%
	 DR Bracket: 0
	 Base: 18%
	 Effective Percent: 23,66%
