----------------------
00:07,715

Intellect
	 Rating: 129357
	 Multiplicative Factor: 14,73%
Stamina
	 Rating: 802802
	 Multiplicative Factor: 11,3%
Crit
	 Rating: 27112
	 Multiplicative Factor: 0%
	 DR Bracket: 1
	 Base: 9%
	 Effective Percent: 46,86%
	 Crit Inc Heal: 2
	 Crit Inc Damage: 2
Haste
	 Rating: 16641
	 Multiplicative Factor: 0%
	 DR Bracket: 0
	 Base: 1%
	 Effective Percent: 26,21%
Vers
	 Rating: 13625
	 Multiplicative Factor: 0%
	 DR Bracket: 0
	 Base: 3%
	 Effective Percent: 20,47%
Leech
	 Rating: 4194
	 Multiplicative Factor: 0%
	 DR Bracket: 0
	 Base: 0%
	 Effective Percent: 4,11%
Avoidance
	 Rating: 0
	 Multiplicative Factor: 0%
	 DR Bracket: 0
	 Base: 0%
	 Effective Percent: 0%
Mastery
	 Rating: 2642
	 Multiplicative Factor: 0%
	 DR Bracket: 0
	 Base: 21%
	 Effective Percent: 26,66%
----------------------
00:12,468

Intellect
	 Rating: 129357
	 Multiplicative Factor: 14,73%
Stamina
	 Rating: 802802
	 Multiplicative Factor: 11,3%
Crit
	 Rating: 27112
	 Multiplicative Factor: 0%
	 DR Bracket: 1
	 Base: 9%
	 Effective Percent: 46,86%
	 Crit Inc Heal: 2
	 Crit Inc Damage: 2
Haste
	 Rating: 16641
	 Multiplicative Factor: 0%
	 DR Bracket: 0
	 Base: 2%
	 Effective Percent: 27,21%
Vers
	 Rating: 13625
	 Multiplicative Factor: 0%
	 DR Bracket: 0
	 Base: 3%
	 Effective Percent: 20,47%
Leech
	 Rating: 4194
	 Multiplicative Factor: 0%
	 DR Bracket: 0
	 Base: 0%
	 Effective Percent: 4,11%
Avoidance
	 Rating: 0
	 Multiplicative Factor: 0%
	 DR Bracket: 0
	 Base: 0%
	 Effective Percent: 0%
Mastery
	 Rating: 2642
	 Multiplicative Factor: 0%
	 DR Bracket: 0
	 Base: 21%
	 Effective Percent: 26,66%
----------------------
00:14,817

Intellect
	 Rating: 129357
	 Multiplicative Factor: 14,73%
Stamina
	 Rating: 802802
	 Multiplicative Factor: 11,3%
Crit
	 Rating: 27112
	 Multiplicative Factor: 0%
	 DR Bracket: 1
	 Base: 9%
	 Effective Percent: 46,86%
	 Crit Inc Heal: 2
	 Crit Inc Damage: 2
Haste
	 Rating: 16641
	 Multiplicative Factor: 0%
	 DR Bracket: 0
	 Base: 3%
	 Effective Percent: 28,21%
Vers
	 Rating: 13625
	 Multiplicative Factor: 0%
	 DR Bracket: 0
	 Base: 3%
	 Effective Percent: 20,47%
Leech
	 Rating: 4194
	 Multiplicative Factor: 0%
	 DR Bracket: 0
	 Base: 0%
	 Effective Percent: 4,11%
Avoidance
	 Rating: 0
	 Multiplicative Factor: 0%
	 DR Bracket: 0
	 Base: 0%
	 Effective Percent: 0%
Mastery
	 Rating: 2642
	 Multiplicative Factor: 0%
	 DR Bracket: 0
	 Base: 21%
	 Effective Percent: 26,66%
----------------------
00:20,683

Intellect
	 Rating: 129357
	 Multiplicative Factor: 14,73%
Stamina
	 Rating: 802802
	 Multiplicative Factor: 11,3%
Crit
	 Rating: 27112
	 Multiplicative Factor: 0%
	 DR Bracket: 1
	 Base: 9%
	 Effective Percent: 46,86%
	 Crit Inc Heal: 2
	 Crit Inc Damage: 2
Haste
	 Rating: 16641
	 Multiplicative Factor: 0%
	 DR Bracket: 0
	 Base: 4%
	 Effective Percent: 29,21%
Vers
	 Rating: 13625
	 Multiplicative Factor: 0%
	 DR Bracket: 0
	 Base: 3%
	 Effective Percent: 20,47%
Leech
	 Rating: 4194
	 Multiplicative Factor: 0%
	 DR Bracket: 0
	 Base: 0%
	 Effective Percent: 4,11%
Avoidance
	 Rating: 0
	 Multiplicative Factor: 0%
	 DR Bracket: 0
	 Base: 0%
	 Effective Percent: 0%
Mastery
	 Rating: 2642
	 Multiplicative Factor: 0%
	 DR Bracket: 0
	 Base: 21%
	 Effective Percent: 26,66%
----------------------
00:21,847

Intellect
	 Rating: 129357
	 Multiplicative Factor: 14,73%
Stamina
	 Rating: 802802
	 Multiplicative Factor: 11,3%
Crit
	 Rating: 27112
	 Multiplicative Factor: 0%
	 DR Bracket: 1
	 Base: 9%
	 Effective Percent: 46,86%
	 Crit Inc Heal: 2
	 Crit Inc Damage: 2
Haste
	 Rating: 16641
	 Multiplicative Factor: 0%
	 DR Bracket: 0
	 Base: 5%
	 Effective Percent: 30,21%
Vers
	 Rating: 13625
	 Multiplicative Factor: 0%
	 DR Bracket: 0
	 Base: 3%
	 Effective Percent: 20,47%
Leech
	 Rating: 4194
	 Multiplicative Factor: 0%
	 DR Bracket: 0
	 Base: 0%
	 Effective Percent: 4,11%
Avoidance
	 Rating: 0
	 Multiplicative Factor: 0%
	 DR Bracket: 0
	 Base: 0%
	 Effective Percent: 0%
Mastery
	 Rating: 2642
	 Multiplicative Factor: 0%
	 DR Bracket: 0
	 Base: 21%
	 Effective Percent: 26,66%
----------------------
01:14,690

Intellect
	 Rating: 129357
	 Multiplicative Factor: 14,73%
Stamina
	 Rating: 764573
	 Multiplicative Factor: 6%
Crit
	 Rating: 27112
	 Multiplicative Factor: 0%
	 DR Bracket: 1
	 Base: 9%
	 Effective Percent: 46,86%
	 Crit Inc Heal: 2
	 Crit Inc Damage: 2
Haste
	 Rating: 16641
	 Multiplicative Factor: 0%
	 DR Bracket: 0
	 Base: 5%
	 Effective Percent: 30,21%
Vers
	 Rating: 13625
	 Multiplicative Factor: 0%
	 DR Bracket: 0
	 Base: 3%
	 Effective Percent: 20,47%
Leech
	 Rating: 4194
	 Multiplicative Factor: 0%
	 DR Bracket: 0
	 Base: 0%
	 Effective Percent: 4,11%
Avoidance
	 Rating: 0
	 Multiplicative Factor: 0%
	 DR Bracket: 0
	 Base: 0%
	 Effective Percent: 0%
Mastery
	 Rating: 2642
	 Multiplicative Factor: 0%
	 DR Bracket: 0
	 Base: 21%
	 Effective Percent: 26,66%
----------------------
01:14,691

Intellect
	 Rating: 129357
	 Multiplicative Factor: 14,73%
Stamina
	 Rating: 764573
	 Multiplicative Factor: 6%
Crit
	 Rating: 27112
	 Multiplicative Factor: 0%
	 DR Bracket: 1
	 Base: 9%
	 Effective Percent: 46,86%
	 Crit Inc Heal: 2
	 Crit Inc Damage: 2
Haste
	 Rating: 16641
	 Multiplicative Factor: 0%
	 DR Bracket: 0
	 Base: 0%
	 Effective Percent: 25,21%
Vers
	 Rating: 13625
	 Multiplicative Factor: 0%
	 DR Bracket: 0
	 Base: 3%
	 Effective Percent: 20,47%
Leech
	 Rating: 4194
	 Multiplicative Factor: 0%
	 DR Bracket: 0
	 Base: 0%
	 Effective Percent: 4,11%
Avoidance
	 Rating: 0
	 Multiplicative Factor: 0%
	 DR Bracket: 0
	 Base: 0%
	 Effective Percent: 0%
Mastery
	 Rating: 2642
	 Multiplicative Factor: 0%
	 DR Bracket: 0
	 Base: 21%
	 Effective Percent: 26,66%
----------------------
01:14,691

Intellect
	 Rating: 129357
	 Multiplicative Factor: 14,73%
Stamina
	 Rating: 764573
	 Multiplicative Factor: 6%
Crit
	 Rating: 27112
	 Multiplicative Factor: 0%
	 DR Bracket: 1
	 Base: 9%
	 Effective Percent: 46,86%
	 Crit Inc Heal: 2
	 Crit Inc Damage: 2
Haste
	 Rating: 16641
	 Multiplicative Factor: 0%
	 DR Bracket: 0
	 Base: 0%
	 Effective Percent: 25,21%
Vers
	 Rating: 13625
	 Multiplicative Factor: 0%
	 DR Bracket: 0
	 Base: 3%
	 Effective Percent: 20,47%
Leech
	 Rating: 4194
	 Multiplicative Factor: 0%
	 DR Bracket: 0
	 Base: 0%
	 Effective Percent: 4,11%
Avoidance
	 Rating: 0
	 Multiplicative Factor: 0%
	 DR Bracket: 0
	 Base: 0%
	 Effective Percent: 0%
Mastery
	 Rating: 2642
	 Multiplicative Factor: 0%
	 DR Bracket: 0
	 Base: 18%
	 Effective Percent: 23,66%
----------------------
01:14,691

Intellect
	 Rating: 125589
	 Multiplicative Factor: 11,38%
Stamina
	 Rating: 764573
	 Multiplicative Factor: 6%
Crit
	 Rating: 27112
	 Multiplicative Factor: 0%
	 DR Bracket: 1
	 Base: 9%
	 Effective Percent: 46,86%
	 Crit Inc Heal: 2
	 Crit Inc Damage: 2
Haste
	 Rating: 16641
	 Multiplicative Factor: 0%
	 DR Bracket: 0
	 Base: 0%
	 Effective Percent: 25,21%
Vers
	 Rating: 13625
	 Multiplicative Factor: 0%
	 DR Bracket: 0
	 Base: 3%
	 Effective Percent: 20,47%
Leech
	 Rating: 4194
	 Multiplicative Factor: 0%
	 DR Bracket: 0
	 Base: 0%
	 Effective Percent: 4,11%
Avoidance
	 Rating: 0
	 Multiplicative Factor: 0%
	 DR Bracket: 0
	 Base: 0%
	 Effective Percent: 0%
Mastery
	 Rating: 2642
	 Multiplicative Factor: 0%
	 DR Bracket: 0
	 Base: 18%
	 Effective Percent: 23,66%
----------------------
01:14,691

Intellect
	 Rating: 125589
	 Multiplicative Factor: 11,38%
Stamina
	 Rating: 764573
	 Multiplicative Factor: 6%
Crit
	 Rating: 27112
	 Multiplicative Factor: 0%
	 DR Bracket: 1
	 Base: 9%
	 Effective Percent: 46,86%
	 Crit Inc Heal: 2
	 Crit Inc Damage: 2
Haste
	 Rating: 16641
	 Multiplicative Factor: 0%
	 DR Bracket: 0
	 Base: 0%
	 Effective Percent: 25,21%
Vers
	 Rating: 13625
	 Multiplicative Factor: 0%
	 DR Bracket: 0
	 Base: 0%
	 Effective Percent: 17,47%
Leech
	 Rating: 4194
	 Multiplicative Factor: 0%
	 DR Bracket: 0
	 Base: 0%
	 Effective Percent: 4,11%
Avoidance
	 Rating: 0
	 Multiplicative Factor: 0%
	 DR Bracket: 0
	 Base: 0%
	 Effective Percent: 0%
Mastery
	 Rating: 2642
	 Multiplicative Factor: 0%
	 DR Bracket: 0
	 Base: 18%
	 Effective Percent: 23,66%
