Prismatic Barrier
	Intellect
		Heal: 1,4610280408284544
	Vers
		Heal: 2,1241630180908486
-------------------
Decree: Oath-Bound
	Vers
		Damage Reduction: 0,43013696386066885
-------------------
Tyranny
	Vers
		Damage Reduction: 3,9745960571183376
	Avoidance
		Damage Reduction: 9,379859304880906
-------------------
Tempest Barrier
	Stamina
		Heal: 0,09440133517601415
-------------------
Conquer
	Vers
		Damage Reduction: 0,1924337953723058
	Avoidance
		Damage Reduction: 0,584132858661672
-------------------
Oath-Breaker
	Vers
		Damage Reduction: 0,4278778043114259
	Avoidance
		Damage Reduction: 1,1055290634854047
-------------------
Banishment
	Vers
		Damage Reduction: 0,7632388839094661
-------------------
Healthstone
	Stamina
		Heal: 0,023244303715748437
-------------------
Diverted Energy
	Intellect
		Heal: 0,14910758615041597
	Vers
		Heal: 0,21678490170381162
-------------------
Invoke the Oath
	Vers
		Damage Reduction: 0,16045577077933568
	Avoidance
		Damage Reduction: 0,48706355291054126
-------------------
King's Thrall
	Vers
		Damage Reduction: 0,1344279883310815
	Avoidance
		Damage Reduction: 0,4080562094410226
-------------------
Invigorating Healing Potion
	Vers
		Heal: 0,31695078434894713
-------------------
Dimension Glare
	Vers
		Damage Reduction: 0,14347202538935963
	Avoidance
		Damage Reduction: 0,4355093873533178
-------------------
Seal the Forge
	Vers
		Damage Reduction: 0,01826355368896878
-------------------
Reap
	Vers
		Damage Reduction: 1,387550322618022
-------------------
Twilight Massacre
	Vers
		Damage Reduction: 0,2454295267601764
-------------------
Self-Destruct
	Vers
		Damage Reduction: 0,1722193318100011
	Avoidance
		Damage Reduction: 0,5159128241688591
-------------------
