----------------------
00:28,862

Intellect
	 Rating: 9813
	 Multiplicative Factor: 8,15%
Stamina
	 Rating: 1248060
	 Multiplicative Factor: 5%
Crit
	 Rating: 20379
	 Multiplicative Factor: 0%
	 DR Bracket: 0
	 Base: 5%
	 Effective Percent: 34,11%
	 Crit Inc Heal: 2
	 Crit Inc Damage: 2
Haste
	 Rating: 20779
	 Multiplicative Factor: 0%
	 DR Bracket: 1
	 Base: 0%
	 Effective Percent: 31,33%
Vers
	 Rating: 11584
	 Multiplicative Factor: 0%
	 DR Bracket: 0
	 Base: 3%
	 Effective Percent: 17,85%
Leech
	 Rating: 3060
	 Multiplicative Factor: 0%
	 DR Bracket: 0
	 Base: 0%
	 Effective Percent: 3%
Avoidance
	 Rating: 898
	 Multiplicative Factor: 0%
	 DR Bracket: 0
	 Base: 0%
	 Effective Percent: 1,65%
Mastery
	 Rating: 10454
	 Multiplicative Factor: 0%
	 DR Bracket: 0
	 Base: ∞%
	 Effective Percent: ∞%
----------------------
00:29,367

Intellect
	 Rating: 9813
	 Multiplicative Factor: 8,15%
Stamina
	 Rating: 1248060
	 Multiplicative Factor: 5%
Crit
	 Rating: 26229
	 Multiplicative Factor: 0%
	 DR Bracket: 1
	 Base: 5%
	 Effective Percent: 41,72%
	 Crit Inc Heal: 2
	 Crit Inc Damage: 2
Haste
	 Rating: 20779
	 Multiplicative Factor: 0%
	 DR Bracket: 1
	 Base: 0%
	 Effective Percent: 31,33%
Vers
	 Rating: 11584
	 Multiplicative Factor: 0%
	 DR Bracket: 0
	 Base: 3%
	 Effective Percent: 17,85%
Leech
	 Rating: 3060
	 Multiplicative Factor: 0%
	 DR Bracket: 0
	 Base: 0%
	 Effective Percent: 3%
Avoidance
	 Rating: 898
	 Multiplicative Factor: 0%
	 DR Bracket: 0
	 Base: 0%
	 Effective Percent: 1,65%
Mastery
	 Rating: 10454
	 Multiplicative Factor: 0%
	 DR Bracket: 0
	 Base: ∞%
	 Effective Percent: ∞%
----------------------
00:38,878

Intellect
	 Rating: 9813
	 Multiplicative Factor: 8,15%
Stamina
	 Rating: 1248060
	 Multiplicative Factor: 5%
Crit
	 Rating: 20379
	 Multiplicative Factor: 0%
	 DR Bracket: 0
	 Base: 5%
	 Effective Percent: 34,11%
	 Crit Inc Heal: 2
	 Crit Inc Damage: 2
Haste
	 Rating: 20779
	 Multiplicative Factor: 0%
	 DR Bracket: 1
	 Base: 0%
	 Effective Percent: 31,33%
Vers
	 Rating: 11584
	 Multiplicative Factor: 0%
	 DR Bracket: 0
	 Base: 3%
	 Effective Percent: 17,85%
Leech
	 Rating: 3060
	 Multiplicative Factor: 0%
	 DR Bracket: 0
	 Base: 0%
	 Effective Percent: 3%
Avoidance
	 Rating: 898
	 Multiplicative Factor: 0%
	 DR Bracket: 0
	 Base: 0%
	 Effective Percent: 1,65%
Mastery
	 Rating: 10454
	 Multiplicative Factor: 0%
	 DR Bracket: 0
	 Base: ∞%
	 Effective Percent: ∞%
----------------------
00:39,366

Intellect
	 Rating: 9813
	 Multiplicative Factor: 8,15%
Stamina
	 Rating: 1248060
	 Multiplicative Factor: 5%
Crit
	 Rating: 14528
	 Multiplicative Factor: 0%
	 DR Bracket: 0
	 Base: 5%
	 Effective Percent: 25,75%
	 Crit Inc Heal: 2
	 Crit Inc Damage: 2
Haste
	 Rating: 20779
	 Multiplicative Factor: 0%
	 DR Bracket: 1
	 Base: 0%
	 Effective Percent: 31,33%
Vers
	 Rating: 11584
	 Multiplicative Factor: 0%
	 DR Bracket: 0
	 Base: 3%
	 Effective Percent: 17,85%
Leech
	 Rating: 3060
	 Multiplicative Factor: 0%
	 DR Bracket: 0
	 Base: 0%
	 Effective Percent: 3%
Avoidance
	 Rating: 898
	 Multiplicative Factor: 0%
	 DR Bracket: 0
	 Base: 0%
	 Effective Percent: 1,65%
Mastery
	 Rating: 10454
	 Multiplicative Factor: 0%
	 DR Bracket: 0
	 Base: ∞%
	 Effective Percent: ∞%
----------------------
01:06,614

Intellect
	 Rating: 9813
	 Multiplicative Factor: 8,15%
Stamina
	 Rating: 1248060
	 Multiplicative Factor: 5%
Crit
	 Rating: 20379
	 Multiplicative Factor: 0%
	 DR Bracket: 0
	 Base: 5%
	 Effective Percent: 34,11%
	 Crit Inc Heal: 2
	 Crit Inc Damage: 2
Haste
	 Rating: 20779
	 Multiplicative Factor: 0%
	 DR Bracket: 1
	 Base: 0%
	 Effective Percent: 31,33%
Vers
	 Rating: 11584
	 Multiplicative Factor: 0%
	 DR Bracket: 0
	 Base: 3%
	 Effective Percent: 17,85%
Leech
	 Rating: 3060
	 Multiplicative Factor: 0%
	 DR Bracket: 0
	 Base: 0%
	 Effective Percent: 3%
Avoidance
	 Rating: 898
	 Multiplicative Factor: 0%
	 DR Bracket: 0
	 Base: 0%
	 Effective Percent: 1,65%
Mastery
	 Rating: 10454
	 Multiplicative Factor: 0%
	 DR Bracket: 0
	 Base: ∞%
	 Effective Percent: ∞%
----------------------
01:16,607

Intellect
	 Rating: 9813
	 Multiplicative Factor: 8,15%
Stamina
	 Rating: 1248060
	 Multiplicative Factor: 5%
Crit
	 Rating: 14528
	 Multiplicative Factor: 0%
	 DR Bracket: 0
	 Base: 5%
	 Effective Percent: 25,75%
	 Crit Inc Heal: 2
	 Crit Inc Damage: 2
Haste
	 Rating: 20779
	 Multiplicative Factor: 0%
	 DR Bracket: 1
	 Base: 0%
	 Effective Percent: 31,33%
Vers
	 Rating: 11584
	 Multiplicative Factor: 0%
	 DR Bracket: 0
	 Base: 3%
	 Effective Percent: 17,85%
Leech
	 Rating: 3060
	 Multiplicative Factor: 0%
	 DR Bracket: 0
	 Base: 0%
	 Effective Percent: 3%
Avoidance
	 Rating: 898
	 Multiplicative Factor: 0%
	 DR Bracket: 0
	 Base: 0%
	 Effective Percent: 1,65%
Mastery
	 Rating: 10454
	 Multiplicative Factor: 0%
	 DR Bracket: 0
	 Base: ∞%
	 Effective Percent: ∞%
----------------------
01:32,346

Intellect
	 Rating: 9813
	 Multiplicative Factor: 8,15%
Stamina
	 Rating: 1248060
	 Multiplicative Factor: 5%
Crit
	 Rating: 20379
	 Multiplicative Factor: 0%
	 DR Bracket: 0
	 Base: 5%
	 Effective Percent: 34,11%
	 Crit Inc Heal: 2
	 Crit Inc Damage: 2
Haste
	 Rating: 20779
	 Multiplicative Factor: 0%
	 DR Bracket: 1
	 Base: 0%
	 Effective Percent: 31,33%
Vers
	 Rating: 11584
	 Multiplicative Factor: 0%
	 DR Bracket: 0
	 Base: 3%
	 Effective Percent: 17,85%
Leech
	 Rating: 3060
	 Multiplicative Factor: 0%
	 DR Bracket: 0
	 Base: 0%
	 Effective Percent: 3%
Avoidance
	 Rating: 898
	 Multiplicative Factor: 0%
	 DR Bracket: 0
	 Base: 0%
	 Effective Percent: 1,65%
Mastery
	 Rating: 10454
	 Multiplicative Factor: 0%
	 DR Bracket: 0
	 Base: ∞%
	 Effective Percent: ∞%
----------------------
01:33,153

Intellect
	 Rating: 9813
	 Multiplicative Factor: 8,15%
Stamina
	 Rating: 1248060
	 Multiplicative Factor: 5%
Crit
	 Rating: 26229
	 Multiplicative Factor: 0%
	 DR Bracket: 1
	 Base: 5%
	 Effective Percent: 41,72%
	 Crit Inc Heal: 2
	 Crit Inc Damage: 2
Haste
	 Rating: 20779
	 Multiplicative Factor: 0%
	 DR Bracket: 1
	 Base: 0%
	 Effective Percent: 31,33%
Vers
	 Rating: 11584
	 Multiplicative Factor: 0%
	 DR Bracket: 0
	 Base: 3%
	 Effective Percent: 17,85%
Leech
	 Rating: 3060
	 Multiplicative Factor: 0%
	 DR Bracket: 0
	 Base: 0%
	 Effective Percent: 3%
Avoidance
	 Rating: 898
	 Multiplicative Factor: 0%
	 DR Bracket: 0
	 Base: 0%
	 Effective Percent: 1,65%
Mastery
	 Rating: 10454
	 Multiplicative Factor: 0%
	 DR Bracket: 0
	 Base: ∞%
	 Effective Percent: ∞%
----------------------
01:42,350

Intellect
	 Rating: 9813
	 Multiplicative Factor: 8,15%
Stamina
	 Rating: 1248060
	 Multiplicative Factor: 5%
Crit
	 Rating: 20379
	 Multiplicative Factor: 0%
	 DR Bracket: 0
	 Base: 5%
	 Effective Percent: 34,11%
	 Crit Inc Heal: 2
	 Crit Inc Damage: 2
Haste
	 Rating: 20779
	 Multiplicative Factor: 0%
	 DR Bracket: 1
	 Base: 0%
	 Effective Percent: 31,33%
Vers
	 Rating: 11584
	 Multiplicative Factor: 0%
	 DR Bracket: 0
	 Base: 3%
	 Effective Percent: 17,85%
Leech
	 Rating: 3060
	 Multiplicative Factor: 0%
	 DR Bracket: 0
	 Base: 0%
	 Effective Percent: 3%
Avoidance
	 Rating: 898
	 Multiplicative Factor: 0%
	 DR Bracket: 0
	 Base: 0%
	 Effective Percent: 1,65%
Mastery
	 Rating: 10454
	 Multiplicative Factor: 0%
	 DR Bracket: 0
	 Base: ∞%
	 Effective Percent: ∞%
----------------------
01:43,160

Intellect
	 Rating: 9813
	 Multiplicative Factor: 8,15%
Stamina
	 Rating: 1248060
	 Multiplicative Factor: 5%
Crit
	 Rating: 14528
	 Multiplicative Factor: 0%
	 DR Bracket: 0
	 Base: 5%
	 Effective Percent: 25,75%
	 Crit Inc Heal: 2
	 Crit Inc Damage: 2
Haste
	 Rating: 20779
	 Multiplicative Factor: 0%
	 DR Bracket: 1
	 Base: 0%
	 Effective Percent: 31,33%
Vers
	 Rating: 11584
	 Multiplicative Factor: 0%
	 DR Bracket: 0
	 Base: 3%
	 Effective Percent: 17,85%
Leech
	 Rating: 3060
	 Multiplicative Factor: 0%
	 DR Bracket: 0
	 Base: 0%
	 Effective Percent: 3%
Avoidance
	 Rating: 898
	 Multiplicative Factor: 0%
	 DR Bracket: 0
	 Base: 0%
	 Effective Percent: 1,65%
Mastery
	 Rating: 10454
	 Multiplicative Factor: 0%
	 DR Bracket: 0
	 Base: ∞%
	 Effective Percent: ∞%
----------------------
02:01,363

Intellect
	 Rating: 9813
	 Multiplicative Factor: 8,15%
Stamina
	 Rating: 1248060
	 Multiplicative Factor: 5%
Crit
	 Rating: 20379
	 Multiplicative Factor: 0%
	 DR Bracket: 0
	 Base: 5%
	 Effective Percent: 34,11%
	 Crit Inc Heal: 2
	 Crit Inc Damage: 2
Haste
	 Rating: 20779
	 Multiplicative Factor: 0%
	 DR Bracket: 1
	 Base: 0%
	 Effective Percent: 31,33%
Vers
	 Rating: 11584
	 Multiplicative Factor: 0%
	 DR Bracket: 0
	 Base: 3%
	 Effective Percent: 17,85%
Leech
	 Rating: 3060
	 Multiplicative Factor: 0%
	 DR Bracket: 0
	 Base: 0%
	 Effective Percent: 3%
Avoidance
	 Rating: 898
	 Multiplicative Factor: 0%
	 DR Bracket: 0
	 Base: 0%
	 Effective Percent: 1,65%
Mastery
	 Rating: 10454
	 Multiplicative Factor: 0%
	 DR Bracket: 0
	 Base: ∞%
	 Effective Percent: ∞%
----------------------
02:03,174

Intellect
	 Rating: 9813
	 Multiplicative Factor: 8,15%
Stamina
	 Rating: 1248060
	 Multiplicative Factor: 5%
Crit
	 Rating: 26229
	 Multiplicative Factor: 0%
	 DR Bracket: 1
	 Base: 5%
	 Effective Percent: 41,72%
	 Crit Inc Heal: 2
	 Crit Inc Damage: 2
Haste
	 Rating: 20779
	 Multiplicative Factor: 0%
	 DR Bracket: 1
	 Base: 0%
	 Effective Percent: 31,33%
Vers
	 Rating: 11584
	 Multiplicative Factor: 0%
	 DR Bracket: 0
	 Base: 3%
	 Effective Percent: 17,85%
Leech
	 Rating: 3060
	 Multiplicative Factor: 0%
	 DR Bracket: 0
	 Base: 0%
	 Effective Percent: 3%
Avoidance
	 Rating: 898
	 Multiplicative Factor: 0%
	 DR Bracket: 0
	 Base: 0%
	 Effective Percent: 1,65%
Mastery
	 Rating: 10454
	 Multiplicative Factor: 0%
	 DR Bracket: 0
	 Base: ∞%
	 Effective Percent: ∞%
----------------------
02:03,968

Intellect
	 Rating: 9813
	 Multiplicative Factor: 8,15%
Stamina
	 Rating: 1248060
	 Multiplicative Factor: 5%
Crit
	 Rating: 32080
	 Multiplicative Factor: 0%
	 DR Bracket: 2
	 Base: 5%
	 Effective Percent: 48,66%
	 Crit Inc Heal: 2
	 Crit Inc Damage: 2
Haste
	 Rating: 20779
	 Multiplicative Factor: 0%
	 DR Bracket: 1
	 Base: 0%
	 Effective Percent: 31,33%
Vers
	 Rating: 11584
	 Multiplicative Factor: 0%
	 DR Bracket: 0
	 Base: 3%
	 Effective Percent: 17,85%
Leech
	 Rating: 3060
	 Multiplicative Factor: 0%
	 DR Bracket: 0
	 Base: 0%
	 Effective Percent: 3%
Avoidance
	 Rating: 898
	 Multiplicative Factor: 0%
	 DR Bracket: 0
	 Base: 0%
	 Effective Percent: 1,65%
Mastery
	 Rating: 10454
	 Multiplicative Factor: 0%
	 DR Bracket: 0
	 Base: ∞%
	 Effective Percent: ∞%
----------------------
02:11,378

Intellect
	 Rating: 9813
	 Multiplicative Factor: 8,15%
Stamina
	 Rating: 1248060
	 Multiplicative Factor: 5%
Crit
	 Rating: 26229
	 Multiplicative Factor: 0%
	 DR Bracket: 1
	 Base: 5%
	 Effective Percent: 41,72%
	 Crit Inc Heal: 2
	 Crit Inc Damage: 2
Haste
	 Rating: 20779
	 Multiplicative Factor: 0%
	 DR Bracket: 1
	 Base: 0%
	 Effective Percent: 31,33%
Vers
	 Rating: 11584
	 Multiplicative Factor: 0%
	 DR Bracket: 0
	 Base: 3%
	 Effective Percent: 17,85%
Leech
	 Rating: 3060
	 Multiplicative Factor: 0%
	 DR Bracket: 0
	 Base: 0%
	 Effective Percent: 3%
Avoidance
	 Rating: 898
	 Multiplicative Factor: 0%
	 DR Bracket: 0
	 Base: 0%
	 Effective Percent: 1,65%
Mastery
	 Rating: 10454
	 Multiplicative Factor: 0%
	 DR Bracket: 0
	 Base: ∞%
	 Effective Percent: ∞%
----------------------
02:13,193

Intellect
	 Rating: 9813
	 Multiplicative Factor: 8,15%
Stamina
	 Rating: 1248060
	 Multiplicative Factor: 5%
Crit
	 Rating: 20379
	 Multiplicative Factor: 0%
	 DR Bracket: 0
	 Base: 5%
	 Effective Percent: 34,11%
	 Crit Inc Heal: 2
	 Crit Inc Damage: 2
Haste
	 Rating: 20779
	 Multiplicative Factor: 0%
	 DR Bracket: 1
	 Base: 0%
	 Effective Percent: 31,33%
Vers
	 Rating: 11584
	 Multiplicative Factor: 0%
	 DR Bracket: 0
	 Base: 3%
	 Effective Percent: 17,85%
Leech
	 Rating: 3060
	 Multiplicative Factor: 0%
	 DR Bracket: 0
	 Base: 0%
	 Effective Percent: 3%
Avoidance
	 Rating: 898
	 Multiplicative Factor: 0%
	 DR Bracket: 0
	 Base: 0%
	 Effective Percent: 1,65%
Mastery
	 Rating: 10454
	 Multiplicative Factor: 0%
	 DR Bracket: 0
	 Base: ∞%
	 Effective Percent: ∞%
----------------------
02:13,992

Intellect
	 Rating: 9813
	 Multiplicative Factor: 8,15%
Stamina
	 Rating: 1248060
	 Multiplicative Factor: 5%
Crit
	 Rating: 14528
	 Multiplicative Factor: 0%
	 DR Bracket: 0
	 Base: 5%
	 Effective Percent: 25,75%
	 Crit Inc Heal: 2
	 Crit Inc Damage: 2
Haste
	 Rating: 20779
	 Multiplicative Factor: 0%
	 DR Bracket: 1
	 Base: 0%
	 Effective Percent: 31,33%
Vers
	 Rating: 11584
	 Multiplicative Factor: 0%
	 DR Bracket: 0
	 Base: 3%
	 Effective Percent: 17,85%
Leech
	 Rating: 3060
	 Multiplicative Factor: 0%
	 DR Bracket: 0
	 Base: 0%
	 Effective Percent: 3%
Avoidance
	 Rating: 898
	 Multiplicative Factor: 0%
	 DR Bracket: 0
	 Base: 0%
	 Effective Percent: 1,65%
Mastery
	 Rating: 10454
	 Multiplicative Factor: 0%
	 DR Bracket: 0
	 Base: ∞%
	 Effective Percent: ∞%
----------------------
02:27,516

Intellect
	 Rating: 9813
	 Multiplicative Factor: 8,15%
Stamina
	 Rating: 1248060
	 Multiplicative Factor: 5%
Crit
	 Rating: 20379
	 Multiplicative Factor: 0%
	 DR Bracket: 0
	 Base: 5%
	 Effective Percent: 34,11%
	 Crit Inc Heal: 2
	 Crit Inc Damage: 2
Haste
	 Rating: 20779
	 Multiplicative Factor: 0%
	 DR Bracket: 1
	 Base: 0%
	 Effective Percent: 31,33%
Vers
	 Rating: 11584
	 Multiplicative Factor: 0%
	 DR Bracket: 0
	 Base: 3%
	 Effective Percent: 17,85%
Leech
	 Rating: 3060
	 Multiplicative Factor: 0%
	 DR Bracket: 0
	 Base: 0%
	 Effective Percent: 3%
Avoidance
	 Rating: 898
	 Multiplicative Factor: 0%
	 DR Bracket: 0
	 Base: 0%
	 Effective Percent: 1,65%
Mastery
	 Rating: 10454
	 Multiplicative Factor: 0%
	 DR Bracket: 0
	 Base: ∞%
	 Effective Percent: ∞%
----------------------
02:29,872

Intellect
	 Rating: 9813
	 Multiplicative Factor: 8,15%
Stamina
	 Rating: 1248060
	 Multiplicative Factor: 5%
Crit
	 Rating: 20379
	 Multiplicative Factor: 0%
	 DR Bracket: 0
	 Base: 5%
	 Effective Percent: 34,11%
	 Crit Inc Heal: 2
	 Crit Inc Damage: 2
Haste
	 Rating: 20779
	 Multiplicative Factor: 0%
	 DR Bracket: 1
	 Base: 0%
	 Effective Percent: 31,33%
Vers
	 Rating: 11584
	 Multiplicative Factor: 0%
	 DR Bracket: 0
	 Base: 0%
	 Effective Percent: 14,85%
Leech
	 Rating: 3060
	 Multiplicative Factor: 0%
	 DR Bracket: 0
	 Base: 0%
	 Effective Percent: 3%
Avoidance
	 Rating: 898
	 Multiplicative Factor: 0%
	 DR Bracket: 0
	 Base: 0%
	 Effective Percent: 1,65%
Mastery
	 Rating: 10454
	 Multiplicative Factor: 0%
	 DR Bracket: 0
	 Base: ∞%
	 Effective Percent: ∞%
----------------------
02:29,872

Intellect
	 Rating: 9813
	 Multiplicative Factor: 8,15%
Stamina
	 Rating: 1248060
	 Multiplicative Factor: 5%
Crit
	 Rating: 20379
	 Multiplicative Factor: 0%
	 DR Bracket: 0
	 Base: 5%
	 Effective Percent: 34,11%
	 Crit Inc Heal: 2
	 Crit Inc Damage: 2
Haste
	 Rating: 20779
	 Multiplicative Factor: 0%
	 DR Bracket: 1
	 Base: 0%
	 Effective Percent: 31,33%
Vers
	 Rating: 11584
	 Multiplicative Factor: 0%
	 DR Bracket: 0
	 Base: 3%
	 Effective Percent: 17,85%
Leech
	 Rating: 3060
	 Multiplicative Factor: 0%
	 DR Bracket: 0
	 Base: 0%
	 Effective Percent: 3%
Avoidance
	 Rating: 898
	 Multiplicative Factor: 0%
	 DR Bracket: 0
	 Base: 0%
	 Effective Percent: 1,65%
Mastery
	 Rating: 10454
	 Multiplicative Factor: 0%
	 DR Bracket: 0
	 Base: ∞%
	 Effective Percent: ∞%
----------------------
02:37,581

Intellect
	 Rating: 9813
	 Multiplicative Factor: 8,15%
Stamina
	 Rating: 1248060
	 Multiplicative Factor: 5%
Crit
	 Rating: 14528
	 Multiplicative Factor: 0%
	 DR Bracket: 0
	 Base: 5%
	 Effective Percent: 25,75%
	 Crit Inc Heal: 2
	 Crit Inc Damage: 2
Haste
	 Rating: 20779
	 Multiplicative Factor: 0%
	 DR Bracket: 1
	 Base: 0%
	 Effective Percent: 31,33%
Vers
	 Rating: 11584
	 Multiplicative Factor: 0%
	 DR Bracket: 0
	 Base: 3%
	 Effective Percent: 17,85%
Leech
	 Rating: 3060
	 Multiplicative Factor: 0%
	 DR Bracket: 0
	 Base: 0%
	 Effective Percent: 3%
Avoidance
	 Rating: 898
	 Multiplicative Factor: 0%
	 DR Bracket: 0
	 Base: 0%
	 Effective Percent: 1,65%
Mastery
	 Rating: 10454
	 Multiplicative Factor: 0%
	 DR Bracket: 0
	 Base: ∞%
	 Effective Percent: ∞%
----------------------
03:20,298

Intellect
	 Rating: 9813
	 Multiplicative Factor: 8,15%
Stamina
	 Rating: 1248060
	 Multiplicative Factor: 5%
Crit
	 Rating: 20379
	 Multiplicative Factor: 0%
	 DR Bracket: 0
	 Base: 5%
	 Effective Percent: 34,11%
	 Crit Inc Heal: 2
	 Crit Inc Damage: 2
Haste
	 Rating: 20779
	 Multiplicative Factor: 0%
	 DR Bracket: 1
	 Base: 0%
	 Effective Percent: 31,33%
Vers
	 Rating: 11584
	 Multiplicative Factor: 0%
	 DR Bracket: 0
	 Base: 3%
	 Effective Percent: 17,85%
Leech
	 Rating: 3060
	 Multiplicative Factor: 0%
	 DR Bracket: 0
	 Base: 0%
	 Effective Percent: 3%
Avoidance
	 Rating: 898
	 Multiplicative Factor: 0%
	 DR Bracket: 0
	 Base: 0%
	 Effective Percent: 1,65%
Mastery
	 Rating: 10454
	 Multiplicative Factor: 0%
	 DR Bracket: 0
	 Base: ∞%
	 Effective Percent: ∞%
----------------------
03:20,547

Intellect
	 Rating: 9813
	 Multiplicative Factor: 8,15%
Stamina
	 Rating: 1248060
	 Multiplicative Factor: 5%
Crit
	 Rating: 26229
	 Multiplicative Factor: 0%
	 DR Bracket: 1
	 Base: 5%
	 Effective Percent: 41,72%
	 Crit Inc Heal: 2
	 Crit Inc Damage: 2
Haste
	 Rating: 20779
	 Multiplicative Factor: 0%
	 DR Bracket: 1
	 Base: 0%
	 Effective Percent: 31,33%
Vers
	 Rating: 11584
	 Multiplicative Factor: 0%
	 DR Bracket: 0
	 Base: 3%
	 Effective Percent: 17,85%
Leech
	 Rating: 3060
	 Multiplicative Factor: 0%
	 DR Bracket: 0
	 Base: 0%
	 Effective Percent: 3%
Avoidance
	 Rating: 898
	 Multiplicative Factor: 0%
	 DR Bracket: 0
	 Base: 0%
	 Effective Percent: 1,65%
Mastery
	 Rating: 10454
	 Multiplicative Factor: 0%
	 DR Bracket: 0
	 Base: ∞%
	 Effective Percent: ∞%
----------------------
03:30,295

Intellect
	 Rating: 9813
	 Multiplicative Factor: 8,15%
Stamina
	 Rating: 1248060
	 Multiplicative Factor: 5%
Crit
	 Rating: 20379
	 Multiplicative Factor: 0%
	 DR Bracket: 0
	 Base: 5%
	 Effective Percent: 34,11%
	 Crit Inc Heal: 2
	 Crit Inc Damage: 2
Haste
	 Rating: 20779
	 Multiplicative Factor: 0%
	 DR Bracket: 1
	 Base: 0%
	 Effective Percent: 31,33%
Vers
	 Rating: 11584
	 Multiplicative Factor: 0%
	 DR Bracket: 0
	 Base: 3%
	 Effective Percent: 17,85%
Leech
	 Rating: 3060
	 Multiplicative Factor: 0%
	 DR Bracket: 0
	 Base: 0%
	 Effective Percent: 3%
Avoidance
	 Rating: 898
	 Multiplicative Factor: 0%
	 DR Bracket: 0
	 Base: 0%
	 Effective Percent: 1,65%
Mastery
	 Rating: 10454
	 Multiplicative Factor: 0%
	 DR Bracket: 0
	 Base: ∞%
	 Effective Percent: ∞%
----------------------
03:30,555

Intellect
	 Rating: 9813
	 Multiplicative Factor: 8,15%
Stamina
	 Rating: 1248060
	 Multiplicative Factor: 5%
Crit
	 Rating: 14528
	 Multiplicative Factor: 0%
	 DR Bracket: 0
	 Base: 5%
	 Effective Percent: 25,75%
	 Crit Inc Heal: 2
	 Crit Inc Damage: 2
Haste
	 Rating: 20779
	 Multiplicative Factor: 0%
	 DR Bracket: 1
	 Base: 0%
	 Effective Percent: 31,33%
Vers
	 Rating: 11584
	 Multiplicative Factor: 0%
	 DR Bracket: 0
	 Base: 3%
	 Effective Percent: 17,85%
Leech
	 Rating: 3060
	 Multiplicative Factor: 0%
	 DR Bracket: 0
	 Base: 0%
	 Effective Percent: 3%
Avoidance
	 Rating: 898
	 Multiplicative Factor: 0%
	 DR Bracket: 0
	 Base: 0%
	 Effective Percent: 1,65%
Mastery
	 Rating: 10454
	 Multiplicative Factor: 0%
	 DR Bracket: 0
	 Base: ∞%
	 Effective Percent: ∞%
----------------------
04:20,126

Intellect
	 Rating: 9813
	 Multiplicative Factor: 8,15%
Stamina
	 Rating: 1248060
	 Multiplicative Factor: 5%
Crit
	 Rating: 20379
	 Multiplicative Factor: 0%
	 DR Bracket: 0
	 Base: 5%
	 Effective Percent: 34,11%
	 Crit Inc Heal: 2
	 Crit Inc Damage: 2
Haste
	 Rating: 20779
	 Multiplicative Factor: 0%
	 DR Bracket: 1
	 Base: 0%
	 Effective Percent: 31,33%
Vers
	 Rating: 11584
	 Multiplicative Factor: 0%
	 DR Bracket: 0
	 Base: 3%
	 Effective Percent: 17,85%
Leech
	 Rating: 3060
	 Multiplicative Factor: 0%
	 DR Bracket: 0
	 Base: 0%
	 Effective Percent: 3%
Avoidance
	 Rating: 898
	 Multiplicative Factor: 0%
	 DR Bracket: 0
	 Base: 0%
	 Effective Percent: 1,65%
Mastery
	 Rating: 10454
	 Multiplicative Factor: 0%
	 DR Bracket: 0
	 Base: ∞%
	 Effective Percent: ∞%
----------------------
04:23,927

Intellect
	 Rating: 9813
	 Multiplicative Factor: 8,15%
Stamina
	 Rating: 1248060
	 Multiplicative Factor: 5%
Crit
	 Rating: 20379
	 Multiplicative Factor: 0%
	 DR Bracket: 0
	 Base: 5%
	 Effective Percent: 34,11%
	 Crit Inc Heal: 2
	 Crit Inc Damage: 2
Haste
	 Rating: 20779
	 Multiplicative Factor: 0%
	 DR Bracket: 1
	 Base: 30%
	 Effective Percent: 61,34%
Vers
	 Rating: 11584
	 Multiplicative Factor: 0%
	 DR Bracket: 0
	 Base: 3%
	 Effective Percent: 17,85%
Leech
	 Rating: 3060
	 Multiplicative Factor: 0%
	 DR Bracket: 0
	 Base: 0%
	 Effective Percent: 3%
Avoidance
	 Rating: 898
	 Multiplicative Factor: 0%
	 DR Bracket: 0
	 Base: 0%
	 Effective Percent: 1,65%
Mastery
	 Rating: 10454
	 Multiplicative Factor: 0%
	 DR Bracket: 0
	 Base: ∞%
	 Effective Percent: ∞%
----------------------
04:30,156

Intellect
	 Rating: 9813
	 Multiplicative Factor: 8,15%
Stamina
	 Rating: 1248060
	 Multiplicative Factor: 5%
Crit
	 Rating: 14528
	 Multiplicative Factor: 0%
	 DR Bracket: 0
	 Base: 5%
	 Effective Percent: 25,75%
	 Crit Inc Heal: 2
	 Crit Inc Damage: 2
Haste
	 Rating: 20779
	 Multiplicative Factor: 0%
	 DR Bracket: 1
	 Base: 30%
	 Effective Percent: 61,34%
Vers
	 Rating: 11584
	 Multiplicative Factor: 0%
	 DR Bracket: 0
	 Base: 3%
	 Effective Percent: 17,85%
Leech
	 Rating: 3060
	 Multiplicative Factor: 0%
	 DR Bracket: 0
	 Base: 0%
	 Effective Percent: 3%
Avoidance
	 Rating: 898
	 Multiplicative Factor: 0%
	 DR Bracket: 0
	 Base: 0%
	 Effective Percent: 1,65%
Mastery
	 Rating: 10454
	 Multiplicative Factor: 0%
	 DR Bracket: 0
	 Base: ∞%
	 Effective Percent: ∞%
----------------------
05:03,905

Intellect
	 Rating: 9813
	 Multiplicative Factor: 8,15%
Stamina
	 Rating: 1248060
	 Multiplicative Factor: 5%
Crit
	 Rating: 20379
	 Multiplicative Factor: 0%
	 DR Bracket: 0
	 Base: 5%
	 Effective Percent: 34,11%
	 Crit Inc Heal: 2
	 Crit Inc Damage: 2
Haste
	 Rating: 20779
	 Multiplicative Factor: 0%
	 DR Bracket: 1
	 Base: 30%
	 Effective Percent: 61,34%
Vers
	 Rating: 11584
	 Multiplicative Factor: 0%
	 DR Bracket: 0
	 Base: 3%
	 Effective Percent: 17,85%
Leech
	 Rating: 3060
	 Multiplicative Factor: 0%
	 DR Bracket: 0
	 Base: 0%
	 Effective Percent: 3%
Avoidance
	 Rating: 898
	 Multiplicative Factor: 0%
	 DR Bracket: 0
	 Base: 0%
	 Effective Percent: 1,65%
Mastery
	 Rating: 10454
	 Multiplicative Factor: 0%
	 DR Bracket: 0
	 Base: ∞%
	 Effective Percent: ∞%
----------------------
05:03,952

Intellect
	 Rating: 9813
	 Multiplicative Factor: 8,15%
Stamina
	 Rating: 1248060
	 Multiplicative Factor: 5%
Crit
	 Rating: 20379
	 Multiplicative Factor: 0%
	 DR Bracket: 0
	 Base: 5%
	 Effective Percent: 34,11%
	 Crit Inc Heal: 2
	 Crit Inc Damage: 2
Haste
	 Rating: 20779
	 Multiplicative Factor: 0%
	 DR Bracket: 1
	 Base: 0%
	 Effective Percent: 31,33%
Vers
	 Rating: 11584
	 Multiplicative Factor: 0%
	 DR Bracket: 0
	 Base: 3%
	 Effective Percent: 17,85%
Leech
	 Rating: 3060
	 Multiplicative Factor: 0%
	 DR Bracket: 0
	 Base: 0%
	 Effective Percent: 3%
Avoidance
	 Rating: 898
	 Multiplicative Factor: 0%
	 DR Bracket: 0
	 Base: 0%
	 Effective Percent: 1,65%
Mastery
	 Rating: 10454
	 Multiplicative Factor: 0%
	 DR Bracket: 0
	 Base: ∞%
	 Effective Percent: ∞%
----------------------
05:13,902

Intellect
	 Rating: 9813
	 Multiplicative Factor: 8,15%
Stamina
	 Rating: 1248060
	 Multiplicative Factor: 5%
Crit
	 Rating: 14528
	 Multiplicative Factor: 0%
	 DR Bracket: 0
	 Base: 5%
	 Effective Percent: 25,75%
	 Crit Inc Heal: 2
	 Crit Inc Damage: 2
Haste
	 Rating: 20779
	 Multiplicative Factor: 0%
	 DR Bracket: 1
	 Base: 0%
	 Effective Percent: 31,33%
Vers
	 Rating: 11584
	 Multiplicative Factor: 0%
	 DR Bracket: 0
	 Base: 3%
	 Effective Percent: 17,85%
Leech
	 Rating: 3060
	 Multiplicative Factor: 0%
	 DR Bracket: 0
	 Base: 0%
	 Effective Percent: 3%
Avoidance
	 Rating: 898
	 Multiplicative Factor: 0%
	 DR Bracket: 0
	 Base: 0%
	 Effective Percent: 1,65%
Mastery
	 Rating: 10454
	 Multiplicative Factor: 0%
	 DR Bracket: 0
	 Base: ∞%
	 Effective Percent: ∞%
----------------------
05:21,942

Intellect
	 Rating: 9813
	 Multiplicative Factor: 8,15%
Stamina
	 Rating: 1248060
	 Multiplicative Factor: 5%
Crit
	 Rating: 20379
	 Multiplicative Factor: 0%
	 DR Bracket: 0
	 Base: 5%
	 Effective Percent: 34,11%
	 Crit Inc Heal: 2
	 Crit Inc Damage: 2
Haste
	 Rating: 20779
	 Multiplicative Factor: 0%
	 DR Bracket: 1
	 Base: 0%
	 Effective Percent: 31,33%
Vers
	 Rating: 11584
	 Multiplicative Factor: 0%
	 DR Bracket: 0
	 Base: 3%
	 Effective Percent: 17,85%
Leech
	 Rating: 3060
	 Multiplicative Factor: 0%
	 DR Bracket: 0
	 Base: 0%
	 Effective Percent: 3%
Avoidance
	 Rating: 898
	 Multiplicative Factor: 0%
	 DR Bracket: 0
	 Base: 0%
	 Effective Percent: 1,65%
Mastery
	 Rating: 10454
	 Multiplicative Factor: 0%
	 DR Bracket: 0
	 Base: ∞%
	 Effective Percent: ∞%
----------------------
05:31,943

Intellect
	 Rating: 9813
	 Multiplicative Factor: 8,15%
Stamina
	 Rating: 1248060
	 Multiplicative Factor: 5%
Crit
	 Rating: 14528
	 Multiplicative Factor: 0%
	 DR Bracket: 0
	 Base: 5%
	 Effective Percent: 25,75%
	 Crit Inc Heal: 2
	 Crit Inc Damage: 2
Haste
	 Rating: 20779
	 Multiplicative Factor: 0%
	 DR Bracket: 1
	 Base: 0%
	 Effective Percent: 31,33%
Vers
	 Rating: 11584
	 Multiplicative Factor: 0%
	 DR Bracket: 0
	 Base: 3%
	 Effective Percent: 17,85%
Leech
	 Rating: 3060
	 Multiplicative Factor: 0%
	 DR Bracket: 0
	 Base: 0%
	 Effective Percent: 3%
Avoidance
	 Rating: 898
	 Multiplicative Factor: 0%
	 DR Bracket: 0
	 Base: 0%
	 Effective Percent: 1,65%
Mastery
	 Rating: 10454
	 Multiplicative Factor: 0%
	 DR Bracket: 0
	 Base: ∞%
	 Effective Percent: ∞%
----------------------
05:43,820

Intellect
	 Rating: 9813
	 Multiplicative Factor: 8,15%
Stamina
	 Rating: 1248060
	 Multiplicative Factor: 5%
Crit
	 Rating: 14528
	 Multiplicative Factor: 0%
	 DR Bracket: 0
	 Base: 5%
	 Effective Percent: 25,75%
	 Crit Inc Heal: 2
	 Crit Inc Damage: 2
Haste
	 Rating: 20779
	 Multiplicative Factor: 0%
	 DR Bracket: 1
	 Base: 0%
	 Effective Percent: 31,33%
Vers
	 Rating: 11584
	 Multiplicative Factor: 0%
	 DR Bracket: 0
	 Base: 0%
	 Effective Percent: 14,85%
Leech
	 Rating: 3060
	 Multiplicative Factor: 0%
	 DR Bracket: 0
	 Base: 0%
	 Effective Percent: 3%
Avoidance
	 Rating: 898
	 Multiplicative Factor: 0%
	 DR Bracket: 0
	 Base: 0%
	 Effective Percent: 1,65%
Mastery
	 Rating: 10454
	 Multiplicative Factor: 0%
	 DR Bracket: 0
	 Base: ∞%
	 Effective Percent: ∞%
----------------------
05:43,820

Intellect
	 Rating: 9813
	 Multiplicative Factor: 8,15%
Stamina
	 Rating: 1248060
	 Multiplicative Factor: 5%
Crit
	 Rating: 14528
	 Multiplicative Factor: 0%
	 DR Bracket: 0
	 Base: 5%
	 Effective Percent: 25,75%
	 Crit Inc Heal: 2
	 Crit Inc Damage: 2
Haste
	 Rating: 20779
	 Multiplicative Factor: 0%
	 DR Bracket: 1
	 Base: 0%
	 Effective Percent: 31,33%
Vers
	 Rating: 11584
	 Multiplicative Factor: 0%
	 DR Bracket: 0
	 Base: 3%
	 Effective Percent: 17,85%
Leech
	 Rating: 3060
	 Multiplicative Factor: 0%
	 DR Bracket: 0
	 Base: 0%
	 Effective Percent: 3%
Avoidance
	 Rating: 898
	 Multiplicative Factor: 0%
	 DR Bracket: 0
	 Base: 0%
	 Effective Percent: 1,65%
Mastery
	 Rating: 10454
	 Multiplicative Factor: 0%
	 DR Bracket: 0
	 Base: ∞%
	 Effective Percent: ∞%
----------------------
05:48,295

Intellect
	 Rating: 9813
	 Multiplicative Factor: 8,15%
Stamina
	 Rating: 1248060
	 Multiplicative Factor: 5%
Crit
	 Rating: 20379
	 Multiplicative Factor: 0%
	 DR Bracket: 0
	 Base: 5%
	 Effective Percent: 34,11%
	 Crit Inc Heal: 2
	 Crit Inc Damage: 2
Haste
	 Rating: 20779
	 Multiplicative Factor: 0%
	 DR Bracket: 1
	 Base: 0%
	 Effective Percent: 31,33%
Vers
	 Rating: 11584
	 Multiplicative Factor: 0%
	 DR Bracket: 0
	 Base: 3%
	 Effective Percent: 17,85%
Leech
	 Rating: 3060
	 Multiplicative Factor: 0%
	 DR Bracket: 0
	 Base: 0%
	 Effective Percent: 3%
Avoidance
	 Rating: 898
	 Multiplicative Factor: 0%
	 DR Bracket: 0
	 Base: 0%
	 Effective Percent: 1,65%
Mastery
	 Rating: 10454
	 Multiplicative Factor: 0%
	 DR Bracket: 0
	 Base: ∞%
	 Effective Percent: ∞%
----------------------
05:58,297

Intellect
	 Rating: 9813
	 Multiplicative Factor: 8,15%
Stamina
	 Rating: 1248060
	 Multiplicative Factor: 5%
Crit
	 Rating: 14528
	 Multiplicative Factor: 0%
	 DR Bracket: 0
	 Base: 5%
	 Effective Percent: 25,75%
	 Crit Inc Heal: 2
	 Crit Inc Damage: 2
Haste
	 Rating: 20779
	 Multiplicative Factor: 0%
	 DR Bracket: 1
	 Base: 0%
	 Effective Percent: 31,33%
Vers
	 Rating: 11584
	 Multiplicative Factor: 0%
	 DR Bracket: 0
	 Base: 3%
	 Effective Percent: 17,85%
Leech
	 Rating: 3060
	 Multiplicative Factor: 0%
	 DR Bracket: 0
	 Base: 0%
	 Effective Percent: 3%
Avoidance
	 Rating: 898
	 Multiplicative Factor: 0%
	 DR Bracket: 0
	 Base: 0%
	 Effective Percent: 1,65%
Mastery
	 Rating: 10454
	 Multiplicative Factor: 0%
	 DR Bracket: 0
	 Base: ∞%
	 Effective Percent: ∞%
----------------------
06:03,607

Intellect
	 Rating: 9813
	 Multiplicative Factor: 8,15%
Stamina
	 Rating: 1248060
	 Multiplicative Factor: 5%
Crit
	 Rating: 20379
	 Multiplicative Factor: 0%
	 DR Bracket: 0
	 Base: 5%
	 Effective Percent: 34,11%
	 Crit Inc Heal: 2
	 Crit Inc Damage: 2
Haste
	 Rating: 20779
	 Multiplicative Factor: 0%
	 DR Bracket: 1
	 Base: 0%
	 Effective Percent: 31,33%
Vers
	 Rating: 11584
	 Multiplicative Factor: 0%
	 DR Bracket: 0
	 Base: 3%
	 Effective Percent: 17,85%
Leech
	 Rating: 3060
	 Multiplicative Factor: 0%
	 DR Bracket: 0
	 Base: 0%
	 Effective Percent: 3%
Avoidance
	 Rating: 898
	 Multiplicative Factor: 0%
	 DR Bracket: 0
	 Base: 0%
	 Effective Percent: 1,65%
Mastery
	 Rating: 10454
	 Multiplicative Factor: 0%
	 DR Bracket: 0
	 Base: ∞%
	 Effective Percent: ∞%
----------------------
06:03,957

Intellect
	 Rating: 9813
	 Multiplicative Factor: 8,15%
Stamina
	 Rating: 1248060
	 Multiplicative Factor: 5%
Crit
	 Rating: 26229
	 Multiplicative Factor: 0%
	 DR Bracket: 1
	 Base: 5%
	 Effective Percent: 41,72%
	 Crit Inc Heal: 2
	 Crit Inc Damage: 2
Haste
	 Rating: 20779
	 Multiplicative Factor: 0%
	 DR Bracket: 1
	 Base: 0%
	 Effective Percent: 31,33%
Vers
	 Rating: 11584
	 Multiplicative Factor: 0%
	 DR Bracket: 0
	 Base: 3%
	 Effective Percent: 17,85%
Leech
	 Rating: 3060
	 Multiplicative Factor: 0%
	 DR Bracket: 0
	 Base: 0%
	 Effective Percent: 3%
Avoidance
	 Rating: 898
	 Multiplicative Factor: 0%
	 DR Bracket: 0
	 Base: 0%
	 Effective Percent: 1,65%
Mastery
	 Rating: 10454
	 Multiplicative Factor: 0%
	 DR Bracket: 0
	 Base: ∞%
	 Effective Percent: ∞%
----------------------
06:04,187

Intellect
	 Rating: 9813
	 Multiplicative Factor: 8,15%
Stamina
	 Rating: 1248060
	 Multiplicative Factor: 5%
Crit
	 Rating: 32080
	 Multiplicative Factor: 0%
	 DR Bracket: 2
	 Base: 5%
	 Effective Percent: 48,66%
	 Crit Inc Heal: 2
	 Crit Inc Damage: 2
Haste
	 Rating: 20779
	 Multiplicative Factor: 0%
	 DR Bracket: 1
	 Base: 0%
	 Effective Percent: 31,33%
Vers
	 Rating: 11584
	 Multiplicative Factor: 0%
	 DR Bracket: 0
	 Base: 3%
	 Effective Percent: 17,85%
Leech
	 Rating: 3060
	 Multiplicative Factor: 0%
	 DR Bracket: 0
	 Base: 0%
	 Effective Percent: 3%
Avoidance
	 Rating: 898
	 Multiplicative Factor: 0%
	 DR Bracket: 0
	 Base: 0%
	 Effective Percent: 1,65%
Mastery
	 Rating: 10454
	 Multiplicative Factor: 0%
	 DR Bracket: 0
	 Base: ∞%
	 Effective Percent: ∞%
----------------------
06:13,621

Intellect
	 Rating: 9813
	 Multiplicative Factor: 8,15%
Stamina
	 Rating: 1248060
	 Multiplicative Factor: 5%
Crit
	 Rating: 26229
	 Multiplicative Factor: 0%
	 DR Bracket: 1
	 Base: 5%
	 Effective Percent: 41,72%
	 Crit Inc Heal: 2
	 Crit Inc Damage: 2
Haste
	 Rating: 20779
	 Multiplicative Factor: 0%
	 DR Bracket: 1
	 Base: 0%
	 Effective Percent: 31,33%
Vers
	 Rating: 11584
	 Multiplicative Factor: 0%
	 DR Bracket: 0
	 Base: 3%
	 Effective Percent: 17,85%
Leech
	 Rating: 3060
	 Multiplicative Factor: 0%
	 DR Bracket: 0
	 Base: 0%
	 Effective Percent: 3%
Avoidance
	 Rating: 898
	 Multiplicative Factor: 0%
	 DR Bracket: 0
	 Base: 0%
	 Effective Percent: 1,65%
Mastery
	 Rating: 10454
	 Multiplicative Factor: 0%
	 DR Bracket: 0
	 Base: ∞%
	 Effective Percent: ∞%
----------------------
06:13,979

Intellect
	 Rating: 9813
	 Multiplicative Factor: 8,15%
Stamina
	 Rating: 1248060
	 Multiplicative Factor: 5%
Crit
	 Rating: 20379
	 Multiplicative Factor: 0%
	 DR Bracket: 0
	 Base: 5%
	 Effective Percent: 34,11%
	 Crit Inc Heal: 2
	 Crit Inc Damage: 2
Haste
	 Rating: 20779
	 Multiplicative Factor: 0%
	 DR Bracket: 1
	 Base: 0%
	 Effective Percent: 31,33%
Vers
	 Rating: 11584
	 Multiplicative Factor: 0%
	 DR Bracket: 0
	 Base: 3%
	 Effective Percent: 17,85%
Leech
	 Rating: 3060
	 Multiplicative Factor: 0%
	 DR Bracket: 0
	 Base: 0%
	 Effective Percent: 3%
Avoidance
	 Rating: 898
	 Multiplicative Factor: 0%
	 DR Bracket: 0
	 Base: 0%
	 Effective Percent: 1,65%
Mastery
	 Rating: 10454
	 Multiplicative Factor: 0%
	 DR Bracket: 0
	 Base: ∞%
	 Effective Percent: ∞%
----------------------
06:14,192

Intellect
	 Rating: 9813
	 Multiplicative Factor: 8,15%
Stamina
	 Rating: 1248060
	 Multiplicative Factor: 5%
Crit
	 Rating: 14528
	 Multiplicative Factor: 0%
	 DR Bracket: 0
	 Base: 5%
	 Effective Percent: 25,75%
	 Crit Inc Heal: 2
	 Crit Inc Damage: 2
Haste
	 Rating: 20779
	 Multiplicative Factor: 0%
	 DR Bracket: 1
	 Base: 0%
	 Effective Percent: 31,33%
Vers
	 Rating: 11584
	 Multiplicative Factor: 0%
	 DR Bracket: 0
	 Base: 3%
	 Effective Percent: 17,85%
Leech
	 Rating: 3060
	 Multiplicative Factor: 0%
	 DR Bracket: 0
	 Base: 0%
	 Effective Percent: 3%
Avoidance
	 Rating: 898
	 Multiplicative Factor: 0%
	 DR Bracket: 0
	 Base: 0%
	 Effective Percent: 1,65%
Mastery
	 Rating: 10454
	 Multiplicative Factor: 0%
	 DR Bracket: 0
	 Base: ∞%
	 Effective Percent: ∞%
----------------------
06:20,401

Intellect
	 Rating: 9813
	 Multiplicative Factor: 8,15%
Stamina
	 Rating: 1248060
	 Multiplicative Factor: 5%
Crit
	 Rating: 20379
	 Multiplicative Factor: 0%
	 DR Bracket: 0
	 Base: 5%
	 Effective Percent: 34,11%
	 Crit Inc Heal: 2
	 Crit Inc Damage: 2
Haste
	 Rating: 20779
	 Multiplicative Factor: 0%
	 DR Bracket: 1
	 Base: 0%
	 Effective Percent: 31,33%
Vers
	 Rating: 11584
	 Multiplicative Factor: 0%
	 DR Bracket: 0
	 Base: 3%
	 Effective Percent: 17,85%
Leech
	 Rating: 3060
	 Multiplicative Factor: 0%
	 DR Bracket: 0
	 Base: 0%
	 Effective Percent: 3%
Avoidance
	 Rating: 898
	 Multiplicative Factor: 0%
	 DR Bracket: 0
	 Base: 0%
	 Effective Percent: 1,65%
Mastery
	 Rating: 10454
	 Multiplicative Factor: 0%
	 DR Bracket: 0
	 Base: ∞%
	 Effective Percent: ∞%
----------------------
06:30,429

Intellect
	 Rating: 9813
	 Multiplicative Factor: 8,15%
Stamina
	 Rating: 1248060
	 Multiplicative Factor: 5%
Crit
	 Rating: 14528
	 Multiplicative Factor: 0%
	 DR Bracket: 0
	 Base: 5%
	 Effective Percent: 25,75%
	 Crit Inc Heal: 2
	 Crit Inc Damage: 2
Haste
	 Rating: 20779
	 Multiplicative Factor: 0%
	 DR Bracket: 1
	 Base: 0%
	 Effective Percent: 31,33%
Vers
	 Rating: 11584
	 Multiplicative Factor: 0%
	 DR Bracket: 0
	 Base: 3%
	 Effective Percent: 17,85%
Leech
	 Rating: 3060
	 Multiplicative Factor: 0%
	 DR Bracket: 0
	 Base: 0%
	 Effective Percent: 3%
Avoidance
	 Rating: 898
	 Multiplicative Factor: 0%
	 DR Bracket: 0
	 Base: 0%
	 Effective Percent: 1,65%
Mastery
	 Rating: 10454
	 Multiplicative Factor: 0%
	 DR Bracket: 0
	 Base: ∞%
	 Effective Percent: ∞%
----------------------
06:51,812

Intellect
	 Rating: 9813
	 Multiplicative Factor: 8,15%
Stamina
	 Rating: 1248060
	 Multiplicative Factor: 5%
Crit
	 Rating: 14528
	 Multiplicative Factor: 0%
	 DR Bracket: 0
	 Base: 5%
	 Effective Percent: 25,75%
	 Crit Inc Heal: 2
	 Crit Inc Damage: 2
Haste
	 Rating: 20779
	 Multiplicative Factor: 0%
	 DR Bracket: 1
	 Base: 0%
	 Effective Percent: 31,33%
Vers
	 Rating: 11584
	 Multiplicative Factor: 0%
	 DR Bracket: 0
	 Base: 0%
	 Effective Percent: 14,85%
Leech
	 Rating: 3060
	 Multiplicative Factor: 0%
	 DR Bracket: 0
	 Base: 0%
	 Effective Percent: 3%
Avoidance
	 Rating: 898
	 Multiplicative Factor: 0%
	 DR Bracket: 0
	 Base: 0%
	 Effective Percent: 1,65%
Mastery
	 Rating: 10454
	 Multiplicative Factor: 0%
	 DR Bracket: 0
	 Base: ∞%
	 Effective Percent: ∞%
----------------------
06:51,812

Intellect
	 Rating: 9813
	 Multiplicative Factor: 8,15%
Stamina
	 Rating: 1248060
	 Multiplicative Factor: 5%
Crit
	 Rating: 14528
	 Multiplicative Factor: 0%
	 DR Bracket: 0
	 Base: 5%
	 Effective Percent: 25,75%
	 Crit Inc Heal: 2
	 Crit Inc Damage: 2
Haste
	 Rating: 20779
	 Multiplicative Factor: 0%
	 DR Bracket: 1
	 Base: 0%
	 Effective Percent: 31,33%
Vers
	 Rating: 11584
	 Multiplicative Factor: 0%
	 DR Bracket: 0
	 Base: 3%
	 Effective Percent: 17,85%
Leech
	 Rating: 3060
	 Multiplicative Factor: 0%
	 DR Bracket: 0
	 Base: 0%
	 Effective Percent: 3%
Avoidance
	 Rating: 898
	 Multiplicative Factor: 0%
	 DR Bracket: 0
	 Base: 0%
	 Effective Percent: 1,65%
Mastery
	 Rating: 10454
	 Multiplicative Factor: 0%
	 DR Bracket: 0
	 Base: ∞%
	 Effective Percent: ∞%
----------------------
06:55,416

Intellect
	 Rating: 9813
	 Multiplicative Factor: 8,15%
Stamina
	 Rating: 1248060
	 Multiplicative Factor: 5%
Crit
	 Rating: 20379
	 Multiplicative Factor: 0%
	 DR Bracket: 0
	 Base: 5%
	 Effective Percent: 34,11%
	 Crit Inc Heal: 2
	 Crit Inc Damage: 2
Haste
	 Rating: 20779
	 Multiplicative Factor: 0%
	 DR Bracket: 1
	 Base: 0%
	 Effective Percent: 31,33%
Vers
	 Rating: 11584
	 Multiplicative Factor: 0%
	 DR Bracket: 0
	 Base: 3%
	 Effective Percent: 17,85%
Leech
	 Rating: 3060
	 Multiplicative Factor: 0%
	 DR Bracket: 0
	 Base: 0%
	 Effective Percent: 3%
Avoidance
	 Rating: 898
	 Multiplicative Factor: 0%
	 DR Bracket: 0
	 Base: 0%
	 Effective Percent: 1,65%
Mastery
	 Rating: 10454
	 Multiplicative Factor: 0%
	 DR Bracket: 0
	 Base: ∞%
	 Effective Percent: ∞%
----------------------
07:05,435

Intellect
	 Rating: 9813
	 Multiplicative Factor: 8,15%
Stamina
	 Rating: 1248060
	 Multiplicative Factor: 5%
Crit
	 Rating: 14528
	 Multiplicative Factor: 0%
	 DR Bracket: 0
	 Base: 5%
	 Effective Percent: 25,75%
	 Crit Inc Heal: 2
	 Crit Inc Damage: 2
Haste
	 Rating: 20779
	 Multiplicative Factor: 0%
	 DR Bracket: 1
	 Base: 0%
	 Effective Percent: 31,33%
Vers
	 Rating: 11584
	 Multiplicative Factor: 0%
	 DR Bracket: 0
	 Base: 3%
	 Effective Percent: 17,85%
Leech
	 Rating: 3060
	 Multiplicative Factor: 0%
	 DR Bracket: 0
	 Base: 0%
	 Effective Percent: 3%
Avoidance
	 Rating: 898
	 Multiplicative Factor: 0%
	 DR Bracket: 0
	 Base: 0%
	 Effective Percent: 1,65%
Mastery
	 Rating: 10454
	 Multiplicative Factor: 0%
	 DR Bracket: 0
	 Base: ∞%
	 Effective Percent: ∞%
