----------------------
00:07,822

Intellect
	 Rating: 137223
	 Multiplicative Factor: 14,73%
Stamina
	 Rating: 792620
	 Multiplicative Factor: 11,3%
Crit
	 Rating: 30021
	 Multiplicative Factor: 0%
	 DR Bracket: 2
	 Base: 9%
	 Effective Percent: 50,21%
	 Crit Inc Heal: 2
	 Crit Inc Damage: 2
Haste
	 Rating: 14569
	 Multiplicative Factor: 0%
	 DR Bracket: 0
	 Base: 1%
	 Effective Percent: 23,07%
Vers
	 Rating: 10815
	 Multiplicative Factor: 0%
	 DR Bracket: 0
	 Base: 3%
	 Effective Percent: 16,87%
Leech
	 Rating: 4194
	 Multiplicative Factor: 0%
	 DR Bracket: 0
	 Base: 0%
	 Effective Percent: 4,11%
Avoidance
	 Rating: 851
	 Multiplicative Factor: 0%
	 DR Bracket: 0
	 Base: 0%
	 Effective Percent: 1,56%
Mastery
	 Rating: 2489
	 Multiplicative Factor: 0%
	 DR Bracket: 0
	 Base: 21%
	 Effective Percent: 26,33%
----------------------
00:12,693

Intellect
	 Rating: 137223
	 Multiplicative Factor: 14,73%
Stamina
	 Rating: 792620
	 Multiplicative Factor: 11,3%
Crit
	 Rating: 30021
	 Multiplicative Factor: 0%
	 DR Bracket: 2
	 Base: 9%
	 Effective Percent: 50,21%
	 Crit Inc Heal: 2
	 Crit Inc Damage: 2
Haste
	 Rating: 14569
	 Multiplicative Factor: 0%
	 DR Bracket: 0
	 Base: 2%
	 Effective Percent: 24,07%
Vers
	 Rating: 10815
	 Multiplicative Factor: 0%
	 DR Bracket: 0
	 Base: 3%
	 Effective Percent: 16,87%
Leech
	 Rating: 4194
	 Multiplicative Factor: 0%
	 DR Bracket: 0
	 Base: 0%
	 Effective Percent: 4,11%
Avoidance
	 Rating: 851
	 Multiplicative Factor: 0%
	 DR Bracket: 0
	 Base: 0%
	 Effective Percent: 1,56%
Mastery
	 Rating: 2489
	 Multiplicative Factor: 0%
	 DR Bracket: 0
	 Base: 21%
	 Effective Percent: 26,33%
----------------------
00:18,742

Intellect
	 Rating: 137223
	 Multiplicative Factor: 14,73%
Stamina
	 Rating: 792620
	 Multiplicative Factor: 11,3%
Crit
	 Rating: 30021
	 Multiplicative Factor: 0%
	 DR Bracket: 2
	 Base: 9%
	 Effective Percent: 50,21%
	 Crit Inc Heal: 2
	 Crit Inc Damage: 2
Haste
	 Rating: 14569
	 Multiplicative Factor: 0%
	 DR Bracket: 0
	 Base: 3%
	 Effective Percent: 25,07%
Vers
	 Rating: 10815
	 Multiplicative Factor: 0%
	 DR Bracket: 0
	 Base: 3%
	 Effective Percent: 16,87%
Leech
	 Rating: 4194
	 Multiplicative Factor: 0%
	 DR Bracket: 0
	 Base: 0%
	 Effective Percent: 4,11%
Avoidance
	 Rating: 851
	 Multiplicative Factor: 0%
	 DR Bracket: 0
	 Base: 0%
	 Effective Percent: 1,56%
Mastery
	 Rating: 2489
	 Multiplicative Factor: 0%
	 DR Bracket: 0
	 Base: 21%
	 Effective Percent: 26,33%
----------------------
00:20,689

Intellect
	 Rating: 137223
	 Multiplicative Factor: 14,73%
Stamina
	 Rating: 792620
	 Multiplicative Factor: 11,3%
Crit
	 Rating: 30021
	 Multiplicative Factor: 0%
	 DR Bracket: 2
	 Base: 9%
	 Effective Percent: 50,21%
	 Crit Inc Heal: 2
	 Crit Inc Damage: 2
Haste
	 Rating: 14569
	 Multiplicative Factor: 0%
	 DR Bracket: 0
	 Base: 3%
	 Effective Percent: 25,07%
Vers
	 Rating: 10815
	 Multiplicative Factor: 0%
	 DR Bracket: 0
	 Base: 0%
	 Effective Percent: 13,87%
Leech
	 Rating: 4194
	 Multiplicative Factor: 0%
	 DR Bracket: 0
	 Base: 0%
	 Effective Percent: 4,11%
Avoidance
	 Rating: 851
	 Multiplicative Factor: 0%
	 DR Bracket: 0
	 Base: 0%
	 Effective Percent: 1,56%
Mastery
	 Rating: 2489
	 Multiplicative Factor: 0%
	 DR Bracket: 0
	 Base: 21%
	 Effective Percent: 26,33%
----------------------
00:20,689

Intellect
	 Rating: 137223
	 Multiplicative Factor: 14,73%
Stamina
	 Rating: 792620
	 Multiplicative Factor: 11,3%
Crit
	 Rating: 30021
	 Multiplicative Factor: 0%
	 DR Bracket: 2
	 Base: 9%
	 Effective Percent: 50,21%
	 Crit Inc Heal: 2
	 Crit Inc Damage: 2
Haste
	 Rating: 14569
	 Multiplicative Factor: 0%
	 DR Bracket: 0
	 Base: 3%
	 Effective Percent: 25,07%
Vers
	 Rating: 10815
	 Multiplicative Factor: 0%
	 DR Bracket: 0
	 Base: 3%
	 Effective Percent: 16,87%
Leech
	 Rating: 4194
	 Multiplicative Factor: 0%
	 DR Bracket: 0
	 Base: 0%
	 Effective Percent: 4,11%
Avoidance
	 Rating: 851
	 Multiplicative Factor: 0%
	 DR Bracket: 0
	 Base: 0%
	 Effective Percent: 1,56%
Mastery
	 Rating: 2489
	 Multiplicative Factor: 0%
	 DR Bracket: 0
	 Base: 21%
	 Effective Percent: 26,33%
----------------------
00:21,149

Intellect
	 Rating: 137223
	 Multiplicative Factor: 14,73%
Stamina
	 Rating: 792620
	 Multiplicative Factor: 11,3%
Crit
	 Rating: 30021
	 Multiplicative Factor: 0%
	 DR Bracket: 2
	 Base: 9%
	 Effective Percent: 50,21%
	 Crit Inc Heal: 2
	 Crit Inc Damage: 2
Haste
	 Rating: 14569
	 Multiplicative Factor: 0%
	 DR Bracket: 0
	 Base: 4%
	 Effective Percent: 26,07%
Vers
	 Rating: 10815
	 Multiplicative Factor: 0%
	 DR Bracket: 0
	 Base: 3%
	 Effective Percent: 16,87%
Leech
	 Rating: 4194
	 Multiplicative Factor: 0%
	 DR Bracket: 0
	 Base: 0%
	 Effective Percent: 4,11%
Avoidance
	 Rating: 851
	 Multiplicative Factor: 0%
	 DR Bracket: 0
	 Base: 0%
	 Effective Percent: 1,56%
Mastery
	 Rating: 2489
	 Multiplicative Factor: 0%
	 DR Bracket: 0
	 Base: 21%
	 Effective Percent: 26,33%
----------------------
00:22,982

Intellect
	 Rating: 137223
	 Multiplicative Factor: 14,73%
Stamina
	 Rating: 792620
	 Multiplicative Factor: 11,3%
Crit
	 Rating: 30021
	 Multiplicative Factor: 0%
	 DR Bracket: 2
	 Base: 9%
	 Effective Percent: 50,21%
	 Crit Inc Heal: 2
	 Crit Inc Damage: 2
Haste
	 Rating: 14569
	 Multiplicative Factor: 0%
	 DR Bracket: 0
	 Base: 4%
	 Effective Percent: 26,07%
Vers
	 Rating: 10815
	 Multiplicative Factor: 0%
	 DR Bracket: 0
	 Base: 3%
	 Effective Percent: 16,87%
Leech
	 Rating: 4194
	 Multiplicative Factor: 0%
	 DR Bracket: 0
	 Base: 0%
	 Effective Percent: 4,11%
Avoidance
	 Rating: 851
	 Multiplicative Factor: 0%
	 DR Bracket: 0
	 Base: 0%
	 Effective Percent: 1,56%
Mastery
	 Rating: 2489
	 Multiplicative Factor: 0%
	 DR Bracket: 0
	 Base: 18%
	 Effective Percent: 23,33%
----------------------
00:22,983

Intellect
	 Rating: 137223
	 Multiplicative Factor: 14,73%
Stamina
	 Rating: 792620
	 Multiplicative Factor: 11,3%
Crit
	 Rating: 30021
	 Multiplicative Factor: 0%
	 DR Bracket: 2
	 Base: 9%
	 Effective Percent: 50,21%
	 Crit Inc Heal: 2
	 Crit Inc Damage: 2
Haste
	 Rating: 14569
	 Multiplicative Factor: 0%
	 DR Bracket: 0
	 Base: 4%
	 Effective Percent: 26,07%
Vers
	 Rating: 10815
	 Multiplicative Factor: 0%
	 DR Bracket: 0
	 Base: 3%
	 Effective Percent: 16,87%
Leech
	 Rating: 4194
	 Multiplicative Factor: 0%
	 DR Bracket: 0
	 Base: 0%
	 Effective Percent: 4,11%
Avoidance
	 Rating: 851
	 Multiplicative Factor: 0%
	 DR Bracket: 0
	 Base: 0%
	 Effective Percent: 1,56%
Mastery
	 Rating: 2489
	 Multiplicative Factor: 0%
	 DR Bracket: 0
	 Base: 21%
	 Effective Percent: 26,33%
----------------------
00:24,707

Intellect
	 Rating: 137223
	 Multiplicative Factor: 14,73%
Stamina
	 Rating: 792620
	 Multiplicative Factor: 11,3%
Crit
	 Rating: 30021
	 Multiplicative Factor: 0%
	 DR Bracket: 2
	 Base: 9%
	 Effective Percent: 50,21%
	 Crit Inc Heal: 2
	 Crit Inc Damage: 2
Haste
	 Rating: 14569
	 Multiplicative Factor: 0%
	 DR Bracket: 0
	 Base: 5%
	 Effective Percent: 27,07%
Vers
	 Rating: 10815
	 Multiplicative Factor: 0%
	 DR Bracket: 0
	 Base: 3%
	 Effective Percent: 16,87%
Leech
	 Rating: 4194
	 Multiplicative Factor: 0%
	 DR Bracket: 0
	 Base: 0%
	 Effective Percent: 4,11%
Avoidance
	 Rating: 851
	 Multiplicative Factor: 0%
	 DR Bracket: 0
	 Base: 0%
	 Effective Percent: 1,56%
Mastery
	 Rating: 2489
	 Multiplicative Factor: 0%
	 DR Bracket: 0
	 Base: 21%
	 Effective Percent: 26,33%
----------------------
00:35,633

Intellect
	 Rating: 137223
	 Multiplicative Factor: 14,73%
Stamina
	 Rating: 792620
	 Multiplicative Factor: 11,3%
Crit
	 Rating: 30021
	 Multiplicative Factor: 0%
	 DR Bracket: 2
	 Base: 9%
	 Effective Percent: 50,21%
	 Crit Inc Heal: 2
	 Crit Inc Damage: 2
Haste
	 Rating: 14569
	 Multiplicative Factor: 0%
	 DR Bracket: 0
	 Base: 5%
	 Effective Percent: 27,07%
Vers
	 Rating: 10815
	 Multiplicative Factor: 0%
	 DR Bracket: 0
	 Base: 0%
	 Effective Percent: 13,87%
Leech
	 Rating: 4194
	 Multiplicative Factor: 0%
	 DR Bracket: 0
	 Base: 0%
	 Effective Percent: 4,11%
Avoidance
	 Rating: 851
	 Multiplicative Factor: 0%
	 DR Bracket: 0
	 Base: 0%
	 Effective Percent: 1,56%
Mastery
	 Rating: 2489
	 Multiplicative Factor: 0%
	 DR Bracket: 0
	 Base: 21%
	 Effective Percent: 26,33%
----------------------
00:35,633

Intellect
	 Rating: 137223
	 Multiplicative Factor: 14,73%
Stamina
	 Rating: 792620
	 Multiplicative Factor: 11,3%
Crit
	 Rating: 30021
	 Multiplicative Factor: 0%
	 DR Bracket: 2
	 Base: 9%
	 Effective Percent: 50,21%
	 Crit Inc Heal: 2
	 Crit Inc Damage: 2
Haste
	 Rating: 14569
	 Multiplicative Factor: 0%
	 DR Bracket: 0
	 Base: 5%
	 Effective Percent: 27,07%
Vers
	 Rating: 10815
	 Multiplicative Factor: 0%
	 DR Bracket: 0
	 Base: 3%
	 Effective Percent: 16,87%
Leech
	 Rating: 4194
	 Multiplicative Factor: 0%
	 DR Bracket: 0
	 Base: 0%
	 Effective Percent: 4,11%
Avoidance
	 Rating: 851
	 Multiplicative Factor: 0%
	 DR Bracket: 0
	 Base: 0%
	 Effective Percent: 1,56%
Mastery
	 Rating: 2489
	 Multiplicative Factor: 0%
	 DR Bracket: 0
	 Base: 21%
	 Effective Percent: 26,33%
----------------------
01:19,613

Intellect
	 Rating: 133226
	 Multiplicative Factor: 11,38%
Stamina
	 Rating: 792620
	 Multiplicative Factor: 11,3%
Crit
	 Rating: 30021
	 Multiplicative Factor: 0%
	 DR Bracket: 2
	 Base: 9%
	 Effective Percent: 50,21%
	 Crit Inc Heal: 2
	 Crit Inc Damage: 2
Haste
	 Rating: 14569
	 Multiplicative Factor: 0%
	 DR Bracket: 0
	 Base: 5%
	 Effective Percent: 27,07%
Vers
	 Rating: 10815
	 Multiplicative Factor: 0%
	 DR Bracket: 0
	 Base: 3%
	 Effective Percent: 16,87%
Leech
	 Rating: 4194
	 Multiplicative Factor: 0%
	 DR Bracket: 0
	 Base: 0%
	 Effective Percent: 4,11%
Avoidance
	 Rating: 851
	 Multiplicative Factor: 0%
	 DR Bracket: 0
	 Base: 0%
	 Effective Percent: 1,56%
Mastery
	 Rating: 2489
	 Multiplicative Factor: 0%
	 DR Bracket: 0
	 Base: 21%
	 Effective Percent: 26,33%
----------------------
01:19,613

Intellect
	 Rating: 137223
	 Multiplicative Factor: 14,73%
Stamina
	 Rating: 792620
	 Multiplicative Factor: 11,3%
Crit
	 Rating: 30021
	 Multiplicative Factor: 0%
	 DR Bracket: 2
	 Base: 9%
	 Effective Percent: 50,21%
	 Crit Inc Heal: 2
	 Crit Inc Damage: 2
Haste
	 Rating: 14569
	 Multiplicative Factor: 0%
	 DR Bracket: 0
	 Base: 5%
	 Effective Percent: 27,07%
Vers
	 Rating: 10815
	 Multiplicative Factor: 0%
	 DR Bracket: 0
	 Base: 3%
	 Effective Percent: 16,87%
Leech
	 Rating: 4194
	 Multiplicative Factor: 0%
	 DR Bracket: 0
	 Base: 0%
	 Effective Percent: 4,11%
Avoidance
	 Rating: 851
	 Multiplicative Factor: 0%
	 DR Bracket: 0
	 Base: 0%
	 Effective Percent: 1,56%
Mastery
	 Rating: 2489
	 Multiplicative Factor: 0%
	 DR Bracket: 0
	 Base: 21%
	 Effective Percent: 26,33%
----------------------
01:24,008

Intellect
	 Rating: 137223
	 Multiplicative Factor: 14,73%
Stamina
	 Rating: 792620
	 Multiplicative Factor: 11,3%
Crit
	 Rating: 30021
	 Multiplicative Factor: 0%
	 DR Bracket: 2
	 Base: 9%
	 Effective Percent: 50,21%
	 Crit Inc Heal: 2
	 Crit Inc Damage: 2
Haste
	 Rating: 14569
	 Multiplicative Factor: 0%
	 DR Bracket: 0
	 Base: 5%
	 Effective Percent: 27,07%
Vers
	 Rating: 10815
	 Multiplicative Factor: 0%
	 DR Bracket: 0
	 Base: 0%
	 Effective Percent: 13,87%
Leech
	 Rating: 4194
	 Multiplicative Factor: 0%
	 DR Bracket: 0
	 Base: 0%
	 Effective Percent: 4,11%
Avoidance
	 Rating: 851
	 Multiplicative Factor: 0%
	 DR Bracket: 0
	 Base: 0%
	 Effective Percent: 1,56%
Mastery
	 Rating: 2489
	 Multiplicative Factor: 0%
	 DR Bracket: 0
	 Base: 21%
	 Effective Percent: 26,33%
----------------------
01:24,008

Intellect
	 Rating: 137223
	 Multiplicative Factor: 14,73%
Stamina
	 Rating: 792620
	 Multiplicative Factor: 11,3%
Crit
	 Rating: 30021
	 Multiplicative Factor: 0%
	 DR Bracket: 2
	 Base: 9%
	 Effective Percent: 50,21%
	 Crit Inc Heal: 2
	 Crit Inc Damage: 2
Haste
	 Rating: 14569
	 Multiplicative Factor: 0%
	 DR Bracket: 0
	 Base: 5%
	 Effective Percent: 27,07%
Vers
	 Rating: 10815
	 Multiplicative Factor: 0%
	 DR Bracket: 0
	 Base: 3%
	 Effective Percent: 16,87%
Leech
	 Rating: 4194
	 Multiplicative Factor: 0%
	 DR Bracket: 0
	 Base: 0%
	 Effective Percent: 4,11%
Avoidance
	 Rating: 851
	 Multiplicative Factor: 0%
	 DR Bracket: 0
	 Base: 0%
	 Effective Percent: 1,56%
Mastery
	 Rating: 2489
	 Multiplicative Factor: 0%
	 DR Bracket: 0
	 Base: 21%
	 Effective Percent: 26,33%
