----------------------
00:14,799

Intellect
	 Rating: 131800
	 Multiplicative Factor: 14,73%
Stamina
	 Rating: 827793
	 Multiplicative Factor: 11,3%
Crit
	 Rating: 30718
	 Multiplicative Factor: 0%
	 DR Bracket: 2
	 Base: 9%
	 Effective Percent: 51,11%
	 Crit Inc Heal: 2
	 Crit Inc Damage: 2
Haste
	 Rating: 13499
	 Multiplicative Factor: 0%
	 DR Bracket: 0
	 Base: 1%
	 Effective Percent: 21,45%
Vers
	 Rating: 15766
	 Multiplicative Factor: 0%
	 DR Bracket: 0
	 Base: 3%
	 Effective Percent: 23,21%
Leech
	 Rating: 5073
	 Multiplicative Factor: 0%
	 DR Bracket: 0
	 Base: 0%
	 Effective Percent: 4,97%
Avoidance
	 Rating: 0
	 Multiplicative Factor: 0%
	 DR Bracket: 0
	 Base: 0%
	 Effective Percent: 0%
Mastery
	 Rating: 2642
	 Multiplicative Factor: 0%
	 DR Bracket: 0
	 Base: 21%
	 Effective Percent: 26,66%
----------------------
00:17,259

Intellect
	 Rating: 131800
	 Multiplicative Factor: 14,73%
Stamina
	 Rating: 827793
	 Multiplicative Factor: 11,3%
Crit
	 Rating: 30718
	 Multiplicative Factor: 0%
	 DR Bracket: 2
	 Base: 9%
	 Effective Percent: 51,11%
	 Crit Inc Heal: 2
	 Crit Inc Damage: 2
Haste
	 Rating: 13499
	 Multiplicative Factor: 0%
	 DR Bracket: 0
	 Base: 2%
	 Effective Percent: 22,45%
Vers
	 Rating: 15766
	 Multiplicative Factor: 0%
	 DR Bracket: 0
	 Base: 3%
	 Effective Percent: 23,21%
Leech
	 Rating: 5073
	 Multiplicative Factor: 0%
	 DR Bracket: 0
	 Base: 0%
	 Effective Percent: 4,97%
Avoidance
	 Rating: 0
	 Multiplicative Factor: 0%
	 DR Bracket: 0
	 Base: 0%
	 Effective Percent: 0%
Mastery
	 Rating: 2642
	 Multiplicative Factor: 0%
	 DR Bracket: 0
	 Base: 21%
	 Effective Percent: 26,66%
----------------------
00:25,829

Intellect
	 Rating: 131800
	 Multiplicative Factor: 14,73%
Stamina
	 Rating: 827793
	 Multiplicative Factor: 11,3%
Crit
	 Rating: 30718
	 Multiplicative Factor: 0%
	 DR Bracket: 2
	 Base: 9%
	 Effective Percent: 51,11%
	 Crit Inc Heal: 2
	 Crit Inc Damage: 2
Haste
	 Rating: 13499
	 Multiplicative Factor: 0%
	 DR Bracket: 0
	 Base: 3%
	 Effective Percent: 23,45%
Vers
	 Rating: 15766
	 Multiplicative Factor: 0%
	 DR Bracket: 0
	 Base: 3%
	 Effective Percent: 23,21%
Leech
	 Rating: 5073
	 Multiplicative Factor: 0%
	 DR Bracket: 0
	 Base: 0%
	 Effective Percent: 4,97%
Avoidance
	 Rating: 0
	 Multiplicative Factor: 0%
	 DR Bracket: 0
	 Base: 0%
	 Effective Percent: 0%
Mastery
	 Rating: 2642
	 Multiplicative Factor: 0%
	 DR Bracket: 0
	 Base: 21%
	 Effective Percent: 26,66%
----------------------
00:28,253

Intellect
	 Rating: 131800
	 Multiplicative Factor: 14,73%
Stamina
	 Rating: 827793
	 Multiplicative Factor: 11,3%
Crit
	 Rating: 30718
	 Multiplicative Factor: 0%
	 DR Bracket: 2
	 Base: 9%
	 Effective Percent: 51,11%
	 Crit Inc Heal: 2
	 Crit Inc Damage: 2
Haste
	 Rating: 13499
	 Multiplicative Factor: 0%
	 DR Bracket: 0
	 Base: 4%
	 Effective Percent: 24,45%
Vers
	 Rating: 15766
	 Multiplicative Factor: 0%
	 DR Bracket: 0
	 Base: 3%
	 Effective Percent: 23,21%
Leech
	 Rating: 5073
	 Multiplicative Factor: 0%
	 DR Bracket: 0
	 Base: 0%
	 Effective Percent: 4,97%
Avoidance
	 Rating: 0
	 Multiplicative Factor: 0%
	 DR Bracket: 0
	 Base: 0%
	 Effective Percent: 0%
Mastery
	 Rating: 2642
	 Multiplicative Factor: 0%
	 DR Bracket: 0
	 Base: 21%
	 Effective Percent: 26,66%
----------------------
00:29,448

Intellect
	 Rating: 131800
	 Multiplicative Factor: 14,73%
Stamina
	 Rating: 827793
	 Multiplicative Factor: 11,3%
Crit
	 Rating: 30718
	 Multiplicative Factor: 0%
	 DR Bracket: 2
	 Base: 9%
	 Effective Percent: 51,11%
	 Crit Inc Heal: 2
	 Crit Inc Damage: 2
Haste
	 Rating: 13499
	 Multiplicative Factor: 0%
	 DR Bracket: 0
	 Base: 5%
	 Effective Percent: 25,45%
Vers
	 Rating: 15766
	 Multiplicative Factor: 0%
	 DR Bracket: 0
	 Base: 3%
	 Effective Percent: 23,21%
Leech
	 Rating: 5073
	 Multiplicative Factor: 0%
	 DR Bracket: 0
	 Base: 0%
	 Effective Percent: 4,97%
Avoidance
	 Rating: 0
	 Multiplicative Factor: 0%
	 DR Bracket: 0
	 Base: 0%
	 Effective Percent: 0%
Mastery
	 Rating: 2642
	 Multiplicative Factor: 0%
	 DR Bracket: 0
	 Base: 21%
	 Effective Percent: 26,66%
