----------------------
00:07,990

Intellect
	 Rating: 137223
	 Multiplicative Factor: 14,73%
Stamina
	 Rating: 792620
	 Multiplicative Factor: 11,3%
Crit
	 Rating: 32556
	 Multiplicative Factor: 0%
	 DR Bracket: 2
	 Base: 9%
	 Effective Percent: 53,11%
	 Crit Inc Heal: 2
	 Crit Inc Damage: 2
Haste
	 Rating: 14569
	 Multiplicative Factor: 0%
	 DR Bracket: 0
	 Base: 1%
	 Effective Percent: 23,07%
Vers
	 Rating: 10815
	 Multiplicative Factor: 0%
	 DR Bracket: 0
	 Base: 3%
	 Effective Percent: 16,87%
Leech
	 Rating: 4194
	 Multiplicative Factor: 0%
	 DR Bracket: 0
	 Base: 0%
	 Effective Percent: 4,11%
Avoidance
	 Rating: 851
	 Multiplicative Factor: 0%
	 DR Bracket: 0
	 Base: 0%
	 Effective Percent: 1,56%
Mastery
	 Rating: 2489
	 Multiplicative Factor: 0%
	 DR Bracket: 0
	 Base: 21%
	 Effective Percent: 26,33%
----------------------
00:12,884

Intellect
	 Rating: 137223
	 Multiplicative Factor: 14,73%
Stamina
	 Rating: 792620
	 Multiplicative Factor: 11,3%
Crit
	 Rating: 32556
	 Multiplicative Factor: 0%
	 DR Bracket: 2
	 Base: 9%
	 Effective Percent: 53,11%
	 Crit Inc Heal: 2
	 Crit Inc Damage: 2
Haste
	 Rating: 14569
	 Multiplicative Factor: 0%
	 DR Bracket: 0
	 Base: 2%
	 Effective Percent: 24,07%
Vers
	 Rating: 10815
	 Multiplicative Factor: 0%
	 DR Bracket: 0
	 Base: 3%
	 Effective Percent: 16,87%
Leech
	 Rating: 4194
	 Multiplicative Factor: 0%
	 DR Bracket: 0
	 Base: 0%
	 Effective Percent: 4,11%
Avoidance
	 Rating: 851
	 Multiplicative Factor: 0%
	 DR Bracket: 0
	 Base: 0%
	 Effective Percent: 1,56%
Mastery
	 Rating: 2489
	 Multiplicative Factor: 0%
	 DR Bracket: 0
	 Base: 21%
	 Effective Percent: 26,33%
----------------------
00:18,990

Intellect
	 Rating: 137223
	 Multiplicative Factor: 14,73%
Stamina
	 Rating: 792620
	 Multiplicative Factor: 11,3%
Crit
	 Rating: 32556
	 Multiplicative Factor: 0%
	 DR Bracket: 2
	 Base: 9%
	 Effective Percent: 53,11%
	 Crit Inc Heal: 2
	 Crit Inc Damage: 2
Haste
	 Rating: 14569
	 Multiplicative Factor: 0%
	 DR Bracket: 0
	 Base: 3%
	 Effective Percent: 25,07%
Vers
	 Rating: 10815
	 Multiplicative Factor: 0%
	 DR Bracket: 0
	 Base: 3%
	 Effective Percent: 16,87%
Leech
	 Rating: 4194
	 Multiplicative Factor: 0%
	 DR Bracket: 0
	 Base: 0%
	 Effective Percent: 4,11%
Avoidance
	 Rating: 851
	 Multiplicative Factor: 0%
	 DR Bracket: 0
	 Base: 0%
	 Effective Percent: 1,56%
Mastery
	 Rating: 2489
	 Multiplicative Factor: 0%
	 DR Bracket: 0
	 Base: 21%
	 Effective Percent: 26,33%
----------------------
00:21,411

Intellect
	 Rating: 137223
	 Multiplicative Factor: 14,73%
Stamina
	 Rating: 792620
	 Multiplicative Factor: 11,3%
Crit
	 Rating: 32556
	 Multiplicative Factor: 0%
	 DR Bracket: 2
	 Base: 9%
	 Effective Percent: 53,11%
	 Crit Inc Heal: 2
	 Crit Inc Damage: 2
Haste
	 Rating: 14569
	 Multiplicative Factor: 0%
	 DR Bracket: 0
	 Base: 4%
	 Effective Percent: 26,07%
Vers
	 Rating: 10815
	 Multiplicative Factor: 0%
	 DR Bracket: 0
	 Base: 3%
	 Effective Percent: 16,87%
Leech
	 Rating: 4194
	 Multiplicative Factor: 0%
	 DR Bracket: 0
	 Base: 0%
	 Effective Percent: 4,11%
Avoidance
	 Rating: 851
	 Multiplicative Factor: 0%
	 DR Bracket: 0
	 Base: 0%
	 Effective Percent: 1,56%
Mastery
	 Rating: 2489
	 Multiplicative Factor: 0%
	 DR Bracket: 0
	 Base: 21%
	 Effective Percent: 26,33%
----------------------
00:24,971

Intellect
	 Rating: 137223
	 Multiplicative Factor: 14,73%
Stamina
	 Rating: 792620
	 Multiplicative Factor: 11,3%
Crit
	 Rating: 32556
	 Multiplicative Factor: 0%
	 DR Bracket: 2
	 Base: 9%
	 Effective Percent: 53,11%
	 Crit Inc Heal: 2
	 Crit Inc Damage: 2
Haste
	 Rating: 14569
	 Multiplicative Factor: 0%
	 DR Bracket: 0
	 Base: 5%
	 Effective Percent: 27,07%
Vers
	 Rating: 10815
	 Multiplicative Factor: 0%
	 DR Bracket: 0
	 Base: 3%
	 Effective Percent: 16,87%
Leech
	 Rating: 4194
	 Multiplicative Factor: 0%
	 DR Bracket: 0
	 Base: 0%
	 Effective Percent: 4,11%
Avoidance
	 Rating: 851
	 Multiplicative Factor: 0%
	 DR Bracket: 0
	 Base: 0%
	 Effective Percent: 1,56%
Mastery
	 Rating: 2489
	 Multiplicative Factor: 0%
	 DR Bracket: 0
	 Base: 21%
	 Effective Percent: 26,33%
----------------------
01:37,988

Intellect
	 Rating: 137223
	 Multiplicative Factor: 14,73%
Stamina
	 Rating: 792620
	 Multiplicative Factor: 11,3%
Crit
	 Rating: 32556
	 Multiplicative Factor: 0%
	 DR Bracket: 2
	 Base: 9%
	 Effective Percent: 53,11%
	 Crit Inc Heal: 2
	 Crit Inc Damage: 2
Haste
	 Rating: 14569
	 Multiplicative Factor: 0%
	 DR Bracket: 0
	 Base: 5%
	 Effective Percent: 27,07%
Vers
	 Rating: 10815
	 Multiplicative Factor: 0%
	 DR Bracket: 0
	 Base: 0%
	 Effective Percent: 13,87%
Leech
	 Rating: 4194
	 Multiplicative Factor: 0%
	 DR Bracket: 0
	 Base: 0%
	 Effective Percent: 4,11%
Avoidance
	 Rating: 851
	 Multiplicative Factor: 0%
	 DR Bracket: 0
	 Base: 0%
	 Effective Percent: 1,56%
Mastery
	 Rating: 2489
	 Multiplicative Factor: 0%
	 DR Bracket: 0
	 Base: 21%
	 Effective Percent: 26,33%
----------------------
01:37,988

Intellect
	 Rating: 137223
	 Multiplicative Factor: 14,73%
Stamina
	 Rating: 792620
	 Multiplicative Factor: 11,3%
Crit
	 Rating: 32556
	 Multiplicative Factor: 0%
	 DR Bracket: 2
	 Base: 9%
	 Effective Percent: 53,11%
	 Crit Inc Heal: 2
	 Crit Inc Damage: 2
Haste
	 Rating: 14569
	 Multiplicative Factor: 0%
	 DR Bracket: 0
	 Base: 5%
	 Effective Percent: 27,07%
Vers
	 Rating: 10815
	 Multiplicative Factor: 0%
	 DR Bracket: 0
	 Base: 3%
	 Effective Percent: 16,87%
Leech
	 Rating: 4194
	 Multiplicative Factor: 0%
	 DR Bracket: 0
	 Base: 0%
	 Effective Percent: 4,11%
Avoidance
	 Rating: 851
	 Multiplicative Factor: 0%
	 DR Bracket: 0
	 Base: 0%
	 Effective Percent: 1,56%
Mastery
	 Rating: 2489
	 Multiplicative Factor: 0%
	 DR Bracket: 0
	 Base: 21%
	 Effective Percent: 26,33%
----------------------
01:43,562

Intellect
	 Rating: 137223
	 Multiplicative Factor: 14,73%
Stamina
	 Rating: 792620
	 Multiplicative Factor: 11,3%
Crit
	 Rating: 32556
	 Multiplicative Factor: 0%
	 DR Bracket: 2
	 Base: 9%
	 Effective Percent: 53,11%
	 Crit Inc Heal: 2
	 Crit Inc Damage: 2
Haste
	 Rating: 14569
	 Multiplicative Factor: 0%
	 DR Bracket: 0
	 Base: 5%
	 Effective Percent: 27,07%
Vers
	 Rating: 10815
	 Multiplicative Factor: 0%
	 DR Bracket: 0
	 Base: 3%
	 Effective Percent: 16,87%
Leech
	 Rating: 4194
	 Multiplicative Factor: 0%
	 DR Bracket: 0
	 Base: 0%
	 Effective Percent: 4,11%
Avoidance
	 Rating: 851
	 Multiplicative Factor: 0%
	 DR Bracket: 0
	 Base: 0%
	 Effective Percent: 1,56%
Mastery
	 Rating: 2489
	 Multiplicative Factor: 0%
	 DR Bracket: 0
	 Base: 18%
	 Effective Percent: 23,33%
----------------------
01:43,563

Intellect
	 Rating: 137223
	 Multiplicative Factor: 14,73%
Stamina
	 Rating: 792620
	 Multiplicative Factor: 11,3%
Crit
	 Rating: 32556
	 Multiplicative Factor: 0%
	 DR Bracket: 2
	 Base: 9%
	 Effective Percent: 53,11%
	 Crit Inc Heal: 2
	 Crit Inc Damage: 2
Haste
	 Rating: 14569
	 Multiplicative Factor: 0%
	 DR Bracket: 0
	 Base: 5%
	 Effective Percent: 27,07%
Vers
	 Rating: 10815
	 Multiplicative Factor: 0%
	 DR Bracket: 0
	 Base: 3%
	 Effective Percent: 16,87%
Leech
	 Rating: 4194
	 Multiplicative Factor: 0%
	 DR Bracket: 0
	 Base: 0%
	 Effective Percent: 4,11%
Avoidance
	 Rating: 851
	 Multiplicative Factor: 0%
	 DR Bracket: 0
	 Base: 0%
	 Effective Percent: 1,56%
Mastery
	 Rating: 2489
	 Multiplicative Factor: 0%
	 DR Bracket: 0
	 Base: 21%
	 Effective Percent: 26,33%
----------------------
02:08,529

Intellect
	 Rating: 137223
	 Multiplicative Factor: 14,73%
Stamina
	 Rating: 792620
	 Multiplicative Factor: 11,3%
Crit
	 Rating: 32556
	 Multiplicative Factor: 0%
	 DR Bracket: 2
	 Base: 9%
	 Effective Percent: 53,11%
	 Crit Inc Heal: 2
	 Crit Inc Damage: 2
Haste
	 Rating: 14569
	 Multiplicative Factor: 0%
	 DR Bracket: 0
	 Base: 5%
	 Effective Percent: 27,07%
Vers
	 Rating: 10815
	 Multiplicative Factor: 0%
	 DR Bracket: 0
	 Base: 3%
	 Effective Percent: 16,87%
Leech
	 Rating: 4194
	 Multiplicative Factor: 0%
	 DR Bracket: 0
	 Base: 0%
	 Effective Percent: 4,11%
Avoidance
	 Rating: 851
	 Multiplicative Factor: 0%
	 DR Bracket: 0
	 Base: 0%
	 Effective Percent: 1,56%
Mastery
	 Rating: 2489
	 Multiplicative Factor: 0%
	 DR Bracket: 0
	 Base: 18%
	 Effective Percent: 23,33%
----------------------
02:08,530

Intellect
	 Rating: 137223
	 Multiplicative Factor: 14,73%
Stamina
	 Rating: 754876
	 Multiplicative Factor: 6%
Crit
	 Rating: 32556
	 Multiplicative Factor: 0%
	 DR Bracket: 2
	 Base: 9%
	 Effective Percent: 53,11%
	 Crit Inc Heal: 2
	 Crit Inc Damage: 2
Haste
	 Rating: 14569
	 Multiplicative Factor: 0%
	 DR Bracket: 0
	 Base: 5%
	 Effective Percent: 27,07%
Vers
	 Rating: 10815
	 Multiplicative Factor: 0%
	 DR Bracket: 0
	 Base: 3%
	 Effective Percent: 16,87%
Leech
	 Rating: 4194
	 Multiplicative Factor: 0%
	 DR Bracket: 0
	 Base: 0%
	 Effective Percent: 4,11%
Avoidance
	 Rating: 851
	 Multiplicative Factor: 0%
	 DR Bracket: 0
	 Base: 0%
	 Effective Percent: 1,56%
Mastery
	 Rating: 2489
	 Multiplicative Factor: 0%
	 DR Bracket: 0
	 Base: 18%
	 Effective Percent: 23,33%
----------------------
02:08,530

Intellect
	 Rating: 137223
	 Multiplicative Factor: 14,73%
Stamina
	 Rating: 754876
	 Multiplicative Factor: 6%
Crit
	 Rating: 32556
	 Multiplicative Factor: 0%
	 DR Bracket: 2
	 Base: 9%
	 Effective Percent: 53,11%
	 Crit Inc Heal: 2
	 Crit Inc Damage: 2
Haste
	 Rating: 14569
	 Multiplicative Factor: 0%
	 DR Bracket: 0
	 Base: 5%
	 Effective Percent: 27,07%
Vers
	 Rating: 10815
	 Multiplicative Factor: 0%
	 DR Bracket: 0
	 Base: 0%
	 Effective Percent: 13,87%
Leech
	 Rating: 4194
	 Multiplicative Factor: 0%
	 DR Bracket: 0
	 Base: 0%
	 Effective Percent: 4,11%
Avoidance
	 Rating: 851
	 Multiplicative Factor: 0%
	 DR Bracket: 0
	 Base: 0%
	 Effective Percent: 1,56%
Mastery
	 Rating: 2489
	 Multiplicative Factor: 0%
	 DR Bracket: 0
	 Base: 18%
	 Effective Percent: 23,33%
----------------------
02:08,530

Intellect
	 Rating: 137223
	 Multiplicative Factor: 14,73%
Stamina
	 Rating: 754876
	 Multiplicative Factor: 6%
Crit
	 Rating: 32556
	 Multiplicative Factor: 0%
	 DR Bracket: 2
	 Base: 9%
	 Effective Percent: 53,11%
	 Crit Inc Heal: 2
	 Crit Inc Damage: 2
Haste
	 Rating: 14569
	 Multiplicative Factor: 0%
	 DR Bracket: 0
	 Base: 0%
	 Effective Percent: 22,07%
Vers
	 Rating: 10815
	 Multiplicative Factor: 0%
	 DR Bracket: 0
	 Base: 0%
	 Effective Percent: 13,87%
Leech
	 Rating: 4194
	 Multiplicative Factor: 0%
	 DR Bracket: 0
	 Base: 0%
	 Effective Percent: 4,11%
Avoidance
	 Rating: 851
	 Multiplicative Factor: 0%
	 DR Bracket: 0
	 Base: 0%
	 Effective Percent: 1,56%
Mastery
	 Rating: 2489
	 Multiplicative Factor: 0%
	 DR Bracket: 0
	 Base: 18%
	 Effective Percent: 23,33%
----------------------
02:08,530

Intellect
	 Rating: 133226
	 Multiplicative Factor: 11,38%
Stamina
	 Rating: 754876
	 Multiplicative Factor: 6%
Crit
	 Rating: 32556
	 Multiplicative Factor: 0%
	 DR Bracket: 2
	 Base: 9%
	 Effective Percent: 53,11%
	 Crit Inc Heal: 2
	 Crit Inc Damage: 2
Haste
	 Rating: 14569
	 Multiplicative Factor: 0%
	 DR Bracket: 0
	 Base: 0%
	 Effective Percent: 22,07%
Vers
	 Rating: 10815
	 Multiplicative Factor: 0%
	 DR Bracket: 0
	 Base: 0%
	 Effective Percent: 13,87%
Leech
	 Rating: 4194
	 Multiplicative Factor: 0%
	 DR Bracket: 0
	 Base: 0%
	 Effective Percent: 4,11%
Avoidance
	 Rating: 851
	 Multiplicative Factor: 0%
	 DR Bracket: 0
	 Base: 0%
	 Effective Percent: 1,56%
Mastery
	 Rating: 2489
	 Multiplicative Factor: 0%
	 DR Bracket: 0
	 Base: 18%
	 Effective Percent: 23,33%
