----------------------
00:25,319

Intellect
	 Rating: 157783
	 Multiplicative Factor: 8,15%
Stamina
	 Rating: 757754
	 Multiplicative Factor: 5%
Crit
	 Rating: 8590
	 Multiplicative Factor: 0%
	 DR Bracket: 0
	 Base: 5%
	 Effective Percent: 17,27%
	 Crit Inc Heal: 2
	 Crit Inc Damage: 2
Haste
	 Rating: 22340
	 Multiplicative Factor: 0%
	 DR Bracket: 1
	 Base: 0%
	 Effective Percent: 33,46%
Vers
	 Rating: 19717
	 Multiplicative Factor: 0%
	 DR Bracket: 0
	 Base: 3%
	 Effective Percent: 28,28%
Leech
	 Rating: 0
	 Multiplicative Factor: 0%
	 DR Bracket: 0
	 Base: 0%
	 Effective Percent: 0%
Avoidance
	 Rating: 4354
	 Multiplicative Factor: 0%
	 DR Bracket: 0
	 Base: 0%
	 Effective Percent: 8%
Mastery
	 Rating: 13155
	 Multiplicative Factor: 0%
	 DR Bracket: 0
	 Base: ∞%
	 Effective Percent: ∞%
----------------------
00:35,320

Intellect
	 Rating: 157783
	 Multiplicative Factor: 8,15%
Stamina
	 Rating: 757754
	 Multiplicative Factor: 5%
Crit
	 Rating: 2989
	 Multiplicative Factor: 0%
	 DR Bracket: 0
	 Base: 5%
	 Effective Percent: 9,27%
	 Crit Inc Heal: 2
	 Crit Inc Damage: 2
Haste
	 Rating: 22340
	 Multiplicative Factor: 0%
	 DR Bracket: 1
	 Base: 0%
	 Effective Percent: 33,46%
Vers
	 Rating: 19717
	 Multiplicative Factor: 0%
	 DR Bracket: 0
	 Base: 3%
	 Effective Percent: 28,28%
Leech
	 Rating: 0
	 Multiplicative Factor: 0%
	 DR Bracket: 0
	 Base: 0%
	 Effective Percent: 0%
Avoidance
	 Rating: 4354
	 Multiplicative Factor: 0%
	 DR Bracket: 0
	 Base: 0%
	 Effective Percent: 8%
Mastery
	 Rating: 13155
	 Multiplicative Factor: 0%
	 DR Bracket: 0
	 Base: ∞%
	 Effective Percent: ∞%
----------------------
00:51,571

Intellect
	 Rating: 157783
	 Multiplicative Factor: 8,15%
Stamina
	 Rating: 757754
	 Multiplicative Factor: 5%
Crit
	 Rating: 8590
	 Multiplicative Factor: 0%
	 DR Bracket: 0
	 Base: 5%
	 Effective Percent: 17,27%
	 Crit Inc Heal: 2
	 Crit Inc Damage: 2
Haste
	 Rating: 22340
	 Multiplicative Factor: 0%
	 DR Bracket: 1
	 Base: 0%
	 Effective Percent: 33,46%
Vers
	 Rating: 19717
	 Multiplicative Factor: 0%
	 DR Bracket: 0
	 Base: 3%
	 Effective Percent: 28,28%
Leech
	 Rating: 0
	 Multiplicative Factor: 0%
	 DR Bracket: 0
	 Base: 0%
	 Effective Percent: 0%
Avoidance
	 Rating: 4354
	 Multiplicative Factor: 0%
	 DR Bracket: 0
	 Base: 0%
	 Effective Percent: 8%
Mastery
	 Rating: 13155
	 Multiplicative Factor: 0%
	 DR Bracket: 0
	 Base: ∞%
	 Effective Percent: ∞%
----------------------
00:52,749

Intellect
	 Rating: 157783
	 Multiplicative Factor: 8,15%
Stamina
	 Rating: 757754
	 Multiplicative Factor: 5%
Crit
	 Rating: 14191
	 Multiplicative Factor: 0%
	 DR Bracket: 0
	 Base: 5%
	 Effective Percent: 25,27%
	 Crit Inc Heal: 2
	 Crit Inc Damage: 2
Haste
	 Rating: 22340
	 Multiplicative Factor: 0%
	 DR Bracket: 1
	 Base: 0%
	 Effective Percent: 33,46%
Vers
	 Rating: 19717
	 Multiplicative Factor: 0%
	 DR Bracket: 0
	 Base: 3%
	 Effective Percent: 28,28%
Leech
	 Rating: 0
	 Multiplicative Factor: 0%
	 DR Bracket: 0
	 Base: 0%
	 Effective Percent: 0%
Avoidance
	 Rating: 4354
	 Multiplicative Factor: 0%
	 DR Bracket: 0
	 Base: 0%
	 Effective Percent: 8%
Mastery
	 Rating: 13155
	 Multiplicative Factor: 0%
	 DR Bracket: 0
	 Base: ∞%
	 Effective Percent: ∞%
----------------------
01:01,564

Intellect
	 Rating: 157783
	 Multiplicative Factor: 8,15%
Stamina
	 Rating: 757754
	 Multiplicative Factor: 5%
Crit
	 Rating: 8590
	 Multiplicative Factor: 0%
	 DR Bracket: 0
	 Base: 5%
	 Effective Percent: 17,27%
	 Crit Inc Heal: 2
	 Crit Inc Damage: 2
Haste
	 Rating: 22340
	 Multiplicative Factor: 0%
	 DR Bracket: 1
	 Base: 0%
	 Effective Percent: 33,46%
Vers
	 Rating: 19717
	 Multiplicative Factor: 0%
	 DR Bracket: 0
	 Base: 3%
	 Effective Percent: 28,28%
Leech
	 Rating: 0
	 Multiplicative Factor: 0%
	 DR Bracket: 0
	 Base: 0%
	 Effective Percent: 0%
Avoidance
	 Rating: 4354
	 Multiplicative Factor: 0%
	 DR Bracket: 0
	 Base: 0%
	 Effective Percent: 8%
Mastery
	 Rating: 13155
	 Multiplicative Factor: 0%
	 DR Bracket: 0
	 Base: ∞%
	 Effective Percent: ∞%
----------------------
01:02,752

Intellect
	 Rating: 157783
	 Multiplicative Factor: 8,15%
Stamina
	 Rating: 757754
	 Multiplicative Factor: 5%
Crit
	 Rating: 2989
	 Multiplicative Factor: 0%
	 DR Bracket: 0
	 Base: 5%
	 Effective Percent: 9,27%
	 Crit Inc Heal: 2
	 Crit Inc Damage: 2
Haste
	 Rating: 22340
	 Multiplicative Factor: 0%
	 DR Bracket: 1
	 Base: 0%
	 Effective Percent: 33,46%
Vers
	 Rating: 19717
	 Multiplicative Factor: 0%
	 DR Bracket: 0
	 Base: 3%
	 Effective Percent: 28,28%
Leech
	 Rating: 0
	 Multiplicative Factor: 0%
	 DR Bracket: 0
	 Base: 0%
	 Effective Percent: 0%
Avoidance
	 Rating: 4354
	 Multiplicative Factor: 0%
	 DR Bracket: 0
	 Base: 0%
	 Effective Percent: 8%
Mastery
	 Rating: 13155
	 Multiplicative Factor: 0%
	 DR Bracket: 0
	 Base: ∞%
	 Effective Percent: ∞%
----------------------
01:48,945

Intellect
	 Rating: 157783
	 Multiplicative Factor: 8,15%
Stamina
	 Rating: 757754
	 Multiplicative Factor: 5%
Crit
	 Rating: 8590
	 Multiplicative Factor: 0%
	 DR Bracket: 0
	 Base: 5%
	 Effective Percent: 17,27%
	 Crit Inc Heal: 2
	 Crit Inc Damage: 2
Haste
	 Rating: 22340
	 Multiplicative Factor: 0%
	 DR Bracket: 1
	 Base: 0%
	 Effective Percent: 33,46%
Vers
	 Rating: 19717
	 Multiplicative Factor: 0%
	 DR Bracket: 0
	 Base: 3%
	 Effective Percent: 28,28%
Leech
	 Rating: 0
	 Multiplicative Factor: 0%
	 DR Bracket: 0
	 Base: 0%
	 Effective Percent: 0%
Avoidance
	 Rating: 4354
	 Multiplicative Factor: 0%
	 DR Bracket: 0
	 Base: 0%
	 Effective Percent: 8%
Mastery
	 Rating: 13155
	 Multiplicative Factor: 0%
	 DR Bracket: 0
	 Base: ∞%
	 Effective Percent: ∞%
----------------------
01:58,956

Intellect
	 Rating: 157783
	 Multiplicative Factor: 8,15%
Stamina
	 Rating: 757754
	 Multiplicative Factor: 5%
Crit
	 Rating: 2989
	 Multiplicative Factor: 0%
	 DR Bracket: 0
	 Base: 5%
	 Effective Percent: 9,27%
	 Crit Inc Heal: 2
	 Crit Inc Damage: 2
Haste
	 Rating: 22340
	 Multiplicative Factor: 0%
	 DR Bracket: 1
	 Base: 0%
	 Effective Percent: 33,46%
Vers
	 Rating: 19717
	 Multiplicative Factor: 0%
	 DR Bracket: 0
	 Base: 3%
	 Effective Percent: 28,28%
Leech
	 Rating: 0
	 Multiplicative Factor: 0%
	 DR Bracket: 0
	 Base: 0%
	 Effective Percent: 0%
Avoidance
	 Rating: 4354
	 Multiplicative Factor: 0%
	 DR Bracket: 0
	 Base: 0%
	 Effective Percent: 8%
Mastery
	 Rating: 13155
	 Multiplicative Factor: 0%
	 DR Bracket: 0
	 Base: ∞%
	 Effective Percent: ∞%
----------------------
02:04,065

Intellect
	 Rating: 157783
	 Multiplicative Factor: 8,15%
Stamina
	 Rating: 757754
	 Multiplicative Factor: 5%
Crit
	 Rating: 8590
	 Multiplicative Factor: 0%
	 DR Bracket: 0
	 Base: 5%
	 Effective Percent: 17,27%
	 Crit Inc Heal: 2
	 Crit Inc Damage: 2
Haste
	 Rating: 22340
	 Multiplicative Factor: 0%
	 DR Bracket: 1
	 Base: 0%
	 Effective Percent: 33,46%
Vers
	 Rating: 19717
	 Multiplicative Factor: 0%
	 DR Bracket: 0
	 Base: 3%
	 Effective Percent: 28,28%
Leech
	 Rating: 0
	 Multiplicative Factor: 0%
	 DR Bracket: 0
	 Base: 0%
	 Effective Percent: 0%
Avoidance
	 Rating: 4354
	 Multiplicative Factor: 0%
	 DR Bracket: 0
	 Base: 0%
	 Effective Percent: 8%
Mastery
	 Rating: 13155
	 Multiplicative Factor: 0%
	 DR Bracket: 0
	 Base: ∞%
	 Effective Percent: ∞%
----------------------
02:05,238

Intellect
	 Rating: 157783
	 Multiplicative Factor: 8,15%
Stamina
	 Rating: 757754
	 Multiplicative Factor: 5%
Crit
	 Rating: 14191
	 Multiplicative Factor: 0%
	 DR Bracket: 0
	 Base: 5%
	 Effective Percent: 25,27%
	 Crit Inc Heal: 2
	 Crit Inc Damage: 2
Haste
	 Rating: 22340
	 Multiplicative Factor: 0%
	 DR Bracket: 1
	 Base: 0%
	 Effective Percent: 33,46%
Vers
	 Rating: 19717
	 Multiplicative Factor: 0%
	 DR Bracket: 0
	 Base: 3%
	 Effective Percent: 28,28%
Leech
	 Rating: 0
	 Multiplicative Factor: 0%
	 DR Bracket: 0
	 Base: 0%
	 Effective Percent: 0%
Avoidance
	 Rating: 4354
	 Multiplicative Factor: 0%
	 DR Bracket: 0
	 Base: 0%
	 Effective Percent: 8%
Mastery
	 Rating: 13155
	 Multiplicative Factor: 0%
	 DR Bracket: 0
	 Base: ∞%
	 Effective Percent: ∞%
----------------------
02:14,065

Intellect
	 Rating: 157783
	 Multiplicative Factor: 8,15%
Stamina
	 Rating: 757754
	 Multiplicative Factor: 5%
Crit
	 Rating: 8590
	 Multiplicative Factor: 0%
	 DR Bracket: 0
	 Base: 5%
	 Effective Percent: 17,27%
	 Crit Inc Heal: 2
	 Crit Inc Damage: 2
Haste
	 Rating: 22340
	 Multiplicative Factor: 0%
	 DR Bracket: 1
	 Base: 0%
	 Effective Percent: 33,46%
Vers
	 Rating: 19717
	 Multiplicative Factor: 0%
	 DR Bracket: 0
	 Base: 3%
	 Effective Percent: 28,28%
Leech
	 Rating: 0
	 Multiplicative Factor: 0%
	 DR Bracket: 0
	 Base: 0%
	 Effective Percent: 0%
Avoidance
	 Rating: 4354
	 Multiplicative Factor: 0%
	 DR Bracket: 0
	 Base: 0%
	 Effective Percent: 8%
Mastery
	 Rating: 13155
	 Multiplicative Factor: 0%
	 DR Bracket: 0
	 Base: ∞%
	 Effective Percent: ∞%
----------------------
02:15,255

Intellect
	 Rating: 157783
	 Multiplicative Factor: 8,15%
Stamina
	 Rating: 757754
	 Multiplicative Factor: 5%
Crit
	 Rating: 2989
	 Multiplicative Factor: 0%
	 DR Bracket: 0
	 Base: 5%
	 Effective Percent: 9,27%
	 Crit Inc Heal: 2
	 Crit Inc Damage: 2
Haste
	 Rating: 22340
	 Multiplicative Factor: 0%
	 DR Bracket: 1
	 Base: 0%
	 Effective Percent: 33,46%
Vers
	 Rating: 19717
	 Multiplicative Factor: 0%
	 DR Bracket: 0
	 Base: 3%
	 Effective Percent: 28,28%
Leech
	 Rating: 0
	 Multiplicative Factor: 0%
	 DR Bracket: 0
	 Base: 0%
	 Effective Percent: 0%
Avoidance
	 Rating: 4354
	 Multiplicative Factor: 0%
	 DR Bracket: 0
	 Base: 0%
	 Effective Percent: 8%
Mastery
	 Rating: 13155
	 Multiplicative Factor: 0%
	 DR Bracket: 0
	 Base: ∞%
	 Effective Percent: ∞%
----------------------
03:03,352

Intellect
	 Rating: 157783
	 Multiplicative Factor: 8,15%
Stamina
	 Rating: 757754
	 Multiplicative Factor: 5%
Crit
	 Rating: 8590
	 Multiplicative Factor: 0%
	 DR Bracket: 0
	 Base: 5%
	 Effective Percent: 17,27%
	 Crit Inc Heal: 2
	 Crit Inc Damage: 2
Haste
	 Rating: 22340
	 Multiplicative Factor: 0%
	 DR Bracket: 1
	 Base: 0%
	 Effective Percent: 33,46%
Vers
	 Rating: 19717
	 Multiplicative Factor: 0%
	 DR Bracket: 0
	 Base: 3%
	 Effective Percent: 28,28%
Leech
	 Rating: 0
	 Multiplicative Factor: 0%
	 DR Bracket: 0
	 Base: 0%
	 Effective Percent: 0%
Avoidance
	 Rating: 4354
	 Multiplicative Factor: 0%
	 DR Bracket: 0
	 Base: 0%
	 Effective Percent: 8%
Mastery
	 Rating: 13155
	 Multiplicative Factor: 0%
	 DR Bracket: 0
	 Base: ∞%
	 Effective Percent: ∞%
----------------------
03:05,488

Intellect
	 Rating: 157783
	 Multiplicative Factor: 8,15%
Stamina
	 Rating: 757754
	 Multiplicative Factor: 5%
Crit
	 Rating: 14191
	 Multiplicative Factor: 0%
	 DR Bracket: 0
	 Base: 5%
	 Effective Percent: 25,27%
	 Crit Inc Heal: 2
	 Crit Inc Damage: 2
Haste
	 Rating: 22340
	 Multiplicative Factor: 0%
	 DR Bracket: 1
	 Base: 0%
	 Effective Percent: 33,46%
Vers
	 Rating: 19717
	 Multiplicative Factor: 0%
	 DR Bracket: 0
	 Base: 3%
	 Effective Percent: 28,28%
Leech
	 Rating: 0
	 Multiplicative Factor: 0%
	 DR Bracket: 0
	 Base: 0%
	 Effective Percent: 0%
Avoidance
	 Rating: 4354
	 Multiplicative Factor: 0%
	 DR Bracket: 0
	 Base: 0%
	 Effective Percent: 8%
Mastery
	 Rating: 13155
	 Multiplicative Factor: 0%
	 DR Bracket: 0
	 Base: ∞%
	 Effective Percent: ∞%
----------------------
03:13,340

Intellect
	 Rating: 157783
	 Multiplicative Factor: 8,15%
Stamina
	 Rating: 757754
	 Multiplicative Factor: 5%
Crit
	 Rating: 8590
	 Multiplicative Factor: 0%
	 DR Bracket: 0
	 Base: 5%
	 Effective Percent: 17,27%
	 Crit Inc Heal: 2
	 Crit Inc Damage: 2
Haste
	 Rating: 22340
	 Multiplicative Factor: 0%
	 DR Bracket: 1
	 Base: 0%
	 Effective Percent: 33,46%
Vers
	 Rating: 19717
	 Multiplicative Factor: 0%
	 DR Bracket: 0
	 Base: 3%
	 Effective Percent: 28,28%
Leech
	 Rating: 0
	 Multiplicative Factor: 0%
	 DR Bracket: 0
	 Base: 0%
	 Effective Percent: 0%
Avoidance
	 Rating: 4354
	 Multiplicative Factor: 0%
	 DR Bracket: 0
	 Base: 0%
	 Effective Percent: 8%
Mastery
	 Rating: 13155
	 Multiplicative Factor: 0%
	 DR Bracket: 0
	 Base: ∞%
	 Effective Percent: ∞%
----------------------
03:15,523

Intellect
	 Rating: 157783
	 Multiplicative Factor: 8,15%
Stamina
	 Rating: 757754
	 Multiplicative Factor: 5%
Crit
	 Rating: 2989
	 Multiplicative Factor: 0%
	 DR Bracket: 0
	 Base: 5%
	 Effective Percent: 9,27%
	 Crit Inc Heal: 2
	 Crit Inc Damage: 2
Haste
	 Rating: 22340
	 Multiplicative Factor: 0%
	 DR Bracket: 1
	 Base: 0%
	 Effective Percent: 33,46%
Vers
	 Rating: 19717
	 Multiplicative Factor: 0%
	 DR Bracket: 0
	 Base: 3%
	 Effective Percent: 28,28%
Leech
	 Rating: 0
	 Multiplicative Factor: 0%
	 DR Bracket: 0
	 Base: 0%
	 Effective Percent: 0%
Avoidance
	 Rating: 4354
	 Multiplicative Factor: 0%
	 DR Bracket: 0
	 Base: 0%
	 Effective Percent: 8%
Mastery
	 Rating: 13155
	 Multiplicative Factor: 0%
	 DR Bracket: 0
	 Base: ∞%
	 Effective Percent: ∞%
----------------------
03:35,781

Intellect
	 Rating: 157783
	 Multiplicative Factor: 8,15%
Stamina
	 Rating: 757754
	 Multiplicative Factor: 5%
Crit
	 Rating: 2989
	 Multiplicative Factor: 0%
	 DR Bracket: 0
	 Base: 5%
	 Effective Percent: 9,27%
	 Crit Inc Heal: 2
	 Crit Inc Damage: 2
Haste
	 Rating: 22340
	 Multiplicative Factor: 0%
	 DR Bracket: 1
	 Base: 30%
	 Effective Percent: 63,46%
Vers
	 Rating: 19717
	 Multiplicative Factor: 0%
	 DR Bracket: 0
	 Base: 3%
	 Effective Percent: 28,28%
Leech
	 Rating: 0
	 Multiplicative Factor: 0%
	 DR Bracket: 0
	 Base: 0%
	 Effective Percent: 0%
Avoidance
	 Rating: 4354
	 Multiplicative Factor: 0%
	 DR Bracket: 0
	 Base: 0%
	 Effective Percent: 8%
Mastery
	 Rating: 13155
	 Multiplicative Factor: 0%
	 DR Bracket: 0
	 Base: ∞%
	 Effective Percent: ∞%
----------------------
03:49,659

Intellect
	 Rating: 157783
	 Multiplicative Factor: 8,15%
Stamina
	 Rating: 757754
	 Multiplicative Factor: 5%
Crit
	 Rating: 8590
	 Multiplicative Factor: 0%
	 DR Bracket: 0
	 Base: 5%
	 Effective Percent: 17,27%
	 Crit Inc Heal: 2
	 Crit Inc Damage: 2
Haste
	 Rating: 22340
	 Multiplicative Factor: 0%
	 DR Bracket: 1
	 Base: 30%
	 Effective Percent: 63,46%
Vers
	 Rating: 19717
	 Multiplicative Factor: 0%
	 DR Bracket: 0
	 Base: 3%
	 Effective Percent: 28,28%
Leech
	 Rating: 0
	 Multiplicative Factor: 0%
	 DR Bracket: 0
	 Base: 0%
	 Effective Percent: 0%
Avoidance
	 Rating: 4354
	 Multiplicative Factor: 0%
	 DR Bracket: 0
	 Base: 0%
	 Effective Percent: 8%
Mastery
	 Rating: 13155
	 Multiplicative Factor: 0%
	 DR Bracket: 0
	 Base: ∞%
	 Effective Percent: ∞%
----------------------
03:50,263

Intellect
	 Rating: 157783
	 Multiplicative Factor: 8,15%
Stamina
	 Rating: 757754
	 Multiplicative Factor: 5%
Crit
	 Rating: 14191
	 Multiplicative Factor: 0%
	 DR Bracket: 0
	 Base: 5%
	 Effective Percent: 25,27%
	 Crit Inc Heal: 2
	 Crit Inc Damage: 2
Haste
	 Rating: 22340
	 Multiplicative Factor: 0%
	 DR Bracket: 1
	 Base: 30%
	 Effective Percent: 63,46%
Vers
	 Rating: 19717
	 Multiplicative Factor: 0%
	 DR Bracket: 0
	 Base: 3%
	 Effective Percent: 28,28%
Leech
	 Rating: 0
	 Multiplicative Factor: 0%
	 DR Bracket: 0
	 Base: 0%
	 Effective Percent: 0%
Avoidance
	 Rating: 4354
	 Multiplicative Factor: 0%
	 DR Bracket: 0
	 Base: 0%
	 Effective Percent: 8%
Mastery
	 Rating: 13155
	 Multiplicative Factor: 0%
	 DR Bracket: 0
	 Base: ∞%
	 Effective Percent: ∞%
----------------------
03:59,674

Intellect
	 Rating: 157783
	 Multiplicative Factor: 8,15%
Stamina
	 Rating: 757754
	 Multiplicative Factor: 5%
Crit
	 Rating: 8590
	 Multiplicative Factor: 0%
	 DR Bracket: 0
	 Base: 5%
	 Effective Percent: 17,27%
	 Crit Inc Heal: 2
	 Crit Inc Damage: 2
Haste
	 Rating: 22340
	 Multiplicative Factor: 0%
	 DR Bracket: 1
	 Base: 30%
	 Effective Percent: 63,46%
Vers
	 Rating: 19717
	 Multiplicative Factor: 0%
	 DR Bracket: 0
	 Base: 3%
	 Effective Percent: 28,28%
Leech
	 Rating: 0
	 Multiplicative Factor: 0%
	 DR Bracket: 0
	 Base: 0%
	 Effective Percent: 0%
Avoidance
	 Rating: 4354
	 Multiplicative Factor: 0%
	 DR Bracket: 0
	 Base: 0%
	 Effective Percent: 8%
Mastery
	 Rating: 13155
	 Multiplicative Factor: 0%
	 DR Bracket: 0
	 Base: ∞%
	 Effective Percent: ∞%
----------------------
04:00,282

Intellect
	 Rating: 157783
	 Multiplicative Factor: 8,15%
Stamina
	 Rating: 757754
	 Multiplicative Factor: 5%
Crit
	 Rating: 2989
	 Multiplicative Factor: 0%
	 DR Bracket: 0
	 Base: 5%
	 Effective Percent: 9,27%
	 Crit Inc Heal: 2
	 Crit Inc Damage: 2
Haste
	 Rating: 22340
	 Multiplicative Factor: 0%
	 DR Bracket: 1
	 Base: 30%
	 Effective Percent: 63,46%
Vers
	 Rating: 19717
	 Multiplicative Factor: 0%
	 DR Bracket: 0
	 Base: 3%
	 Effective Percent: 28,28%
Leech
	 Rating: 0
	 Multiplicative Factor: 0%
	 DR Bracket: 0
	 Base: 0%
	 Effective Percent: 0%
Avoidance
	 Rating: 4354
	 Multiplicative Factor: 0%
	 DR Bracket: 0
	 Base: 0%
	 Effective Percent: 8%
Mastery
	 Rating: 13155
	 Multiplicative Factor: 0%
	 DR Bracket: 0
	 Base: ∞%
	 Effective Percent: ∞%
----------------------
04:02,756

Intellect
	 Rating: 157783
	 Multiplicative Factor: 8,15%
Stamina
	 Rating: 757754
	 Multiplicative Factor: 5%
Crit
	 Rating: 8590
	 Multiplicative Factor: 0%
	 DR Bracket: 0
	 Base: 5%
	 Effective Percent: 17,27%
	 Crit Inc Heal: 2
	 Crit Inc Damage: 2
Haste
	 Rating: 22340
	 Multiplicative Factor: 0%
	 DR Bracket: 1
	 Base: 30%
	 Effective Percent: 63,46%
Vers
	 Rating: 19717
	 Multiplicative Factor: 0%
	 DR Bracket: 0
	 Base: 3%
	 Effective Percent: 28,28%
Leech
	 Rating: 0
	 Multiplicative Factor: 0%
	 DR Bracket: 0
	 Base: 0%
	 Effective Percent: 0%
Avoidance
	 Rating: 4354
	 Multiplicative Factor: 0%
	 DR Bracket: 0
	 Base: 0%
	 Effective Percent: 8%
Mastery
	 Rating: 13155
	 Multiplicative Factor: 0%
	 DR Bracket: 0
	 Base: ∞%
	 Effective Percent: ∞%
----------------------
04:11,034

Intellect
	 Rating: 157783
	 Multiplicative Factor: 8,15%
Stamina
	 Rating: 757754
	 Multiplicative Factor: 5%
Crit
	 Rating: 14191
	 Multiplicative Factor: 0%
	 DR Bracket: 0
	 Base: 5%
	 Effective Percent: 25,27%
	 Crit Inc Heal: 2
	 Crit Inc Damage: 2
Haste
	 Rating: 22340
	 Multiplicative Factor: 0%
	 DR Bracket: 1
	 Base: 30%
	 Effective Percent: 63,46%
Vers
	 Rating: 19717
	 Multiplicative Factor: 0%
	 DR Bracket: 0
	 Base: 3%
	 Effective Percent: 28,28%
Leech
	 Rating: 0
	 Multiplicative Factor: 0%
	 DR Bracket: 0
	 Base: 0%
	 Effective Percent: 0%
Avoidance
	 Rating: 4354
	 Multiplicative Factor: 0%
	 DR Bracket: 0
	 Base: 0%
	 Effective Percent: 8%
Mastery
	 Rating: 13155
	 Multiplicative Factor: 0%
	 DR Bracket: 0
	 Base: ∞%
	 Effective Percent: ∞%
----------------------
04:12,771

Intellect
	 Rating: 157783
	 Multiplicative Factor: 8,15%
Stamina
	 Rating: 757754
	 Multiplicative Factor: 5%
Crit
	 Rating: 8590
	 Multiplicative Factor: 0%
	 DR Bracket: 0
	 Base: 5%
	 Effective Percent: 17,27%
	 Crit Inc Heal: 2
	 Crit Inc Damage: 2
Haste
	 Rating: 22340
	 Multiplicative Factor: 0%
	 DR Bracket: 1
	 Base: 30%
	 Effective Percent: 63,46%
Vers
	 Rating: 19717
	 Multiplicative Factor: 0%
	 DR Bracket: 0
	 Base: 3%
	 Effective Percent: 28,28%
Leech
	 Rating: 0
	 Multiplicative Factor: 0%
	 DR Bracket: 0
	 Base: 0%
	 Effective Percent: 0%
Avoidance
	 Rating: 4354
	 Multiplicative Factor: 0%
	 DR Bracket: 0
	 Base: 0%
	 Effective Percent: 8%
Mastery
	 Rating: 13155
	 Multiplicative Factor: 0%
	 DR Bracket: 0
	 Base: ∞%
	 Effective Percent: ∞%
----------------------
04:15,858

Intellect
	 Rating: 157783
	 Multiplicative Factor: 8,15%
Stamina
	 Rating: 757754
	 Multiplicative Factor: 5%
Crit
	 Rating: 8590
	 Multiplicative Factor: 0%
	 DR Bracket: 0
	 Base: 5%
	 Effective Percent: 17,27%
	 Crit Inc Heal: 2
	 Crit Inc Damage: 2
Haste
	 Rating: 22340
	 Multiplicative Factor: 0%
	 DR Bracket: 1
	 Base: 0%
	 Effective Percent: 33,46%
Vers
	 Rating: 19717
	 Multiplicative Factor: 0%
	 DR Bracket: 0
	 Base: 3%
	 Effective Percent: 28,28%
Leech
	 Rating: 0
	 Multiplicative Factor: 0%
	 DR Bracket: 0
	 Base: 0%
	 Effective Percent: 0%
Avoidance
	 Rating: 4354
	 Multiplicative Factor: 0%
	 DR Bracket: 0
	 Base: 0%
	 Effective Percent: 8%
Mastery
	 Rating: 13155
	 Multiplicative Factor: 0%
	 DR Bracket: 0
	 Base: ∞%
	 Effective Percent: ∞%
----------------------
04:21,025

Intellect
	 Rating: 157783
	 Multiplicative Factor: 8,15%
Stamina
	 Rating: 757754
	 Multiplicative Factor: 5%
Crit
	 Rating: 2989
	 Multiplicative Factor: 0%
	 DR Bracket: 0
	 Base: 5%
	 Effective Percent: 9,27%
	 Crit Inc Heal: 2
	 Crit Inc Damage: 2
Haste
	 Rating: 22340
	 Multiplicative Factor: 0%
	 DR Bracket: 1
	 Base: 0%
	 Effective Percent: 33,46%
Vers
	 Rating: 19717
	 Multiplicative Factor: 0%
	 DR Bracket: 0
	 Base: 3%
	 Effective Percent: 28,28%
Leech
	 Rating: 0
	 Multiplicative Factor: 0%
	 DR Bracket: 0
	 Base: 0%
	 Effective Percent: 0%
Avoidance
	 Rating: 4354
	 Multiplicative Factor: 0%
	 DR Bracket: 0
	 Base: 0%
	 Effective Percent: 8%
Mastery
	 Rating: 13155
	 Multiplicative Factor: 0%
	 DR Bracket: 0
	 Base: ∞%
	 Effective Percent: ∞%
----------------------
04:37,667

Intellect
	 Rating: 157783
	 Multiplicative Factor: 8,15%
Stamina
	 Rating: 757754
	 Multiplicative Factor: 5%
Crit
	 Rating: 8590
	 Multiplicative Factor: 0%
	 DR Bracket: 0
	 Base: 5%
	 Effective Percent: 17,27%
	 Crit Inc Heal: 2
	 Crit Inc Damage: 2
Haste
	 Rating: 22340
	 Multiplicative Factor: 0%
	 DR Bracket: 1
	 Base: 0%
	 Effective Percent: 33,46%
Vers
	 Rating: 19717
	 Multiplicative Factor: 0%
	 DR Bracket: 0
	 Base: 3%
	 Effective Percent: 28,28%
Leech
	 Rating: 0
	 Multiplicative Factor: 0%
	 DR Bracket: 0
	 Base: 0%
	 Effective Percent: 0%
Avoidance
	 Rating: 4354
	 Multiplicative Factor: 0%
	 DR Bracket: 0
	 Base: 0%
	 Effective Percent: 8%
Mastery
	 Rating: 13155
	 Multiplicative Factor: 0%
	 DR Bracket: 0
	 Base: ∞%
	 Effective Percent: ∞%
----------------------
04:39,223

Intellect
	 Rating: 157783
	 Multiplicative Factor: 8,15%
Stamina
	 Rating: 757754
	 Multiplicative Factor: 5%
Crit
	 Rating: 14191
	 Multiplicative Factor: 0%
	 DR Bracket: 0
	 Base: 5%
	 Effective Percent: 25,27%
	 Crit Inc Heal: 2
	 Crit Inc Damage: 2
Haste
	 Rating: 22340
	 Multiplicative Factor: 0%
	 DR Bracket: 1
	 Base: 0%
	 Effective Percent: 33,46%
Vers
	 Rating: 19717
	 Multiplicative Factor: 0%
	 DR Bracket: 0
	 Base: 3%
	 Effective Percent: 28,28%
Leech
	 Rating: 0
	 Multiplicative Factor: 0%
	 DR Bracket: 0
	 Base: 0%
	 Effective Percent: 0%
Avoidance
	 Rating: 4354
	 Multiplicative Factor: 0%
	 DR Bracket: 0
	 Base: 0%
	 Effective Percent: 8%
Mastery
	 Rating: 13155
	 Multiplicative Factor: 0%
	 DR Bracket: 0
	 Base: ∞%
	 Effective Percent: ∞%
----------------------
04:47,662

Intellect
	 Rating: 157783
	 Multiplicative Factor: 8,15%
Stamina
	 Rating: 757754
	 Multiplicative Factor: 5%
Crit
	 Rating: 8590
	 Multiplicative Factor: 0%
	 DR Bracket: 0
	 Base: 5%
	 Effective Percent: 17,27%
	 Crit Inc Heal: 2
	 Crit Inc Damage: 2
Haste
	 Rating: 22340
	 Multiplicative Factor: 0%
	 DR Bracket: 1
	 Base: 0%
	 Effective Percent: 33,46%
Vers
	 Rating: 19717
	 Multiplicative Factor: 0%
	 DR Bracket: 0
	 Base: 3%
	 Effective Percent: 28,28%
Leech
	 Rating: 0
	 Multiplicative Factor: 0%
	 DR Bracket: 0
	 Base: 0%
	 Effective Percent: 0%
Avoidance
	 Rating: 4354
	 Multiplicative Factor: 0%
	 DR Bracket: 0
	 Base: 0%
	 Effective Percent: 8%
Mastery
	 Rating: 13155
	 Multiplicative Factor: 0%
	 DR Bracket: 0
	 Base: ∞%
	 Effective Percent: ∞%
----------------------
04:48,488

Intellect
	 Rating: 157783
	 Multiplicative Factor: 8,15%
Stamina
	 Rating: 757754
	 Multiplicative Factor: 5%
Crit
	 Rating: 14191
	 Multiplicative Factor: 0%
	 DR Bracket: 0
	 Base: 5%
	 Effective Percent: 25,27%
	 Crit Inc Heal: 2
	 Crit Inc Damage: 2
Haste
	 Rating: 22340
	 Multiplicative Factor: 0%
	 DR Bracket: 1
	 Base: 0%
	 Effective Percent: 33,46%
Vers
	 Rating: 19717
	 Multiplicative Factor: 0%
	 DR Bracket: 0
	 Base: 3%
	 Effective Percent: 28,28%
Leech
	 Rating: 0
	 Multiplicative Factor: 0%
	 DR Bracket: 0
	 Base: 0%
	 Effective Percent: 0%
Avoidance
	 Rating: 4354
	 Multiplicative Factor: 0%
	 DR Bracket: 0
	 Base: 0%
	 Effective Percent: 8%
Mastery
	 Rating: 13155
	 Multiplicative Factor: 0%
	 DR Bracket: 0
	 Base: ∞%
	 Effective Percent: ∞%
----------------------
04:49,229

Intellect
	 Rating: 157783
	 Multiplicative Factor: 8,15%
Stamina
	 Rating: 757754
	 Multiplicative Factor: 5%
Crit
	 Rating: 8590
	 Multiplicative Factor: 0%
	 DR Bracket: 0
	 Base: 5%
	 Effective Percent: 17,27%
	 Crit Inc Heal: 2
	 Crit Inc Damage: 2
Haste
	 Rating: 22340
	 Multiplicative Factor: 0%
	 DR Bracket: 1
	 Base: 0%
	 Effective Percent: 33,46%
Vers
	 Rating: 19717
	 Multiplicative Factor: 0%
	 DR Bracket: 0
	 Base: 3%
	 Effective Percent: 28,28%
Leech
	 Rating: 0
	 Multiplicative Factor: 0%
	 DR Bracket: 0
	 Base: 0%
	 Effective Percent: 0%
Avoidance
	 Rating: 4354
	 Multiplicative Factor: 0%
	 DR Bracket: 0
	 Base: 0%
	 Effective Percent: 8%
Mastery
	 Rating: 13155
	 Multiplicative Factor: 0%
	 DR Bracket: 0
	 Base: ∞%
	 Effective Percent: ∞%
----------------------
04:58,505

Intellect
	 Rating: 157783
	 Multiplicative Factor: 8,15%
Stamina
	 Rating: 757754
	 Multiplicative Factor: 5%
Crit
	 Rating: 2989
	 Multiplicative Factor: 0%
	 DR Bracket: 0
	 Base: 5%
	 Effective Percent: 9,27%
	 Crit Inc Heal: 2
	 Crit Inc Damage: 2
Haste
	 Rating: 22340
	 Multiplicative Factor: 0%
	 DR Bracket: 1
	 Base: 0%
	 Effective Percent: 33,46%
Vers
	 Rating: 19717
	 Multiplicative Factor: 0%
	 DR Bracket: 0
	 Base: 3%
	 Effective Percent: 28,28%
Leech
	 Rating: 0
	 Multiplicative Factor: 0%
	 DR Bracket: 0
	 Base: 0%
	 Effective Percent: 0%
Avoidance
	 Rating: 4354
	 Multiplicative Factor: 0%
	 DR Bracket: 0
	 Base: 0%
	 Effective Percent: 8%
Mastery
	 Rating: 13155
	 Multiplicative Factor: 0%
	 DR Bracket: 0
	 Base: ∞%
	 Effective Percent: ∞%
----------------------
05:06,652

Intellect
	 Rating: 157783
	 Multiplicative Factor: 8,15%
Stamina
	 Rating: 757754
	 Multiplicative Factor: 5%
Crit
	 Rating: 8590
	 Multiplicative Factor: 0%
	 DR Bracket: 0
	 Base: 5%
	 Effective Percent: 17,27%
	 Crit Inc Heal: 2
	 Crit Inc Damage: 2
Haste
	 Rating: 22340
	 Multiplicative Factor: 0%
	 DR Bracket: 1
	 Base: 0%
	 Effective Percent: 33,46%
Vers
	 Rating: 19717
	 Multiplicative Factor: 0%
	 DR Bracket: 0
	 Base: 3%
	 Effective Percent: 28,28%
Leech
	 Rating: 0
	 Multiplicative Factor: 0%
	 DR Bracket: 0
	 Base: 0%
	 Effective Percent: 0%
Avoidance
	 Rating: 4354
	 Multiplicative Factor: 0%
	 DR Bracket: 0
	 Base: 0%
	 Effective Percent: 8%
Mastery
	 Rating: 13155
	 Multiplicative Factor: 0%
	 DR Bracket: 0
	 Base: ∞%
	 Effective Percent: ∞%
----------------------
05:16,652

Intellect
	 Rating: 157783
	 Multiplicative Factor: 8,15%
Stamina
	 Rating: 757754
	 Multiplicative Factor: 5%
Crit
	 Rating: 2989
	 Multiplicative Factor: 0%
	 DR Bracket: 0
	 Base: 5%
	 Effective Percent: 9,27%
	 Crit Inc Heal: 2
	 Crit Inc Damage: 2
Haste
	 Rating: 22340
	 Multiplicative Factor: 0%
	 DR Bracket: 1
	 Base: 0%
	 Effective Percent: 33,46%
Vers
	 Rating: 19717
	 Multiplicative Factor: 0%
	 DR Bracket: 0
	 Base: 3%
	 Effective Percent: 28,28%
Leech
	 Rating: 0
	 Multiplicative Factor: 0%
	 DR Bracket: 0
	 Base: 0%
	 Effective Percent: 0%
Avoidance
	 Rating: 4354
	 Multiplicative Factor: 0%
	 DR Bracket: 0
	 Base: 0%
	 Effective Percent: 8%
Mastery
	 Rating: 13155
	 Multiplicative Factor: 0%
	 DR Bracket: 0
	 Base: ∞%
	 Effective Percent: ∞%
----------------------
06:08,991

Intellect
	 Rating: 157783
	 Multiplicative Factor: 8,15%
Stamina
	 Rating: 721670
	 Multiplicative Factor: 0%
Crit
	 Rating: 2989
	 Multiplicative Factor: 0%
	 DR Bracket: 0
	 Base: 5%
	 Effective Percent: 9,27%
	 Crit Inc Heal: 2
	 Crit Inc Damage: 2
Haste
	 Rating: 22340
	 Multiplicative Factor: 0%
	 DR Bracket: 1
	 Base: 0%
	 Effective Percent: 33,46%
Vers
	 Rating: 19717
	 Multiplicative Factor: 0%
	 DR Bracket: 0
	 Base: 3%
	 Effective Percent: 28,28%
Leech
	 Rating: 0
	 Multiplicative Factor: 0%
	 DR Bracket: 0
	 Base: 0%
	 Effective Percent: 0%
Avoidance
	 Rating: 4354
	 Multiplicative Factor: 0%
	 DR Bracket: 0
	 Base: 0%
	 Effective Percent: 8%
Mastery
	 Rating: 13155
	 Multiplicative Factor: 0%
	 DR Bracket: 0
	 Base: ∞%
	 Effective Percent: ∞%
----------------------
06:08,991

Intellect
	 Rating: 153187
	 Multiplicative Factor: 5%
Stamina
	 Rating: 721670
	 Multiplicative Factor: 0%
Crit
	 Rating: 2989
	 Multiplicative Factor: 0%
	 DR Bracket: 0
	 Base: 5%
	 Effective Percent: 9,27%
	 Crit Inc Heal: 2
	 Crit Inc Damage: 2
Haste
	 Rating: 22340
	 Multiplicative Factor: 0%
	 DR Bracket: 1
	 Base: 0%
	 Effective Percent: 33,46%
Vers
	 Rating: 19717
	 Multiplicative Factor: 0%
	 DR Bracket: 0
	 Base: 3%
	 Effective Percent: 28,28%
Leech
	 Rating: 0
	 Multiplicative Factor: 0%
	 DR Bracket: 0
	 Base: 0%
	 Effective Percent: 0%
Avoidance
	 Rating: 4354
	 Multiplicative Factor: 0%
	 DR Bracket: 0
	 Base: 0%
	 Effective Percent: 8%
Mastery
	 Rating: 13155
	 Multiplicative Factor: 0%
	 DR Bracket: 0
	 Base: ∞%
	 Effective Percent: ∞%
----------------------
06:08,991

Intellect
	 Rating: 153187
	 Multiplicative Factor: 5%
Stamina
	 Rating: 721670
	 Multiplicative Factor: 0%
Crit
	 Rating: 2989
	 Multiplicative Factor: 0%
	 DR Bracket: 0
	 Base: 5%
	 Effective Percent: 9,27%
	 Crit Inc Heal: 2
	 Crit Inc Damage: 2
Haste
	 Rating: 22340
	 Multiplicative Factor: 0%
	 DR Bracket: 1
	 Base: 0%
	 Effective Percent: 33,46%
Vers
	 Rating: 19717
	 Multiplicative Factor: 0%
	 DR Bracket: 0
	 Base: 3%
	 Effective Percent: 28,28%
Leech
	 Rating: 0
	 Multiplicative Factor: 0%
	 DR Bracket: 0
	 Base: 0%
	 Effective Percent: 0%
Avoidance
	 Rating: 4354
	 Multiplicative Factor: 0%
	 DR Bracket: 0
	 Base: 0%
	 Effective Percent: 8%
Mastery
	 Rating: 13155
	 Multiplicative Factor: 0%
	 DR Bracket: 0
	 Base: ∞%
	 Effective Percent: ∞%
----------------------
06:08,991

Intellect
	 Rating: 153187
	 Multiplicative Factor: 5%
Stamina
	 Rating: 721670
	 Multiplicative Factor: 0%
Crit
	 Rating: 2989
	 Multiplicative Factor: 0%
	 DR Bracket: 0
	 Base: 5%
	 Effective Percent: 9,27%
	 Crit Inc Heal: 2
	 Crit Inc Damage: 2
Haste
	 Rating: 22340
	 Multiplicative Factor: 0%
	 DR Bracket: 1
	 Base: 0%
	 Effective Percent: 33,46%
Vers
	 Rating: 19717
	 Multiplicative Factor: 0%
	 DR Bracket: 0
	 Base: 0%
	 Effective Percent: 25,28%
Leech
	 Rating: 0
	 Multiplicative Factor: 0%
	 DR Bracket: 0
	 Base: 0%
	 Effective Percent: 0%
Avoidance
	 Rating: 4354
	 Multiplicative Factor: 0%
	 DR Bracket: 0
	 Base: 0%
	 Effective Percent: 8%
Mastery
	 Rating: 13155
	 Multiplicative Factor: 0%
	 DR Bracket: 0
	 Base: ∞%
	 Effective Percent: ∞%
