Arcane Missiles
Arcane Assault
Arcane Surge
Touch of the Magi
Berserking
Arcane Blast
Flamestrike
Voidglass Shards
Leydrinker Echo
Dematerialize
Meteorite
Greater Pyroblast
Ethereal Reaping
Arcane Barrage
Arcane Explosion
Authority of Radiant Power
Shimmer
Bombardments
Elemental Focusing Lens
Shifting Power
Alter Time
Fate Mirror
Dragon Isles Tailoring
Illusion
Cataclysm Fishing
King's Thrall
Arcane Orb
Evocation
Mirror Image
Frostbolt
Greater Invisibility
Breath of Eons
Mass Barrier
Counterspell
Tempered Potion
Pyroblast
Ice Cold
