Prismatic Barrier
	Intellect
		Heal: 0,5031209462841465
	Vers
		Heal: 0,7335987905992194
-------------------
Decree: Oath-Bound
	Vers
		Damage Reduction: 0,250034670338054
-------------------
Tyranny
	Vers
		Damage Reduction: 2,7809149826905286
	Avoidance
		Damage Reduction: 6,624952616355496
-------------------
Tempest Barrier
	Stamina
		Heal: 0,04401324516694988
-------------------
Conquer
	Vers
		Damage Reduction: 0,05010651561573895
	Avoidance
		Damage Reduction: 0,15185102856416682
-------------------
Oath-Breaker
	Vers
		Damage Reduction: 0,16405019628808484
	Avoidance
		Damage Reduction: 0,4731367681278709
-------------------
Behead
	Vers
		Damage Reduction: 0,3004741502852575
-------------------
Cosmic Rip
	Vers
		Damage Reduction: 0,0747785288405706
-------------------
Lesser Bulwark
	Stamina
		Supportive Heal: 0,0033730710396032864
-------------------
Besiege
	Vers
		Damage Reduction: 0,27163405605392005
-------------------
Twilight Massacre
	Vers
		Damage Reduction: 0,09073110039719343
-------------------
Reap
	Vers
		Damage Reduction: 0,19062343499855694
-------------------
Diverted Energy
	Intellect
		Heal: 0,06382685196660841
	Vers
		Heal: 0,0930656967400738
-------------------
King's Hunger
	Vers
		Damage Reduction: 0,8562022355080372
	Avoidance
		Damage Reduction: 2,4254829754483382
-------------------
Invigorating Healing Potion
	Vers
		Heal: 0,054695792204214916
-------------------
Healthstone
	Stamina
		Heal: 0,014516261109071553
-------------------
Dark Star
	Vers
		Damage Reduction: 0,008786229349551915
	Avoidance
		Damage Reduction: 0,026627234952075654
-------------------
Twilight Spikes
	Vers
		Damage Reduction: 0,1870110949996116
	Avoidance
		Damage Reduction: 0,5593010518146888
-------------------
